[2025-03-25T23:45:40.077+0000] {processor.py:161} INFO - Started process (PID=58) to work on /home/airflow/.local/lib/python3.8/site-packages/airflow/example_dags/example_short_circuit_decorator.py
[2025-03-25T23:45:40.081+0000] {processor.py:830} INFO - Processing file /home/airflow/.local/lib/python3.8/site-packages/airflow/example_dags/example_short_circuit_decorator.py for tasks to queue
[2025-03-25T23:45:40.088+0000] {logging_mixin.py:188} INFO - [2025-03-25T23:45:40.088+0000] {dagbag.py:538} INFO - Filling up the DagBag from /home/airflow/.local/lib/python3.8/site-packages/airflow/example_dags/example_short_circuit_decorator.py
[2025-03-25T23:45:40.147+0000] {processor.py:840} INFO - DAG(s) 'example_short_circuit_decorator' retrieved from /home/airflow/.local/lib/python3.8/site-packages/airflow/example_dags/example_short_circuit_decorator.py
[2025-03-25T23:45:40.473+0000] {logging_mixin.py:188} INFO - [2025-03-25T23:45:40.468+0000] {override.py:1769} INFO - Created Permission View: can edit on DAG:example_short_circuit_decorator
[2025-03-25T23:45:40.535+0000] {logging_mixin.py:188} INFO - [2025-03-25T23:45:40.534+0000] {override.py:1769} INFO - Created Permission View: can delete on DAG:example_short_circuit_decorator
[2025-03-25T23:45:40.613+0000] {logging_mixin.py:188} INFO - [2025-03-25T23:45:40.612+0000] {override.py:1769} INFO - Created Permission View: can read on DAG:example_short_circuit_decorator
[2025-03-25T23:45:40.614+0000] {logging_mixin.py:188} INFO - [2025-03-25T23:45:40.613+0000] {dag.py:3036} INFO - Sync 1 DAGs
[2025-03-25T23:45:40.640+0000] {logging_mixin.py:188} INFO - [2025-03-25T23:45:40.640+0000] {dag.py:3058} INFO - Creating ORM DAG for example_short_circuit_decorator
[2025-03-25T23:45:40.683+0000] {logging_mixin.py:188} INFO - [2025-03-25T23:45:40.682+0000] {dag.py:3823} INFO - Setting next_dagrun for example_short_circuit_decorator to 2025-03-24 00:00:00+00:00, run_after=2025-03-25 00:00:00+00:00
[2025-03-25T23:45:40.735+0000] {processor.py:183} INFO - Processing /home/airflow/.local/lib/python3.8/site-packages/airflow/example_dags/example_short_circuit_decorator.py took 0.672 seconds
[2025-03-25T23:46:11.523+0000] {processor.py:161} INFO - Started process (PID=131) to work on /home/airflow/.local/lib/python3.8/site-packages/airflow/example_dags/example_short_circuit_decorator.py
[2025-03-25T23:46:11.524+0000] {processor.py:830} INFO - Processing file /home/airflow/.local/lib/python3.8/site-packages/airflow/example_dags/example_short_circuit_decorator.py for tasks to queue
[2025-03-25T23:46:11.527+0000] {logging_mixin.py:188} INFO - [2025-03-25T23:46:11.527+0000] {dagbag.py:538} INFO - Filling up the DagBag from /home/airflow/.local/lib/python3.8/site-packages/airflow/example_dags/example_short_circuit_decorator.py
[2025-03-25T23:46:11.540+0000] {processor.py:840} INFO - DAG(s) 'example_short_circuit_decorator' retrieved from /home/airflow/.local/lib/python3.8/site-packages/airflow/example_dags/example_short_circuit_decorator.py
[2025-03-25T23:46:11.573+0000] {logging_mixin.py:188} INFO - [2025-03-25T23:46:11.573+0000] {dag.py:3036} INFO - Sync 1 DAGs
[2025-03-25T23:46:11.608+0000] {logging_mixin.py:188} INFO - [2025-03-25T23:46:11.608+0000] {dag.py:3823} INFO - Setting next_dagrun for example_short_circuit_decorator to 2025-03-24 00:00:00+00:00, run_after=2025-03-25 00:00:00+00:00
[2025-03-25T23:46:11.639+0000] {processor.py:183} INFO - Processing /home/airflow/.local/lib/python3.8/site-packages/airflow/example_dags/example_short_circuit_decorator.py took 0.123 seconds
[2025-03-25T23:46:42.586+0000] {processor.py:161} INFO - Started process (PID=205) to work on /home/airflow/.local/lib/python3.8/site-packages/airflow/example_dags/example_short_circuit_decorator.py
[2025-03-25T23:46:42.587+0000] {processor.py:830} INFO - Processing file /home/airflow/.local/lib/python3.8/site-packages/airflow/example_dags/example_short_circuit_decorator.py for tasks to queue
[2025-03-25T23:46:42.590+0000] {logging_mixin.py:188} INFO - [2025-03-25T23:46:42.589+0000] {dagbag.py:538} INFO - Filling up the DagBag from /home/airflow/.local/lib/python3.8/site-packages/airflow/example_dags/example_short_circuit_decorator.py
[2025-03-25T23:46:42.603+0000] {processor.py:840} INFO - DAG(s) 'example_short_circuit_decorator' retrieved from /home/airflow/.local/lib/python3.8/site-packages/airflow/example_dags/example_short_circuit_decorator.py
[2025-03-25T23:46:42.644+0000] {logging_mixin.py:188} INFO - [2025-03-25T23:46:42.644+0000] {dag.py:3036} INFO - Sync 1 DAGs
[2025-03-25T23:46:42.682+0000] {logging_mixin.py:188} INFO - [2025-03-25T23:46:42.681+0000] {dag.py:3823} INFO - Setting next_dagrun for example_short_circuit_decorator to 2025-03-24 00:00:00+00:00, run_after=2025-03-25 00:00:00+00:00
[2025-03-25T23:46:42.718+0000] {processor.py:183} INFO - Processing /home/airflow/.local/lib/python3.8/site-packages/airflow/example_dags/example_short_circuit_decorator.py took 0.136 seconds
[2025-03-25T23:47:13.326+0000] {processor.py:161} INFO - Started process (PID=280) to work on /home/airflow/.local/lib/python3.8/site-packages/airflow/example_dags/example_short_circuit_decorator.py
[2025-03-25T23:47:13.328+0000] {processor.py:830} INFO - Processing file /home/airflow/.local/lib/python3.8/site-packages/airflow/example_dags/example_short_circuit_decorator.py for tasks to queue
[2025-03-25T23:47:13.330+0000] {logging_mixin.py:188} INFO - [2025-03-25T23:47:13.330+0000] {dagbag.py:538} INFO - Filling up the DagBag from /home/airflow/.local/lib/python3.8/site-packages/airflow/example_dags/example_short_circuit_decorator.py
[2025-03-25T23:47:13.345+0000] {processor.py:840} INFO - DAG(s) 'example_short_circuit_decorator' retrieved from /home/airflow/.local/lib/python3.8/site-packages/airflow/example_dags/example_short_circuit_decorator.py
[2025-03-25T23:47:13.386+0000] {logging_mixin.py:188} INFO - [2025-03-25T23:47:13.385+0000] {dag.py:3036} INFO - Sync 1 DAGs
[2025-03-25T23:47:13.426+0000] {logging_mixin.py:188} INFO - [2025-03-25T23:47:13.426+0000] {dag.py:3823} INFO - Setting next_dagrun for example_short_circuit_decorator to 2025-03-24 00:00:00+00:00, run_after=2025-03-25 00:00:00+00:00
[2025-03-25T23:47:13.475+0000] {processor.py:183} INFO - Processing /home/airflow/.local/lib/python3.8/site-packages/airflow/example_dags/example_short_circuit_decorator.py took 0.154 seconds
[2025-03-25T23:47:44.267+0000] {processor.py:161} INFO - Started process (PID=363) to work on /home/airflow/.local/lib/python3.8/site-packages/airflow/example_dags/example_short_circuit_decorator.py
[2025-03-25T23:47:44.269+0000] {processor.py:830} INFO - Processing file /home/airflow/.local/lib/python3.8/site-packages/airflow/example_dags/example_short_circuit_decorator.py for tasks to queue
[2025-03-25T23:47:44.271+0000] {logging_mixin.py:188} INFO - [2025-03-25T23:47:44.271+0000] {dagbag.py:538} INFO - Filling up the DagBag from /home/airflow/.local/lib/python3.8/site-packages/airflow/example_dags/example_short_circuit_decorator.py
[2025-03-25T23:47:44.285+0000] {processor.py:840} INFO - DAG(s) 'example_short_circuit_decorator' retrieved from /home/airflow/.local/lib/python3.8/site-packages/airflow/example_dags/example_short_circuit_decorator.py
[2025-03-25T23:47:44.323+0000] {logging_mixin.py:188} INFO - [2025-03-25T23:47:44.323+0000] {dag.py:3036} INFO - Sync 1 DAGs
[2025-03-25T23:47:44.365+0000] {logging_mixin.py:188} INFO - [2025-03-25T23:47:44.364+0000] {dag.py:3823} INFO - Setting next_dagrun for example_short_circuit_decorator to 2025-03-24 00:00:00+00:00, run_after=2025-03-25 00:00:00+00:00
[2025-03-25T23:47:44.402+0000] {processor.py:183} INFO - Processing /home/airflow/.local/lib/python3.8/site-packages/airflow/example_dags/example_short_circuit_decorator.py took 0.140 seconds
[2025-03-25T23:48:14.703+0000] {processor.py:161} INFO - Started process (PID=437) to work on /home/airflow/.local/lib/python3.8/site-packages/airflow/example_dags/example_short_circuit_decorator.py
[2025-03-25T23:48:14.704+0000] {processor.py:830} INFO - Processing file /home/airflow/.local/lib/python3.8/site-packages/airflow/example_dags/example_short_circuit_decorator.py for tasks to queue
[2025-03-25T23:48:14.707+0000] {logging_mixin.py:188} INFO - [2025-03-25T23:48:14.706+0000] {dagbag.py:538} INFO - Filling up the DagBag from /home/airflow/.local/lib/python3.8/site-packages/airflow/example_dags/example_short_circuit_decorator.py
[2025-03-25T23:48:14.721+0000] {processor.py:840} INFO - DAG(s) 'example_short_circuit_decorator' retrieved from /home/airflow/.local/lib/python3.8/site-packages/airflow/example_dags/example_short_circuit_decorator.py
[2025-03-25T23:48:14.763+0000] {logging_mixin.py:188} INFO - [2025-03-25T23:48:14.762+0000] {dag.py:3036} INFO - Sync 1 DAGs
[2025-03-25T23:48:14.799+0000] {logging_mixin.py:188} INFO - [2025-03-25T23:48:14.798+0000] {dag.py:3823} INFO - Setting next_dagrun for example_short_circuit_decorator to 2025-03-24 00:00:00+00:00, run_after=2025-03-25 00:00:00+00:00
[2025-03-25T23:48:14.838+0000] {processor.py:183} INFO - Processing /home/airflow/.local/lib/python3.8/site-packages/airflow/example_dags/example_short_circuit_decorator.py took 0.139 seconds
[2025-03-25T23:48:45.708+0000] {processor.py:161} INFO - Started process (PID=511) to work on /home/airflow/.local/lib/python3.8/site-packages/airflow/example_dags/example_short_circuit_decorator.py
[2025-03-25T23:48:45.709+0000] {processor.py:830} INFO - Processing file /home/airflow/.local/lib/python3.8/site-packages/airflow/example_dags/example_short_circuit_decorator.py for tasks to queue
[2025-03-25T23:48:45.712+0000] {logging_mixin.py:188} INFO - [2025-03-25T23:48:45.712+0000] {dagbag.py:538} INFO - Filling up the DagBag from /home/airflow/.local/lib/python3.8/site-packages/airflow/example_dags/example_short_circuit_decorator.py
[2025-03-25T23:48:45.725+0000] {processor.py:840} INFO - DAG(s) 'example_short_circuit_decorator' retrieved from /home/airflow/.local/lib/python3.8/site-packages/airflow/example_dags/example_short_circuit_decorator.py
[2025-03-25T23:48:45.760+0000] {logging_mixin.py:188} INFO - [2025-03-25T23:48:45.760+0000] {dag.py:3036} INFO - Sync 1 DAGs
[2025-03-25T23:48:45.795+0000] {logging_mixin.py:188} INFO - [2025-03-25T23:48:45.794+0000] {dag.py:3823} INFO - Setting next_dagrun for example_short_circuit_decorator to 2025-03-24 00:00:00+00:00, run_after=2025-03-25 00:00:00+00:00
[2025-03-25T23:48:45.829+0000] {processor.py:183} INFO - Processing /home/airflow/.local/lib/python3.8/site-packages/airflow/example_dags/example_short_circuit_decorator.py took 0.126 seconds
[2025-03-25T23:49:16.233+0000] {processor.py:161} INFO - Started process (PID=585) to work on /home/airflow/.local/lib/python3.8/site-packages/airflow/example_dags/example_short_circuit_decorator.py
[2025-03-25T23:49:16.236+0000] {processor.py:830} INFO - Processing file /home/airflow/.local/lib/python3.8/site-packages/airflow/example_dags/example_short_circuit_decorator.py for tasks to queue
[2025-03-25T23:49:16.238+0000] {logging_mixin.py:188} INFO - [2025-03-25T23:49:16.238+0000] {dagbag.py:538} INFO - Filling up the DagBag from /home/airflow/.local/lib/python3.8/site-packages/airflow/example_dags/example_short_circuit_decorator.py
[2025-03-25T23:49:16.250+0000] {processor.py:840} INFO - DAG(s) 'example_short_circuit_decorator' retrieved from /home/airflow/.local/lib/python3.8/site-packages/airflow/example_dags/example_short_circuit_decorator.py
[2025-03-25T23:49:16.286+0000] {logging_mixin.py:188} INFO - [2025-03-25T23:49:16.285+0000] {dag.py:3036} INFO - Sync 1 DAGs
[2025-03-25T23:49:16.320+0000] {logging_mixin.py:188} INFO - [2025-03-25T23:49:16.320+0000] {dag.py:3823} INFO - Setting next_dagrun for example_short_circuit_decorator to 2025-03-24 00:00:00+00:00, run_after=2025-03-25 00:00:00+00:00
[2025-03-25T23:49:16.352+0000] {processor.py:183} INFO - Processing /home/airflow/.local/lib/python3.8/site-packages/airflow/example_dags/example_short_circuit_decorator.py took 0.122 seconds
[2025-03-25T23:49:46.606+0000] {processor.py:161} INFO - Started process (PID=659) to work on /home/airflow/.local/lib/python3.8/site-packages/airflow/example_dags/example_short_circuit_decorator.py
[2025-03-25T23:49:46.607+0000] {processor.py:830} INFO - Processing file /home/airflow/.local/lib/python3.8/site-packages/airflow/example_dags/example_short_circuit_decorator.py for tasks to queue
[2025-03-25T23:49:46.610+0000] {logging_mixin.py:188} INFO - [2025-03-25T23:49:46.609+0000] {dagbag.py:538} INFO - Filling up the DagBag from /home/airflow/.local/lib/python3.8/site-packages/airflow/example_dags/example_short_circuit_decorator.py
[2025-03-25T23:49:46.622+0000] {processor.py:840} INFO - DAG(s) 'example_short_circuit_decorator' retrieved from /home/airflow/.local/lib/python3.8/site-packages/airflow/example_dags/example_short_circuit_decorator.py
[2025-03-25T23:49:46.654+0000] {logging_mixin.py:188} INFO - [2025-03-25T23:49:46.654+0000] {dag.py:3036} INFO - Sync 1 DAGs
[2025-03-25T23:49:46.685+0000] {logging_mixin.py:188} INFO - [2025-03-25T23:49:46.684+0000] {dag.py:3823} INFO - Setting next_dagrun for example_short_circuit_decorator to 2025-03-24 00:00:00+00:00, run_after=2025-03-25 00:00:00+00:00
[2025-03-25T23:49:46.721+0000] {processor.py:183} INFO - Processing /home/airflow/.local/lib/python3.8/site-packages/airflow/example_dags/example_short_circuit_decorator.py took 0.119 seconds
[2025-03-25T23:50:17.340+0000] {processor.py:161} INFO - Started process (PID=732) to work on /home/airflow/.local/lib/python3.8/site-packages/airflow/example_dags/example_short_circuit_decorator.py
[2025-03-25T23:50:17.342+0000] {processor.py:830} INFO - Processing file /home/airflow/.local/lib/python3.8/site-packages/airflow/example_dags/example_short_circuit_decorator.py for tasks to queue
[2025-03-25T23:50:17.345+0000] {logging_mixin.py:188} INFO - [2025-03-25T23:50:17.344+0000] {dagbag.py:538} INFO - Filling up the DagBag from /home/airflow/.local/lib/python3.8/site-packages/airflow/example_dags/example_short_circuit_decorator.py
[2025-03-25T23:50:17.358+0000] {processor.py:840} INFO - DAG(s) 'example_short_circuit_decorator' retrieved from /home/airflow/.local/lib/python3.8/site-packages/airflow/example_dags/example_short_circuit_decorator.py
[2025-03-25T23:50:17.398+0000] {logging_mixin.py:188} INFO - [2025-03-25T23:50:17.398+0000] {dag.py:3036} INFO - Sync 1 DAGs
[2025-03-25T23:50:17.432+0000] {logging_mixin.py:188} INFO - [2025-03-25T23:50:17.432+0000] {dag.py:3823} INFO - Setting next_dagrun for example_short_circuit_decorator to 2025-03-24 00:00:00+00:00, run_after=2025-03-25 00:00:00+00:00
[2025-03-25T23:50:17.468+0000] {processor.py:183} INFO - Processing /home/airflow/.local/lib/python3.8/site-packages/airflow/example_dags/example_short_circuit_decorator.py took 0.131 seconds
[2025-03-25T23:50:48.088+0000] {processor.py:161} INFO - Started process (PID=807) to work on /home/airflow/.local/lib/python3.8/site-packages/airflow/example_dags/example_short_circuit_decorator.py
[2025-03-25T23:50:48.090+0000] {processor.py:830} INFO - Processing file /home/airflow/.local/lib/python3.8/site-packages/airflow/example_dags/example_short_circuit_decorator.py for tasks to queue
[2025-03-25T23:50:48.093+0000] {logging_mixin.py:188} INFO - [2025-03-25T23:50:48.093+0000] {dagbag.py:538} INFO - Filling up the DagBag from /home/airflow/.local/lib/python3.8/site-packages/airflow/example_dags/example_short_circuit_decorator.py
[2025-03-25T23:50:48.114+0000] {processor.py:840} INFO - DAG(s) 'example_short_circuit_decorator' retrieved from /home/airflow/.local/lib/python3.8/site-packages/airflow/example_dags/example_short_circuit_decorator.py
[2025-03-25T23:50:48.168+0000] {logging_mixin.py:188} INFO - [2025-03-25T23:50:48.168+0000] {dag.py:3036} INFO - Sync 1 DAGs
[2025-03-25T23:50:48.213+0000] {logging_mixin.py:188} INFO - [2025-03-25T23:50:48.212+0000] {dag.py:3823} INFO - Setting next_dagrun for example_short_circuit_decorator to 2025-03-24 00:00:00+00:00, run_after=2025-03-25 00:00:00+00:00
[2025-03-25T23:50:48.254+0000] {processor.py:183} INFO - Processing /home/airflow/.local/lib/python3.8/site-packages/airflow/example_dags/example_short_circuit_decorator.py took 0.170 seconds
[2025-03-25T23:51:18.611+0000] {processor.py:161} INFO - Started process (PID=889) to work on /home/airflow/.local/lib/python3.8/site-packages/airflow/example_dags/example_short_circuit_decorator.py
[2025-03-25T23:51:18.612+0000] {processor.py:830} INFO - Processing file /home/airflow/.local/lib/python3.8/site-packages/airflow/example_dags/example_short_circuit_decorator.py for tasks to queue
[2025-03-25T23:51:18.615+0000] {logging_mixin.py:188} INFO - [2025-03-25T23:51:18.615+0000] {dagbag.py:538} INFO - Filling up the DagBag from /home/airflow/.local/lib/python3.8/site-packages/airflow/example_dags/example_short_circuit_decorator.py
[2025-03-25T23:51:18.629+0000] {processor.py:840} INFO - DAG(s) 'example_short_circuit_decorator' retrieved from /home/airflow/.local/lib/python3.8/site-packages/airflow/example_dags/example_short_circuit_decorator.py
[2025-03-25T23:51:18.668+0000] {logging_mixin.py:188} INFO - [2025-03-25T23:51:18.667+0000] {dag.py:3036} INFO - Sync 1 DAGs
[2025-03-25T23:51:18.708+0000] {logging_mixin.py:188} INFO - [2025-03-25T23:51:18.707+0000] {dag.py:3823} INFO - Setting next_dagrun for example_short_circuit_decorator to 2025-03-24 00:00:00+00:00, run_after=2025-03-25 00:00:00+00:00
[2025-03-25T23:51:18.743+0000] {processor.py:183} INFO - Processing /home/airflow/.local/lib/python3.8/site-packages/airflow/example_dags/example_short_circuit_decorator.py took 0.137 seconds
[2025-03-25T23:51:48.849+0000] {processor.py:161} INFO - Started process (PID=964) to work on /home/airflow/.local/lib/python3.8/site-packages/airflow/example_dags/example_short_circuit_decorator.py
[2025-03-25T23:51:48.850+0000] {processor.py:830} INFO - Processing file /home/airflow/.local/lib/python3.8/site-packages/airflow/example_dags/example_short_circuit_decorator.py for tasks to queue
[2025-03-25T23:51:48.853+0000] {logging_mixin.py:188} INFO - [2025-03-25T23:51:48.852+0000] {dagbag.py:538} INFO - Filling up the DagBag from /home/airflow/.local/lib/python3.8/site-packages/airflow/example_dags/example_short_circuit_decorator.py
[2025-03-25T23:51:48.868+0000] {processor.py:840} INFO - DAG(s) 'example_short_circuit_decorator' retrieved from /home/airflow/.local/lib/python3.8/site-packages/airflow/example_dags/example_short_circuit_decorator.py
[2025-03-25T23:51:48.929+0000] {logging_mixin.py:188} INFO - [2025-03-25T23:51:48.928+0000] {dag.py:3036} INFO - Sync 1 DAGs
[2025-03-25T23:51:49.014+0000] {logging_mixin.py:188} INFO - [2025-03-25T23:51:49.014+0000] {dag.py:3823} INFO - Setting next_dagrun for example_short_circuit_decorator to 2025-03-24 00:00:00+00:00, run_after=2025-03-25 00:00:00+00:00
[2025-03-25T23:51:49.070+0000] {processor.py:183} INFO - Processing /home/airflow/.local/lib/python3.8/site-packages/airflow/example_dags/example_short_circuit_decorator.py took 0.225 seconds
[2025-03-25T23:52:19.483+0000] {processor.py:161} INFO - Started process (PID=1039) to work on /home/airflow/.local/lib/python3.8/site-packages/airflow/example_dags/example_short_circuit_decorator.py
[2025-03-25T23:52:19.497+0000] {processor.py:830} INFO - Processing file /home/airflow/.local/lib/python3.8/site-packages/airflow/example_dags/example_short_circuit_decorator.py for tasks to queue
[2025-03-25T23:52:19.501+0000] {logging_mixin.py:188} INFO - [2025-03-25T23:52:19.501+0000] {dagbag.py:538} INFO - Filling up the DagBag from /home/airflow/.local/lib/python3.8/site-packages/airflow/example_dags/example_short_circuit_decorator.py
[2025-03-25T23:52:19.542+0000] {processor.py:840} INFO - DAG(s) 'example_short_circuit_decorator' retrieved from /home/airflow/.local/lib/python3.8/site-packages/airflow/example_dags/example_short_circuit_decorator.py
[2025-03-25T23:52:19.592+0000] {logging_mixin.py:188} INFO - [2025-03-25T23:52:19.591+0000] {dag.py:3036} INFO - Sync 1 DAGs
[2025-03-25T23:52:19.630+0000] {logging_mixin.py:188} INFO - [2025-03-25T23:52:19.629+0000] {dag.py:3823} INFO - Setting next_dagrun for example_short_circuit_decorator to 2025-03-24 00:00:00+00:00, run_after=2025-03-25 00:00:00+00:00
[2025-03-25T23:52:19.667+0000] {processor.py:183} INFO - Processing /home/airflow/.local/lib/python3.8/site-packages/airflow/example_dags/example_short_circuit_decorator.py took 0.190 seconds
[2025-03-25T23:52:49.799+0000] {processor.py:161} INFO - Started process (PID=1112) to work on /home/airflow/.local/lib/python3.8/site-packages/airflow/example_dags/example_short_circuit_decorator.py
[2025-03-25T23:52:49.800+0000] {processor.py:830} INFO - Processing file /home/airflow/.local/lib/python3.8/site-packages/airflow/example_dags/example_short_circuit_decorator.py for tasks to queue
[2025-03-25T23:52:49.803+0000] {logging_mixin.py:188} INFO - [2025-03-25T23:52:49.803+0000] {dagbag.py:538} INFO - Filling up the DagBag from /home/airflow/.local/lib/python3.8/site-packages/airflow/example_dags/example_short_circuit_decorator.py
[2025-03-25T23:52:49.817+0000] {processor.py:840} INFO - DAG(s) 'example_short_circuit_decorator' retrieved from /home/airflow/.local/lib/python3.8/site-packages/airflow/example_dags/example_short_circuit_decorator.py
[2025-03-25T23:52:49.851+0000] {logging_mixin.py:188} INFO - [2025-03-25T23:52:49.850+0000] {dag.py:3036} INFO - Sync 1 DAGs
[2025-03-25T23:52:49.885+0000] {logging_mixin.py:188} INFO - [2025-03-25T23:52:49.885+0000] {dag.py:3823} INFO - Setting next_dagrun for example_short_circuit_decorator to 2025-03-24 00:00:00+00:00, run_after=2025-03-25 00:00:00+00:00
[2025-03-25T23:52:49.921+0000] {processor.py:183} INFO - Processing /home/airflow/.local/lib/python3.8/site-packages/airflow/example_dags/example_short_circuit_decorator.py took 0.128 seconds
[2025-03-25T23:53:20.457+0000] {processor.py:161} INFO - Started process (PID=1186) to work on /home/airflow/.local/lib/python3.8/site-packages/airflow/example_dags/example_short_circuit_decorator.py
[2025-03-25T23:53:20.458+0000] {processor.py:830} INFO - Processing file /home/airflow/.local/lib/python3.8/site-packages/airflow/example_dags/example_short_circuit_decorator.py for tasks to queue
[2025-03-25T23:53:20.462+0000] {logging_mixin.py:188} INFO - [2025-03-25T23:53:20.461+0000] {dagbag.py:538} INFO - Filling up the DagBag from /home/airflow/.local/lib/python3.8/site-packages/airflow/example_dags/example_short_circuit_decorator.py
[2025-03-25T23:53:20.488+0000] {processor.py:840} INFO - DAG(s) 'example_short_circuit_decorator' retrieved from /home/airflow/.local/lib/python3.8/site-packages/airflow/example_dags/example_short_circuit_decorator.py
[2025-03-25T23:53:20.539+0000] {logging_mixin.py:188} INFO - [2025-03-25T23:53:20.539+0000] {dag.py:3036} INFO - Sync 1 DAGs
[2025-03-25T23:53:20.581+0000] {logging_mixin.py:188} INFO - [2025-03-25T23:53:20.580+0000] {dag.py:3823} INFO - Setting next_dagrun for example_short_circuit_decorator to 2025-03-24 00:00:00+00:00, run_after=2025-03-25 00:00:00+00:00
[2025-03-25T23:53:20.637+0000] {processor.py:183} INFO - Processing /home/airflow/.local/lib/python3.8/site-packages/airflow/example_dags/example_short_circuit_decorator.py took 0.185 seconds
[2025-03-25T23:53:51.252+0000] {processor.py:161} INFO - Started process (PID=1260) to work on /home/airflow/.local/lib/python3.8/site-packages/airflow/example_dags/example_short_circuit_decorator.py
[2025-03-25T23:53:51.253+0000] {processor.py:830} INFO - Processing file /home/airflow/.local/lib/python3.8/site-packages/airflow/example_dags/example_short_circuit_decorator.py for tasks to queue
[2025-03-25T23:53:51.256+0000] {logging_mixin.py:188} INFO - [2025-03-25T23:53:51.255+0000] {dagbag.py:538} INFO - Filling up the DagBag from /home/airflow/.local/lib/python3.8/site-packages/airflow/example_dags/example_short_circuit_decorator.py
[2025-03-25T23:53:51.267+0000] {processor.py:840} INFO - DAG(s) 'example_short_circuit_decorator' retrieved from /home/airflow/.local/lib/python3.8/site-packages/airflow/example_dags/example_short_circuit_decorator.py
[2025-03-25T23:53:51.300+0000] {logging_mixin.py:188} INFO - [2025-03-25T23:53:51.300+0000] {dag.py:3036} INFO - Sync 1 DAGs
[2025-03-25T23:53:51.337+0000] {logging_mixin.py:188} INFO - [2025-03-25T23:53:51.336+0000] {dag.py:3823} INFO - Setting next_dagrun for example_short_circuit_decorator to 2025-03-24 00:00:00+00:00, run_after=2025-03-25 00:00:00+00:00
[2025-03-25T23:53:51.371+0000] {processor.py:183} INFO - Processing /home/airflow/.local/lib/python3.8/site-packages/airflow/example_dags/example_short_circuit_decorator.py took 0.123 seconds
[2025-03-25T23:55:29.620+0000] {processor.py:161} INFO - Started process (PID=65) to work on /home/airflow/.local/lib/python3.8/site-packages/airflow/example_dags/example_short_circuit_decorator.py
[2025-03-25T23:55:29.623+0000] {processor.py:830} INFO - Processing file /home/airflow/.local/lib/python3.8/site-packages/airflow/example_dags/example_short_circuit_decorator.py for tasks to queue
[2025-03-25T23:55:29.630+0000] {logging_mixin.py:188} INFO - [2025-03-25T23:55:29.629+0000] {dagbag.py:538} INFO - Filling up the DagBag from /home/airflow/.local/lib/python3.8/site-packages/airflow/example_dags/example_short_circuit_decorator.py
[2025-03-25T23:55:29.664+0000] {processor.py:840} INFO - DAG(s) 'example_short_circuit_decorator' retrieved from /home/airflow/.local/lib/python3.8/site-packages/airflow/example_dags/example_short_circuit_decorator.py
[2025-03-25T23:55:29.919+0000] {logging_mixin.py:188} INFO - [2025-03-25T23:55:29.918+0000] {override.py:1769} INFO - Created Permission View: can edit on DAG:example_short_circuit_decorator
[2025-03-25T23:55:29.944+0000] {logging_mixin.py:188} INFO - [2025-03-25T23:55:29.943+0000] {override.py:1769} INFO - Created Permission View: can delete on DAG:example_short_circuit_decorator
[2025-03-25T23:55:29.964+0000] {logging_mixin.py:188} INFO - [2025-03-25T23:55:29.964+0000] {override.py:1769} INFO - Created Permission View: can read on DAG:example_short_circuit_decorator
[2025-03-25T23:55:29.965+0000] {logging_mixin.py:188} INFO - [2025-03-25T23:55:29.965+0000] {dag.py:3036} INFO - Sync 1 DAGs
[2025-03-25T23:55:29.989+0000] {logging_mixin.py:188} INFO - [2025-03-25T23:55:29.988+0000] {dag.py:3058} INFO - Creating ORM DAG for example_short_circuit_decorator
[2025-03-25T23:55:30.010+0000] {logging_mixin.py:188} INFO - [2025-03-25T23:55:30.010+0000] {dag.py:3823} INFO - Setting next_dagrun for example_short_circuit_decorator to 2025-03-24 00:00:00+00:00, run_after=2025-03-25 00:00:00+00:00
[2025-03-25T23:55:30.104+0000] {processor.py:183} INFO - Processing /home/airflow/.local/lib/python3.8/site-packages/airflow/example_dags/example_short_circuit_decorator.py took 0.490 seconds
[2025-03-25T23:56:00.448+0000] {processor.py:161} INFO - Started process (PID=130) to work on /home/airflow/.local/lib/python3.8/site-packages/airflow/example_dags/example_short_circuit_decorator.py
[2025-03-25T23:56:00.450+0000] {processor.py:830} INFO - Processing file /home/airflow/.local/lib/python3.8/site-packages/airflow/example_dags/example_short_circuit_decorator.py for tasks to queue
[2025-03-25T23:56:00.453+0000] {logging_mixin.py:188} INFO - [2025-03-25T23:56:00.452+0000] {dagbag.py:538} INFO - Filling up the DagBag from /home/airflow/.local/lib/python3.8/site-packages/airflow/example_dags/example_short_circuit_decorator.py
[2025-03-25T23:56:00.472+0000] {processor.py:840} INFO - DAG(s) 'example_short_circuit_decorator' retrieved from /home/airflow/.local/lib/python3.8/site-packages/airflow/example_dags/example_short_circuit_decorator.py
[2025-03-25T23:56:00.519+0000] {logging_mixin.py:188} INFO - [2025-03-25T23:56:00.517+0000] {dag.py:3036} INFO - Sync 1 DAGs
[2025-03-25T23:56:00.564+0000] {logging_mixin.py:188} INFO - [2025-03-25T23:56:00.563+0000] {dag.py:3823} INFO - Setting next_dagrun for example_short_circuit_decorator to 2025-03-24 00:00:00+00:00, run_after=2025-03-25 00:00:00+00:00
[2025-03-25T23:56:00.616+0000] {processor.py:183} INFO - Processing /home/airflow/.local/lib/python3.8/site-packages/airflow/example_dags/example_short_circuit_decorator.py took 0.175 seconds
[2025-03-25T23:56:30.774+0000] {processor.py:161} INFO - Started process (PID=204) to work on /home/airflow/.local/lib/python3.8/site-packages/airflow/example_dags/example_short_circuit_decorator.py
[2025-03-25T23:56:30.776+0000] {processor.py:830} INFO - Processing file /home/airflow/.local/lib/python3.8/site-packages/airflow/example_dags/example_short_circuit_decorator.py for tasks to queue
[2025-03-25T23:56:30.785+0000] {logging_mixin.py:188} INFO - [2025-03-25T23:56:30.780+0000] {dagbag.py:538} INFO - Filling up the DagBag from /home/airflow/.local/lib/python3.8/site-packages/airflow/example_dags/example_short_circuit_decorator.py
[2025-03-25T23:56:30.828+0000] {processor.py:840} INFO - DAG(s) 'example_short_circuit_decorator' retrieved from /home/airflow/.local/lib/python3.8/site-packages/airflow/example_dags/example_short_circuit_decorator.py
[2025-03-25T23:56:30.888+0000] {logging_mixin.py:188} INFO - [2025-03-25T23:56:30.888+0000] {dag.py:3036} INFO - Sync 1 DAGs
[2025-03-25T23:56:30.949+0000] {logging_mixin.py:188} INFO - [2025-03-25T23:56:30.948+0000] {dag.py:3823} INFO - Setting next_dagrun for example_short_circuit_decorator to 2025-03-24 00:00:00+00:00, run_after=2025-03-25 00:00:00+00:00
[2025-03-25T23:56:31.014+0000] {processor.py:183} INFO - Processing /home/airflow/.local/lib/python3.8/site-packages/airflow/example_dags/example_short_circuit_decorator.py took 0.251 seconds
[2025-03-25T23:57:01.293+0000] {processor.py:161} INFO - Started process (PID=277) to work on /home/airflow/.local/lib/python3.8/site-packages/airflow/example_dags/example_short_circuit_decorator.py
[2025-03-25T23:57:01.295+0000] {processor.py:830} INFO - Processing file /home/airflow/.local/lib/python3.8/site-packages/airflow/example_dags/example_short_circuit_decorator.py for tasks to queue
[2025-03-25T23:57:01.298+0000] {logging_mixin.py:188} INFO - [2025-03-25T23:57:01.298+0000] {dagbag.py:538} INFO - Filling up the DagBag from /home/airflow/.local/lib/python3.8/site-packages/airflow/example_dags/example_short_circuit_decorator.py
[2025-03-25T23:57:01.315+0000] {processor.py:840} INFO - DAG(s) 'example_short_circuit_decorator' retrieved from /home/airflow/.local/lib/python3.8/site-packages/airflow/example_dags/example_short_circuit_decorator.py
[2025-03-25T23:57:01.363+0000] {logging_mixin.py:188} INFO - [2025-03-25T23:57:01.363+0000] {dag.py:3036} INFO - Sync 1 DAGs
[2025-03-25T23:57:01.409+0000] {logging_mixin.py:188} INFO - [2025-03-25T23:57:01.409+0000] {dag.py:3823} INFO - Setting next_dagrun for example_short_circuit_decorator to 2025-03-24 00:00:00+00:00, run_after=2025-03-25 00:00:00+00:00
[2025-03-25T23:57:01.449+0000] {processor.py:183} INFO - Processing /home/airflow/.local/lib/python3.8/site-packages/airflow/example_dags/example_short_circuit_decorator.py took 0.159 seconds
[2025-03-25T23:57:31.762+0000] {processor.py:161} INFO - Started process (PID=351) to work on /home/airflow/.local/lib/python3.8/site-packages/airflow/example_dags/example_short_circuit_decorator.py
[2025-03-25T23:57:31.764+0000] {processor.py:830} INFO - Processing file /home/airflow/.local/lib/python3.8/site-packages/airflow/example_dags/example_short_circuit_decorator.py for tasks to queue
[2025-03-25T23:57:31.767+0000] {logging_mixin.py:188} INFO - [2025-03-25T23:57:31.766+0000] {dagbag.py:538} INFO - Filling up the DagBag from /home/airflow/.local/lib/python3.8/site-packages/airflow/example_dags/example_short_circuit_decorator.py
[2025-03-25T23:57:31.779+0000] {processor.py:840} INFO - DAG(s) 'example_short_circuit_decorator' retrieved from /home/airflow/.local/lib/python3.8/site-packages/airflow/example_dags/example_short_circuit_decorator.py
[2025-03-25T23:57:31.812+0000] {logging_mixin.py:188} INFO - [2025-03-25T23:57:31.812+0000] {dag.py:3036} INFO - Sync 1 DAGs
[2025-03-25T23:57:31.851+0000] {logging_mixin.py:188} INFO - [2025-03-25T23:57:31.851+0000] {dag.py:3823} INFO - Setting next_dagrun for example_short_circuit_decorator to 2025-03-24 00:00:00+00:00, run_after=2025-03-25 00:00:00+00:00
[2025-03-25T23:57:31.895+0000] {processor.py:183} INFO - Processing /home/airflow/.local/lib/python3.8/site-packages/airflow/example_dags/example_short_circuit_decorator.py took 0.136 seconds
[2025-03-25T23:58:02.656+0000] {processor.py:161} INFO - Started process (PID=433) to work on /home/airflow/.local/lib/python3.8/site-packages/airflow/example_dags/example_short_circuit_decorator.py
[2025-03-25T23:58:02.659+0000] {processor.py:830} INFO - Processing file /home/airflow/.local/lib/python3.8/site-packages/airflow/example_dags/example_short_circuit_decorator.py for tasks to queue
[2025-03-25T23:58:02.663+0000] {logging_mixin.py:188} INFO - [2025-03-25T23:58:02.663+0000] {dagbag.py:538} INFO - Filling up the DagBag from /home/airflow/.local/lib/python3.8/site-packages/airflow/example_dags/example_short_circuit_decorator.py
[2025-03-25T23:58:02.686+0000] {processor.py:840} INFO - DAG(s) 'example_short_circuit_decorator' retrieved from /home/airflow/.local/lib/python3.8/site-packages/airflow/example_dags/example_short_circuit_decorator.py
[2025-03-25T23:58:02.788+0000] {logging_mixin.py:188} INFO - [2025-03-25T23:58:02.787+0000] {dag.py:3036} INFO - Sync 1 DAGs
[2025-03-25T23:58:02.920+0000] {logging_mixin.py:188} INFO - [2025-03-25T23:58:02.919+0000] {dag.py:3823} INFO - Setting next_dagrun for example_short_circuit_decorator to 2025-03-24 00:00:00+00:00, run_after=2025-03-25 00:00:00+00:00
[2025-03-25T23:58:02.978+0000] {processor.py:183} INFO - Processing /home/airflow/.local/lib/python3.8/site-packages/airflow/example_dags/example_short_circuit_decorator.py took 0.328 seconds
[2025-03-25T23:58:33.502+0000] {processor.py:161} INFO - Started process (PID=508) to work on /home/airflow/.local/lib/python3.8/site-packages/airflow/example_dags/example_short_circuit_decorator.py
[2025-03-25T23:58:33.504+0000] {processor.py:830} INFO - Processing file /home/airflow/.local/lib/python3.8/site-packages/airflow/example_dags/example_short_circuit_decorator.py for tasks to queue
[2025-03-25T23:58:33.508+0000] {logging_mixin.py:188} INFO - [2025-03-25T23:58:33.507+0000] {dagbag.py:538} INFO - Filling up the DagBag from /home/airflow/.local/lib/python3.8/site-packages/airflow/example_dags/example_short_circuit_decorator.py
[2025-03-25T23:58:33.525+0000] {processor.py:840} INFO - DAG(s) 'example_short_circuit_decorator' retrieved from /home/airflow/.local/lib/python3.8/site-packages/airflow/example_dags/example_short_circuit_decorator.py
[2025-03-25T23:58:33.577+0000] {logging_mixin.py:188} INFO - [2025-03-25T23:58:33.577+0000] {dag.py:3036} INFO - Sync 1 DAGs
[2025-03-25T23:58:33.622+0000] {logging_mixin.py:188} INFO - [2025-03-25T23:58:33.621+0000] {dag.py:3823} INFO - Setting next_dagrun for example_short_circuit_decorator to 2025-03-24 00:00:00+00:00, run_after=2025-03-25 00:00:00+00:00
[2025-03-25T23:58:33.660+0000] {processor.py:183} INFO - Processing /home/airflow/.local/lib/python3.8/site-packages/airflow/example_dags/example_short_circuit_decorator.py took 0.163 seconds
[2025-03-25T23:59:04.439+0000] {processor.py:161} INFO - Started process (PID=582) to work on /home/airflow/.local/lib/python3.8/site-packages/airflow/example_dags/example_short_circuit_decorator.py
[2025-03-25T23:59:04.440+0000] {processor.py:830} INFO - Processing file /home/airflow/.local/lib/python3.8/site-packages/airflow/example_dags/example_short_circuit_decorator.py for tasks to queue
[2025-03-25T23:59:04.443+0000] {logging_mixin.py:188} INFO - [2025-03-25T23:59:04.443+0000] {dagbag.py:538} INFO - Filling up the DagBag from /home/airflow/.local/lib/python3.8/site-packages/airflow/example_dags/example_short_circuit_decorator.py
[2025-03-25T23:59:04.460+0000] {processor.py:840} INFO - DAG(s) 'example_short_circuit_decorator' retrieved from /home/airflow/.local/lib/python3.8/site-packages/airflow/example_dags/example_short_circuit_decorator.py
[2025-03-25T23:59:04.509+0000] {logging_mixin.py:188} INFO - [2025-03-25T23:59:04.508+0000] {dag.py:3036} INFO - Sync 1 DAGs
[2025-03-25T23:59:04.559+0000] {logging_mixin.py:188} INFO - [2025-03-25T23:59:04.558+0000] {dag.py:3823} INFO - Setting next_dagrun for example_short_circuit_decorator to 2025-03-24 00:00:00+00:00, run_after=2025-03-25 00:00:00+00:00
[2025-03-25T23:59:04.608+0000] {processor.py:183} INFO - Processing /home/airflow/.local/lib/python3.8/site-packages/airflow/example_dags/example_short_circuit_decorator.py took 0.174 seconds
[2025-03-25T23:59:35.170+0000] {processor.py:161} INFO - Started process (PID=656) to work on /home/airflow/.local/lib/python3.8/site-packages/airflow/example_dags/example_short_circuit_decorator.py
[2025-03-25T23:59:35.172+0000] {processor.py:830} INFO - Processing file /home/airflow/.local/lib/python3.8/site-packages/airflow/example_dags/example_short_circuit_decorator.py for tasks to queue
[2025-03-25T23:59:35.176+0000] {logging_mixin.py:188} INFO - [2025-03-25T23:59:35.176+0000] {dagbag.py:538} INFO - Filling up the DagBag from /home/airflow/.local/lib/python3.8/site-packages/airflow/example_dags/example_short_circuit_decorator.py
[2025-03-25T23:59:35.192+0000] {processor.py:840} INFO - DAG(s) 'example_short_circuit_decorator' retrieved from /home/airflow/.local/lib/python3.8/site-packages/airflow/example_dags/example_short_circuit_decorator.py
[2025-03-25T23:59:35.244+0000] {logging_mixin.py:188} INFO - [2025-03-25T23:59:35.244+0000] {dag.py:3036} INFO - Sync 1 DAGs
[2025-03-25T23:59:35.287+0000] {logging_mixin.py:188} INFO - [2025-03-25T23:59:35.286+0000] {dag.py:3823} INFO - Setting next_dagrun for example_short_circuit_decorator to 2025-03-24 00:00:00+00:00, run_after=2025-03-25 00:00:00+00:00
[2025-03-25T23:59:35.331+0000] {processor.py:183} INFO - Processing /home/airflow/.local/lib/python3.8/site-packages/airflow/example_dags/example_short_circuit_decorator.py took 0.166 seconds
