[2025-03-25T23:45:43.865+0000] {processor.py:161} INFO - Started process (PID=80) to work on /home/airflow/.local/lib/python3.8/site-packages/airflow/example_dags/example_setup_teardown.py
[2025-03-25T23:45:43.870+0000] {processor.py:830} INFO - Processing file /home/airflow/.local/lib/python3.8/site-packages/airflow/example_dags/example_setup_teardown.py for tasks to queue
[2025-03-25T23:45:43.876+0000] {logging_mixin.py:188} INFO - [2025-03-25T23:45:43.875+0000] {dagbag.py:538} INFO - Filling up the DagBag from /home/airflow/.local/lib/python3.8/site-packages/airflow/example_dags/example_setup_teardown.py
[2025-03-25T23:45:43.907+0000] {processor.py:840} INFO - DAG(s) 'example_setup_teardown' retrieved from /home/airflow/.local/lib/python3.8/site-packages/airflow/example_dags/example_setup_teardown.py
[2025-03-25T23:45:44.229+0000] {logging_mixin.py:188} INFO - [2025-03-25T23:45:44.226+0000] {override.py:1769} INFO - Created Permission View: can edit on DAG:example_setup_teardown
[2025-03-25T23:45:44.269+0000] {logging_mixin.py:188} INFO - [2025-03-25T23:45:44.268+0000] {override.py:1769} INFO - Created Permission View: can delete on DAG:example_setup_teardown
[2025-03-25T23:45:44.351+0000] {logging_mixin.py:188} INFO - [2025-03-25T23:45:44.349+0000] {override.py:1769} INFO - Created Permission View: can read on DAG:example_setup_teardown
[2025-03-25T23:45:44.360+0000] {logging_mixin.py:188} INFO - [2025-03-25T23:45:44.359+0000] {dag.py:3036} INFO - Sync 1 DAGs
[2025-03-25T23:45:44.389+0000] {logging_mixin.py:188} INFO - [2025-03-25T23:45:44.388+0000] {dag.py:3058} INFO - Creating ORM DAG for example_setup_teardown
[2025-03-25T23:45:44.436+0000] {logging_mixin.py:188} INFO - [2025-03-25T23:45:44.433+0000] {dag.py:3823} INFO - Setting next_dagrun for example_setup_teardown to 2025-03-24 00:00:00+00:00, run_after=2025-03-25 00:00:00+00:00
[2025-03-25T23:45:44.481+0000] {processor.py:183} INFO - Processing /home/airflow/.local/lib/python3.8/site-packages/airflow/example_dags/example_setup_teardown.py took 0.623 seconds
[2025-03-25T23:46:15.247+0000] {processor.py:161} INFO - Started process (PID=155) to work on /home/airflow/.local/lib/python3.8/site-packages/airflow/example_dags/example_setup_teardown.py
[2025-03-25T23:46:15.248+0000] {processor.py:830} INFO - Processing file /home/airflow/.local/lib/python3.8/site-packages/airflow/example_dags/example_setup_teardown.py for tasks to queue
[2025-03-25T23:46:15.251+0000] {logging_mixin.py:188} INFO - [2025-03-25T23:46:15.251+0000] {dagbag.py:538} INFO - Filling up the DagBag from /home/airflow/.local/lib/python3.8/site-packages/airflow/example_dags/example_setup_teardown.py
[2025-03-25T23:46:15.265+0000] {processor.py:840} INFO - DAG(s) 'example_setup_teardown' retrieved from /home/airflow/.local/lib/python3.8/site-packages/airflow/example_dags/example_setup_teardown.py
[2025-03-25T23:46:15.308+0000] {logging_mixin.py:188} INFO - [2025-03-25T23:46:15.307+0000] {dag.py:3036} INFO - Sync 1 DAGs
[2025-03-25T23:46:15.353+0000] {logging_mixin.py:188} INFO - [2025-03-25T23:46:15.352+0000] {dag.py:3823} INFO - Setting next_dagrun for example_setup_teardown to 2025-03-24 00:00:00+00:00, run_after=2025-03-25 00:00:00+00:00
[2025-03-25T23:46:15.389+0000] {processor.py:183} INFO - Processing /home/airflow/.local/lib/python3.8/site-packages/airflow/example_dags/example_setup_teardown.py took 0.147 seconds
[2025-03-25T23:46:45.633+0000] {processor.py:161} INFO - Started process (PID=230) to work on /home/airflow/.local/lib/python3.8/site-packages/airflow/example_dags/example_setup_teardown.py
[2025-03-25T23:46:45.634+0000] {processor.py:830} INFO - Processing file /home/airflow/.local/lib/python3.8/site-packages/airflow/example_dags/example_setup_teardown.py for tasks to queue
[2025-03-25T23:46:45.637+0000] {logging_mixin.py:188} INFO - [2025-03-25T23:46:45.637+0000] {dagbag.py:538} INFO - Filling up the DagBag from /home/airflow/.local/lib/python3.8/site-packages/airflow/example_dags/example_setup_teardown.py
[2025-03-25T23:46:45.648+0000] {processor.py:840} INFO - DAG(s) 'example_setup_teardown' retrieved from /home/airflow/.local/lib/python3.8/site-packages/airflow/example_dags/example_setup_teardown.py
[2025-03-25T23:46:45.686+0000] {logging_mixin.py:188} INFO - [2025-03-25T23:46:45.686+0000] {dag.py:3036} INFO - Sync 1 DAGs
[2025-03-25T23:46:45.728+0000] {logging_mixin.py:188} INFO - [2025-03-25T23:46:45.728+0000] {dag.py:3823} INFO - Setting next_dagrun for example_setup_teardown to 2025-03-24 00:00:00+00:00, run_after=2025-03-25 00:00:00+00:00
[2025-03-25T23:46:45.771+0000] {processor.py:183} INFO - Processing /home/airflow/.local/lib/python3.8/site-packages/airflow/example_dags/example_setup_teardown.py took 0.143 seconds
[2025-03-25T23:47:16.421+0000] {processor.py:161} INFO - Started process (PID=296) to work on /home/airflow/.local/lib/python3.8/site-packages/airflow/example_dags/example_setup_teardown.py
[2025-03-25T23:47:16.423+0000] {processor.py:830} INFO - Processing file /home/airflow/.local/lib/python3.8/site-packages/airflow/example_dags/example_setup_teardown.py for tasks to queue
[2025-03-25T23:47:16.426+0000] {logging_mixin.py:188} INFO - [2025-03-25T23:47:16.426+0000] {dagbag.py:538} INFO - Filling up the DagBag from /home/airflow/.local/lib/python3.8/site-packages/airflow/example_dags/example_setup_teardown.py
[2025-03-25T23:47:16.440+0000] {processor.py:840} INFO - DAG(s) 'example_setup_teardown' retrieved from /home/airflow/.local/lib/python3.8/site-packages/airflow/example_dags/example_setup_teardown.py
[2025-03-25T23:47:16.481+0000] {logging_mixin.py:188} INFO - [2025-03-25T23:47:16.480+0000] {dag.py:3036} INFO - Sync 1 DAGs
[2025-03-25T23:47:16.526+0000] {logging_mixin.py:188} INFO - [2025-03-25T23:47:16.526+0000] {dag.py:3823} INFO - Setting next_dagrun for example_setup_teardown to 2025-03-24 00:00:00+00:00, run_after=2025-03-25 00:00:00+00:00
[2025-03-25T23:47:16.880+0000] {processor.py:183} INFO - Processing /home/airflow/.local/lib/python3.8/site-packages/airflow/example_dags/example_setup_teardown.py took 0.465 seconds
[2025-03-25T23:47:47.899+0000] {processor.py:161} INFO - Started process (PID=370) to work on /home/airflow/.local/lib/python3.8/site-packages/airflow/example_dags/example_setup_teardown.py
[2025-03-25T23:47:47.900+0000] {processor.py:830} INFO - Processing file /home/airflow/.local/lib/python3.8/site-packages/airflow/example_dags/example_setup_teardown.py for tasks to queue
[2025-03-25T23:47:47.903+0000] {logging_mixin.py:188} INFO - [2025-03-25T23:47:47.903+0000] {dagbag.py:538} INFO - Filling up the DagBag from /home/airflow/.local/lib/python3.8/site-packages/airflow/example_dags/example_setup_teardown.py
[2025-03-25T23:47:47.914+0000] {processor.py:840} INFO - DAG(s) 'example_setup_teardown' retrieved from /home/airflow/.local/lib/python3.8/site-packages/airflow/example_dags/example_setup_teardown.py
[2025-03-25T23:47:47.948+0000] {logging_mixin.py:188} INFO - [2025-03-25T23:47:47.948+0000] {dag.py:3036} INFO - Sync 1 DAGs
[2025-03-25T23:47:47.985+0000] {logging_mixin.py:188} INFO - [2025-03-25T23:47:47.985+0000] {dag.py:3823} INFO - Setting next_dagrun for example_setup_teardown to 2025-03-24 00:00:00+00:00, run_after=2025-03-25 00:00:00+00:00
[2025-03-25T23:47:48.019+0000] {processor.py:183} INFO - Processing /home/airflow/.local/lib/python3.8/site-packages/airflow/example_dags/example_setup_teardown.py took 0.126 seconds
[2025-03-25T23:48:18.187+0000] {processor.py:161} INFO - Started process (PID=444) to work on /home/airflow/.local/lib/python3.8/site-packages/airflow/example_dags/example_setup_teardown.py
[2025-03-25T23:48:18.189+0000] {processor.py:830} INFO - Processing file /home/airflow/.local/lib/python3.8/site-packages/airflow/example_dags/example_setup_teardown.py for tasks to queue
[2025-03-25T23:48:18.192+0000] {logging_mixin.py:188} INFO - [2025-03-25T23:48:18.191+0000] {dagbag.py:538} INFO - Filling up the DagBag from /home/airflow/.local/lib/python3.8/site-packages/airflow/example_dags/example_setup_teardown.py
[2025-03-25T23:48:18.203+0000] {processor.py:840} INFO - DAG(s) 'example_setup_teardown' retrieved from /home/airflow/.local/lib/python3.8/site-packages/airflow/example_dags/example_setup_teardown.py
[2025-03-25T23:48:18.239+0000] {logging_mixin.py:188} INFO - [2025-03-25T23:48:18.238+0000] {dag.py:3036} INFO - Sync 1 DAGs
[2025-03-25T23:48:18.292+0000] {logging_mixin.py:188} INFO - [2025-03-25T23:48:18.290+0000] {dag.py:3823} INFO - Setting next_dagrun for example_setup_teardown to 2025-03-24 00:00:00+00:00, run_after=2025-03-25 00:00:00+00:00
[2025-03-25T23:48:18.335+0000] {processor.py:183} INFO - Processing /home/airflow/.local/lib/python3.8/site-packages/airflow/example_dags/example_setup_teardown.py took 0.151 seconds
[2025-03-25T23:48:48.469+0000] {processor.py:161} INFO - Started process (PID=518) to work on /home/airflow/.local/lib/python3.8/site-packages/airflow/example_dags/example_setup_teardown.py
[2025-03-25T23:48:48.470+0000] {processor.py:830} INFO - Processing file /home/airflow/.local/lib/python3.8/site-packages/airflow/example_dags/example_setup_teardown.py for tasks to queue
[2025-03-25T23:48:48.473+0000] {logging_mixin.py:188} INFO - [2025-03-25T23:48:48.473+0000] {dagbag.py:538} INFO - Filling up the DagBag from /home/airflow/.local/lib/python3.8/site-packages/airflow/example_dags/example_setup_teardown.py
[2025-03-25T23:48:48.486+0000] {processor.py:840} INFO - DAG(s) 'example_setup_teardown' retrieved from /home/airflow/.local/lib/python3.8/site-packages/airflow/example_dags/example_setup_teardown.py
[2025-03-25T23:48:48.522+0000] {logging_mixin.py:188} INFO - [2025-03-25T23:48:48.522+0000] {dag.py:3036} INFO - Sync 1 DAGs
[2025-03-25T23:48:48.556+0000] {logging_mixin.py:188} INFO - [2025-03-25T23:48:48.556+0000] {dag.py:3823} INFO - Setting next_dagrun for example_setup_teardown to 2025-03-24 00:00:00+00:00, run_after=2025-03-25 00:00:00+00:00
[2025-03-25T23:48:48.588+0000] {processor.py:183} INFO - Processing /home/airflow/.local/lib/python3.8/site-packages/airflow/example_dags/example_setup_teardown.py took 0.125 seconds
[2025-03-25T23:49:18.916+0000] {processor.py:161} INFO - Started process (PID=592) to work on /home/airflow/.local/lib/python3.8/site-packages/airflow/example_dags/example_setup_teardown.py
[2025-03-25T23:49:18.918+0000] {processor.py:830} INFO - Processing file /home/airflow/.local/lib/python3.8/site-packages/airflow/example_dags/example_setup_teardown.py for tasks to queue
[2025-03-25T23:49:18.921+0000] {logging_mixin.py:188} INFO - [2025-03-25T23:49:18.920+0000] {dagbag.py:538} INFO - Filling up the DagBag from /home/airflow/.local/lib/python3.8/site-packages/airflow/example_dags/example_setup_teardown.py
[2025-03-25T23:49:18.929+0000] {processor.py:840} INFO - DAG(s) 'example_setup_teardown' retrieved from /home/airflow/.local/lib/python3.8/site-packages/airflow/example_dags/example_setup_teardown.py
[2025-03-25T23:49:18.962+0000] {logging_mixin.py:188} INFO - [2025-03-25T23:49:18.961+0000] {dag.py:3036} INFO - Sync 1 DAGs
[2025-03-25T23:49:18.996+0000] {logging_mixin.py:188} INFO - [2025-03-25T23:49:18.995+0000] {dag.py:3823} INFO - Setting next_dagrun for example_setup_teardown to 2025-03-24 00:00:00+00:00, run_after=2025-03-25 00:00:00+00:00
[2025-03-25T23:49:19.030+0000] {processor.py:183} INFO - Processing /home/airflow/.local/lib/python3.8/site-packages/airflow/example_dags/example_setup_teardown.py took 0.118 seconds
[2025-03-25T23:49:49.200+0000] {processor.py:161} INFO - Started process (PID=666) to work on /home/airflow/.local/lib/python3.8/site-packages/airflow/example_dags/example_setup_teardown.py
[2025-03-25T23:49:49.201+0000] {processor.py:830} INFO - Processing file /home/airflow/.local/lib/python3.8/site-packages/airflow/example_dags/example_setup_teardown.py for tasks to queue
[2025-03-25T23:49:49.204+0000] {logging_mixin.py:188} INFO - [2025-03-25T23:49:49.204+0000] {dagbag.py:538} INFO - Filling up the DagBag from /home/airflow/.local/lib/python3.8/site-packages/airflow/example_dags/example_setup_teardown.py
[2025-03-25T23:49:49.214+0000] {processor.py:840} INFO - DAG(s) 'example_setup_teardown' retrieved from /home/airflow/.local/lib/python3.8/site-packages/airflow/example_dags/example_setup_teardown.py
[2025-03-25T23:49:49.248+0000] {logging_mixin.py:188} INFO - [2025-03-25T23:49:49.248+0000] {dag.py:3036} INFO - Sync 1 DAGs
[2025-03-25T23:49:49.283+0000] {logging_mixin.py:188} INFO - [2025-03-25T23:49:49.283+0000] {dag.py:3823} INFO - Setting next_dagrun for example_setup_teardown to 2025-03-24 00:00:00+00:00, run_after=2025-03-25 00:00:00+00:00
[2025-03-25T23:49:49.317+0000] {processor.py:183} INFO - Processing /home/airflow/.local/lib/python3.8/site-packages/airflow/example_dags/example_setup_teardown.py took 0.121 seconds
[2025-03-25T23:50:20.009+0000] {processor.py:161} INFO - Started process (PID=739) to work on /home/airflow/.local/lib/python3.8/site-packages/airflow/example_dags/example_setup_teardown.py
[2025-03-25T23:50:20.010+0000] {processor.py:830} INFO - Processing file /home/airflow/.local/lib/python3.8/site-packages/airflow/example_dags/example_setup_teardown.py for tasks to queue
[2025-03-25T23:50:20.013+0000] {logging_mixin.py:188} INFO - [2025-03-25T23:50:20.012+0000] {dagbag.py:538} INFO - Filling up the DagBag from /home/airflow/.local/lib/python3.8/site-packages/airflow/example_dags/example_setup_teardown.py
[2025-03-25T23:50:20.021+0000] {processor.py:840} INFO - DAG(s) 'example_setup_teardown' retrieved from /home/airflow/.local/lib/python3.8/site-packages/airflow/example_dags/example_setup_teardown.py
[2025-03-25T23:50:20.052+0000] {logging_mixin.py:188} INFO - [2025-03-25T23:50:20.051+0000] {dag.py:3036} INFO - Sync 1 DAGs
[2025-03-25T23:50:20.084+0000] {logging_mixin.py:188} INFO - [2025-03-25T23:50:20.084+0000] {dag.py:3823} INFO - Setting next_dagrun for example_setup_teardown to 2025-03-24 00:00:00+00:00, run_after=2025-03-25 00:00:00+00:00
[2025-03-25T23:50:20.116+0000] {processor.py:183} INFO - Processing /home/airflow/.local/lib/python3.8/site-packages/airflow/example_dags/example_setup_teardown.py took 0.112 seconds
[2025-03-25T23:50:50.706+0000] {processor.py:161} INFO - Started process (PID=823) to work on /home/airflow/.local/lib/python3.8/site-packages/airflow/example_dags/example_setup_teardown.py
[2025-03-25T23:50:50.709+0000] {processor.py:830} INFO - Processing file /home/airflow/.local/lib/python3.8/site-packages/airflow/example_dags/example_setup_teardown.py for tasks to queue
[2025-03-25T23:50:50.714+0000] {logging_mixin.py:188} INFO - [2025-03-25T23:50:50.713+0000] {dagbag.py:538} INFO - Filling up the DagBag from /home/airflow/.local/lib/python3.8/site-packages/airflow/example_dags/example_setup_teardown.py
[2025-03-25T23:50:50.744+0000] {processor.py:840} INFO - DAG(s) 'example_setup_teardown' retrieved from /home/airflow/.local/lib/python3.8/site-packages/airflow/example_dags/example_setup_teardown.py
[2025-03-25T23:50:50.837+0000] {logging_mixin.py:188} INFO - [2025-03-25T23:50:50.836+0000] {dag.py:3036} INFO - Sync 1 DAGs
[2025-03-25T23:50:50.907+0000] {logging_mixin.py:188} INFO - [2025-03-25T23:50:50.907+0000] {dag.py:3823} INFO - Setting next_dagrun for example_setup_teardown to 2025-03-24 00:00:00+00:00, run_after=2025-03-25 00:00:00+00:00
[2025-03-25T23:50:50.961+0000] {processor.py:183} INFO - Processing /home/airflow/.local/lib/python3.8/site-packages/airflow/example_dags/example_setup_teardown.py took 0.270 seconds
[2025-03-25T23:51:21.228+0000] {processor.py:161} INFO - Started process (PID=897) to work on /home/airflow/.local/lib/python3.8/site-packages/airflow/example_dags/example_setup_teardown.py
[2025-03-25T23:51:21.230+0000] {processor.py:830} INFO - Processing file /home/airflow/.local/lib/python3.8/site-packages/airflow/example_dags/example_setup_teardown.py for tasks to queue
[2025-03-25T23:51:21.234+0000] {logging_mixin.py:188} INFO - [2025-03-25T23:51:21.233+0000] {dagbag.py:538} INFO - Filling up the DagBag from /home/airflow/.local/lib/python3.8/site-packages/airflow/example_dags/example_setup_teardown.py
[2025-03-25T23:51:21.245+0000] {processor.py:840} INFO - DAG(s) 'example_setup_teardown' retrieved from /home/airflow/.local/lib/python3.8/site-packages/airflow/example_dags/example_setup_teardown.py
[2025-03-25T23:51:21.282+0000] {logging_mixin.py:188} INFO - [2025-03-25T23:51:21.282+0000] {dag.py:3036} INFO - Sync 1 DAGs
[2025-03-25T23:51:21.322+0000] {logging_mixin.py:188} INFO - [2025-03-25T23:51:21.322+0000] {dag.py:3823} INFO - Setting next_dagrun for example_setup_teardown to 2025-03-24 00:00:00+00:00, run_after=2025-03-25 00:00:00+00:00
[2025-03-25T23:51:21.363+0000] {processor.py:183} INFO - Processing /home/airflow/.local/lib/python3.8/site-packages/airflow/example_dags/example_setup_teardown.py took 0.139 seconds
[2025-03-25T23:51:51.538+0000] {processor.py:161} INFO - Started process (PID=971) to work on /home/airflow/.local/lib/python3.8/site-packages/airflow/example_dags/example_setup_teardown.py
[2025-03-25T23:51:51.540+0000] {processor.py:830} INFO - Processing file /home/airflow/.local/lib/python3.8/site-packages/airflow/example_dags/example_setup_teardown.py for tasks to queue
[2025-03-25T23:51:51.543+0000] {logging_mixin.py:188} INFO - [2025-03-25T23:51:51.542+0000] {dagbag.py:538} INFO - Filling up the DagBag from /home/airflow/.local/lib/python3.8/site-packages/airflow/example_dags/example_setup_teardown.py
[2025-03-25T23:51:51.554+0000] {processor.py:840} INFO - DAG(s) 'example_setup_teardown' retrieved from /home/airflow/.local/lib/python3.8/site-packages/airflow/example_dags/example_setup_teardown.py
[2025-03-25T23:51:51.588+0000] {logging_mixin.py:188} INFO - [2025-03-25T23:51:51.587+0000] {dag.py:3036} INFO - Sync 1 DAGs
[2025-03-25T23:51:51.624+0000] {logging_mixin.py:188} INFO - [2025-03-25T23:51:51.623+0000] {dag.py:3823} INFO - Setting next_dagrun for example_setup_teardown to 2025-03-24 00:00:00+00:00, run_after=2025-03-25 00:00:00+00:00
[2025-03-25T23:51:51.660+0000] {processor.py:183} INFO - Processing /home/airflow/.local/lib/python3.8/site-packages/airflow/example_dags/example_setup_teardown.py took 0.127 seconds
[2025-03-25T23:52:22.103+0000] {processor.py:161} INFO - Started process (PID=1046) to work on /home/airflow/.local/lib/python3.8/site-packages/airflow/example_dags/example_setup_teardown.py
[2025-03-25T23:52:22.104+0000] {processor.py:830} INFO - Processing file /home/airflow/.local/lib/python3.8/site-packages/airflow/example_dags/example_setup_teardown.py for tasks to queue
[2025-03-25T23:52:22.106+0000] {logging_mixin.py:188} INFO - [2025-03-25T23:52:22.106+0000] {dagbag.py:538} INFO - Filling up the DagBag from /home/airflow/.local/lib/python3.8/site-packages/airflow/example_dags/example_setup_teardown.py
[2025-03-25T23:52:22.115+0000] {processor.py:840} INFO - DAG(s) 'example_setup_teardown' retrieved from /home/airflow/.local/lib/python3.8/site-packages/airflow/example_dags/example_setup_teardown.py
[2025-03-25T23:52:22.147+0000] {logging_mixin.py:188} INFO - [2025-03-25T23:52:22.146+0000] {dag.py:3036} INFO - Sync 1 DAGs
[2025-03-25T23:52:22.180+0000] {logging_mixin.py:188} INFO - [2025-03-25T23:52:22.180+0000] {dag.py:3823} INFO - Setting next_dagrun for example_setup_teardown to 2025-03-24 00:00:00+00:00, run_after=2025-03-25 00:00:00+00:00
[2025-03-25T23:52:22.219+0000] {processor.py:183} INFO - Processing /home/airflow/.local/lib/python3.8/site-packages/airflow/example_dags/example_setup_teardown.py took 0.120 seconds
[2025-03-25T23:52:52.419+0000] {processor.py:161} INFO - Started process (PID=1119) to work on /home/airflow/.local/lib/python3.8/site-packages/airflow/example_dags/example_setup_teardown.py
[2025-03-25T23:52:52.421+0000] {processor.py:830} INFO - Processing file /home/airflow/.local/lib/python3.8/site-packages/airflow/example_dags/example_setup_teardown.py for tasks to queue
[2025-03-25T23:52:52.424+0000] {logging_mixin.py:188} INFO - [2025-03-25T23:52:52.424+0000] {dagbag.py:538} INFO - Filling up the DagBag from /home/airflow/.local/lib/python3.8/site-packages/airflow/example_dags/example_setup_teardown.py
[2025-03-25T23:52:52.443+0000] {processor.py:840} INFO - DAG(s) 'example_setup_teardown' retrieved from /home/airflow/.local/lib/python3.8/site-packages/airflow/example_dags/example_setup_teardown.py
[2025-03-25T23:52:52.478+0000] {logging_mixin.py:188} INFO - [2025-03-25T23:52:52.477+0000] {dag.py:3036} INFO - Sync 1 DAGs
[2025-03-25T23:52:52.515+0000] {logging_mixin.py:188} INFO - [2025-03-25T23:52:52.515+0000] {dag.py:3823} INFO - Setting next_dagrun for example_setup_teardown to 2025-03-24 00:00:00+00:00, run_after=2025-03-25 00:00:00+00:00
[2025-03-25T23:52:52.567+0000] {processor.py:183} INFO - Processing /home/airflow/.local/lib/python3.8/site-packages/airflow/example_dags/example_setup_teardown.py took 0.154 seconds
[2025-03-25T23:53:23.045+0000] {processor.py:161} INFO - Started process (PID=1193) to work on /home/airflow/.local/lib/python3.8/site-packages/airflow/example_dags/example_setup_teardown.py
[2025-03-25T23:53:23.046+0000] {processor.py:830} INFO - Processing file /home/airflow/.local/lib/python3.8/site-packages/airflow/example_dags/example_setup_teardown.py for tasks to queue
[2025-03-25T23:53:23.049+0000] {logging_mixin.py:188} INFO - [2025-03-25T23:53:23.049+0000] {dagbag.py:538} INFO - Filling up the DagBag from /home/airflow/.local/lib/python3.8/site-packages/airflow/example_dags/example_setup_teardown.py
[2025-03-25T23:53:23.057+0000] {processor.py:840} INFO - DAG(s) 'example_setup_teardown' retrieved from /home/airflow/.local/lib/python3.8/site-packages/airflow/example_dags/example_setup_teardown.py
[2025-03-25T23:53:23.093+0000] {logging_mixin.py:188} INFO - [2025-03-25T23:53:23.093+0000] {dag.py:3036} INFO - Sync 1 DAGs
[2025-03-25T23:53:23.131+0000] {logging_mixin.py:188} INFO - [2025-03-25T23:53:23.131+0000] {dag.py:3823} INFO - Setting next_dagrun for example_setup_teardown to 2025-03-24 00:00:00+00:00, run_after=2025-03-25 00:00:00+00:00
[2025-03-25T23:53:23.170+0000] {processor.py:183} INFO - Processing /home/airflow/.local/lib/python3.8/site-packages/airflow/example_dags/example_setup_teardown.py took 0.128 seconds
[2025-03-25T23:53:53.647+0000] {processor.py:161} INFO - Started process (PID=1267) to work on /home/airflow/.local/lib/python3.8/site-packages/airflow/example_dags/example_setup_teardown.py
[2025-03-25T23:53:53.648+0000] {processor.py:830} INFO - Processing file /home/airflow/.local/lib/python3.8/site-packages/airflow/example_dags/example_setup_teardown.py for tasks to queue
[2025-03-25T23:53:53.651+0000] {logging_mixin.py:188} INFO - [2025-03-25T23:53:53.651+0000] {dagbag.py:538} INFO - Filling up the DagBag from /home/airflow/.local/lib/python3.8/site-packages/airflow/example_dags/example_setup_teardown.py
[2025-03-25T23:53:53.659+0000] {processor.py:840} INFO - DAG(s) 'example_setup_teardown' retrieved from /home/airflow/.local/lib/python3.8/site-packages/airflow/example_dags/example_setup_teardown.py
[2025-03-25T23:53:53.692+0000] {logging_mixin.py:188} INFO - [2025-03-25T23:53:53.691+0000] {dag.py:3036} INFO - Sync 1 DAGs
[2025-03-25T23:53:53.730+0000] {logging_mixin.py:188} INFO - [2025-03-25T23:53:53.730+0000] {dag.py:3823} INFO - Setting next_dagrun for example_setup_teardown to 2025-03-24 00:00:00+00:00, run_after=2025-03-25 00:00:00+00:00
[2025-03-25T23:53:53.769+0000] {processor.py:183} INFO - Processing /home/airflow/.local/lib/python3.8/site-packages/airflow/example_dags/example_setup_teardown.py took 0.125 seconds
[2025-03-25T23:55:32.223+0000] {processor.py:161} INFO - Started process (PID=72) to work on /home/airflow/.local/lib/python3.8/site-packages/airflow/example_dags/example_setup_teardown.py
[2025-03-25T23:55:32.225+0000] {processor.py:830} INFO - Processing file /home/airflow/.local/lib/python3.8/site-packages/airflow/example_dags/example_setup_teardown.py for tasks to queue
[2025-03-25T23:55:32.228+0000] {logging_mixin.py:188} INFO - [2025-03-25T23:55:32.228+0000] {dagbag.py:538} INFO - Filling up the DagBag from /home/airflow/.local/lib/python3.8/site-packages/airflow/example_dags/example_setup_teardown.py
[2025-03-25T23:55:32.247+0000] {processor.py:840} INFO - DAG(s) 'example_setup_teardown' retrieved from /home/airflow/.local/lib/python3.8/site-packages/airflow/example_dags/example_setup_teardown.py
[2025-03-25T23:55:32.506+0000] {logging_mixin.py:188} INFO - [2025-03-25T23:55:32.505+0000] {override.py:1769} INFO - Created Permission View: can edit on DAG:example_setup_teardown
[2025-03-25T23:55:32.528+0000] {logging_mixin.py:188} INFO - [2025-03-25T23:55:32.527+0000] {override.py:1769} INFO - Created Permission View: can delete on DAG:example_setup_teardown
[2025-03-25T23:55:32.543+0000] {logging_mixin.py:188} INFO - [2025-03-25T23:55:32.542+0000] {override.py:1769} INFO - Created Permission View: can read on DAG:example_setup_teardown
[2025-03-25T23:55:32.543+0000] {logging_mixin.py:188} INFO - [2025-03-25T23:55:32.543+0000] {dag.py:3036} INFO - Sync 1 DAGs
[2025-03-25T23:55:32.564+0000] {logging_mixin.py:188} INFO - [2025-03-25T23:55:32.563+0000] {dag.py:3058} INFO - Creating ORM DAG for example_setup_teardown
[2025-03-25T23:55:32.582+0000] {logging_mixin.py:188} INFO - [2025-03-25T23:55:32.581+0000] {dag.py:3823} INFO - Setting next_dagrun for example_setup_teardown to 2025-03-24 00:00:00+00:00, run_after=2025-03-25 00:00:00+00:00
[2025-03-25T23:55:32.618+0000] {processor.py:183} INFO - Processing /home/airflow/.local/lib/python3.8/site-packages/airflow/example_dags/example_setup_teardown.py took 0.400 seconds
[2025-03-25T23:56:02.824+0000] {processor.py:161} INFO - Started process (PID=146) to work on /home/airflow/.local/lib/python3.8/site-packages/airflow/example_dags/example_setup_teardown.py
[2025-03-25T23:56:02.825+0000] {processor.py:830} INFO - Processing file /home/airflow/.local/lib/python3.8/site-packages/airflow/example_dags/example_setup_teardown.py for tasks to queue
[2025-03-25T23:56:02.828+0000] {logging_mixin.py:188} INFO - [2025-03-25T23:56:02.827+0000] {dagbag.py:538} INFO - Filling up the DagBag from /home/airflow/.local/lib/python3.8/site-packages/airflow/example_dags/example_setup_teardown.py
[2025-03-25T23:56:02.836+0000] {processor.py:840} INFO - DAG(s) 'example_setup_teardown' retrieved from /home/airflow/.local/lib/python3.8/site-packages/airflow/example_dags/example_setup_teardown.py
[2025-03-25T23:56:02.868+0000] {logging_mixin.py:188} INFO - [2025-03-25T23:56:02.868+0000] {dag.py:3036} INFO - Sync 1 DAGs
[2025-03-25T23:56:02.914+0000] {logging_mixin.py:188} INFO - [2025-03-25T23:56:02.914+0000] {dag.py:3823} INFO - Setting next_dagrun for example_setup_teardown to 2025-03-24 00:00:00+00:00, run_after=2025-03-25 00:00:00+00:00
[2025-03-25T23:56:02.949+0000] {processor.py:183} INFO - Processing /home/airflow/.local/lib/python3.8/site-packages/airflow/example_dags/example_setup_teardown.py took 0.129 seconds
[2025-03-25T23:56:33.266+0000] {processor.py:161} INFO - Started process (PID=218) to work on /home/airflow/.local/lib/python3.8/site-packages/airflow/example_dags/example_setup_teardown.py
[2025-03-25T23:56:33.273+0000] {processor.py:830} INFO - Processing file /home/airflow/.local/lib/python3.8/site-packages/airflow/example_dags/example_setup_teardown.py for tasks to queue
[2025-03-25T23:56:33.280+0000] {logging_mixin.py:188} INFO - [2025-03-25T23:56:33.278+0000] {dagbag.py:538} INFO - Filling up the DagBag from /home/airflow/.local/lib/python3.8/site-packages/airflow/example_dags/example_setup_teardown.py
[2025-03-25T23:56:33.309+0000] {processor.py:840} INFO - DAG(s) 'example_setup_teardown' retrieved from /home/airflow/.local/lib/python3.8/site-packages/airflow/example_dags/example_setup_teardown.py
[2025-03-25T23:56:33.362+0000] {logging_mixin.py:188} INFO - [2025-03-25T23:56:33.361+0000] {dag.py:3036} INFO - Sync 1 DAGs
[2025-03-25T23:56:33.407+0000] {logging_mixin.py:188} INFO - [2025-03-25T23:56:33.406+0000] {dag.py:3823} INFO - Setting next_dagrun for example_setup_teardown to 2025-03-24 00:00:00+00:00, run_after=2025-03-25 00:00:00+00:00
[2025-03-25T23:56:33.447+0000] {processor.py:183} INFO - Processing /home/airflow/.local/lib/python3.8/site-packages/airflow/example_dags/example_setup_teardown.py took 0.191 seconds
[2025-03-25T23:57:04.108+0000] {processor.py:161} INFO - Started process (PID=292) to work on /home/airflow/.local/lib/python3.8/site-packages/airflow/example_dags/example_setup_teardown.py
[2025-03-25T23:57:04.110+0000] {processor.py:830} INFO - Processing file /home/airflow/.local/lib/python3.8/site-packages/airflow/example_dags/example_setup_teardown.py for tasks to queue
[2025-03-25T23:57:04.114+0000] {logging_mixin.py:188} INFO - [2025-03-25T23:57:04.114+0000] {dagbag.py:538} INFO - Filling up the DagBag from /home/airflow/.local/lib/python3.8/site-packages/airflow/example_dags/example_setup_teardown.py
[2025-03-25T23:57:04.129+0000] {processor.py:840} INFO - DAG(s) 'example_setup_teardown' retrieved from /home/airflow/.local/lib/python3.8/site-packages/airflow/example_dags/example_setup_teardown.py
[2025-03-25T23:57:04.178+0000] {logging_mixin.py:188} INFO - [2025-03-25T23:57:04.178+0000] {dag.py:3036} INFO - Sync 1 DAGs
[2025-03-25T23:57:04.222+0000] {logging_mixin.py:188} INFO - [2025-03-25T23:57:04.222+0000] {dag.py:3823} INFO - Setting next_dagrun for example_setup_teardown to 2025-03-24 00:00:00+00:00, run_after=2025-03-25 00:00:00+00:00
[2025-03-25T23:57:04.313+0000] {processor.py:183} INFO - Processing /home/airflow/.local/lib/python3.8/site-packages/airflow/example_dags/example_setup_teardown.py took 0.212 seconds
[2025-03-25T23:57:34.446+0000] {processor.py:161} INFO - Started process (PID=367) to work on /home/airflow/.local/lib/python3.8/site-packages/airflow/example_dags/example_setup_teardown.py
[2025-03-25T23:57:34.449+0000] {processor.py:830} INFO - Processing file /home/airflow/.local/lib/python3.8/site-packages/airflow/example_dags/example_setup_teardown.py for tasks to queue
[2025-03-25T23:57:34.456+0000] {logging_mixin.py:188} INFO - [2025-03-25T23:57:34.455+0000] {dagbag.py:538} INFO - Filling up the DagBag from /home/airflow/.local/lib/python3.8/site-packages/airflow/example_dags/example_setup_teardown.py
[2025-03-25T23:57:34.476+0000] {processor.py:840} INFO - DAG(s) 'example_setup_teardown' retrieved from /home/airflow/.local/lib/python3.8/site-packages/airflow/example_dags/example_setup_teardown.py
[2025-03-25T23:57:34.516+0000] {logging_mixin.py:188} INFO - [2025-03-25T23:57:34.516+0000] {dag.py:3036} INFO - Sync 1 DAGs
[2025-03-25T23:57:34.559+0000] {logging_mixin.py:188} INFO - [2025-03-25T23:57:34.559+0000] {dag.py:3823} INFO - Setting next_dagrun for example_setup_teardown to 2025-03-24 00:00:00+00:00, run_after=2025-03-25 00:00:00+00:00
[2025-03-25T23:57:34.617+0000] {processor.py:183} INFO - Processing /home/airflow/.local/lib/python3.8/site-packages/airflow/example_dags/example_setup_teardown.py took 0.189 seconds
[2025-03-25T23:58:05.434+0000] {processor.py:161} INFO - Started process (PID=441) to work on /home/airflow/.local/lib/python3.8/site-packages/airflow/example_dags/example_setup_teardown.py
[2025-03-25T23:58:05.436+0000] {processor.py:830} INFO - Processing file /home/airflow/.local/lib/python3.8/site-packages/airflow/example_dags/example_setup_teardown.py for tasks to queue
[2025-03-25T23:58:05.438+0000] {logging_mixin.py:188} INFO - [2025-03-25T23:58:05.438+0000] {dagbag.py:538} INFO - Filling up the DagBag from /home/airflow/.local/lib/python3.8/site-packages/airflow/example_dags/example_setup_teardown.py
[2025-03-25T23:58:05.461+0000] {processor.py:840} INFO - DAG(s) 'example_setup_teardown' retrieved from /home/airflow/.local/lib/python3.8/site-packages/airflow/example_dags/example_setup_teardown.py
[2025-03-25T23:58:05.501+0000] {logging_mixin.py:188} INFO - [2025-03-25T23:58:05.501+0000] {dag.py:3036} INFO - Sync 1 DAGs
[2025-03-25T23:58:05.542+0000] {logging_mixin.py:188} INFO - [2025-03-25T23:58:05.542+0000] {dag.py:3823} INFO - Setting next_dagrun for example_setup_teardown to 2025-03-24 00:00:00+00:00, run_after=2025-03-25 00:00:00+00:00
[2025-03-25T23:58:05.584+0000] {processor.py:183} INFO - Processing /home/airflow/.local/lib/python3.8/site-packages/airflow/example_dags/example_setup_teardown.py took 0.153 seconds
[2025-03-25T23:58:36.114+0000] {processor.py:161} INFO - Started process (PID=515) to work on /home/airflow/.local/lib/python3.8/site-packages/airflow/example_dags/example_setup_teardown.py
[2025-03-25T23:58:36.115+0000] {processor.py:830} INFO - Processing file /home/airflow/.local/lib/python3.8/site-packages/airflow/example_dags/example_setup_teardown.py for tasks to queue
[2025-03-25T23:58:36.118+0000] {logging_mixin.py:188} INFO - [2025-03-25T23:58:36.118+0000] {dagbag.py:538} INFO - Filling up the DagBag from /home/airflow/.local/lib/python3.8/site-packages/airflow/example_dags/example_setup_teardown.py
[2025-03-25T23:58:36.131+0000] {processor.py:840} INFO - DAG(s) 'example_setup_teardown' retrieved from /home/airflow/.local/lib/python3.8/site-packages/airflow/example_dags/example_setup_teardown.py
[2025-03-25T23:58:36.164+0000] {logging_mixin.py:188} INFO - [2025-03-25T23:58:36.163+0000] {dag.py:3036} INFO - Sync 1 DAGs
[2025-03-25T23:58:36.198+0000] {logging_mixin.py:188} INFO - [2025-03-25T23:58:36.197+0000] {dag.py:3823} INFO - Setting next_dagrun for example_setup_teardown to 2025-03-24 00:00:00+00:00, run_after=2025-03-25 00:00:00+00:00
[2025-03-25T23:58:36.229+0000] {processor.py:183} INFO - Processing /home/airflow/.local/lib/python3.8/site-packages/airflow/example_dags/example_setup_teardown.py took 0.121 seconds
[2025-03-25T23:59:07.013+0000] {processor.py:161} INFO - Started process (PID=589) to work on /home/airflow/.local/lib/python3.8/site-packages/airflow/example_dags/example_setup_teardown.py
[2025-03-25T23:59:07.016+0000] {processor.py:830} INFO - Processing file /home/airflow/.local/lib/python3.8/site-packages/airflow/example_dags/example_setup_teardown.py for tasks to queue
[2025-03-25T23:59:07.019+0000] {logging_mixin.py:188} INFO - [2025-03-25T23:59:07.018+0000] {dagbag.py:538} INFO - Filling up the DagBag from /home/airflow/.local/lib/python3.8/site-packages/airflow/example_dags/example_setup_teardown.py
[2025-03-25T23:59:07.030+0000] {processor.py:840} INFO - DAG(s) 'example_setup_teardown' retrieved from /home/airflow/.local/lib/python3.8/site-packages/airflow/example_dags/example_setup_teardown.py
[2025-03-25T23:59:07.077+0000] {logging_mixin.py:188} INFO - [2025-03-25T23:59:07.076+0000] {dag.py:3036} INFO - Sync 1 DAGs
[2025-03-25T23:59:07.136+0000] {logging_mixin.py:188} INFO - [2025-03-25T23:59:07.136+0000] {dag.py:3823} INFO - Setting next_dagrun for example_setup_teardown to 2025-03-24 00:00:00+00:00, run_after=2025-03-25 00:00:00+00:00
[2025-03-25T23:59:07.177+0000] {processor.py:183} INFO - Processing /home/airflow/.local/lib/python3.8/site-packages/airflow/example_dags/example_setup_teardown.py took 0.168 seconds
[2025-03-25T23:59:37.755+0000] {processor.py:161} INFO - Started process (PID=663) to work on /home/airflow/.local/lib/python3.8/site-packages/airflow/example_dags/example_setup_teardown.py
[2025-03-25T23:59:37.757+0000] {processor.py:830} INFO - Processing file /home/airflow/.local/lib/python3.8/site-packages/airflow/example_dags/example_setup_teardown.py for tasks to queue
[2025-03-25T23:59:37.759+0000] {logging_mixin.py:188} INFO - [2025-03-25T23:59:37.759+0000] {dagbag.py:538} INFO - Filling up the DagBag from /home/airflow/.local/lib/python3.8/site-packages/airflow/example_dags/example_setup_teardown.py
[2025-03-25T23:59:37.767+0000] {processor.py:840} INFO - DAG(s) 'example_setup_teardown' retrieved from /home/airflow/.local/lib/python3.8/site-packages/airflow/example_dags/example_setup_teardown.py
[2025-03-25T23:59:37.798+0000] {logging_mixin.py:188} INFO - [2025-03-25T23:59:37.797+0000] {dag.py:3036} INFO - Sync 1 DAGs
[2025-03-25T23:59:37.836+0000] {logging_mixin.py:188} INFO - [2025-03-25T23:59:37.835+0000] {dag.py:3823} INFO - Setting next_dagrun for example_setup_teardown to 2025-03-24 00:00:00+00:00, run_after=2025-03-25 00:00:00+00:00
[2025-03-25T23:59:37.871+0000] {processor.py:183} INFO - Processing /home/airflow/.local/lib/python3.8/site-packages/airflow/example_dags/example_setup_teardown.py took 0.119 seconds
