[2025-03-25T23:45:45.716+0000] {processor.py:161} INFO - Started process (PID=85) to work on /home/airflow/.local/lib/python3.8/site-packages/airflow/example_dags/example_dynamic_task_mapping.py
[2025-03-25T23:45:45.718+0000] {processor.py:830} INFO - Processing file /home/airflow/.local/lib/python3.8/site-packages/airflow/example_dags/example_dynamic_task_mapping.py for tasks to queue
[2025-03-25T23:45:45.728+0000] {logging_mixin.py:188} INFO - [2025-03-25T23:45:45.727+0000] {dagbag.py:538} INFO - Filling up the DagBag from /home/airflow/.local/lib/python3.8/site-packages/airflow/example_dags/example_dynamic_task_mapping.py
[2025-03-25T23:45:45.750+0000] {processor.py:840} INFO - DAG(s) 'example_dynamic_task_mapping' retrieved from /home/airflow/.local/lib/python3.8/site-packages/airflow/example_dags/example_dynamic_task_mapping.py
[2025-03-25T23:45:46.328+0000] {logging_mixin.py:188} INFO - [2025-03-25T23:45:46.326+0000] {override.py:1769} INFO - Created Permission View: can edit on DAG:example_dynamic_task_mapping
[2025-03-25T23:45:46.371+0000] {logging_mixin.py:188} INFO - [2025-03-25T23:45:46.371+0000] {override.py:1769} INFO - Created Permission View: can delete on DAG:example_dynamic_task_mapping
[2025-03-25T23:45:46.398+0000] {logging_mixin.py:188} INFO - [2025-03-25T23:45:46.397+0000] {override.py:1769} INFO - Created Permission View: can read on DAG:example_dynamic_task_mapping
[2025-03-25T23:45:46.400+0000] {logging_mixin.py:188} INFO - [2025-03-25T23:45:46.399+0000] {dag.py:3036} INFO - Sync 1 DAGs
[2025-03-25T23:45:46.436+0000] {logging_mixin.py:188} INFO - [2025-03-25T23:45:46.436+0000] {dag.py:3058} INFO - Creating ORM DAG for example_dynamic_task_mapping
[2025-03-25T23:45:46.470+0000] {logging_mixin.py:188} INFO - [2025-03-25T23:45:46.469+0000] {dag.py:3823} INFO - Setting next_dagrun for example_dynamic_task_mapping to 2022-03-04 00:00:00+00:00, run_after=2022-03-05 00:00:00+00:00
[2025-03-25T23:45:46.524+0000] {processor.py:183} INFO - Processing /home/airflow/.local/lib/python3.8/site-packages/airflow/example_dags/example_dynamic_task_mapping.py took 0.814 seconds
[2025-03-25T23:46:16.671+0000] {processor.py:161} INFO - Started process (PID=160) to work on /home/airflow/.local/lib/python3.8/site-packages/airflow/example_dags/example_dynamic_task_mapping.py
[2025-03-25T23:46:16.672+0000] {processor.py:830} INFO - Processing file /home/airflow/.local/lib/python3.8/site-packages/airflow/example_dags/example_dynamic_task_mapping.py for tasks to queue
[2025-03-25T23:46:16.674+0000] {logging_mixin.py:188} INFO - [2025-03-25T23:46:16.674+0000] {dagbag.py:538} INFO - Filling up the DagBag from /home/airflow/.local/lib/python3.8/site-packages/airflow/example_dags/example_dynamic_task_mapping.py
[2025-03-25T23:46:16.683+0000] {processor.py:840} INFO - DAG(s) 'example_dynamic_task_mapping' retrieved from /home/airflow/.local/lib/python3.8/site-packages/airflow/example_dags/example_dynamic_task_mapping.py
[2025-03-25T23:46:16.712+0000] {logging_mixin.py:188} INFO - [2025-03-25T23:46:16.711+0000] {dag.py:3036} INFO - Sync 1 DAGs
[2025-03-25T23:46:16.742+0000] {logging_mixin.py:188} INFO - [2025-03-25T23:46:16.742+0000] {dag.py:3823} INFO - Setting next_dagrun for example_dynamic_task_mapping to 2022-03-04 00:00:00+00:00, run_after=2022-03-05 00:00:00+00:00
[2025-03-25T23:46:16.770+0000] {processor.py:183} INFO - Processing /home/airflow/.local/lib/python3.8/site-packages/airflow/example_dags/example_dynamic_task_mapping.py took 0.102 seconds
[2025-03-25T23:46:47.381+0000] {processor.py:161} INFO - Started process (PID=235) to work on /home/airflow/.local/lib/python3.8/site-packages/airflow/example_dags/example_dynamic_task_mapping.py
[2025-03-25T23:46:47.383+0000] {processor.py:830} INFO - Processing file /home/airflow/.local/lib/python3.8/site-packages/airflow/example_dags/example_dynamic_task_mapping.py for tasks to queue
[2025-03-25T23:46:47.386+0000] {logging_mixin.py:188} INFO - [2025-03-25T23:46:47.386+0000] {dagbag.py:538} INFO - Filling up the DagBag from /home/airflow/.local/lib/python3.8/site-packages/airflow/example_dags/example_dynamic_task_mapping.py
[2025-03-25T23:46:47.395+0000] {processor.py:840} INFO - DAG(s) 'example_dynamic_task_mapping' retrieved from /home/airflow/.local/lib/python3.8/site-packages/airflow/example_dags/example_dynamic_task_mapping.py
[2025-03-25T23:46:47.428+0000] {logging_mixin.py:188} INFO - [2025-03-25T23:46:47.428+0000] {dag.py:3036} INFO - Sync 1 DAGs
[2025-03-25T23:46:47.467+0000] {logging_mixin.py:188} INFO - [2025-03-25T23:46:47.467+0000] {dag.py:3823} INFO - Setting next_dagrun for example_dynamic_task_mapping to 2022-03-04 00:00:00+00:00, run_after=2022-03-05 00:00:00+00:00
[2025-03-25T23:46:47.517+0000] {processor.py:183} INFO - Processing /home/airflow/.local/lib/python3.8/site-packages/airflow/example_dags/example_dynamic_task_mapping.py took 0.141 seconds
[2025-03-25T23:47:18.418+0000] {processor.py:161} INFO - Started process (PID=309) to work on /home/airflow/.local/lib/python3.8/site-packages/airflow/example_dags/example_dynamic_task_mapping.py
[2025-03-25T23:47:18.420+0000] {processor.py:830} INFO - Processing file /home/airflow/.local/lib/python3.8/site-packages/airflow/example_dags/example_dynamic_task_mapping.py for tasks to queue
[2025-03-25T23:47:18.422+0000] {logging_mixin.py:188} INFO - [2025-03-25T23:47:18.422+0000] {dagbag.py:538} INFO - Filling up the DagBag from /home/airflow/.local/lib/python3.8/site-packages/airflow/example_dags/example_dynamic_task_mapping.py
[2025-03-25T23:47:18.431+0000] {processor.py:840} INFO - DAG(s) 'example_dynamic_task_mapping' retrieved from /home/airflow/.local/lib/python3.8/site-packages/airflow/example_dags/example_dynamic_task_mapping.py
[2025-03-25T23:47:18.488+0000] {logging_mixin.py:188} INFO - [2025-03-25T23:47:18.487+0000] {dag.py:3036} INFO - Sync 1 DAGs
[2025-03-25T23:47:18.534+0000] {logging_mixin.py:188} INFO - [2025-03-25T23:47:18.534+0000] {dag.py:3823} INFO - Setting next_dagrun for example_dynamic_task_mapping to 2022-03-04 00:00:00+00:00, run_after=2022-03-05 00:00:00+00:00
[2025-03-25T23:47:18.727+0000] {processor.py:183} INFO - Processing /home/airflow/.local/lib/python3.8/site-packages/airflow/example_dags/example_dynamic_task_mapping.py took 0.313 seconds
[2025-03-25T23:47:49.482+0000] {processor.py:161} INFO - Started process (PID=376) to work on /home/airflow/.local/lib/python3.8/site-packages/airflow/example_dags/example_dynamic_task_mapping.py
[2025-03-25T23:47:49.484+0000] {processor.py:830} INFO - Processing file /home/airflow/.local/lib/python3.8/site-packages/airflow/example_dags/example_dynamic_task_mapping.py for tasks to queue
[2025-03-25T23:47:49.487+0000] {logging_mixin.py:188} INFO - [2025-03-25T23:47:49.487+0000] {dagbag.py:538} INFO - Filling up the DagBag from /home/airflow/.local/lib/python3.8/site-packages/airflow/example_dags/example_dynamic_task_mapping.py
[2025-03-25T23:47:49.496+0000] {processor.py:840} INFO - DAG(s) 'example_dynamic_task_mapping' retrieved from /home/airflow/.local/lib/python3.8/site-packages/airflow/example_dags/example_dynamic_task_mapping.py
[2025-03-25T23:47:49.525+0000] {logging_mixin.py:188} INFO - [2025-03-25T23:47:49.524+0000] {dag.py:3036} INFO - Sync 1 DAGs
[2025-03-25T23:47:49.558+0000] {logging_mixin.py:188} INFO - [2025-03-25T23:47:49.557+0000] {dag.py:3823} INFO - Setting next_dagrun for example_dynamic_task_mapping to 2022-03-04 00:00:00+00:00, run_after=2022-03-05 00:00:00+00:00
[2025-03-25T23:47:49.590+0000] {processor.py:183} INFO - Processing /home/airflow/.local/lib/python3.8/site-packages/airflow/example_dags/example_dynamic_task_mapping.py took 0.112 seconds
[2025-03-25T23:48:19.711+0000] {processor.py:161} INFO - Started process (PID=449) to work on /home/airflow/.local/lib/python3.8/site-packages/airflow/example_dags/example_dynamic_task_mapping.py
[2025-03-25T23:48:19.712+0000] {processor.py:830} INFO - Processing file /home/airflow/.local/lib/python3.8/site-packages/airflow/example_dags/example_dynamic_task_mapping.py for tasks to queue
[2025-03-25T23:48:19.715+0000] {logging_mixin.py:188} INFO - [2025-03-25T23:48:19.714+0000] {dagbag.py:538} INFO - Filling up the DagBag from /home/airflow/.local/lib/python3.8/site-packages/airflow/example_dags/example_dynamic_task_mapping.py
[2025-03-25T23:48:19.721+0000] {processor.py:840} INFO - DAG(s) 'example_dynamic_task_mapping' retrieved from /home/airflow/.local/lib/python3.8/site-packages/airflow/example_dags/example_dynamic_task_mapping.py
[2025-03-25T23:48:19.750+0000] {logging_mixin.py:188} INFO - [2025-03-25T23:48:19.750+0000] {dag.py:3036} INFO - Sync 1 DAGs
[2025-03-25T23:48:19.780+0000] {logging_mixin.py:188} INFO - [2025-03-25T23:48:19.780+0000] {dag.py:3823} INFO - Setting next_dagrun for example_dynamic_task_mapping to 2022-03-04 00:00:00+00:00, run_after=2022-03-05 00:00:00+00:00
[2025-03-25T23:48:19.808+0000] {processor.py:183} INFO - Processing /home/airflow/.local/lib/python3.8/site-packages/airflow/example_dags/example_dynamic_task_mapping.py took 0.102 seconds
[2025-03-25T23:48:49.939+0000] {processor.py:161} INFO - Started process (PID=523) to work on /home/airflow/.local/lib/python3.8/site-packages/airflow/example_dags/example_dynamic_task_mapping.py
[2025-03-25T23:48:49.942+0000] {processor.py:830} INFO - Processing file /home/airflow/.local/lib/python3.8/site-packages/airflow/example_dags/example_dynamic_task_mapping.py for tasks to queue
[2025-03-25T23:48:49.949+0000] {logging_mixin.py:188} INFO - [2025-03-25T23:48:49.948+0000] {dagbag.py:538} INFO - Filling up the DagBag from /home/airflow/.local/lib/python3.8/site-packages/airflow/example_dags/example_dynamic_task_mapping.py
[2025-03-25T23:48:49.960+0000] {processor.py:840} INFO - DAG(s) 'example_dynamic_task_mapping' retrieved from /home/airflow/.local/lib/python3.8/site-packages/airflow/example_dags/example_dynamic_task_mapping.py
[2025-03-25T23:48:49.997+0000] {logging_mixin.py:188} INFO - [2025-03-25T23:48:49.996+0000] {dag.py:3036} INFO - Sync 1 DAGs
[2025-03-25T23:48:50.049+0000] {logging_mixin.py:188} INFO - [2025-03-25T23:48:50.048+0000] {dag.py:3823} INFO - Setting next_dagrun for example_dynamic_task_mapping to 2022-03-04 00:00:00+00:00, run_after=2022-03-05 00:00:00+00:00
[2025-03-25T23:48:50.086+0000] {processor.py:183} INFO - Processing /home/airflow/.local/lib/python3.8/site-packages/airflow/example_dags/example_dynamic_task_mapping.py took 0.153 seconds
[2025-03-25T23:49:20.294+0000] {processor.py:161} INFO - Started process (PID=597) to work on /home/airflow/.local/lib/python3.8/site-packages/airflow/example_dags/example_dynamic_task_mapping.py
[2025-03-25T23:49:20.296+0000] {processor.py:830} INFO - Processing file /home/airflow/.local/lib/python3.8/site-packages/airflow/example_dags/example_dynamic_task_mapping.py for tasks to queue
[2025-03-25T23:49:20.300+0000] {logging_mixin.py:188} INFO - [2025-03-25T23:49:20.299+0000] {dagbag.py:538} INFO - Filling up the DagBag from /home/airflow/.local/lib/python3.8/site-packages/airflow/example_dags/example_dynamic_task_mapping.py
[2025-03-25T23:49:20.311+0000] {processor.py:840} INFO - DAG(s) 'example_dynamic_task_mapping' retrieved from /home/airflow/.local/lib/python3.8/site-packages/airflow/example_dags/example_dynamic_task_mapping.py
[2025-03-25T23:49:20.403+0000] {logging_mixin.py:188} INFO - [2025-03-25T23:49:20.403+0000] {dag.py:3036} INFO - Sync 1 DAGs
[2025-03-25T23:49:20.457+0000] {logging_mixin.py:188} INFO - [2025-03-25T23:49:20.456+0000] {dag.py:3823} INFO - Setting next_dagrun for example_dynamic_task_mapping to 2022-03-04 00:00:00+00:00, run_after=2022-03-05 00:00:00+00:00
[2025-03-25T23:49:20.508+0000] {processor.py:183} INFO - Processing /home/airflow/.local/lib/python3.8/site-packages/airflow/example_dags/example_dynamic_task_mapping.py took 0.218 seconds
[2025-03-25T23:49:50.603+0000] {processor.py:161} INFO - Started process (PID=671) to work on /home/airflow/.local/lib/python3.8/site-packages/airflow/example_dags/example_dynamic_task_mapping.py
[2025-03-25T23:49:50.604+0000] {processor.py:830} INFO - Processing file /home/airflow/.local/lib/python3.8/site-packages/airflow/example_dags/example_dynamic_task_mapping.py for tasks to queue
[2025-03-25T23:49:50.608+0000] {logging_mixin.py:188} INFO - [2025-03-25T23:49:50.607+0000] {dagbag.py:538} INFO - Filling up the DagBag from /home/airflow/.local/lib/python3.8/site-packages/airflow/example_dags/example_dynamic_task_mapping.py
[2025-03-25T23:49:50.617+0000] {processor.py:840} INFO - DAG(s) 'example_dynamic_task_mapping' retrieved from /home/airflow/.local/lib/python3.8/site-packages/airflow/example_dags/example_dynamic_task_mapping.py
[2025-03-25T23:49:50.647+0000] {logging_mixin.py:188} INFO - [2025-03-25T23:49:50.646+0000] {dag.py:3036} INFO - Sync 1 DAGs
[2025-03-25T23:49:50.696+0000] {logging_mixin.py:188} INFO - [2025-03-25T23:49:50.696+0000] {dag.py:3823} INFO - Setting next_dagrun for example_dynamic_task_mapping to 2022-03-04 00:00:00+00:00, run_after=2022-03-05 00:00:00+00:00
[2025-03-25T23:49:50.730+0000] {processor.py:183} INFO - Processing /home/airflow/.local/lib/python3.8/site-packages/airflow/example_dags/example_dynamic_task_mapping.py took 0.132 seconds
[2025-03-25T23:50:21.555+0000] {processor.py:161} INFO - Started process (PID=752) to work on /home/airflow/.local/lib/python3.8/site-packages/airflow/example_dags/example_dynamic_task_mapping.py
[2025-03-25T23:50:21.557+0000] {processor.py:830} INFO - Processing file /home/airflow/.local/lib/python3.8/site-packages/airflow/example_dags/example_dynamic_task_mapping.py for tasks to queue
[2025-03-25T23:50:21.560+0000] {logging_mixin.py:188} INFO - [2025-03-25T23:50:21.559+0000] {dagbag.py:538} INFO - Filling up the DagBag from /home/airflow/.local/lib/python3.8/site-packages/airflow/example_dags/example_dynamic_task_mapping.py
[2025-03-25T23:50:21.569+0000] {processor.py:840} INFO - DAG(s) 'example_dynamic_task_mapping' retrieved from /home/airflow/.local/lib/python3.8/site-packages/airflow/example_dags/example_dynamic_task_mapping.py
[2025-03-25T23:50:21.603+0000] {logging_mixin.py:188} INFO - [2025-03-25T23:50:21.603+0000] {dag.py:3036} INFO - Sync 1 DAGs
[2025-03-25T23:50:21.646+0000] {logging_mixin.py:188} INFO - [2025-03-25T23:50:21.645+0000] {dag.py:3823} INFO - Setting next_dagrun for example_dynamic_task_mapping to 2022-03-04 00:00:00+00:00, run_after=2022-03-05 00:00:00+00:00
[2025-03-25T23:50:21.681+0000] {processor.py:183} INFO - Processing /home/airflow/.local/lib/python3.8/site-packages/airflow/example_dags/example_dynamic_task_mapping.py took 0.130 seconds
[2025-03-25T23:50:52.257+0000] {processor.py:161} INFO - Started process (PID=828) to work on /home/airflow/.local/lib/python3.8/site-packages/airflow/example_dags/example_dynamic_task_mapping.py
[2025-03-25T23:50:52.258+0000] {processor.py:830} INFO - Processing file /home/airflow/.local/lib/python3.8/site-packages/airflow/example_dags/example_dynamic_task_mapping.py for tasks to queue
[2025-03-25T23:50:52.263+0000] {logging_mixin.py:188} INFO - [2025-03-25T23:50:52.263+0000] {dagbag.py:538} INFO - Filling up the DagBag from /home/airflow/.local/lib/python3.8/site-packages/airflow/example_dags/example_dynamic_task_mapping.py
[2025-03-25T23:50:52.274+0000] {processor.py:840} INFO - DAG(s) 'example_dynamic_task_mapping' retrieved from /home/airflow/.local/lib/python3.8/site-packages/airflow/example_dags/example_dynamic_task_mapping.py
[2025-03-25T23:50:52.307+0000] {logging_mixin.py:188} INFO - [2025-03-25T23:50:52.306+0000] {dag.py:3036} INFO - Sync 1 DAGs
[2025-03-25T23:50:52.347+0000] {logging_mixin.py:188} INFO - [2025-03-25T23:50:52.346+0000] {dag.py:3823} INFO - Setting next_dagrun for example_dynamic_task_mapping to 2022-03-04 00:00:00+00:00, run_after=2022-03-05 00:00:00+00:00
[2025-03-25T23:50:52.387+0000] {processor.py:183} INFO - Processing /home/airflow/.local/lib/python3.8/site-packages/airflow/example_dags/example_dynamic_task_mapping.py took 0.135 seconds
[2025-03-25T23:51:22.629+0000] {processor.py:161} INFO - Started process (PID=902) to work on /home/airflow/.local/lib/python3.8/site-packages/airflow/example_dags/example_dynamic_task_mapping.py
[2025-03-25T23:51:22.631+0000] {processor.py:830} INFO - Processing file /home/airflow/.local/lib/python3.8/site-packages/airflow/example_dags/example_dynamic_task_mapping.py for tasks to queue
[2025-03-25T23:51:22.634+0000] {logging_mixin.py:188} INFO - [2025-03-25T23:51:22.633+0000] {dagbag.py:538} INFO - Filling up the DagBag from /home/airflow/.local/lib/python3.8/site-packages/airflow/example_dags/example_dynamic_task_mapping.py
[2025-03-25T23:51:22.642+0000] {processor.py:840} INFO - DAG(s) 'example_dynamic_task_mapping' retrieved from /home/airflow/.local/lib/python3.8/site-packages/airflow/example_dags/example_dynamic_task_mapping.py
[2025-03-25T23:51:22.671+0000] {logging_mixin.py:188} INFO - [2025-03-25T23:51:22.671+0000] {dag.py:3036} INFO - Sync 1 DAGs
[2025-03-25T23:51:22.710+0000] {logging_mixin.py:188} INFO - [2025-03-25T23:51:22.710+0000] {dag.py:3823} INFO - Setting next_dagrun for example_dynamic_task_mapping to 2022-03-04 00:00:00+00:00, run_after=2022-03-05 00:00:00+00:00
[2025-03-25T23:51:22.739+0000] {processor.py:183} INFO - Processing /home/airflow/.local/lib/python3.8/site-packages/airflow/example_dags/example_dynamic_task_mapping.py took 0.114 seconds
[2025-03-25T23:51:52.971+0000] {processor.py:161} INFO - Started process (PID=976) to work on /home/airflow/.local/lib/python3.8/site-packages/airflow/example_dags/example_dynamic_task_mapping.py
[2025-03-25T23:51:52.972+0000] {processor.py:830} INFO - Processing file /home/airflow/.local/lib/python3.8/site-packages/airflow/example_dags/example_dynamic_task_mapping.py for tasks to queue
[2025-03-25T23:51:52.975+0000] {logging_mixin.py:188} INFO - [2025-03-25T23:51:52.974+0000] {dagbag.py:538} INFO - Filling up the DagBag from /home/airflow/.local/lib/python3.8/site-packages/airflow/example_dags/example_dynamic_task_mapping.py
[2025-03-25T23:51:52.984+0000] {processor.py:840} INFO - DAG(s) 'example_dynamic_task_mapping' retrieved from /home/airflow/.local/lib/python3.8/site-packages/airflow/example_dags/example_dynamic_task_mapping.py
[2025-03-25T23:51:53.015+0000] {logging_mixin.py:188} INFO - [2025-03-25T23:51:53.014+0000] {dag.py:3036} INFO - Sync 1 DAGs
[2025-03-25T23:51:53.051+0000] {logging_mixin.py:188} INFO - [2025-03-25T23:51:53.050+0000] {dag.py:3823} INFO - Setting next_dagrun for example_dynamic_task_mapping to 2022-03-04 00:00:00+00:00, run_after=2022-03-05 00:00:00+00:00
[2025-03-25T23:51:53.087+0000] {processor.py:183} INFO - Processing /home/airflow/.local/lib/python3.8/site-packages/airflow/example_dags/example_dynamic_task_mapping.py took 0.121 seconds
[2025-03-25T23:52:23.519+0000] {processor.py:161} INFO - Started process (PID=1051) to work on /home/airflow/.local/lib/python3.8/site-packages/airflow/example_dags/example_dynamic_task_mapping.py
[2025-03-25T23:52:23.521+0000] {processor.py:830} INFO - Processing file /home/airflow/.local/lib/python3.8/site-packages/airflow/example_dags/example_dynamic_task_mapping.py for tasks to queue
[2025-03-25T23:52:23.525+0000] {logging_mixin.py:188} INFO - [2025-03-25T23:52:23.524+0000] {dagbag.py:538} INFO - Filling up the DagBag from /home/airflow/.local/lib/python3.8/site-packages/airflow/example_dags/example_dynamic_task_mapping.py
[2025-03-25T23:52:23.533+0000] {processor.py:840} INFO - DAG(s) 'example_dynamic_task_mapping' retrieved from /home/airflow/.local/lib/python3.8/site-packages/airflow/example_dags/example_dynamic_task_mapping.py
[2025-03-25T23:52:23.565+0000] {logging_mixin.py:188} INFO - [2025-03-25T23:52:23.564+0000] {dag.py:3036} INFO - Sync 1 DAGs
[2025-03-25T23:52:23.606+0000] {logging_mixin.py:188} INFO - [2025-03-25T23:52:23.605+0000] {dag.py:3823} INFO - Setting next_dagrun for example_dynamic_task_mapping to 2022-03-04 00:00:00+00:00, run_after=2022-03-05 00:00:00+00:00
[2025-03-25T23:52:23.643+0000] {processor.py:183} INFO - Processing /home/airflow/.local/lib/python3.8/site-packages/airflow/example_dags/example_dynamic_task_mapping.py took 0.132 seconds
[2025-03-25T23:52:53.823+0000] {processor.py:161} INFO - Started process (PID=1124) to work on /home/airflow/.local/lib/python3.8/site-packages/airflow/example_dags/example_dynamic_task_mapping.py
[2025-03-25T23:52:53.825+0000] {processor.py:830} INFO - Processing file /home/airflow/.local/lib/python3.8/site-packages/airflow/example_dags/example_dynamic_task_mapping.py for tasks to queue
[2025-03-25T23:52:53.829+0000] {logging_mixin.py:188} INFO - [2025-03-25T23:52:53.829+0000] {dagbag.py:538} INFO - Filling up the DagBag from /home/airflow/.local/lib/python3.8/site-packages/airflow/example_dags/example_dynamic_task_mapping.py
[2025-03-25T23:52:53.839+0000] {processor.py:840} INFO - DAG(s) 'example_dynamic_task_mapping' retrieved from /home/airflow/.local/lib/python3.8/site-packages/airflow/example_dags/example_dynamic_task_mapping.py
[2025-03-25T23:52:53.875+0000] {logging_mixin.py:188} INFO - [2025-03-25T23:52:53.874+0000] {dag.py:3036} INFO - Sync 1 DAGs
[2025-03-25T23:52:53.915+0000] {logging_mixin.py:188} INFO - [2025-03-25T23:52:53.915+0000] {dag.py:3823} INFO - Setting next_dagrun for example_dynamic_task_mapping to 2022-03-04 00:00:00+00:00, run_after=2022-03-05 00:00:00+00:00
[2025-03-25T23:52:53.950+0000] {processor.py:183} INFO - Processing /home/airflow/.local/lib/python3.8/site-packages/airflow/example_dags/example_dynamic_task_mapping.py took 0.131 seconds
[2025-03-25T23:53:24.438+0000] {processor.py:161} INFO - Started process (PID=1198) to work on /home/airflow/.local/lib/python3.8/site-packages/airflow/example_dags/example_dynamic_task_mapping.py
[2025-03-25T23:53:24.439+0000] {processor.py:830} INFO - Processing file /home/airflow/.local/lib/python3.8/site-packages/airflow/example_dags/example_dynamic_task_mapping.py for tasks to queue
[2025-03-25T23:53:24.442+0000] {logging_mixin.py:188} INFO - [2025-03-25T23:53:24.441+0000] {dagbag.py:538} INFO - Filling up the DagBag from /home/airflow/.local/lib/python3.8/site-packages/airflow/example_dags/example_dynamic_task_mapping.py
[2025-03-25T23:53:24.451+0000] {processor.py:840} INFO - DAG(s) 'example_dynamic_task_mapping' retrieved from /home/airflow/.local/lib/python3.8/site-packages/airflow/example_dags/example_dynamic_task_mapping.py
[2025-03-25T23:53:24.482+0000] {logging_mixin.py:188} INFO - [2025-03-25T23:53:24.482+0000] {dag.py:3036} INFO - Sync 1 DAGs
[2025-03-25T23:53:24.519+0000] {logging_mixin.py:188} INFO - [2025-03-25T23:53:24.519+0000] {dag.py:3823} INFO - Setting next_dagrun for example_dynamic_task_mapping to 2022-03-04 00:00:00+00:00, run_after=2022-03-05 00:00:00+00:00
[2025-03-25T23:53:24.554+0000] {processor.py:183} INFO - Processing /home/airflow/.local/lib/python3.8/site-packages/airflow/example_dags/example_dynamic_task_mapping.py took 0.121 seconds
[2025-03-25T23:53:54.989+0000] {processor.py:161} INFO - Started process (PID=1279) to work on /home/airflow/.local/lib/python3.8/site-packages/airflow/example_dags/example_dynamic_task_mapping.py
[2025-03-25T23:53:54.991+0000] {processor.py:830} INFO - Processing file /home/airflow/.local/lib/python3.8/site-packages/airflow/example_dags/example_dynamic_task_mapping.py for tasks to queue
[2025-03-25T23:53:54.994+0000] {logging_mixin.py:188} INFO - [2025-03-25T23:53:54.993+0000] {dagbag.py:538} INFO - Filling up the DagBag from /home/airflow/.local/lib/python3.8/site-packages/airflow/example_dags/example_dynamic_task_mapping.py
[2025-03-25T23:53:55.002+0000] {processor.py:840} INFO - DAG(s) 'example_dynamic_task_mapping' retrieved from /home/airflow/.local/lib/python3.8/site-packages/airflow/example_dags/example_dynamic_task_mapping.py
[2025-03-25T23:53:55.032+0000] {logging_mixin.py:188} INFO - [2025-03-25T23:53:55.032+0000] {dag.py:3036} INFO - Sync 1 DAGs
[2025-03-25T23:53:55.066+0000] {logging_mixin.py:188} INFO - [2025-03-25T23:53:55.065+0000] {dag.py:3823} INFO - Setting next_dagrun for example_dynamic_task_mapping to 2022-03-04 00:00:00+00:00, run_after=2022-03-05 00:00:00+00:00
[2025-03-25T23:53:55.103+0000] {processor.py:183} INFO - Processing /home/airflow/.local/lib/python3.8/site-packages/airflow/example_dags/example_dynamic_task_mapping.py took 0.118 seconds
[2025-03-25T23:55:33.391+0000] {processor.py:161} INFO - Started process (PID=84) to work on /home/airflow/.local/lib/python3.8/site-packages/airflow/example_dags/example_dynamic_task_mapping.py
[2025-03-25T23:55:33.395+0000] {processor.py:830} INFO - Processing file /home/airflow/.local/lib/python3.8/site-packages/airflow/example_dags/example_dynamic_task_mapping.py for tasks to queue
[2025-03-25T23:55:33.399+0000] {logging_mixin.py:188} INFO - [2025-03-25T23:55:33.398+0000] {dagbag.py:538} INFO - Filling up the DagBag from /home/airflow/.local/lib/python3.8/site-packages/airflow/example_dags/example_dynamic_task_mapping.py
[2025-03-25T23:55:33.419+0000] {processor.py:840} INFO - DAG(s) 'example_dynamic_task_mapping' retrieved from /home/airflow/.local/lib/python3.8/site-packages/airflow/example_dags/example_dynamic_task_mapping.py
[2025-03-25T23:55:33.848+0000] {logging_mixin.py:188} INFO - [2025-03-25T23:55:33.847+0000] {override.py:1769} INFO - Created Permission View: can edit on DAG:example_dynamic_task_mapping
[2025-03-25T23:55:33.879+0000] {logging_mixin.py:188} INFO - [2025-03-25T23:55:33.878+0000] {override.py:1769} INFO - Created Permission View: can delete on DAG:example_dynamic_task_mapping
[2025-03-25T23:55:33.901+0000] {logging_mixin.py:188} INFO - [2025-03-25T23:55:33.900+0000] {override.py:1769} INFO - Created Permission View: can read on DAG:example_dynamic_task_mapping
[2025-03-25T23:55:33.903+0000] {logging_mixin.py:188} INFO - [2025-03-25T23:55:33.902+0000] {dag.py:3036} INFO - Sync 1 DAGs
[2025-03-25T23:55:33.934+0000] {logging_mixin.py:188} INFO - [2025-03-25T23:55:33.934+0000] {dag.py:3058} INFO - Creating ORM DAG for example_dynamic_task_mapping
[2025-03-25T23:55:33.965+0000] {logging_mixin.py:188} INFO - [2025-03-25T23:55:33.964+0000] {dag.py:3823} INFO - Setting next_dagrun for example_dynamic_task_mapping to 2022-03-04 00:00:00+00:00, run_after=2022-03-05 00:00:00+00:00
[2025-03-25T23:55:34.014+0000] {processor.py:183} INFO - Processing /home/airflow/.local/lib/python3.8/site-packages/airflow/example_dags/example_dynamic_task_mapping.py took 0.632 seconds
[2025-03-25T23:56:04.268+0000] {processor.py:161} INFO - Started process (PID=150) to work on /home/airflow/.local/lib/python3.8/site-packages/airflow/example_dags/example_dynamic_task_mapping.py
[2025-03-25T23:56:04.270+0000] {processor.py:830} INFO - Processing file /home/airflow/.local/lib/python3.8/site-packages/airflow/example_dags/example_dynamic_task_mapping.py for tasks to queue
[2025-03-25T23:56:04.273+0000] {logging_mixin.py:188} INFO - [2025-03-25T23:56:04.272+0000] {dagbag.py:538} INFO - Filling up the DagBag from /home/airflow/.local/lib/python3.8/site-packages/airflow/example_dags/example_dynamic_task_mapping.py
[2025-03-25T23:56:04.285+0000] {processor.py:840} INFO - DAG(s) 'example_dynamic_task_mapping' retrieved from /home/airflow/.local/lib/python3.8/site-packages/airflow/example_dags/example_dynamic_task_mapping.py
[2025-03-25T23:56:04.315+0000] {logging_mixin.py:188} INFO - [2025-03-25T23:56:04.315+0000] {dag.py:3036} INFO - Sync 1 DAGs
[2025-03-25T23:56:04.354+0000] {logging_mixin.py:188} INFO - [2025-03-25T23:56:04.354+0000] {dag.py:3823} INFO - Setting next_dagrun for example_dynamic_task_mapping to 2022-03-04 00:00:00+00:00, run_after=2022-03-05 00:00:00+00:00
[2025-03-25T23:56:04.425+0000] {processor.py:183} INFO - Processing /home/airflow/.local/lib/python3.8/site-packages/airflow/example_dags/example_dynamic_task_mapping.py took 0.160 seconds
[2025-03-25T23:56:34.992+0000] {processor.py:161} INFO - Started process (PID=232) to work on /home/airflow/.local/lib/python3.8/site-packages/airflow/example_dags/example_dynamic_task_mapping.py
[2025-03-25T23:56:34.994+0000] {processor.py:830} INFO - Processing file /home/airflow/.local/lib/python3.8/site-packages/airflow/example_dags/example_dynamic_task_mapping.py for tasks to queue
[2025-03-25T23:56:34.996+0000] {logging_mixin.py:188} INFO - [2025-03-25T23:56:34.996+0000] {dagbag.py:538} INFO - Filling up the DagBag from /home/airflow/.local/lib/python3.8/site-packages/airflow/example_dags/example_dynamic_task_mapping.py
[2025-03-25T23:56:35.006+0000] {processor.py:840} INFO - DAG(s) 'example_dynamic_task_mapping' retrieved from /home/airflow/.local/lib/python3.8/site-packages/airflow/example_dags/example_dynamic_task_mapping.py
[2025-03-25T23:56:35.042+0000] {logging_mixin.py:188} INFO - [2025-03-25T23:56:35.042+0000] {dag.py:3036} INFO - Sync 1 DAGs
[2025-03-25T23:56:35.084+0000] {logging_mixin.py:188} INFO - [2025-03-25T23:56:35.083+0000] {dag.py:3823} INFO - Setting next_dagrun for example_dynamic_task_mapping to 2022-03-04 00:00:00+00:00, run_after=2022-03-05 00:00:00+00:00
[2025-03-25T23:56:35.125+0000] {processor.py:183} INFO - Processing /home/airflow/.local/lib/python3.8/site-packages/airflow/example_dags/example_dynamic_task_mapping.py took 0.137 seconds
[2025-03-25T23:57:06.163+0000] {processor.py:161} INFO - Started process (PID=299) to work on /home/airflow/.local/lib/python3.8/site-packages/airflow/example_dags/example_dynamic_task_mapping.py
[2025-03-25T23:57:06.168+0000] {processor.py:830} INFO - Processing file /home/airflow/.local/lib/python3.8/site-packages/airflow/example_dags/example_dynamic_task_mapping.py for tasks to queue
[2025-03-25T23:57:06.173+0000] {logging_mixin.py:188} INFO - [2025-03-25T23:57:06.172+0000] {dagbag.py:538} INFO - Filling up the DagBag from /home/airflow/.local/lib/python3.8/site-packages/airflow/example_dags/example_dynamic_task_mapping.py
[2025-03-25T23:57:06.193+0000] {processor.py:840} INFO - DAG(s) 'example_dynamic_task_mapping' retrieved from /home/airflow/.local/lib/python3.8/site-packages/airflow/example_dags/example_dynamic_task_mapping.py
[2025-03-25T23:57:06.232+0000] {logging_mixin.py:188} INFO - [2025-03-25T23:57:06.231+0000] {dag.py:3036} INFO - Sync 1 DAGs
[2025-03-25T23:57:06.281+0000] {logging_mixin.py:188} INFO - [2025-03-25T23:57:06.280+0000] {dag.py:3823} INFO - Setting next_dagrun for example_dynamic_task_mapping to 2022-03-04 00:00:00+00:00, run_after=2022-03-05 00:00:00+00:00
[2025-03-25T23:57:06.328+0000] {processor.py:183} INFO - Processing /home/airflow/.local/lib/python3.8/site-packages/airflow/example_dags/example_dynamic_task_mapping.py took 0.172 seconds
[2025-03-25T23:57:36.512+0000] {processor.py:161} INFO - Started process (PID=372) to work on /home/airflow/.local/lib/python3.8/site-packages/airflow/example_dags/example_dynamic_task_mapping.py
[2025-03-25T23:57:36.513+0000] {processor.py:830} INFO - Processing file /home/airflow/.local/lib/python3.8/site-packages/airflow/example_dags/example_dynamic_task_mapping.py for tasks to queue
[2025-03-25T23:57:36.516+0000] {logging_mixin.py:188} INFO - [2025-03-25T23:57:36.515+0000] {dagbag.py:538} INFO - Filling up the DagBag from /home/airflow/.local/lib/python3.8/site-packages/airflow/example_dags/example_dynamic_task_mapping.py
[2025-03-25T23:57:36.527+0000] {processor.py:840} INFO - DAG(s) 'example_dynamic_task_mapping' retrieved from /home/airflow/.local/lib/python3.8/site-packages/airflow/example_dags/example_dynamic_task_mapping.py
[2025-03-25T23:57:36.562+0000] {logging_mixin.py:188} INFO - [2025-03-25T23:57:36.561+0000] {dag.py:3036} INFO - Sync 1 DAGs
[2025-03-25T23:57:36.609+0000] {logging_mixin.py:188} INFO - [2025-03-25T23:57:36.609+0000] {dag.py:3823} INFO - Setting next_dagrun for example_dynamic_task_mapping to 2022-03-04 00:00:00+00:00, run_after=2022-03-05 00:00:00+00:00
[2025-03-25T23:57:36.670+0000] {processor.py:183} INFO - Processing /home/airflow/.local/lib/python3.8/site-packages/airflow/example_dags/example_dynamic_task_mapping.py took 0.163 seconds
[2025-03-25T23:58:06.902+0000] {processor.py:161} INFO - Started process (PID=446) to work on /home/airflow/.local/lib/python3.8/site-packages/airflow/example_dags/example_dynamic_task_mapping.py
[2025-03-25T23:58:06.904+0000] {processor.py:830} INFO - Processing file /home/airflow/.local/lib/python3.8/site-packages/airflow/example_dags/example_dynamic_task_mapping.py for tasks to queue
[2025-03-25T23:58:06.907+0000] {logging_mixin.py:188} INFO - [2025-03-25T23:58:06.907+0000] {dagbag.py:538} INFO - Filling up the DagBag from /home/airflow/.local/lib/python3.8/site-packages/airflow/example_dags/example_dynamic_task_mapping.py
[2025-03-25T23:58:06.917+0000] {processor.py:840} INFO - DAG(s) 'example_dynamic_task_mapping' retrieved from /home/airflow/.local/lib/python3.8/site-packages/airflow/example_dags/example_dynamic_task_mapping.py
[2025-03-25T23:58:06.945+0000] {logging_mixin.py:188} INFO - [2025-03-25T23:58:06.944+0000] {dag.py:3036} INFO - Sync 1 DAGs
[2025-03-25T23:58:06.984+0000] {logging_mixin.py:188} INFO - [2025-03-25T23:58:06.984+0000] {dag.py:3823} INFO - Setting next_dagrun for example_dynamic_task_mapping to 2022-03-04 00:00:00+00:00, run_after=2022-03-05 00:00:00+00:00
[2025-03-25T23:58:07.015+0000] {processor.py:183} INFO - Processing /home/airflow/.local/lib/python3.8/site-packages/airflow/example_dags/example_dynamic_task_mapping.py took 0.123 seconds
[2025-03-25T23:58:37.477+0000] {processor.py:161} INFO - Started process (PID=520) to work on /home/airflow/.local/lib/python3.8/site-packages/airflow/example_dags/example_dynamic_task_mapping.py
[2025-03-25T23:58:37.478+0000] {processor.py:830} INFO - Processing file /home/airflow/.local/lib/python3.8/site-packages/airflow/example_dags/example_dynamic_task_mapping.py for tasks to queue
[2025-03-25T23:58:37.480+0000] {logging_mixin.py:188} INFO - [2025-03-25T23:58:37.480+0000] {dagbag.py:538} INFO - Filling up the DagBag from /home/airflow/.local/lib/python3.8/site-packages/airflow/example_dags/example_dynamic_task_mapping.py
[2025-03-25T23:58:37.487+0000] {processor.py:840} INFO - DAG(s) 'example_dynamic_task_mapping' retrieved from /home/airflow/.local/lib/python3.8/site-packages/airflow/example_dags/example_dynamic_task_mapping.py
[2025-03-25T23:58:37.517+0000] {logging_mixin.py:188} INFO - [2025-03-25T23:58:37.517+0000] {dag.py:3036} INFO - Sync 1 DAGs
[2025-03-25T23:58:37.549+0000] {logging_mixin.py:188} INFO - [2025-03-25T23:58:37.548+0000] {dag.py:3823} INFO - Setting next_dagrun for example_dynamic_task_mapping to 2022-03-04 00:00:00+00:00, run_after=2022-03-05 00:00:00+00:00
[2025-03-25T23:58:37.582+0000] {processor.py:183} INFO - Processing /home/airflow/.local/lib/python3.8/site-packages/airflow/example_dags/example_dynamic_task_mapping.py took 0.109 seconds
[2025-03-25T23:59:08.452+0000] {processor.py:161} INFO - Started process (PID=594) to work on /home/airflow/.local/lib/python3.8/site-packages/airflow/example_dags/example_dynamic_task_mapping.py
[2025-03-25T23:59:08.453+0000] {processor.py:830} INFO - Processing file /home/airflow/.local/lib/python3.8/site-packages/airflow/example_dags/example_dynamic_task_mapping.py for tasks to queue
[2025-03-25T23:59:08.456+0000] {logging_mixin.py:188} INFO - [2025-03-25T23:59:08.455+0000] {dagbag.py:538} INFO - Filling up the DagBag from /home/airflow/.local/lib/python3.8/site-packages/airflow/example_dags/example_dynamic_task_mapping.py
[2025-03-25T23:59:08.468+0000] {processor.py:840} INFO - DAG(s) 'example_dynamic_task_mapping' retrieved from /home/airflow/.local/lib/python3.8/site-packages/airflow/example_dags/example_dynamic_task_mapping.py
[2025-03-25T23:59:08.498+0000] {logging_mixin.py:188} INFO - [2025-03-25T23:59:08.497+0000] {dag.py:3036} INFO - Sync 1 DAGs
[2025-03-25T23:59:08.533+0000] {logging_mixin.py:188} INFO - [2025-03-25T23:59:08.532+0000] {dag.py:3823} INFO - Setting next_dagrun for example_dynamic_task_mapping to 2022-03-04 00:00:00+00:00, run_after=2022-03-05 00:00:00+00:00
[2025-03-25T23:59:08.570+0000] {processor.py:183} INFO - Processing /home/airflow/.local/lib/python3.8/site-packages/airflow/example_dags/example_dynamic_task_mapping.py took 0.123 seconds
[2025-03-25T23:59:39.189+0000] {processor.py:161} INFO - Started process (PID=668) to work on /home/airflow/.local/lib/python3.8/site-packages/airflow/example_dags/example_dynamic_task_mapping.py
[2025-03-25T23:59:39.192+0000] {processor.py:830} INFO - Processing file /home/airflow/.local/lib/python3.8/site-packages/airflow/example_dags/example_dynamic_task_mapping.py for tasks to queue
[2025-03-25T23:59:39.194+0000] {logging_mixin.py:188} INFO - [2025-03-25T23:59:39.194+0000] {dagbag.py:538} INFO - Filling up the DagBag from /home/airflow/.local/lib/python3.8/site-packages/airflow/example_dags/example_dynamic_task_mapping.py
[2025-03-25T23:59:39.202+0000] {processor.py:840} INFO - DAG(s) 'example_dynamic_task_mapping' retrieved from /home/airflow/.local/lib/python3.8/site-packages/airflow/example_dags/example_dynamic_task_mapping.py
[2025-03-25T23:59:39.233+0000] {logging_mixin.py:188} INFO - [2025-03-25T23:59:39.232+0000] {dag.py:3036} INFO - Sync 1 DAGs
[2025-03-25T23:59:39.268+0000] {logging_mixin.py:188} INFO - [2025-03-25T23:59:39.268+0000] {dag.py:3823} INFO - Setting next_dagrun for example_dynamic_task_mapping to 2022-03-04 00:00:00+00:00, run_after=2022-03-05 00:00:00+00:00
[2025-03-25T23:59:39.300+0000] {processor.py:183} INFO - Processing /home/airflow/.local/lib/python3.8/site-packages/airflow/example_dags/example_dynamic_task_mapping.py took 0.116 seconds
