[2025-03-25 22:42:00,776] {scheduler_job.py:182} INFO - Started process (PID=264) to work on /home/airflow/.local/lib/python3.6/site-packages/airflow/example_dags/example_complex.py
[2025-03-25 22:42:00,777] {scheduler_job.py:633} INFO - Processing file /home/airflow/.local/lib/python3.6/site-packages/airflow/example_dags/example_complex.py for tasks to queue
[2025-03-25 22:42:00,779] {logging_mixin.py:104} INFO - [2025-03-25 22:42:00,778] {dagbag.py:496} INFO - Filling up the DagBag from /home/airflow/.local/lib/python3.6/site-packages/airflow/example_dags/example_complex.py
[2025-03-25 22:42:00,806] {scheduler_job.py:643} INFO - DAG(s) dict_keys(['example_complex']) retrieved from /home/airflow/.local/lib/python3.6/site-packages/airflow/example_dags/example_complex.py
[2025-03-25 22:42:03,826] {logging_mixin.py:104} INFO - [2025-03-25 22:42:03,826] {dag.py:1833} INFO - Sync 1 DAGs
[2025-03-25 22:42:03,849] {logging_mixin.py:104} INFO - [2025-03-25 22:42:03,847] {dag.py:1852} INFO - Creating ORM DAG for example_complex
[2025-03-25 22:42:03,856] {logging_mixin.py:104} INFO - [2025-03-25 22:42:03,856] {dag.py:2306} INFO - Setting next_dagrun for example_complex to None
[2025-03-25 22:42:03,876] {scheduler_job.py:190} INFO - Processing /home/airflow/.local/lib/python3.6/site-packages/airflow/example_dags/example_complex.py took 3.105 seconds
[2025-03-25 22:42:34,079] {scheduler_job.py:182} INFO - Started process (PID=390) to work on /home/airflow/.local/lib/python3.6/site-packages/airflow/example_dags/example_complex.py
[2025-03-25 22:42:34,081] {scheduler_job.py:633} INFO - Processing file /home/airflow/.local/lib/python3.6/site-packages/airflow/example_dags/example_complex.py for tasks to queue
[2025-03-25 22:42:34,082] {logging_mixin.py:104} INFO - [2025-03-25 22:42:34,082] {dagbag.py:496} INFO - Filling up the DagBag from /home/airflow/.local/lib/python3.6/site-packages/airflow/example_dags/example_complex.py
[2025-03-25 22:42:34,114] {scheduler_job.py:643} INFO - DAG(s) dict_keys(['example_complex']) retrieved from /home/airflow/.local/lib/python3.6/site-packages/airflow/example_dags/example_complex.py
[2025-03-25 22:42:34,152] {logging_mixin.py:104} INFO - [2025-03-25 22:42:34,152] {dag.py:1833} INFO - Sync 1 DAGs
[2025-03-25 22:42:34,178] {logging_mixin.py:104} INFO - [2025-03-25 22:42:34,178] {dag.py:2306} INFO - Setting next_dagrun for example_complex to None
[2025-03-25 22:42:34,203] {scheduler_job.py:190} INFO - Processing /home/airflow/.local/lib/python3.6/site-packages/airflow/example_dags/example_complex.py took 0.127 seconds
[2025-03-25 22:43:04,319] {scheduler_job.py:182} INFO - Started process (PID=452) to work on /home/airflow/.local/lib/python3.6/site-packages/airflow/example_dags/example_complex.py
[2025-03-25 22:43:04,321] {scheduler_job.py:633} INFO - Processing file /home/airflow/.local/lib/python3.6/site-packages/airflow/example_dags/example_complex.py for tasks to queue
[2025-03-25 22:43:04,323] {logging_mixin.py:104} INFO - [2025-03-25 22:43:04,322] {dagbag.py:496} INFO - Filling up the DagBag from /home/airflow/.local/lib/python3.6/site-packages/airflow/example_dags/example_complex.py
[2025-03-25 22:43:04,365] {scheduler_job.py:643} INFO - DAG(s) dict_keys(['example_complex']) retrieved from /home/airflow/.local/lib/python3.6/site-packages/airflow/example_dags/example_complex.py
[2025-03-25 22:43:04,422] {logging_mixin.py:104} INFO - [2025-03-25 22:43:04,422] {dag.py:1833} INFO - Sync 1 DAGs
[2025-03-25 22:43:04,459] {logging_mixin.py:104} INFO - [2025-03-25 22:43:04,459] {dag.py:2306} INFO - Setting next_dagrun for example_complex to None
[2025-03-25 22:43:04,485] {scheduler_job.py:190} INFO - Processing /home/airflow/.local/lib/python3.6/site-packages/airflow/example_dags/example_complex.py took 0.170 seconds
[2025-03-25 22:43:34,827] {scheduler_job.py:182} INFO - Started process (PID=504) to work on /home/airflow/.local/lib/python3.6/site-packages/airflow/example_dags/example_complex.py
[2025-03-25 22:43:34,829] {scheduler_job.py:633} INFO - Processing file /home/airflow/.local/lib/python3.6/site-packages/airflow/example_dags/example_complex.py for tasks to queue
[2025-03-25 22:43:34,830] {logging_mixin.py:104} INFO - [2025-03-25 22:43:34,830] {dagbag.py:496} INFO - Filling up the DagBag from /home/airflow/.local/lib/python3.6/site-packages/airflow/example_dags/example_complex.py
[2025-03-25 22:43:34,858] {scheduler_job.py:643} INFO - DAG(s) dict_keys(['example_complex']) retrieved from /home/airflow/.local/lib/python3.6/site-packages/airflow/example_dags/example_complex.py
[2025-03-25 22:43:34,891] {logging_mixin.py:104} INFO - [2025-03-25 22:43:34,891] {dag.py:1833} INFO - Sync 1 DAGs
[2025-03-25 22:43:34,912] {logging_mixin.py:104} INFO - [2025-03-25 22:43:34,912] {dag.py:2306} INFO - Setting next_dagrun for example_complex to None
[2025-03-25 22:43:34,930] {scheduler_job.py:190} INFO - Processing /home/airflow/.local/lib/python3.6/site-packages/airflow/example_dags/example_complex.py took 0.106 seconds
[2025-03-25 22:44:05,473] {scheduler_job.py:182} INFO - Started process (PID=556) to work on /home/airflow/.local/lib/python3.6/site-packages/airflow/example_dags/example_complex.py
[2025-03-25 22:44:05,475] {scheduler_job.py:633} INFO - Processing file /home/airflow/.local/lib/python3.6/site-packages/airflow/example_dags/example_complex.py for tasks to queue
[2025-03-25 22:44:05,476] {logging_mixin.py:104} INFO - [2025-03-25 22:44:05,475] {dagbag.py:496} INFO - Filling up the DagBag from /home/airflow/.local/lib/python3.6/site-packages/airflow/example_dags/example_complex.py
[2025-03-25 22:44:05,505] {scheduler_job.py:643} INFO - DAG(s) dict_keys(['example_complex']) retrieved from /home/airflow/.local/lib/python3.6/site-packages/airflow/example_dags/example_complex.py
[2025-03-25 22:44:05,561] {logging_mixin.py:104} INFO - [2025-03-25 22:44:05,561] {dag.py:1833} INFO - Sync 1 DAGs
[2025-03-25 22:44:05,590] {logging_mixin.py:104} INFO - [2025-03-25 22:44:05,590] {dag.py:2306} INFO - Setting next_dagrun for example_complex to None
[2025-03-25 22:44:05,614] {scheduler_job.py:190} INFO - Processing /home/airflow/.local/lib/python3.6/site-packages/airflow/example_dags/example_complex.py took 0.145 seconds
[2025-03-25 22:44:35,750] {scheduler_job.py:182} INFO - Started process (PID=616) to work on /home/airflow/.local/lib/python3.6/site-packages/airflow/example_dags/example_complex.py
[2025-03-25 22:44:35,752] {scheduler_job.py:633} INFO - Processing file /home/airflow/.local/lib/python3.6/site-packages/airflow/example_dags/example_complex.py for tasks to queue
[2025-03-25 22:44:35,753] {logging_mixin.py:104} INFO - [2025-03-25 22:44:35,753] {dagbag.py:496} INFO - Filling up the DagBag from /home/airflow/.local/lib/python3.6/site-packages/airflow/example_dags/example_complex.py
[2025-03-25 22:44:35,780] {scheduler_job.py:643} INFO - DAG(s) dict_keys(['example_complex']) retrieved from /home/airflow/.local/lib/python3.6/site-packages/airflow/example_dags/example_complex.py
[2025-03-25 22:44:35,815] {logging_mixin.py:104} INFO - [2025-03-25 22:44:35,815] {dag.py:1833} INFO - Sync 1 DAGs
[2025-03-25 22:44:35,836] {logging_mixin.py:104} INFO - [2025-03-25 22:44:35,836] {dag.py:2306} INFO - Setting next_dagrun for example_complex to None
[2025-03-25 22:44:35,854] {scheduler_job.py:190} INFO - Processing /home/airflow/.local/lib/python3.6/site-packages/airflow/example_dags/example_complex.py took 0.107 seconds
[2025-03-25 22:45:06,016] {scheduler_job.py:182} INFO - Started process (PID=678) to work on /home/airflow/.local/lib/python3.6/site-packages/airflow/example_dags/example_complex.py
[2025-03-25 22:45:06,018] {scheduler_job.py:633} INFO - Processing file /home/airflow/.local/lib/python3.6/site-packages/airflow/example_dags/example_complex.py for tasks to queue
[2025-03-25 22:45:06,020] {logging_mixin.py:104} INFO - [2025-03-25 22:45:06,019] {dagbag.py:496} INFO - Filling up the DagBag from /home/airflow/.local/lib/python3.6/site-packages/airflow/example_dags/example_complex.py
[2025-03-25 22:45:06,056] {scheduler_job.py:643} INFO - DAG(s) dict_keys(['example_complex']) retrieved from /home/airflow/.local/lib/python3.6/site-packages/airflow/example_dags/example_complex.py
[2025-03-25 22:45:06,096] {logging_mixin.py:104} INFO - [2025-03-25 22:45:06,096] {dag.py:1833} INFO - Sync 1 DAGs
[2025-03-25 22:45:06,118] {logging_mixin.py:104} INFO - [2025-03-25 22:45:06,118] {dag.py:2306} INFO - Setting next_dagrun for example_complex to None
[2025-03-25 22:45:06,140] {scheduler_job.py:190} INFO - Processing /home/airflow/.local/lib/python3.6/site-packages/airflow/example_dags/example_complex.py took 0.128 seconds
[2025-03-25 22:45:36,504] {scheduler_job.py:182} INFO - Started process (PID=731) to work on /home/airflow/.local/lib/python3.6/site-packages/airflow/example_dags/example_complex.py
[2025-03-25 22:45:36,505] {scheduler_job.py:633} INFO - Processing file /home/airflow/.local/lib/python3.6/site-packages/airflow/example_dags/example_complex.py for tasks to queue
[2025-03-25 22:45:36,506] {logging_mixin.py:104} INFO - [2025-03-25 22:45:36,506] {dagbag.py:496} INFO - Filling up the DagBag from /home/airflow/.local/lib/python3.6/site-packages/airflow/example_dags/example_complex.py
[2025-03-25 22:45:36,533] {scheduler_job.py:643} INFO - DAG(s) dict_keys(['example_complex']) retrieved from /home/airflow/.local/lib/python3.6/site-packages/airflow/example_dags/example_complex.py
[2025-03-25 22:45:36,566] {logging_mixin.py:104} INFO - [2025-03-25 22:45:36,566] {dag.py:1833} INFO - Sync 1 DAGs
[2025-03-25 22:45:36,587] {logging_mixin.py:104} INFO - [2025-03-25 22:45:36,587] {dag.py:2306} INFO - Setting next_dagrun for example_complex to None
[2025-03-25 22:45:36,609] {scheduler_job.py:190} INFO - Processing /home/airflow/.local/lib/python3.6/site-packages/airflow/example_dags/example_complex.py took 0.108 seconds
[2025-03-25 22:46:06,677] {scheduler_job.py:182} INFO - Started process (PID=783) to work on /home/airflow/.local/lib/python3.6/site-packages/airflow/example_dags/example_complex.py
[2025-03-25 22:46:06,679] {scheduler_job.py:633} INFO - Processing file /home/airflow/.local/lib/python3.6/site-packages/airflow/example_dags/example_complex.py for tasks to queue
[2025-03-25 22:46:06,681] {logging_mixin.py:104} INFO - [2025-03-25 22:46:06,681] {dagbag.py:496} INFO - Filling up the DagBag from /home/airflow/.local/lib/python3.6/site-packages/airflow/example_dags/example_complex.py
[2025-03-25 22:46:06,705] {scheduler_job.py:643} INFO - DAG(s) dict_keys(['example_complex']) retrieved from /home/airflow/.local/lib/python3.6/site-packages/airflow/example_dags/example_complex.py
[2025-03-25 22:46:06,739] {logging_mixin.py:104} INFO - [2025-03-25 22:46:06,738] {dag.py:1833} INFO - Sync 1 DAGs
[2025-03-25 22:46:06,759] {logging_mixin.py:104} INFO - [2025-03-25 22:46:06,758] {dag.py:2306} INFO - Setting next_dagrun for example_complex to None
[2025-03-25 22:46:06,777] {scheduler_job.py:190} INFO - Processing /home/airflow/.local/lib/python3.6/site-packages/airflow/example_dags/example_complex.py took 0.103 seconds
[2025-03-25 22:46:37,467] {scheduler_job.py:182} INFO - Started process (PID=845) to work on /home/airflow/.local/lib/python3.6/site-packages/airflow/example_dags/example_complex.py
[2025-03-25 22:46:37,468] {scheduler_job.py:633} INFO - Processing file /home/airflow/.local/lib/python3.6/site-packages/airflow/example_dags/example_complex.py for tasks to queue
[2025-03-25 22:46:37,469] {logging_mixin.py:104} INFO - [2025-03-25 22:46:37,469] {dagbag.py:496} INFO - Filling up the DagBag from /home/airflow/.local/lib/python3.6/site-packages/airflow/example_dags/example_complex.py
[2025-03-25 22:46:37,492] {scheduler_job.py:643} INFO - DAG(s) dict_keys(['example_complex']) retrieved from /home/airflow/.local/lib/python3.6/site-packages/airflow/example_dags/example_complex.py
[2025-03-25 22:46:37,526] {logging_mixin.py:104} INFO - [2025-03-25 22:46:37,525] {dag.py:1833} INFO - Sync 1 DAGs
[2025-03-25 22:46:37,548] {logging_mixin.py:104} INFO - [2025-03-25 22:46:37,548] {dag.py:2306} INFO - Setting next_dagrun for example_complex to None
[2025-03-25 22:46:37,566] {scheduler_job.py:190} INFO - Processing /home/airflow/.local/lib/python3.6/site-packages/airflow/example_dags/example_complex.py took 0.103 seconds
[2025-03-25 22:47:07,708] {scheduler_job.py:182} INFO - Started process (PID=897) to work on /home/airflow/.local/lib/python3.6/site-packages/airflow/example_dags/example_complex.py
[2025-03-25 22:47:07,709] {scheduler_job.py:633} INFO - Processing file /home/airflow/.local/lib/python3.6/site-packages/airflow/example_dags/example_complex.py for tasks to queue
[2025-03-25 22:47:07,710] {logging_mixin.py:104} INFO - [2025-03-25 22:47:07,710] {dagbag.py:496} INFO - Filling up the DagBag from /home/airflow/.local/lib/python3.6/site-packages/airflow/example_dags/example_complex.py
[2025-03-25 22:47:07,732] {scheduler_job.py:643} INFO - DAG(s) dict_keys(['example_complex']) retrieved from /home/airflow/.local/lib/python3.6/site-packages/airflow/example_dags/example_complex.py
[2025-03-25 22:47:07,767] {logging_mixin.py:104} INFO - [2025-03-25 22:47:07,767] {dag.py:1833} INFO - Sync 1 DAGs
[2025-03-25 22:47:07,789] {logging_mixin.py:104} INFO - [2025-03-25 22:47:07,789] {dag.py:2306} INFO - Setting next_dagrun for example_complex to None
[2025-03-25 22:47:07,806] {scheduler_job.py:190} INFO - Processing /home/airflow/.local/lib/python3.6/site-packages/airflow/example_dags/example_complex.py took 0.102 seconds
[2025-03-25 22:47:38,241] {scheduler_job.py:182} INFO - Started process (PID=949) to work on /home/airflow/.local/lib/python3.6/site-packages/airflow/example_dags/example_complex.py
[2025-03-25 22:47:38,249] {scheduler_job.py:633} INFO - Processing file /home/airflow/.local/lib/python3.6/site-packages/airflow/example_dags/example_complex.py for tasks to queue
[2025-03-25 22:47:38,257] {logging_mixin.py:104} INFO - [2025-03-25 22:47:38,256] {dagbag.py:496} INFO - Filling up the DagBag from /home/airflow/.local/lib/python3.6/site-packages/airflow/example_dags/example_complex.py
[2025-03-25 22:47:38,320] {scheduler_job.py:643} INFO - DAG(s) dict_keys(['example_complex']) retrieved from /home/airflow/.local/lib/python3.6/site-packages/airflow/example_dags/example_complex.py
[2025-03-25 22:47:38,426] {logging_mixin.py:104} INFO - [2025-03-25 22:47:38,426] {dag.py:1833} INFO - Sync 1 DAGs
[2025-03-25 22:47:38,469] {logging_mixin.py:104} INFO - [2025-03-25 22:47:38,469] {dag.py:2306} INFO - Setting next_dagrun for example_complex to None
[2025-03-25 22:47:38,499] {scheduler_job.py:190} INFO - Processing /home/airflow/.local/lib/python3.6/site-packages/airflow/example_dags/example_complex.py took 0.263 seconds
[2025-03-25 22:48:08,960] {scheduler_job.py:182} INFO - Started process (PID=1011) to work on /home/airflow/.local/lib/python3.6/site-packages/airflow/example_dags/example_complex.py
[2025-03-25 22:48:08,962] {scheduler_job.py:633} INFO - Processing file /home/airflow/.local/lib/python3.6/site-packages/airflow/example_dags/example_complex.py for tasks to queue
[2025-03-25 22:48:08,964] {logging_mixin.py:104} INFO - [2025-03-25 22:48:08,963] {dagbag.py:496} INFO - Filling up the DagBag from /home/airflow/.local/lib/python3.6/site-packages/airflow/example_dags/example_complex.py
[2025-03-25 22:48:08,991] {scheduler_job.py:643} INFO - DAG(s) dict_keys(['example_complex']) retrieved from /home/airflow/.local/lib/python3.6/site-packages/airflow/example_dags/example_complex.py
[2025-03-25 22:48:09,037] {logging_mixin.py:104} INFO - [2025-03-25 22:48:09,037] {dag.py:1833} INFO - Sync 1 DAGs
[2025-03-25 22:48:09,089] {logging_mixin.py:104} INFO - [2025-03-25 22:48:09,089] {dag.py:2306} INFO - Setting next_dagrun for example_complex to None
[2025-03-25 22:48:09,163] {scheduler_job.py:190} INFO - Processing /home/airflow/.local/lib/python3.6/site-packages/airflow/example_dags/example_complex.py took 0.207 seconds
[2025-03-25 22:48:39,500] {scheduler_job.py:182} INFO - Started process (PID=1063) to work on /home/airflow/.local/lib/python3.6/site-packages/airflow/example_dags/example_complex.py
[2025-03-25 22:48:39,502] {scheduler_job.py:633} INFO - Processing file /home/airflow/.local/lib/python3.6/site-packages/airflow/example_dags/example_complex.py for tasks to queue
[2025-03-25 22:48:39,504] {logging_mixin.py:104} INFO - [2025-03-25 22:48:39,504] {dagbag.py:496} INFO - Filling up the DagBag from /home/airflow/.local/lib/python3.6/site-packages/airflow/example_dags/example_complex.py
[2025-03-25 22:48:39,530] {scheduler_job.py:643} INFO - DAG(s) dict_keys(['example_complex']) retrieved from /home/airflow/.local/lib/python3.6/site-packages/airflow/example_dags/example_complex.py
[2025-03-25 22:48:39,565] {logging_mixin.py:104} INFO - [2025-03-25 22:48:39,565] {dag.py:1833} INFO - Sync 1 DAGs
[2025-03-25 22:48:39,585] {logging_mixin.py:104} INFO - [2025-03-25 22:48:39,584] {dag.py:2306} INFO - Setting next_dagrun for example_complex to None
[2025-03-25 22:48:39,865] {scheduler_job.py:190} INFO - Processing /home/airflow/.local/lib/python3.6/site-packages/airflow/example_dags/example_complex.py took 0.368 seconds
[2025-03-25 22:49:10,092] {scheduler_job.py:182} INFO - Started process (PID=1114) to work on /home/airflow/.local/lib/python3.6/site-packages/airflow/example_dags/example_complex.py
[2025-03-25 22:49:10,094] {scheduler_job.py:633} INFO - Processing file /home/airflow/.local/lib/python3.6/site-packages/airflow/example_dags/example_complex.py for tasks to queue
[2025-03-25 22:49:10,095] {logging_mixin.py:104} INFO - [2025-03-25 22:49:10,095] {dagbag.py:496} INFO - Filling up the DagBag from /home/airflow/.local/lib/python3.6/site-packages/airflow/example_dags/example_complex.py
[2025-03-25 22:49:10,122] {scheduler_job.py:643} INFO - DAG(s) dict_keys(['example_complex']) retrieved from /home/airflow/.local/lib/python3.6/site-packages/airflow/example_dags/example_complex.py
[2025-03-25 22:49:10,156] {logging_mixin.py:104} INFO - [2025-03-25 22:49:10,156] {dag.py:1833} INFO - Sync 1 DAGs
[2025-03-25 22:49:10,180] {logging_mixin.py:104} INFO - [2025-03-25 22:49:10,180] {dag.py:2306} INFO - Setting next_dagrun for example_complex to None
[2025-03-25 22:49:10,196] {scheduler_job.py:190} INFO - Processing /home/airflow/.local/lib/python3.6/site-packages/airflow/example_dags/example_complex.py took 0.108 seconds
[2025-03-25 22:49:41,071] {scheduler_job.py:182} INFO - Started process (PID=1176) to work on /home/airflow/.local/lib/python3.6/site-packages/airflow/example_dags/example_complex.py
[2025-03-25 22:49:41,073] {scheduler_job.py:633} INFO - Processing file /home/airflow/.local/lib/python3.6/site-packages/airflow/example_dags/example_complex.py for tasks to queue
[2025-03-25 22:49:41,074] {logging_mixin.py:104} INFO - [2025-03-25 22:49:41,074] {dagbag.py:496} INFO - Filling up the DagBag from /home/airflow/.local/lib/python3.6/site-packages/airflow/example_dags/example_complex.py
[2025-03-25 22:49:41,096] {scheduler_job.py:643} INFO - DAG(s) dict_keys(['example_complex']) retrieved from /home/airflow/.local/lib/python3.6/site-packages/airflow/example_dags/example_complex.py
[2025-03-25 22:49:41,133] {logging_mixin.py:104} INFO - [2025-03-25 22:49:41,133] {dag.py:1833} INFO - Sync 1 DAGs
[2025-03-25 22:49:41,153] {logging_mixin.py:104} INFO - [2025-03-25 22:49:41,153] {dag.py:2306} INFO - Setting next_dagrun for example_complex to None
[2025-03-25 22:49:41,168] {scheduler_job.py:190} INFO - Processing /home/airflow/.local/lib/python3.6/site-packages/airflow/example_dags/example_complex.py took 0.101 seconds
[2025-03-25 22:50:11,966] {scheduler_job.py:182} INFO - Started process (PID=1229) to work on /home/airflow/.local/lib/python3.6/site-packages/airflow/example_dags/example_complex.py
[2025-03-25 22:50:11,968] {scheduler_job.py:633} INFO - Processing file /home/airflow/.local/lib/python3.6/site-packages/airflow/example_dags/example_complex.py for tasks to queue
[2025-03-25 22:50:11,969] {logging_mixin.py:104} INFO - [2025-03-25 22:50:11,968] {dagbag.py:496} INFO - Filling up the DagBag from /home/airflow/.local/lib/python3.6/site-packages/airflow/example_dags/example_complex.py
[2025-03-25 22:50:11,998] {scheduler_job.py:643} INFO - DAG(s) dict_keys(['example_complex']) retrieved from /home/airflow/.local/lib/python3.6/site-packages/airflow/example_dags/example_complex.py
[2025-03-25 22:50:12,036] {logging_mixin.py:104} INFO - [2025-03-25 22:50:12,036] {dag.py:1833} INFO - Sync 1 DAGs
[2025-03-25 22:50:12,060] {logging_mixin.py:104} INFO - [2025-03-25 22:50:12,060] {dag.py:2306} INFO - Setting next_dagrun for example_complex to None
[2025-03-25 22:50:12,079] {scheduler_job.py:190} INFO - Processing /home/airflow/.local/lib/python3.6/site-packages/airflow/example_dags/example_complex.py took 0.117 seconds
[2025-03-25 22:50:42,182] {scheduler_job.py:182} INFO - Started process (PID=1291) to work on /home/airflow/.local/lib/python3.6/site-packages/airflow/example_dags/example_complex.py
[2025-03-25 22:50:42,187] {scheduler_job.py:633} INFO - Processing file /home/airflow/.local/lib/python3.6/site-packages/airflow/example_dags/example_complex.py for tasks to queue
[2025-03-25 22:50:42,188] {logging_mixin.py:104} INFO - [2025-03-25 22:50:42,188] {dagbag.py:496} INFO - Filling up the DagBag from /home/airflow/.local/lib/python3.6/site-packages/airflow/example_dags/example_complex.py
[2025-03-25 22:50:42,234] {scheduler_job.py:643} INFO - DAG(s) dict_keys(['example_complex']) retrieved from /home/airflow/.local/lib/python3.6/site-packages/airflow/example_dags/example_complex.py
[2025-03-25 22:50:42,295] {logging_mixin.py:104} INFO - [2025-03-25 22:50:42,295] {dag.py:1833} INFO - Sync 1 DAGs
[2025-03-25 22:50:42,318] {logging_mixin.py:104} INFO - [2025-03-25 22:50:42,318] {dag.py:2306} INFO - Setting next_dagrun for example_complex to None
[2025-03-25 22:50:42,339] {scheduler_job.py:190} INFO - Processing /home/airflow/.local/lib/python3.6/site-packages/airflow/example_dags/example_complex.py took 0.162 seconds
[2025-03-25 22:51:12,499] {scheduler_job.py:182} INFO - Started process (PID=1343) to work on /home/airflow/.local/lib/python3.6/site-packages/airflow/example_dags/example_complex.py
[2025-03-25 22:51:12,501] {scheduler_job.py:633} INFO - Processing file /home/airflow/.local/lib/python3.6/site-packages/airflow/example_dags/example_complex.py for tasks to queue
[2025-03-25 22:51:12,502] {logging_mixin.py:104} INFO - [2025-03-25 22:51:12,502] {dagbag.py:496} INFO - Filling up the DagBag from /home/airflow/.local/lib/python3.6/site-packages/airflow/example_dags/example_complex.py
[2025-03-25 22:51:12,524] {scheduler_job.py:643} INFO - DAG(s) dict_keys(['example_complex']) retrieved from /home/airflow/.local/lib/python3.6/site-packages/airflow/example_dags/example_complex.py
[2025-03-25 22:51:12,559] {logging_mixin.py:104} INFO - [2025-03-25 22:51:12,559] {dag.py:1833} INFO - Sync 1 DAGs
[2025-03-25 22:51:12,577] {logging_mixin.py:104} INFO - [2025-03-25 22:51:12,577] {dag.py:2306} INFO - Setting next_dagrun for example_complex to None
[2025-03-25 22:51:12,591] {scheduler_job.py:190} INFO - Processing /home/airflow/.local/lib/python3.6/site-packages/airflow/example_dags/example_complex.py took 0.095 seconds
[2025-03-25 22:51:42,995] {scheduler_job.py:182} INFO - Started process (PID=1395) to work on /home/airflow/.local/lib/python3.6/site-packages/airflow/example_dags/example_complex.py
[2025-03-25 22:51:42,997] {scheduler_job.py:633} INFO - Processing file /home/airflow/.local/lib/python3.6/site-packages/airflow/example_dags/example_complex.py for tasks to queue
[2025-03-25 22:51:42,998] {logging_mixin.py:104} INFO - [2025-03-25 22:51:42,997] {dagbag.py:496} INFO - Filling up the DagBag from /home/airflow/.local/lib/python3.6/site-packages/airflow/example_dags/example_complex.py
[2025-03-25 22:51:43,025] {scheduler_job.py:643} INFO - DAG(s) dict_keys(['example_complex']) retrieved from /home/airflow/.local/lib/python3.6/site-packages/airflow/example_dags/example_complex.py
[2025-03-25 22:51:43,060] {logging_mixin.py:104} INFO - [2025-03-25 22:51:43,060] {dag.py:1833} INFO - Sync 1 DAGs
[2025-03-25 22:51:43,082] {logging_mixin.py:104} INFO - [2025-03-25 22:51:43,082] {dag.py:2306} INFO - Setting next_dagrun for example_complex to None
[2025-03-25 22:51:43,098] {scheduler_job.py:190} INFO - Processing /home/airflow/.local/lib/python3.6/site-packages/airflow/example_dags/example_complex.py took 0.107 seconds
[2025-03-25 22:52:13,399] {scheduler_job.py:182} INFO - Started process (PID=1456) to work on /home/airflow/.local/lib/python3.6/site-packages/airflow/example_dags/example_complex.py
[2025-03-25 22:52:13,401] {scheduler_job.py:633} INFO - Processing file /home/airflow/.local/lib/python3.6/site-packages/airflow/example_dags/example_complex.py for tasks to queue
[2025-03-25 22:52:13,402] {logging_mixin.py:104} INFO - [2025-03-25 22:52:13,402] {dagbag.py:496} INFO - Filling up the DagBag from /home/airflow/.local/lib/python3.6/site-packages/airflow/example_dags/example_complex.py
[2025-03-25 22:52:13,432] {scheduler_job.py:643} INFO - DAG(s) dict_keys(['example_complex']) retrieved from /home/airflow/.local/lib/python3.6/site-packages/airflow/example_dags/example_complex.py
[2025-03-25 22:52:13,469] {logging_mixin.py:104} INFO - [2025-03-25 22:52:13,469] {dag.py:1833} INFO - Sync 1 DAGs
[2025-03-25 22:52:13,489] {logging_mixin.py:104} INFO - [2025-03-25 22:52:13,489] {dag.py:2306} INFO - Setting next_dagrun for example_complex to None
[2025-03-25 22:52:13,507] {scheduler_job.py:190} INFO - Processing /home/airflow/.local/lib/python3.6/site-packages/airflow/example_dags/example_complex.py took 0.111 seconds
[2025-03-25 22:52:44,111] {scheduler_job.py:182} INFO - Started process (PID=1509) to work on /home/airflow/.local/lib/python3.6/site-packages/airflow/example_dags/example_complex.py
[2025-03-25 22:52:44,113] {scheduler_job.py:633} INFO - Processing file /home/airflow/.local/lib/python3.6/site-packages/airflow/example_dags/example_complex.py for tasks to queue
[2025-03-25 22:52:44,114] {logging_mixin.py:104} INFO - [2025-03-25 22:52:44,114] {dagbag.py:496} INFO - Filling up the DagBag from /home/airflow/.local/lib/python3.6/site-packages/airflow/example_dags/example_complex.py
[2025-03-25 22:52:44,140] {scheduler_job.py:643} INFO - DAG(s) dict_keys(['example_complex']) retrieved from /home/airflow/.local/lib/python3.6/site-packages/airflow/example_dags/example_complex.py
[2025-03-25 22:52:44,188] {logging_mixin.py:104} INFO - [2025-03-25 22:52:44,187] {dag.py:1833} INFO - Sync 1 DAGs
[2025-03-25 22:52:44,213] {logging_mixin.py:104} INFO - [2025-03-25 22:52:44,213] {dag.py:2306} INFO - Setting next_dagrun for example_complex to None
[2025-03-25 22:52:44,234] {scheduler_job.py:190} INFO - Processing /home/airflow/.local/lib/python3.6/site-packages/airflow/example_dags/example_complex.py took 0.125 seconds
[2025-03-25 22:53:14,691] {scheduler_job.py:182} INFO - Started process (PID=1562) to work on /home/airflow/.local/lib/python3.6/site-packages/airflow/example_dags/example_complex.py
[2025-03-25 22:53:14,693] {scheduler_job.py:633} INFO - Processing file /home/airflow/.local/lib/python3.6/site-packages/airflow/example_dags/example_complex.py for tasks to queue
[2025-03-25 22:53:14,695] {logging_mixin.py:104} INFO - [2025-03-25 22:53:14,695] {dagbag.py:496} INFO - Filling up the DagBag from /home/airflow/.local/lib/python3.6/site-packages/airflow/example_dags/example_complex.py
[2025-03-25 22:53:14,731] {scheduler_job.py:643} INFO - DAG(s) dict_keys(['example_complex']) retrieved from /home/airflow/.local/lib/python3.6/site-packages/airflow/example_dags/example_complex.py
[2025-03-25 22:53:14,785] {logging_mixin.py:104} INFO - [2025-03-25 22:53:14,785] {dag.py:1833} INFO - Sync 1 DAGs
[2025-03-25 22:53:14,822] {logging_mixin.py:104} INFO - [2025-03-25 22:53:14,822] {dag.py:2306} INFO - Setting next_dagrun for example_complex to None
[2025-03-25 22:53:14,847] {scheduler_job.py:190} INFO - Processing /home/airflow/.local/lib/python3.6/site-packages/airflow/example_dags/example_complex.py took 0.160 seconds
[2025-03-25 22:53:44,912] {scheduler_job.py:182} INFO - Started process (PID=1624) to work on /home/airflow/.local/lib/python3.6/site-packages/airflow/example_dags/example_complex.py
[2025-03-25 22:53:44,914] {scheduler_job.py:633} INFO - Processing file /home/airflow/.local/lib/python3.6/site-packages/airflow/example_dags/example_complex.py for tasks to queue
[2025-03-25 22:53:44,915] {logging_mixin.py:104} INFO - [2025-03-25 22:53:44,915] {dagbag.py:496} INFO - Filling up the DagBag from /home/airflow/.local/lib/python3.6/site-packages/airflow/example_dags/example_complex.py
[2025-03-25 22:53:44,951] {scheduler_job.py:643} INFO - DAG(s) dict_keys(['example_complex']) retrieved from /home/airflow/.local/lib/python3.6/site-packages/airflow/example_dags/example_complex.py
[2025-03-25 22:53:44,992] {logging_mixin.py:104} INFO - [2025-03-25 22:53:44,992] {dag.py:1833} INFO - Sync 1 DAGs
[2025-03-25 22:53:45,016] {logging_mixin.py:104} INFO - [2025-03-25 22:53:45,016] {dag.py:2306} INFO - Setting next_dagrun for example_complex to None
[2025-03-25 22:53:45,039] {scheduler_job.py:190} INFO - Processing /home/airflow/.local/lib/python3.6/site-packages/airflow/example_dags/example_complex.py took 0.131 seconds
[2025-03-25 22:54:15,149] {scheduler_job.py:182} INFO - Started process (PID=1677) to work on /home/airflow/.local/lib/python3.6/site-packages/airflow/example_dags/example_complex.py
[2025-03-25 22:54:15,150] {scheduler_job.py:633} INFO - Processing file /home/airflow/.local/lib/python3.6/site-packages/airflow/example_dags/example_complex.py for tasks to queue
[2025-03-25 22:54:15,152] {logging_mixin.py:104} INFO - [2025-03-25 22:54:15,151] {dagbag.py:496} INFO - Filling up the DagBag from /home/airflow/.local/lib/python3.6/site-packages/airflow/example_dags/example_complex.py
[2025-03-25 22:54:15,176] {scheduler_job.py:643} INFO - DAG(s) dict_keys(['example_complex']) retrieved from /home/airflow/.local/lib/python3.6/site-packages/airflow/example_dags/example_complex.py
[2025-03-25 22:54:15,211] {logging_mixin.py:104} INFO - [2025-03-25 22:54:15,211] {dag.py:1833} INFO - Sync 1 DAGs
[2025-03-25 22:54:15,229] {logging_mixin.py:104} INFO - [2025-03-25 22:54:15,229] {dag.py:2306} INFO - Setting next_dagrun for example_complex to None
[2025-03-25 22:54:15,245] {scheduler_job.py:190} INFO - Processing /home/airflow/.local/lib/python3.6/site-packages/airflow/example_dags/example_complex.py took 0.100 seconds
[2025-03-25 22:54:45,567] {scheduler_job.py:182} INFO - Started process (PID=1729) to work on /home/airflow/.local/lib/python3.6/site-packages/airflow/example_dags/example_complex.py
[2025-03-25 22:54:45,569] {scheduler_job.py:633} INFO - Processing file /home/airflow/.local/lib/python3.6/site-packages/airflow/example_dags/example_complex.py for tasks to queue
[2025-03-25 22:54:45,570] {logging_mixin.py:104} INFO - [2025-03-25 22:54:45,570] {dagbag.py:496} INFO - Filling up the DagBag from /home/airflow/.local/lib/python3.6/site-packages/airflow/example_dags/example_complex.py
[2025-03-25 22:54:45,593] {scheduler_job.py:643} INFO - DAG(s) dict_keys(['example_complex']) retrieved from /home/airflow/.local/lib/python3.6/site-packages/airflow/example_dags/example_complex.py
[2025-03-25 22:54:45,624] {logging_mixin.py:104} INFO - [2025-03-25 22:54:45,624] {dag.py:1833} INFO - Sync 1 DAGs
[2025-03-25 22:54:45,649] {logging_mixin.py:104} INFO - [2025-03-25 22:54:45,648] {dag.py:2306} INFO - Setting next_dagrun for example_complex to None
[2025-03-25 22:54:45,665] {scheduler_job.py:190} INFO - Processing /home/airflow/.local/lib/python3.6/site-packages/airflow/example_dags/example_complex.py took 0.102 seconds
[2025-03-25 22:55:16,179] {scheduler_job.py:182} INFO - Started process (PID=1792) to work on /home/airflow/.local/lib/python3.6/site-packages/airflow/example_dags/example_complex.py
[2025-03-25 22:55:16,180] {scheduler_job.py:633} INFO - Processing file /home/airflow/.local/lib/python3.6/site-packages/airflow/example_dags/example_complex.py for tasks to queue
[2025-03-25 22:55:16,181] {logging_mixin.py:104} INFO - [2025-03-25 22:55:16,181] {dagbag.py:496} INFO - Filling up the DagBag from /home/airflow/.local/lib/python3.6/site-packages/airflow/example_dags/example_complex.py
[2025-03-25 22:55:16,206] {scheduler_job.py:643} INFO - DAG(s) dict_keys(['example_complex']) retrieved from /home/airflow/.local/lib/python3.6/site-packages/airflow/example_dags/example_complex.py
[2025-03-25 22:55:16,238] {logging_mixin.py:104} INFO - [2025-03-25 22:55:16,238] {dag.py:1833} INFO - Sync 1 DAGs
[2025-03-25 22:55:16,257] {logging_mixin.py:104} INFO - [2025-03-25 22:55:16,257] {dag.py:2306} INFO - Setting next_dagrun for example_complex to None
[2025-03-25 22:55:16,275] {scheduler_job.py:190} INFO - Processing /home/airflow/.local/lib/python3.6/site-packages/airflow/example_dags/example_complex.py took 0.099 seconds
[2025-03-25 22:55:46,696] {scheduler_job.py:182} INFO - Started process (PID=1844) to work on /home/airflow/.local/lib/python3.6/site-packages/airflow/example_dags/example_complex.py
[2025-03-25 22:55:46,697] {scheduler_job.py:633} INFO - Processing file /home/airflow/.local/lib/python3.6/site-packages/airflow/example_dags/example_complex.py for tasks to queue
[2025-03-25 22:55:46,699] {logging_mixin.py:104} INFO - [2025-03-25 22:55:46,699] {dagbag.py:496} INFO - Filling up the DagBag from /home/airflow/.local/lib/python3.6/site-packages/airflow/example_dags/example_complex.py
[2025-03-25 22:55:46,732] {scheduler_job.py:643} INFO - DAG(s) dict_keys(['example_complex']) retrieved from /home/airflow/.local/lib/python3.6/site-packages/airflow/example_dags/example_complex.py
[2025-03-25 22:55:46,767] {logging_mixin.py:104} INFO - [2025-03-25 22:55:46,767] {dag.py:1833} INFO - Sync 1 DAGs
[2025-03-25 22:55:46,785] {logging_mixin.py:104} INFO - [2025-03-25 22:55:46,785] {dag.py:2306} INFO - Setting next_dagrun for example_complex to None
[2025-03-25 22:55:46,802] {scheduler_job.py:190} INFO - Processing /home/airflow/.local/lib/python3.6/site-packages/airflow/example_dags/example_complex.py took 0.111 seconds
[2025-03-25 22:56:17,076] {scheduler_job.py:182} INFO - Started process (PID=1897) to work on /home/airflow/.local/lib/python3.6/site-packages/airflow/example_dags/example_complex.py
[2025-03-25 22:56:17,078] {scheduler_job.py:633} INFO - Processing file /home/airflow/.local/lib/python3.6/site-packages/airflow/example_dags/example_complex.py for tasks to queue
[2025-03-25 22:56:17,079] {logging_mixin.py:104} INFO - [2025-03-25 22:56:17,079] {dagbag.py:496} INFO - Filling up the DagBag from /home/airflow/.local/lib/python3.6/site-packages/airflow/example_dags/example_complex.py
[2025-03-25 22:56:17,104] {scheduler_job.py:643} INFO - DAG(s) dict_keys(['example_complex']) retrieved from /home/airflow/.local/lib/python3.6/site-packages/airflow/example_dags/example_complex.py
[2025-03-25 22:56:17,136] {logging_mixin.py:104} INFO - [2025-03-25 22:56:17,135] {dag.py:1833} INFO - Sync 1 DAGs
[2025-03-25 22:56:17,158] {logging_mixin.py:104} INFO - [2025-03-25 22:56:17,158] {dag.py:2306} INFO - Setting next_dagrun for example_complex to None
[2025-03-25 22:56:17,177] {scheduler_job.py:190} INFO - Processing /home/airflow/.local/lib/python3.6/site-packages/airflow/example_dags/example_complex.py took 0.104 seconds
[2025-03-25 22:56:47,826] {scheduler_job.py:182} INFO - Started process (PID=1958) to work on /home/airflow/.local/lib/python3.6/site-packages/airflow/example_dags/example_complex.py
[2025-03-25 22:56:47,828] {scheduler_job.py:633} INFO - Processing file /home/airflow/.local/lib/python3.6/site-packages/airflow/example_dags/example_complex.py for tasks to queue
[2025-03-25 22:56:47,829] {logging_mixin.py:104} INFO - [2025-03-25 22:56:47,828] {dagbag.py:496} INFO - Filling up the DagBag from /home/airflow/.local/lib/python3.6/site-packages/airflow/example_dags/example_complex.py
[2025-03-25 22:56:47,853] {scheduler_job.py:643} INFO - DAG(s) dict_keys(['example_complex']) retrieved from /home/airflow/.local/lib/python3.6/site-packages/airflow/example_dags/example_complex.py
[2025-03-25 22:56:47,886] {logging_mixin.py:104} INFO - [2025-03-25 22:56:47,885] {dag.py:1833} INFO - Sync 1 DAGs
[2025-03-25 22:56:47,907] {logging_mixin.py:104} INFO - [2025-03-25 22:56:47,907] {dag.py:2306} INFO - Setting next_dagrun for example_complex to None
[2025-03-25 22:56:47,927] {scheduler_job.py:190} INFO - Processing /home/airflow/.local/lib/python3.6/site-packages/airflow/example_dags/example_complex.py took 0.104 seconds
[2025-03-25 22:57:17,970] {scheduler_job.py:182} INFO - Started process (PID=2010) to work on /home/airflow/.local/lib/python3.6/site-packages/airflow/example_dags/example_complex.py
[2025-03-25 22:57:17,971] {scheduler_job.py:633} INFO - Processing file /home/airflow/.local/lib/python3.6/site-packages/airflow/example_dags/example_complex.py for tasks to queue
[2025-03-25 22:57:17,973] {logging_mixin.py:104} INFO - [2025-03-25 22:57:17,973] {dagbag.py:496} INFO - Filling up the DagBag from /home/airflow/.local/lib/python3.6/site-packages/airflow/example_dags/example_complex.py
[2025-03-25 22:57:18,002] {scheduler_job.py:643} INFO - DAG(s) dict_keys(['example_complex']) retrieved from /home/airflow/.local/lib/python3.6/site-packages/airflow/example_dags/example_complex.py
[2025-03-25 22:57:18,042] {logging_mixin.py:104} INFO - [2025-03-25 22:57:18,042] {dag.py:1833} INFO - Sync 1 DAGs
[2025-03-25 22:57:18,063] {logging_mixin.py:104} INFO - [2025-03-25 22:57:18,063] {dag.py:2306} INFO - Setting next_dagrun for example_complex to None
[2025-03-25 22:57:18,084] {scheduler_job.py:190} INFO - Processing /home/airflow/.local/lib/python3.6/site-packages/airflow/example_dags/example_complex.py took 0.117 seconds
[2025-03-25 22:57:48,922] {scheduler_job.py:182} INFO - Started process (PID=2064) to work on /home/airflow/.local/lib/python3.6/site-packages/airflow/example_dags/example_complex.py
[2025-03-25 22:57:48,924] {scheduler_job.py:633} INFO - Processing file /home/airflow/.local/lib/python3.6/site-packages/airflow/example_dags/example_complex.py for tasks to queue
[2025-03-25 22:57:48,925] {logging_mixin.py:104} INFO - [2025-03-25 22:57:48,924] {dagbag.py:496} INFO - Filling up the DagBag from /home/airflow/.local/lib/python3.6/site-packages/airflow/example_dags/example_complex.py
[2025-03-25 22:57:48,951] {scheduler_job.py:643} INFO - DAG(s) dict_keys(['example_complex']) retrieved from /home/airflow/.local/lib/python3.6/site-packages/airflow/example_dags/example_complex.py
[2025-03-25 22:57:48,983] {logging_mixin.py:104} INFO - [2025-03-25 22:57:48,983] {dag.py:1833} INFO - Sync 1 DAGs
[2025-03-25 22:57:49,004] {logging_mixin.py:104} INFO - [2025-03-25 22:57:49,004] {dag.py:2306} INFO - Setting next_dagrun for example_complex to None
[2025-03-25 22:57:49,023] {scheduler_job.py:190} INFO - Processing /home/airflow/.local/lib/python3.6/site-packages/airflow/example_dags/example_complex.py took 0.104 seconds
[2025-03-25 22:58:19,135] {scheduler_job.py:182} INFO - Started process (PID=2126) to work on /home/airflow/.local/lib/python3.6/site-packages/airflow/example_dags/example_complex.py
[2025-03-25 22:58:19,139] {scheduler_job.py:633} INFO - Processing file /home/airflow/.local/lib/python3.6/site-packages/airflow/example_dags/example_complex.py for tasks to queue
[2025-03-25 22:58:19,141] {logging_mixin.py:104} INFO - [2025-03-25 22:58:19,140] {dagbag.py:496} INFO - Filling up the DagBag from /home/airflow/.local/lib/python3.6/site-packages/airflow/example_dags/example_complex.py
[2025-03-25 22:58:19,172] {scheduler_job.py:643} INFO - DAG(s) dict_keys(['example_complex']) retrieved from /home/airflow/.local/lib/python3.6/site-packages/airflow/example_dags/example_complex.py
[2025-03-25 22:58:19,213] {logging_mixin.py:104} INFO - [2025-03-25 22:58:19,213] {dag.py:1833} INFO - Sync 1 DAGs
[2025-03-25 22:58:19,240] {logging_mixin.py:104} INFO - [2025-03-25 22:58:19,239] {dag.py:2306} INFO - Setting next_dagrun for example_complex to None
[2025-03-25 22:58:19,259] {scheduler_job.py:190} INFO - Processing /home/airflow/.local/lib/python3.6/site-packages/airflow/example_dags/example_complex.py took 0.129 seconds
[2025-03-25 22:58:49,944] {scheduler_job.py:182} INFO - Started process (PID=2178) to work on /home/airflow/.local/lib/python3.6/site-packages/airflow/example_dags/example_complex.py
[2025-03-25 22:58:49,946] {scheduler_job.py:633} INFO - Processing file /home/airflow/.local/lib/python3.6/site-packages/airflow/example_dags/example_complex.py for tasks to queue
[2025-03-25 22:58:49,947] {logging_mixin.py:104} INFO - [2025-03-25 22:58:49,947] {dagbag.py:496} INFO - Filling up the DagBag from /home/airflow/.local/lib/python3.6/site-packages/airflow/example_dags/example_complex.py
[2025-03-25 22:58:49,978] {scheduler_job.py:643} INFO - DAG(s) dict_keys(['example_complex']) retrieved from /home/airflow/.local/lib/python3.6/site-packages/airflow/example_dags/example_complex.py
[2025-03-25 22:58:50,014] {logging_mixin.py:104} INFO - [2025-03-25 22:58:50,014] {dag.py:1833} INFO - Sync 1 DAGs
[2025-03-25 22:58:50,037] {logging_mixin.py:104} INFO - [2025-03-25 22:58:50,036] {dag.py:2306} INFO - Setting next_dagrun for example_complex to None
[2025-03-25 22:58:50,057] {scheduler_job.py:190} INFO - Processing /home/airflow/.local/lib/python3.6/site-packages/airflow/example_dags/example_complex.py took 0.118 seconds
[2025-03-25 22:59:20,306] {scheduler_job.py:182} INFO - Started process (PID=2239) to work on /home/airflow/.local/lib/python3.6/site-packages/airflow/example_dags/example_complex.py
[2025-03-25 22:59:20,308] {scheduler_job.py:633} INFO - Processing file /home/airflow/.local/lib/python3.6/site-packages/airflow/example_dags/example_complex.py for tasks to queue
[2025-03-25 22:59:20,309] {logging_mixin.py:104} INFO - [2025-03-25 22:59:20,309] {dagbag.py:496} INFO - Filling up the DagBag from /home/airflow/.local/lib/python3.6/site-packages/airflow/example_dags/example_complex.py
[2025-03-25 22:59:20,334] {scheduler_job.py:643} INFO - DAG(s) dict_keys(['example_complex']) retrieved from /home/airflow/.local/lib/python3.6/site-packages/airflow/example_dags/example_complex.py
[2025-03-25 22:59:20,375] {logging_mixin.py:104} INFO - [2025-03-25 22:59:20,374] {dag.py:1833} INFO - Sync 1 DAGs
[2025-03-25 22:59:20,394] {logging_mixin.py:104} INFO - [2025-03-25 22:59:20,394] {dag.py:2306} INFO - Setting next_dagrun for example_complex to None
[2025-03-25 22:59:20,414] {scheduler_job.py:190} INFO - Processing /home/airflow/.local/lib/python3.6/site-packages/airflow/example_dags/example_complex.py took 0.112 seconds
[2025-03-25 22:59:50,737] {scheduler_job.py:182} INFO - Started process (PID=2294) to work on /home/airflow/.local/lib/python3.6/site-packages/airflow/example_dags/example_complex.py
[2025-03-25 22:59:50,739] {scheduler_job.py:633} INFO - Processing file /home/airflow/.local/lib/python3.6/site-packages/airflow/example_dags/example_complex.py for tasks to queue
[2025-03-25 22:59:50,740] {logging_mixin.py:104} INFO - [2025-03-25 22:59:50,739] {dagbag.py:496} INFO - Filling up the DagBag from /home/airflow/.local/lib/python3.6/site-packages/airflow/example_dags/example_complex.py
[2025-03-25 22:59:50,765] {scheduler_job.py:643} INFO - DAG(s) dict_keys(['example_complex']) retrieved from /home/airflow/.local/lib/python3.6/site-packages/airflow/example_dags/example_complex.py
[2025-03-25 22:59:50,795] {logging_mixin.py:104} INFO - [2025-03-25 22:59:50,795] {dag.py:1833} INFO - Sync 1 DAGs
[2025-03-25 22:59:50,814] {logging_mixin.py:104} INFO - [2025-03-25 22:59:50,814] {dag.py:2306} INFO - Setting next_dagrun for example_complex to None
[2025-03-25 22:59:50,833] {scheduler_job.py:190} INFO - Processing /home/airflow/.local/lib/python3.6/site-packages/airflow/example_dags/example_complex.py took 0.099 seconds
[2025-03-25 23:00:21,356] {scheduler_job.py:182} INFO - Started process (PID=2346) to work on /home/airflow/.local/lib/python3.6/site-packages/airflow/example_dags/example_complex.py
[2025-03-25 23:00:21,357] {scheduler_job.py:633} INFO - Processing file /home/airflow/.local/lib/python3.6/site-packages/airflow/example_dags/example_complex.py for tasks to queue
[2025-03-25 23:00:21,358] {logging_mixin.py:104} INFO - [2025-03-25 23:00:21,358] {dagbag.py:496} INFO - Filling up the DagBag from /home/airflow/.local/lib/python3.6/site-packages/airflow/example_dags/example_complex.py
[2025-03-25 23:00:21,380] {scheduler_job.py:643} INFO - DAG(s) dict_keys(['example_complex']) retrieved from /home/airflow/.local/lib/python3.6/site-packages/airflow/example_dags/example_complex.py
[2025-03-25 23:00:21,413] {logging_mixin.py:104} INFO - [2025-03-25 23:00:21,413] {dag.py:1833} INFO - Sync 1 DAGs
[2025-03-25 23:00:21,435] {logging_mixin.py:104} INFO - [2025-03-25 23:00:21,434] {dag.py:2306} INFO - Setting next_dagrun for example_complex to None
[2025-03-25 23:00:21,454] {scheduler_job.py:190} INFO - Processing /home/airflow/.local/lib/python3.6/site-packages/airflow/example_dags/example_complex.py took 0.102 seconds
[2025-03-25 23:00:52,300] {scheduler_job.py:182} INFO - Started process (PID=2408) to work on /home/airflow/.local/lib/python3.6/site-packages/airflow/example_dags/example_complex.py
[2025-03-25 23:00:52,302] {scheduler_job.py:633} INFO - Processing file /home/airflow/.local/lib/python3.6/site-packages/airflow/example_dags/example_complex.py for tasks to queue
[2025-03-25 23:00:52,304] {logging_mixin.py:104} INFO - [2025-03-25 23:00:52,304] {dagbag.py:496} INFO - Filling up the DagBag from /home/airflow/.local/lib/python3.6/site-packages/airflow/example_dags/example_complex.py
[2025-03-25 23:00:52,340] {scheduler_job.py:643} INFO - DAG(s) dict_keys(['example_complex']) retrieved from /home/airflow/.local/lib/python3.6/site-packages/airflow/example_dags/example_complex.py
[2025-03-25 23:00:52,384] {logging_mixin.py:104} INFO - [2025-03-25 23:00:52,383] {dag.py:1833} INFO - Sync 1 DAGs
[2025-03-25 23:00:52,410] {logging_mixin.py:104} INFO - [2025-03-25 23:00:52,410] {dag.py:2306} INFO - Setting next_dagrun for example_complex to None
[2025-03-25 23:00:52,430] {scheduler_job.py:190} INFO - Processing /home/airflow/.local/lib/python3.6/site-packages/airflow/example_dags/example_complex.py took 0.135 seconds
[2025-03-25 23:01:22,670] {scheduler_job.py:182} INFO - Started process (PID=2461) to work on /home/airflow/.local/lib/python3.6/site-packages/airflow/example_dags/example_complex.py
[2025-03-25 23:01:22,672] {scheduler_job.py:633} INFO - Processing file /home/airflow/.local/lib/python3.6/site-packages/airflow/example_dags/example_complex.py for tasks to queue
[2025-03-25 23:01:22,673] {logging_mixin.py:104} INFO - [2025-03-25 23:01:22,673] {dagbag.py:496} INFO - Filling up the DagBag from /home/airflow/.local/lib/python3.6/site-packages/airflow/example_dags/example_complex.py
[2025-03-25 23:01:22,698] {scheduler_job.py:643} INFO - DAG(s) dict_keys(['example_complex']) retrieved from /home/airflow/.local/lib/python3.6/site-packages/airflow/example_dags/example_complex.py
[2025-03-25 23:01:22,733] {logging_mixin.py:104} INFO - [2025-03-25 23:01:22,732] {dag.py:1833} INFO - Sync 1 DAGs
[2025-03-25 23:01:22,753] {logging_mixin.py:104} INFO - [2025-03-25 23:01:22,753] {dag.py:2306} INFO - Setting next_dagrun for example_complex to None
[2025-03-25 23:01:22,772] {scheduler_job.py:190} INFO - Processing /home/airflow/.local/lib/python3.6/site-packages/airflow/example_dags/example_complex.py took 0.105 seconds
[2025-03-25 23:01:53,602] {scheduler_job.py:182} INFO - Started process (PID=2514) to work on /home/airflow/.local/lib/python3.6/site-packages/airflow/example_dags/example_complex.py
[2025-03-25 23:01:53,604] {scheduler_job.py:633} INFO - Processing file /home/airflow/.local/lib/python3.6/site-packages/airflow/example_dags/example_complex.py for tasks to queue
[2025-03-25 23:01:53,605] {logging_mixin.py:104} INFO - [2025-03-25 23:01:53,605] {dagbag.py:496} INFO - Filling up the DagBag from /home/airflow/.local/lib/python3.6/site-packages/airflow/example_dags/example_complex.py
[2025-03-25 23:01:53,629] {scheduler_job.py:643} INFO - DAG(s) dict_keys(['example_complex']) retrieved from /home/airflow/.local/lib/python3.6/site-packages/airflow/example_dags/example_complex.py
[2025-03-25 23:01:53,661] {logging_mixin.py:104} INFO - [2025-03-25 23:01:53,661] {dag.py:1833} INFO - Sync 1 DAGs
[2025-03-25 23:01:53,680] {logging_mixin.py:104} INFO - [2025-03-25 23:01:53,680] {dag.py:2306} INFO - Setting next_dagrun for example_complex to None
[2025-03-25 23:01:53,703] {scheduler_job.py:190} INFO - Processing /home/airflow/.local/lib/python3.6/site-packages/airflow/example_dags/example_complex.py took 0.104 seconds
[2025-03-25 23:02:24,606] {scheduler_job.py:182} INFO - Started process (PID=2577) to work on /home/airflow/.local/lib/python3.6/site-packages/airflow/example_dags/example_complex.py
[2025-03-25 23:02:24,607] {scheduler_job.py:633} INFO - Processing file /home/airflow/.local/lib/python3.6/site-packages/airflow/example_dags/example_complex.py for tasks to queue
[2025-03-25 23:02:24,609] {logging_mixin.py:104} INFO - [2025-03-25 23:02:24,608] {dagbag.py:496} INFO - Filling up the DagBag from /home/airflow/.local/lib/python3.6/site-packages/airflow/example_dags/example_complex.py
[2025-03-25 23:02:24,633] {scheduler_job.py:643} INFO - DAG(s) dict_keys(['example_complex']) retrieved from /home/airflow/.local/lib/python3.6/site-packages/airflow/example_dags/example_complex.py
[2025-03-25 23:02:24,665] {logging_mixin.py:104} INFO - [2025-03-25 23:02:24,665] {dag.py:1833} INFO - Sync 1 DAGs
[2025-03-25 23:02:24,684] {logging_mixin.py:104} INFO - [2025-03-25 23:02:24,684] {dag.py:2306} INFO - Setting next_dagrun for example_complex to None
[2025-03-25 23:02:24,703] {scheduler_job.py:190} INFO - Processing /home/airflow/.local/lib/python3.6/site-packages/airflow/example_dags/example_complex.py took 0.100 seconds
[2025-03-25 23:02:54,904] {scheduler_job.py:182} INFO - Started process (PID=2630) to work on /home/airflow/.local/lib/python3.6/site-packages/airflow/example_dags/example_complex.py
[2025-03-25 23:02:54,906] {scheduler_job.py:633} INFO - Processing file /home/airflow/.local/lib/python3.6/site-packages/airflow/example_dags/example_complex.py for tasks to queue
[2025-03-25 23:02:54,907] {logging_mixin.py:104} INFO - [2025-03-25 23:02:54,907] {dagbag.py:496} INFO - Filling up the DagBag from /home/airflow/.local/lib/python3.6/site-packages/airflow/example_dags/example_complex.py
[2025-03-25 23:02:54,930] {scheduler_job.py:643} INFO - DAG(s) dict_keys(['example_complex']) retrieved from /home/airflow/.local/lib/python3.6/site-packages/airflow/example_dags/example_complex.py
[2025-03-25 23:02:54,962] {logging_mixin.py:104} INFO - [2025-03-25 23:02:54,962] {dag.py:1833} INFO - Sync 1 DAGs
[2025-03-25 23:02:54,983] {logging_mixin.py:104} INFO - [2025-03-25 23:02:54,982] {dag.py:2306} INFO - Setting next_dagrun for example_complex to None
[2025-03-25 23:02:55,005] {scheduler_job.py:190} INFO - Processing /home/airflow/.local/lib/python3.6/site-packages/airflow/example_dags/example_complex.py took 0.104 seconds
[2025-03-25 23:03:25,122] {scheduler_job.py:182} INFO - Started process (PID=2682) to work on /home/airflow/.local/lib/python3.6/site-packages/airflow/example_dags/example_complex.py
[2025-03-25 23:03:25,124] {scheduler_job.py:633} INFO - Processing file /home/airflow/.local/lib/python3.6/site-packages/airflow/example_dags/example_complex.py for tasks to queue
[2025-03-25 23:03:25,126] {logging_mixin.py:104} INFO - [2025-03-25 23:03:25,126] {dagbag.py:496} INFO - Filling up the DagBag from /home/airflow/.local/lib/python3.6/site-packages/airflow/example_dags/example_complex.py
[2025-03-25 23:03:25,150] {scheduler_job.py:643} INFO - DAG(s) dict_keys(['example_complex']) retrieved from /home/airflow/.local/lib/python3.6/site-packages/airflow/example_dags/example_complex.py
[2025-03-25 23:03:25,183] {logging_mixin.py:104} INFO - [2025-03-25 23:03:25,183] {dag.py:1833} INFO - Sync 1 DAGs
[2025-03-25 23:03:25,205] {logging_mixin.py:104} INFO - [2025-03-25 23:03:25,204] {dag.py:2306} INFO - Setting next_dagrun for example_complex to None
[2025-03-25 23:03:25,222] {scheduler_job.py:190} INFO - Processing /home/airflow/.local/lib/python3.6/site-packages/airflow/example_dags/example_complex.py took 0.104 seconds
[2025-03-25 23:14:20,582] {scheduler_job.py:182} INFO - Started process (PID=275) to work on /home/airflow/.local/lib/python3.6/site-packages/airflow/example_dags/example_complex.py
[2025-03-25 23:14:20,584] {scheduler_job.py:633} INFO - Processing file /home/airflow/.local/lib/python3.6/site-packages/airflow/example_dags/example_complex.py for tasks to queue
[2025-03-25 23:14:20,586] {logging_mixin.py:104} INFO - [2025-03-25 23:14:20,586] {dagbag.py:496} INFO - Filling up the DagBag from /home/airflow/.local/lib/python3.6/site-packages/airflow/example_dags/example_complex.py
[2025-03-25 23:14:20,636] {scheduler_job.py:643} INFO - DAG(s) dict_keys(['example_complex']) retrieved from /home/airflow/.local/lib/python3.6/site-packages/airflow/example_dags/example_complex.py
[2025-03-25 23:14:23,734] {logging_mixin.py:104} INFO - [2025-03-25 23:14:23,734] {dag.py:1833} INFO - Sync 1 DAGs
[2025-03-25 23:14:23,749] {logging_mixin.py:104} INFO - [2025-03-25 23:14:23,748] {dag.py:1852} INFO - Creating ORM DAG for example_complex
[2025-03-25 23:14:23,756] {logging_mixin.py:104} INFO - [2025-03-25 23:14:23,756] {dag.py:2306} INFO - Setting next_dagrun for example_complex to None
[2025-03-25 23:14:23,775] {scheduler_job.py:190} INFO - Processing /home/airflow/.local/lib/python3.6/site-packages/airflow/example_dags/example_complex.py took 3.198 seconds
[2025-03-25 23:14:54,633] {scheduler_job.py:182} INFO - Started process (PID=409) to work on /home/airflow/.local/lib/python3.6/site-packages/airflow/example_dags/example_complex.py
[2025-03-25 23:14:54,634] {scheduler_job.py:633} INFO - Processing file /home/airflow/.local/lib/python3.6/site-packages/airflow/example_dags/example_complex.py for tasks to queue
[2025-03-25 23:14:54,635] {logging_mixin.py:104} INFO - [2025-03-25 23:14:54,635] {dagbag.py:496} INFO - Filling up the DagBag from /home/airflow/.local/lib/python3.6/site-packages/airflow/example_dags/example_complex.py
[2025-03-25 23:14:54,665] {scheduler_job.py:643} INFO - DAG(s) dict_keys(['example_complex']) retrieved from /home/airflow/.local/lib/python3.6/site-packages/airflow/example_dags/example_complex.py
[2025-03-25 23:14:54,698] {logging_mixin.py:104} INFO - [2025-03-25 23:14:54,698] {dag.py:1833} INFO - Sync 1 DAGs
[2025-03-25 23:14:54,719] {logging_mixin.py:104} INFO - [2025-03-25 23:14:54,719] {dag.py:2306} INFO - Setting next_dagrun for example_complex to None
[2025-03-25 23:14:54,736] {scheduler_job.py:190} INFO - Processing /home/airflow/.local/lib/python3.6/site-packages/airflow/example_dags/example_complex.py took 0.107 seconds
[2025-03-25 23:15:25,203] {scheduler_job.py:182} INFO - Started process (PID=461) to work on /home/airflow/.local/lib/python3.6/site-packages/airflow/example_dags/example_complex.py
[2025-03-25 23:15:25,205] {scheduler_job.py:633} INFO - Processing file /home/airflow/.local/lib/python3.6/site-packages/airflow/example_dags/example_complex.py for tasks to queue
[2025-03-25 23:15:25,206] {logging_mixin.py:104} INFO - [2025-03-25 23:15:25,206] {dagbag.py:496} INFO - Filling up the DagBag from /home/airflow/.local/lib/python3.6/site-packages/airflow/example_dags/example_complex.py
[2025-03-25 23:15:25,240] {scheduler_job.py:643} INFO - DAG(s) dict_keys(['example_complex']) retrieved from /home/airflow/.local/lib/python3.6/site-packages/airflow/example_dags/example_complex.py
[2025-03-25 23:15:25,307] {logging_mixin.py:104} INFO - [2025-03-25 23:15:25,306] {dag.py:1833} INFO - Sync 1 DAGs
[2025-03-25 23:15:25,333] {logging_mixin.py:104} INFO - [2025-03-25 23:15:25,333] {dag.py:2306} INFO - Setting next_dagrun for example_complex to None
[2025-03-25 23:15:25,354] {scheduler_job.py:190} INFO - Processing /home/airflow/.local/lib/python3.6/site-packages/airflow/example_dags/example_complex.py took 0.154 seconds
[2025-03-25 23:15:55,424] {scheduler_job.py:182} INFO - Started process (PID=513) to work on /home/airflow/.local/lib/python3.6/site-packages/airflow/example_dags/example_complex.py
[2025-03-25 23:15:55,427] {scheduler_job.py:633} INFO - Processing file /home/airflow/.local/lib/python3.6/site-packages/airflow/example_dags/example_complex.py for tasks to queue
[2025-03-25 23:15:55,428] {logging_mixin.py:104} INFO - [2025-03-25 23:15:55,428] {dagbag.py:496} INFO - Filling up the DagBag from /home/airflow/.local/lib/python3.6/site-packages/airflow/example_dags/example_complex.py
[2025-03-25 23:15:55,456] {scheduler_job.py:643} INFO - DAG(s) dict_keys(['example_complex']) retrieved from /home/airflow/.local/lib/python3.6/site-packages/airflow/example_dags/example_complex.py
[2025-03-25 23:15:55,493] {logging_mixin.py:104} INFO - [2025-03-25 23:15:55,493] {dag.py:1833} INFO - Sync 1 DAGs
[2025-03-25 23:15:55,523] {logging_mixin.py:104} INFO - [2025-03-25 23:15:55,523] {dag.py:2306} INFO - Setting next_dagrun for example_complex to None
[2025-03-25 23:15:55,544] {scheduler_job.py:190} INFO - Processing /home/airflow/.local/lib/python3.6/site-packages/airflow/example_dags/example_complex.py took 0.123 seconds
[2025-03-25 23:16:26,270] {scheduler_job.py:182} INFO - Started process (PID=575) to work on /home/airflow/.local/lib/python3.6/site-packages/airflow/example_dags/example_complex.py
[2025-03-25 23:16:26,272] {scheduler_job.py:633} INFO - Processing file /home/airflow/.local/lib/python3.6/site-packages/airflow/example_dags/example_complex.py for tasks to queue
[2025-03-25 23:16:26,273] {logging_mixin.py:104} INFO - [2025-03-25 23:16:26,273] {dagbag.py:496} INFO - Filling up the DagBag from /home/airflow/.local/lib/python3.6/site-packages/airflow/example_dags/example_complex.py
[2025-03-25 23:16:26,295] {scheduler_job.py:643} INFO - DAG(s) dict_keys(['example_complex']) retrieved from /home/airflow/.local/lib/python3.6/site-packages/airflow/example_dags/example_complex.py
[2025-03-25 23:16:26,329] {logging_mixin.py:104} INFO - [2025-03-25 23:16:26,329] {dag.py:1833} INFO - Sync 1 DAGs
[2025-03-25 23:16:26,348] {logging_mixin.py:104} INFO - [2025-03-25 23:16:26,348] {dag.py:2306} INFO - Setting next_dagrun for example_complex to None
[2025-03-25 23:16:26,365] {scheduler_job.py:190} INFO - Processing /home/airflow/.local/lib/python3.6/site-packages/airflow/example_dags/example_complex.py took 0.098 seconds
[2025-03-25 23:16:56,960] {scheduler_job.py:182} INFO - Started process (PID=627) to work on /home/airflow/.local/lib/python3.6/site-packages/airflow/example_dags/example_complex.py
[2025-03-25 23:16:56,961] {scheduler_job.py:633} INFO - Processing file /home/airflow/.local/lib/python3.6/site-packages/airflow/example_dags/example_complex.py for tasks to queue
[2025-03-25 23:16:56,962] {logging_mixin.py:104} INFO - [2025-03-25 23:16:56,962] {dagbag.py:496} INFO - Filling up the DagBag from /home/airflow/.local/lib/python3.6/site-packages/airflow/example_dags/example_complex.py
[2025-03-25 23:16:56,987] {scheduler_job.py:643} INFO - DAG(s) dict_keys(['example_complex']) retrieved from /home/airflow/.local/lib/python3.6/site-packages/airflow/example_dags/example_complex.py
[2025-03-25 23:16:57,018] {logging_mixin.py:104} INFO - [2025-03-25 23:16:57,018] {dag.py:1833} INFO - Sync 1 DAGs
[2025-03-25 23:16:57,040] {logging_mixin.py:104} INFO - [2025-03-25 23:16:57,040] {dag.py:2306} INFO - Setting next_dagrun for example_complex to None
[2025-03-25 23:16:57,059] {scheduler_job.py:190} INFO - Processing /home/airflow/.local/lib/python3.6/site-packages/airflow/example_dags/example_complex.py took 0.103 seconds
[2025-03-25 23:17:27,542] {scheduler_job.py:182} INFO - Started process (PID=679) to work on /home/airflow/.local/lib/python3.6/site-packages/airflow/example_dags/example_complex.py
[2025-03-25 23:17:27,544] {scheduler_job.py:633} INFO - Processing file /home/airflow/.local/lib/python3.6/site-packages/airflow/example_dags/example_complex.py for tasks to queue
[2025-03-25 23:17:27,545] {logging_mixin.py:104} INFO - [2025-03-25 23:17:27,545] {dagbag.py:496} INFO - Filling up the DagBag from /home/airflow/.local/lib/python3.6/site-packages/airflow/example_dags/example_complex.py
[2025-03-25 23:17:27,569] {scheduler_job.py:643} INFO - DAG(s) dict_keys(['example_complex']) retrieved from /home/airflow/.local/lib/python3.6/site-packages/airflow/example_dags/example_complex.py
[2025-03-25 23:17:27,600] {logging_mixin.py:104} INFO - [2025-03-25 23:17:27,600] {dag.py:1833} INFO - Sync 1 DAGs
[2025-03-25 23:17:27,619] {logging_mixin.py:104} INFO - [2025-03-25 23:17:27,619] {dag.py:2306} INFO - Setting next_dagrun for example_complex to None
[2025-03-25 23:17:27,637] {scheduler_job.py:190} INFO - Processing /home/airflow/.local/lib/python3.6/site-packages/airflow/example_dags/example_complex.py took 0.098 seconds
[2025-03-25 23:17:57,857] {scheduler_job.py:182} INFO - Started process (PID=741) to work on /home/airflow/.local/lib/python3.6/site-packages/airflow/example_dags/example_complex.py
[2025-03-25 23:17:57,859] {scheduler_job.py:633} INFO - Processing file /home/airflow/.local/lib/python3.6/site-packages/airflow/example_dags/example_complex.py for tasks to queue
[2025-03-25 23:17:57,860] {logging_mixin.py:104} INFO - [2025-03-25 23:17:57,860] {dagbag.py:496} INFO - Filling up the DagBag from /home/airflow/.local/lib/python3.6/site-packages/airflow/example_dags/example_complex.py
[2025-03-25 23:17:57,894] {scheduler_job.py:643} INFO - DAG(s) dict_keys(['example_complex']) retrieved from /home/airflow/.local/lib/python3.6/site-packages/airflow/example_dags/example_complex.py
[2025-03-25 23:17:57,939] {logging_mixin.py:104} INFO - [2025-03-25 23:17:57,939] {dag.py:1833} INFO - Sync 1 DAGs
[2025-03-25 23:17:57,967] {logging_mixin.py:104} INFO - [2025-03-25 23:17:57,967] {dag.py:2306} INFO - Setting next_dagrun for example_complex to None
[2025-03-25 23:17:57,992] {scheduler_job.py:190} INFO - Processing /home/airflow/.local/lib/python3.6/site-packages/airflow/example_dags/example_complex.py took 0.140 seconds
[2025-03-25 23:18:28,859] {scheduler_job.py:182} INFO - Started process (PID=794) to work on /home/airflow/.local/lib/python3.6/site-packages/airflow/example_dags/example_complex.py
[2025-03-25 23:18:28,860] {scheduler_job.py:633} INFO - Processing file /home/airflow/.local/lib/python3.6/site-packages/airflow/example_dags/example_complex.py for tasks to queue
[2025-03-25 23:18:28,861] {logging_mixin.py:104} INFO - [2025-03-25 23:18:28,861] {dagbag.py:496} INFO - Filling up the DagBag from /home/airflow/.local/lib/python3.6/site-packages/airflow/example_dags/example_complex.py
[2025-03-25 23:18:28,885] {scheduler_job.py:643} INFO - DAG(s) dict_keys(['example_complex']) retrieved from /home/airflow/.local/lib/python3.6/site-packages/airflow/example_dags/example_complex.py
[2025-03-25 23:18:28,919] {logging_mixin.py:104} INFO - [2025-03-25 23:18:28,919] {dag.py:1833} INFO - Sync 1 DAGs
[2025-03-25 23:18:28,941] {logging_mixin.py:104} INFO - [2025-03-25 23:18:28,941] {dag.py:2306} INFO - Setting next_dagrun for example_complex to None
[2025-03-25 23:18:28,960] {scheduler_job.py:190} INFO - Processing /home/airflow/.local/lib/python3.6/site-packages/airflow/example_dags/example_complex.py took 0.105 seconds
[2025-03-25T23:45:51.194+0000] {processor.py:161} INFO - Started process (PID=102) to work on /home/airflow/.local/lib/python3.8/site-packages/airflow/example_dags/example_complex.py
[2025-03-25T23:45:51.196+0000] {processor.py:830} INFO - Processing file /home/airflow/.local/lib/python3.8/site-packages/airflow/example_dags/example_complex.py for tasks to queue
[2025-03-25T23:45:51.198+0000] {logging_mixin.py:188} INFO - [2025-03-25T23:45:51.198+0000] {dagbag.py:538} INFO - Filling up the DagBag from /home/airflow/.local/lib/python3.8/site-packages/airflow/example_dags/example_complex.py
[2025-03-25T23:45:51.220+0000] {processor.py:840} INFO - DAG(s) 'example_complex' retrieved from /home/airflow/.local/lib/python3.8/site-packages/airflow/example_dags/example_complex.py
[2025-03-25T23:45:51.446+0000] {logging_mixin.py:188} INFO - [2025-03-25T23:45:51.445+0000] {override.py:1769} INFO - Created Permission View: can edit on DAG:example_complex
[2025-03-25T23:45:51.468+0000] {logging_mixin.py:188} INFO - [2025-03-25T23:45:51.467+0000] {override.py:1769} INFO - Created Permission View: can delete on DAG:example_complex
[2025-03-25T23:45:51.483+0000] {logging_mixin.py:188} INFO - [2025-03-25T23:45:51.483+0000] {override.py:1769} INFO - Created Permission View: can read on DAG:example_complex
[2025-03-25T23:45:51.484+0000] {logging_mixin.py:188} INFO - [2025-03-25T23:45:51.484+0000] {dag.py:3036} INFO - Sync 1 DAGs
[2025-03-25T23:45:51.503+0000] {logging_mixin.py:188} INFO - [2025-03-25T23:45:51.502+0000] {dag.py:3058} INFO - Creating ORM DAG for example_complex
[2025-03-25T23:45:51.504+0000] {logging_mixin.py:188} INFO - [2025-03-25T23:45:51.504+0000] {dag.py:3823} INFO - Setting next_dagrun for example_complex to None, run_after=None
[2025-03-25T23:45:51.536+0000] {processor.py:183} INFO - Processing /home/airflow/.local/lib/python3.8/site-packages/airflow/example_dags/example_complex.py took 0.346 seconds
[2025-03-25T23:46:22.099+0000] {processor.py:161} INFO - Started process (PID=177) to work on /home/airflow/.local/lib/python3.8/site-packages/airflow/example_dags/example_complex.py
[2025-03-25T23:46:22.108+0000] {processor.py:830} INFO - Processing file /home/airflow/.local/lib/python3.8/site-packages/airflow/example_dags/example_complex.py for tasks to queue
[2025-03-25T23:46:22.128+0000] {logging_mixin.py:188} INFO - [2025-03-25T23:46:22.127+0000] {dagbag.py:538} INFO - Filling up the DagBag from /home/airflow/.local/lib/python3.8/site-packages/airflow/example_dags/example_complex.py
[2025-03-25T23:46:22.206+0000] {processor.py:840} INFO - DAG(s) 'example_complex' retrieved from /home/airflow/.local/lib/python3.8/site-packages/airflow/example_dags/example_complex.py
[2025-03-25T23:46:22.276+0000] {logging_mixin.py:188} INFO - [2025-03-25T23:46:22.276+0000] {dag.py:3036} INFO - Sync 1 DAGs
[2025-03-25T23:46:22.296+0000] {logging_mixin.py:188} INFO - [2025-03-25T23:46:22.296+0000] {dag.py:3823} INFO - Setting next_dagrun for example_complex to None, run_after=None
[2025-03-25T23:46:22.350+0000] {processor.py:183} INFO - Processing /home/airflow/.local/lib/python3.8/site-packages/airflow/example_dags/example_complex.py took 0.257 seconds
[2025-03-25T23:46:53.009+0000] {processor.py:161} INFO - Started process (PID=252) to work on /home/airflow/.local/lib/python3.8/site-packages/airflow/example_dags/example_complex.py
[2025-03-25T23:46:53.011+0000] {processor.py:830} INFO - Processing file /home/airflow/.local/lib/python3.8/site-packages/airflow/example_dags/example_complex.py for tasks to queue
[2025-03-25T23:46:53.013+0000] {logging_mixin.py:188} INFO - [2025-03-25T23:46:53.013+0000] {dagbag.py:538} INFO - Filling up the DagBag from /home/airflow/.local/lib/python3.8/site-packages/airflow/example_dags/example_complex.py
[2025-03-25T23:46:53.029+0000] {processor.py:840} INFO - DAG(s) 'example_complex' retrieved from /home/airflow/.local/lib/python3.8/site-packages/airflow/example_dags/example_complex.py
[2025-03-25T23:46:53.082+0000] {logging_mixin.py:188} INFO - [2025-03-25T23:46:53.082+0000] {dag.py:3036} INFO - Sync 1 DAGs
[2025-03-25T23:46:53.102+0000] {logging_mixin.py:188} INFO - [2025-03-25T23:46:53.102+0000] {dag.py:3823} INFO - Setting next_dagrun for example_complex to None, run_after=None
[2025-03-25T23:46:53.138+0000] {processor.py:183} INFO - Processing /home/airflow/.local/lib/python3.8/site-packages/airflow/example_dags/example_complex.py took 0.133 seconds
[2025-03-25T23:47:23.574+0000] {processor.py:161} INFO - Started process (PID=326) to work on /home/airflow/.local/lib/python3.8/site-packages/airflow/example_dags/example_complex.py
[2025-03-25T23:47:23.575+0000] {processor.py:830} INFO - Processing file /home/airflow/.local/lib/python3.8/site-packages/airflow/example_dags/example_complex.py for tasks to queue
[2025-03-25T23:47:23.579+0000] {logging_mixin.py:188} INFO - [2025-03-25T23:47:23.578+0000] {dagbag.py:538} INFO - Filling up the DagBag from /home/airflow/.local/lib/python3.8/site-packages/airflow/example_dags/example_complex.py
[2025-03-25T23:47:23.600+0000] {processor.py:840} INFO - DAG(s) 'example_complex' retrieved from /home/airflow/.local/lib/python3.8/site-packages/airflow/example_dags/example_complex.py
[2025-03-25T23:47:23.660+0000] {logging_mixin.py:188} INFO - [2025-03-25T23:47:23.659+0000] {dag.py:3036} INFO - Sync 1 DAGs
[2025-03-25T23:47:23.683+0000] {logging_mixin.py:188} INFO - [2025-03-25T23:47:23.683+0000] {dag.py:3823} INFO - Setting next_dagrun for example_complex to None, run_after=None
[2025-03-25T23:47:23.716+0000] {processor.py:183} INFO - Processing /home/airflow/.local/lib/python3.8/site-packages/airflow/example_dags/example_complex.py took 0.147 seconds
[2025-03-25T23:47:54.164+0000] {processor.py:161} INFO - Started process (PID=401) to work on /home/airflow/.local/lib/python3.8/site-packages/airflow/example_dags/example_complex.py
[2025-03-25T23:47:54.166+0000] {processor.py:830} INFO - Processing file /home/airflow/.local/lib/python3.8/site-packages/airflow/example_dags/example_complex.py for tasks to queue
[2025-03-25T23:47:54.169+0000] {logging_mixin.py:188} INFO - [2025-03-25T23:47:54.168+0000] {dagbag.py:538} INFO - Filling up the DagBag from /home/airflow/.local/lib/python3.8/site-packages/airflow/example_dags/example_complex.py
[2025-03-25T23:47:54.187+0000] {processor.py:840} INFO - DAG(s) 'example_complex' retrieved from /home/airflow/.local/lib/python3.8/site-packages/airflow/example_dags/example_complex.py
[2025-03-25T23:47:54.233+0000] {logging_mixin.py:188} INFO - [2025-03-25T23:47:54.232+0000] {dag.py:3036} INFO - Sync 1 DAGs
[2025-03-25T23:47:54.250+0000] {logging_mixin.py:188} INFO - [2025-03-25T23:47:54.250+0000] {dag.py:3823} INFO - Setting next_dagrun for example_complex to None, run_after=None
[2025-03-25T23:47:54.280+0000] {processor.py:183} INFO - Processing /home/airflow/.local/lib/python3.8/site-packages/airflow/example_dags/example_complex.py took 0.119 seconds
[2025-03-25T23:48:25.114+0000] {processor.py:161} INFO - Started process (PID=475) to work on /home/airflow/.local/lib/python3.8/site-packages/airflow/example_dags/example_complex.py
[2025-03-25T23:48:25.117+0000] {processor.py:830} INFO - Processing file /home/airflow/.local/lib/python3.8/site-packages/airflow/example_dags/example_complex.py for tasks to queue
[2025-03-25T23:48:25.122+0000] {logging_mixin.py:188} INFO - [2025-03-25T23:48:25.121+0000] {dagbag.py:538} INFO - Filling up the DagBag from /home/airflow/.local/lib/python3.8/site-packages/airflow/example_dags/example_complex.py
[2025-03-25T23:48:25.155+0000] {processor.py:840} INFO - DAG(s) 'example_complex' retrieved from /home/airflow/.local/lib/python3.8/site-packages/airflow/example_dags/example_complex.py
[2025-03-25T23:48:25.226+0000] {logging_mixin.py:188} INFO - [2025-03-25T23:48:25.225+0000] {dag.py:3036} INFO - Sync 1 DAGs
[2025-03-25T23:48:25.248+0000] {logging_mixin.py:188} INFO - [2025-03-25T23:48:25.248+0000] {dag.py:3823} INFO - Setting next_dagrun for example_complex to None, run_after=None
[2025-03-25T23:48:25.286+0000] {processor.py:183} INFO - Processing /home/airflow/.local/lib/python3.8/site-packages/airflow/example_dags/example_complex.py took 0.178 seconds
[2025-03-25T23:48:55.506+0000] {processor.py:161} INFO - Started process (PID=557) to work on /home/airflow/.local/lib/python3.8/site-packages/airflow/example_dags/example_complex.py
[2025-03-25T23:48:55.508+0000] {processor.py:830} INFO - Processing file /home/airflow/.local/lib/python3.8/site-packages/airflow/example_dags/example_complex.py for tasks to queue
[2025-03-25T23:48:55.512+0000] {logging_mixin.py:188} INFO - [2025-03-25T23:48:55.511+0000] {dagbag.py:538} INFO - Filling up the DagBag from /home/airflow/.local/lib/python3.8/site-packages/airflow/example_dags/example_complex.py
[2025-03-25T23:48:55.534+0000] {processor.py:840} INFO - DAG(s) 'example_complex' retrieved from /home/airflow/.local/lib/python3.8/site-packages/airflow/example_dags/example_complex.py
[2025-03-25T23:48:55.593+0000] {logging_mixin.py:188} INFO - [2025-03-25T23:48:55.592+0000] {dag.py:3036} INFO - Sync 1 DAGs
[2025-03-25T23:48:55.615+0000] {logging_mixin.py:188} INFO - [2025-03-25T23:48:55.615+0000] {dag.py:3823} INFO - Setting next_dagrun for example_complex to None, run_after=None
[2025-03-25T23:48:55.655+0000] {processor.py:183} INFO - Processing /home/airflow/.local/lib/python3.8/site-packages/airflow/example_dags/example_complex.py took 0.153 seconds
[2025-03-25T23:49:26.097+0000] {processor.py:161} INFO - Started process (PID=632) to work on /home/airflow/.local/lib/python3.8/site-packages/airflow/example_dags/example_complex.py
[2025-03-25T23:49:26.100+0000] {processor.py:830} INFO - Processing file /home/airflow/.local/lib/python3.8/site-packages/airflow/example_dags/example_complex.py for tasks to queue
[2025-03-25T23:49:26.103+0000] {logging_mixin.py:188} INFO - [2025-03-25T23:49:26.102+0000] {dagbag.py:538} INFO - Filling up the DagBag from /home/airflow/.local/lib/python3.8/site-packages/airflow/example_dags/example_complex.py
[2025-03-25T23:49:26.128+0000] {processor.py:840} INFO - DAG(s) 'example_complex' retrieved from /home/airflow/.local/lib/python3.8/site-packages/airflow/example_dags/example_complex.py
[2025-03-25T23:49:26.186+0000] {logging_mixin.py:188} INFO - [2025-03-25T23:49:26.186+0000] {dag.py:3036} INFO - Sync 1 DAGs
[2025-03-25T23:49:26.210+0000] {logging_mixin.py:188} INFO - [2025-03-25T23:49:26.209+0000] {dag.py:3823} INFO - Setting next_dagrun for example_complex to None, run_after=None
[2025-03-25T23:49:26.253+0000] {processor.py:183} INFO - Processing /home/airflow/.local/lib/python3.8/site-packages/airflow/example_dags/example_complex.py took 0.163 seconds
[2025-03-25T23:49:56.380+0000] {processor.py:161} INFO - Started process (PID=697) to work on /home/airflow/.local/lib/python3.8/site-packages/airflow/example_dags/example_complex.py
[2025-03-25T23:49:56.381+0000] {processor.py:830} INFO - Processing file /home/airflow/.local/lib/python3.8/site-packages/airflow/example_dags/example_complex.py for tasks to queue
[2025-03-25T23:49:56.384+0000] {logging_mixin.py:188} INFO - [2025-03-25T23:49:56.384+0000] {dagbag.py:538} INFO - Filling up the DagBag from /home/airflow/.local/lib/python3.8/site-packages/airflow/example_dags/example_complex.py
[2025-03-25T23:49:56.401+0000] {processor.py:840} INFO - DAG(s) 'example_complex' retrieved from /home/airflow/.local/lib/python3.8/site-packages/airflow/example_dags/example_complex.py
[2025-03-25T23:49:56.474+0000] {logging_mixin.py:188} INFO - [2025-03-25T23:49:56.473+0000] {dag.py:3036} INFO - Sync 1 DAGs
[2025-03-25T23:49:56.490+0000] {logging_mixin.py:188} INFO - [2025-03-25T23:49:56.490+0000] {dag.py:3823} INFO - Setting next_dagrun for example_complex to None, run_after=None
[2025-03-25T23:49:56.526+0000] {processor.py:183} INFO - Processing /home/airflow/.local/lib/python3.8/site-packages/airflow/example_dags/example_complex.py took 0.151 seconds
[2025-03-25T23:50:27.159+0000] {processor.py:161} INFO - Started process (PID=769) to work on /home/airflow/.local/lib/python3.8/site-packages/airflow/example_dags/example_complex.py
[2025-03-25T23:50:27.161+0000] {processor.py:830} INFO - Processing file /home/airflow/.local/lib/python3.8/site-packages/airflow/example_dags/example_complex.py for tasks to queue
[2025-03-25T23:50:27.163+0000] {logging_mixin.py:188} INFO - [2025-03-25T23:50:27.163+0000] {dagbag.py:538} INFO - Filling up the DagBag from /home/airflow/.local/lib/python3.8/site-packages/airflow/example_dags/example_complex.py
[2025-03-25T23:50:27.182+0000] {processor.py:840} INFO - DAG(s) 'example_complex' retrieved from /home/airflow/.local/lib/python3.8/site-packages/airflow/example_dags/example_complex.py
[2025-03-25T23:50:27.231+0000] {logging_mixin.py:188} INFO - [2025-03-25T23:50:27.230+0000] {dag.py:3036} INFO - Sync 1 DAGs
[2025-03-25T23:50:27.250+0000] {logging_mixin.py:188} INFO - [2025-03-25T23:50:27.249+0000] {dag.py:3823} INFO - Setting next_dagrun for example_complex to None, run_after=None
[2025-03-25T23:50:27.282+0000] {processor.py:183} INFO - Processing /home/airflow/.local/lib/python3.8/site-packages/airflow/example_dags/example_complex.py took 0.127 seconds
[2025-03-25T23:50:57.471+0000] {processor.py:161} INFO - Started process (PID=846) to work on /home/airflow/.local/lib/python3.8/site-packages/airflow/example_dags/example_complex.py
[2025-03-25T23:50:57.472+0000] {processor.py:830} INFO - Processing file /home/airflow/.local/lib/python3.8/site-packages/airflow/example_dags/example_complex.py for tasks to queue
[2025-03-25T23:50:57.474+0000] {logging_mixin.py:188} INFO - [2025-03-25T23:50:57.474+0000] {dagbag.py:538} INFO - Filling up the DagBag from /home/airflow/.local/lib/python3.8/site-packages/airflow/example_dags/example_complex.py
[2025-03-25T23:50:57.492+0000] {processor.py:840} INFO - DAG(s) 'example_complex' retrieved from /home/airflow/.local/lib/python3.8/site-packages/airflow/example_dags/example_complex.py
[2025-03-25T23:50:57.536+0000] {logging_mixin.py:188} INFO - [2025-03-25T23:50:57.536+0000] {dag.py:3036} INFO - Sync 1 DAGs
[2025-03-25T23:50:57.556+0000] {logging_mixin.py:188} INFO - [2025-03-25T23:50:57.555+0000] {dag.py:3823} INFO - Setting next_dagrun for example_complex to None, run_after=None
[2025-03-25T23:50:57.591+0000] {processor.py:183} INFO - Processing /home/airflow/.local/lib/python3.8/site-packages/airflow/example_dags/example_complex.py took 0.124 seconds
[2025-03-25T23:51:27.778+0000] {processor.py:161} INFO - Started process (PID=920) to work on /home/airflow/.local/lib/python3.8/site-packages/airflow/example_dags/example_complex.py
[2025-03-25T23:51:27.779+0000] {processor.py:830} INFO - Processing file /home/airflow/.local/lib/python3.8/site-packages/airflow/example_dags/example_complex.py for tasks to queue
[2025-03-25T23:51:27.782+0000] {logging_mixin.py:188} INFO - [2025-03-25T23:51:27.782+0000] {dagbag.py:538} INFO - Filling up the DagBag from /home/airflow/.local/lib/python3.8/site-packages/airflow/example_dags/example_complex.py
[2025-03-25T23:51:27.800+0000] {processor.py:840} INFO - DAG(s) 'example_complex' retrieved from /home/airflow/.local/lib/python3.8/site-packages/airflow/example_dags/example_complex.py
[2025-03-25T23:51:27.856+0000] {logging_mixin.py:188} INFO - [2025-03-25T23:51:27.856+0000] {dag.py:3036} INFO - Sync 1 DAGs
[2025-03-25T23:51:27.880+0000] {logging_mixin.py:188} INFO - [2025-03-25T23:51:27.879+0000] {dag.py:3823} INFO - Setting next_dagrun for example_complex to None, run_after=None
[2025-03-25T23:51:27.916+0000] {processor.py:183} INFO - Processing /home/airflow/.local/lib/python3.8/site-packages/airflow/example_dags/example_complex.py took 0.143 seconds
[2025-03-25T23:51:57.975+0000] {processor.py:161} INFO - Started process (PID=994) to work on /home/airflow/.local/lib/python3.8/site-packages/airflow/example_dags/example_complex.py
[2025-03-25T23:51:57.976+0000] {processor.py:830} INFO - Processing file /home/airflow/.local/lib/python3.8/site-packages/airflow/example_dags/example_complex.py for tasks to queue
[2025-03-25T23:51:57.979+0000] {logging_mixin.py:188} INFO - [2025-03-25T23:51:57.978+0000] {dagbag.py:538} INFO - Filling up the DagBag from /home/airflow/.local/lib/python3.8/site-packages/airflow/example_dags/example_complex.py
[2025-03-25T23:51:57.994+0000] {processor.py:840} INFO - DAG(s) 'example_complex' retrieved from /home/airflow/.local/lib/python3.8/site-packages/airflow/example_dags/example_complex.py
[2025-03-25T23:51:58.042+0000] {logging_mixin.py:188} INFO - [2025-03-25T23:51:58.042+0000] {dag.py:3036} INFO - Sync 1 DAGs
[2025-03-25T23:51:58.060+0000] {logging_mixin.py:188} INFO - [2025-03-25T23:51:58.059+0000] {dag.py:3823} INFO - Setting next_dagrun for example_complex to None, run_after=None
[2025-03-25T23:51:58.094+0000] {processor.py:183} INFO - Processing /home/airflow/.local/lib/python3.8/site-packages/airflow/example_dags/example_complex.py took 0.123 seconds
[2025-03-25T23:52:28.503+0000] {processor.py:161} INFO - Started process (PID=1069) to work on /home/airflow/.local/lib/python3.8/site-packages/airflow/example_dags/example_complex.py
[2025-03-25T23:52:28.505+0000] {processor.py:830} INFO - Processing file /home/airflow/.local/lib/python3.8/site-packages/airflow/example_dags/example_complex.py for tasks to queue
[2025-03-25T23:52:28.509+0000] {logging_mixin.py:188} INFO - [2025-03-25T23:52:28.508+0000] {dagbag.py:538} INFO - Filling up the DagBag from /home/airflow/.local/lib/python3.8/site-packages/airflow/example_dags/example_complex.py
[2025-03-25T23:52:28.533+0000] {processor.py:840} INFO - DAG(s) 'example_complex' retrieved from /home/airflow/.local/lib/python3.8/site-packages/airflow/example_dags/example_complex.py
[2025-03-25T23:52:28.592+0000] {logging_mixin.py:188} INFO - [2025-03-25T23:52:28.592+0000] {dag.py:3036} INFO - Sync 1 DAGs
[2025-03-25T23:52:28.615+0000] {logging_mixin.py:188} INFO - [2025-03-25T23:52:28.614+0000] {dag.py:3823} INFO - Setting next_dagrun for example_complex to None, run_after=None
[2025-03-25T23:52:28.649+0000] {processor.py:183} INFO - Processing /home/airflow/.local/lib/python3.8/site-packages/airflow/example_dags/example_complex.py took 0.152 seconds
[2025-03-25T23:52:58.852+0000] {processor.py:161} INFO - Started process (PID=1150) to work on /home/airflow/.local/lib/python3.8/site-packages/airflow/example_dags/example_complex.py
[2025-03-25T23:52:58.854+0000] {processor.py:830} INFO - Processing file /home/airflow/.local/lib/python3.8/site-packages/airflow/example_dags/example_complex.py for tasks to queue
[2025-03-25T23:52:58.857+0000] {logging_mixin.py:188} INFO - [2025-03-25T23:52:58.856+0000] {dagbag.py:538} INFO - Filling up the DagBag from /home/airflow/.local/lib/python3.8/site-packages/airflow/example_dags/example_complex.py
[2025-03-25T23:52:58.874+0000] {processor.py:840} INFO - DAG(s) 'example_complex' retrieved from /home/airflow/.local/lib/python3.8/site-packages/airflow/example_dags/example_complex.py
[2025-03-25T23:52:58.927+0000] {logging_mixin.py:188} INFO - [2025-03-25T23:52:58.926+0000] {dag.py:3036} INFO - Sync 1 DAGs
[2025-03-25T23:52:58.945+0000] {logging_mixin.py:188} INFO - [2025-03-25T23:52:58.944+0000] {dag.py:3823} INFO - Setting next_dagrun for example_complex to None, run_after=None
[2025-03-25T23:52:58.980+0000] {processor.py:183} INFO - Processing /home/airflow/.local/lib/python3.8/site-packages/airflow/example_dags/example_complex.py took 0.135 seconds
[2025-03-25T23:53:29.405+0000] {processor.py:161} INFO - Started process (PID=1224) to work on /home/airflow/.local/lib/python3.8/site-packages/airflow/example_dags/example_complex.py
[2025-03-25T23:53:29.407+0000] {processor.py:830} INFO - Processing file /home/airflow/.local/lib/python3.8/site-packages/airflow/example_dags/example_complex.py for tasks to queue
[2025-03-25T23:53:29.411+0000] {logging_mixin.py:188} INFO - [2025-03-25T23:53:29.410+0000] {dagbag.py:538} INFO - Filling up the DagBag from /home/airflow/.local/lib/python3.8/site-packages/airflow/example_dags/example_complex.py
[2025-03-25T23:53:29.432+0000] {processor.py:840} INFO - DAG(s) 'example_complex' retrieved from /home/airflow/.local/lib/python3.8/site-packages/airflow/example_dags/example_complex.py
[2025-03-25T23:53:29.498+0000] {logging_mixin.py:188} INFO - [2025-03-25T23:53:29.498+0000] {dag.py:3036} INFO - Sync 1 DAGs
[2025-03-25T23:53:29.520+0000] {logging_mixin.py:188} INFO - [2025-03-25T23:53:29.520+0000] {dag.py:3823} INFO - Setting next_dagrun for example_complex to None, run_after=None
[2025-03-25T23:53:29.558+0000] {processor.py:183} INFO - Processing /home/airflow/.local/lib/python3.8/site-packages/airflow/example_dags/example_complex.py took 0.158 seconds
[2025-03-25T23:55:40.229+0000] {processor.py:161} INFO - Started process (PID=102) to work on /home/airflow/.local/lib/python3.8/site-packages/airflow/example_dags/example_complex.py
[2025-03-25T23:55:40.231+0000] {processor.py:830} INFO - Processing file /home/airflow/.local/lib/python3.8/site-packages/airflow/example_dags/example_complex.py for tasks to queue
[2025-03-25T23:55:40.237+0000] {logging_mixin.py:188} INFO - [2025-03-25T23:55:40.234+0000] {dagbag.py:538} INFO - Filling up the DagBag from /home/airflow/.local/lib/python3.8/site-packages/airflow/example_dags/example_complex.py
[2025-03-25T23:55:40.283+0000] {processor.py:840} INFO - DAG(s) 'example_complex' retrieved from /home/airflow/.local/lib/python3.8/site-packages/airflow/example_dags/example_complex.py
[2025-03-25T23:55:40.486+0000] {logging_mixin.py:188} INFO - [2025-03-25T23:55:40.485+0000] {override.py:1769} INFO - Created Permission View: can edit on DAG:example_complex
[2025-03-25T23:55:40.510+0000] {logging_mixin.py:188} INFO - [2025-03-25T23:55:40.509+0000] {override.py:1769} INFO - Created Permission View: can delete on DAG:example_complex
[2025-03-25T23:55:40.527+0000] {logging_mixin.py:188} INFO - [2025-03-25T23:55:40.526+0000] {override.py:1769} INFO - Created Permission View: can read on DAG:example_complex
[2025-03-25T23:55:40.528+0000] {logging_mixin.py:188} INFO - [2025-03-25T23:55:40.527+0000] {dag.py:3036} INFO - Sync 1 DAGs
[2025-03-25T23:55:40.551+0000] {logging_mixin.py:188} INFO - [2025-03-25T23:55:40.550+0000] {dag.py:3058} INFO - Creating ORM DAG for example_complex
[2025-03-25T23:55:40.552+0000] {logging_mixin.py:188} INFO - [2025-03-25T23:55:40.552+0000] {dag.py:3823} INFO - Setting next_dagrun for example_complex to None, run_after=None
[2025-03-25T23:55:40.589+0000] {processor.py:183} INFO - Processing /home/airflow/.local/lib/python3.8/site-packages/airflow/example_dags/example_complex.py took 0.365 seconds
[2025-03-25T23:56:11.096+0000] {processor.py:161} INFO - Started process (PID=176) to work on /home/airflow/.local/lib/python3.8/site-packages/airflow/example_dags/example_complex.py
[2025-03-25T23:56:11.098+0000] {processor.py:830} INFO - Processing file /home/airflow/.local/lib/python3.8/site-packages/airflow/example_dags/example_complex.py for tasks to queue
[2025-03-25T23:56:11.101+0000] {logging_mixin.py:188} INFO - [2025-03-25T23:56:11.100+0000] {dagbag.py:538} INFO - Filling up the DagBag from /home/airflow/.local/lib/python3.8/site-packages/airflow/example_dags/example_complex.py
[2025-03-25T23:56:11.118+0000] {processor.py:840} INFO - DAG(s) 'example_complex' retrieved from /home/airflow/.local/lib/python3.8/site-packages/airflow/example_dags/example_complex.py
[2025-03-25T23:56:11.167+0000] {logging_mixin.py:188} INFO - [2025-03-25T23:56:11.167+0000] {dag.py:3036} INFO - Sync 1 DAGs
[2025-03-25T23:56:11.183+0000] {logging_mixin.py:188} INFO - [2025-03-25T23:56:11.183+0000] {dag.py:3823} INFO - Setting next_dagrun for example_complex to None, run_after=None
[2025-03-25T23:56:11.224+0000] {processor.py:183} INFO - Processing /home/airflow/.local/lib/python3.8/site-packages/airflow/example_dags/example_complex.py took 0.133 seconds
[2025-03-25T23:56:41.953+0000] {processor.py:161} INFO - Started process (PID=249) to work on /home/airflow/.local/lib/python3.8/site-packages/airflow/example_dags/example_complex.py
[2025-03-25T23:56:41.954+0000] {processor.py:830} INFO - Processing file /home/airflow/.local/lib/python3.8/site-packages/airflow/example_dags/example_complex.py for tasks to queue
[2025-03-25T23:56:41.958+0000] {logging_mixin.py:188} INFO - [2025-03-25T23:56:41.958+0000] {dagbag.py:538} INFO - Filling up the DagBag from /home/airflow/.local/lib/python3.8/site-packages/airflow/example_dags/example_complex.py
[2025-03-25T23:56:41.979+0000] {processor.py:840} INFO - DAG(s) 'example_complex' retrieved from /home/airflow/.local/lib/python3.8/site-packages/airflow/example_dags/example_complex.py
[2025-03-25T23:56:42.032+0000] {logging_mixin.py:188} INFO - [2025-03-25T23:56:42.031+0000] {dag.py:3036} INFO - Sync 1 DAGs
[2025-03-25T23:56:42.053+0000] {logging_mixin.py:188} INFO - [2025-03-25T23:56:42.053+0000] {dag.py:3823} INFO - Setting next_dagrun for example_complex to None, run_after=None
[2025-03-25T23:56:42.091+0000] {processor.py:183} INFO - Processing /home/airflow/.local/lib/python3.8/site-packages/airflow/example_dags/example_complex.py took 0.142 seconds
[2025-03-25T23:57:12.337+0000] {processor.py:161} INFO - Started process (PID=323) to work on /home/airflow/.local/lib/python3.8/site-packages/airflow/example_dags/example_complex.py
[2025-03-25T23:57:12.339+0000] {processor.py:830} INFO - Processing file /home/airflow/.local/lib/python3.8/site-packages/airflow/example_dags/example_complex.py for tasks to queue
[2025-03-25T23:57:12.342+0000] {logging_mixin.py:188} INFO - [2025-03-25T23:57:12.342+0000] {dagbag.py:538} INFO - Filling up the DagBag from /home/airflow/.local/lib/python3.8/site-packages/airflow/example_dags/example_complex.py
[2025-03-25T23:57:12.363+0000] {processor.py:840} INFO - DAG(s) 'example_complex' retrieved from /home/airflow/.local/lib/python3.8/site-packages/airflow/example_dags/example_complex.py
[2025-03-25T23:57:12.424+0000] {logging_mixin.py:188} INFO - [2025-03-25T23:57:12.424+0000] {dag.py:3036} INFO - Sync 1 DAGs
[2025-03-25T23:57:12.448+0000] {logging_mixin.py:188} INFO - [2025-03-25T23:57:12.448+0000] {dag.py:3823} INFO - Setting next_dagrun for example_complex to None, run_after=None
[2025-03-25T23:57:12.487+0000] {processor.py:183} INFO - Processing /home/airflow/.local/lib/python3.8/site-packages/airflow/example_dags/example_complex.py took 0.153 seconds
[2025-03-25T23:57:43.125+0000] {processor.py:161} INFO - Started process (PID=398) to work on /home/airflow/.local/lib/python3.8/site-packages/airflow/example_dags/example_complex.py
[2025-03-25T23:57:43.126+0000] {processor.py:830} INFO - Processing file /home/airflow/.local/lib/python3.8/site-packages/airflow/example_dags/example_complex.py for tasks to queue
[2025-03-25T23:57:43.130+0000] {logging_mixin.py:188} INFO - [2025-03-25T23:57:43.129+0000] {dagbag.py:538} INFO - Filling up the DagBag from /home/airflow/.local/lib/python3.8/site-packages/airflow/example_dags/example_complex.py
[2025-03-25T23:57:43.147+0000] {processor.py:840} INFO - DAG(s) 'example_complex' retrieved from /home/airflow/.local/lib/python3.8/site-packages/airflow/example_dags/example_complex.py
[2025-03-25T23:57:43.193+0000] {logging_mixin.py:188} INFO - [2025-03-25T23:57:43.193+0000] {dag.py:3036} INFO - Sync 1 DAGs
[2025-03-25T23:57:43.216+0000] {logging_mixin.py:188} INFO - [2025-03-25T23:57:43.216+0000] {dag.py:3823} INFO - Setting next_dagrun for example_complex to None, run_after=None
[2025-03-25T23:57:43.267+0000] {processor.py:183} INFO - Processing /home/airflow/.local/lib/python3.8/site-packages/airflow/example_dags/example_complex.py took 0.148 seconds
[2025-03-25T23:58:13.478+0000] {processor.py:161} INFO - Started process (PID=472) to work on /home/airflow/.local/lib/python3.8/site-packages/airflow/example_dags/example_complex.py
[2025-03-25T23:58:13.480+0000] {processor.py:830} INFO - Processing file /home/airflow/.local/lib/python3.8/site-packages/airflow/example_dags/example_complex.py for tasks to queue
[2025-03-25T23:58:13.485+0000] {logging_mixin.py:188} INFO - [2025-03-25T23:58:13.484+0000] {dagbag.py:538} INFO - Filling up the DagBag from /home/airflow/.local/lib/python3.8/site-packages/airflow/example_dags/example_complex.py
[2025-03-25T23:58:13.505+0000] {processor.py:840} INFO - DAG(s) 'example_complex' retrieved from /home/airflow/.local/lib/python3.8/site-packages/airflow/example_dags/example_complex.py
[2025-03-25T23:58:13.556+0000] {logging_mixin.py:188} INFO - [2025-03-25T23:58:13.556+0000] {dag.py:3036} INFO - Sync 1 DAGs
[2025-03-25T23:58:13.576+0000] {logging_mixin.py:188} INFO - [2025-03-25T23:58:13.575+0000] {dag.py:3823} INFO - Setting next_dagrun for example_complex to None, run_after=None
[2025-03-25T23:58:13.610+0000] {processor.py:183} INFO - Processing /home/airflow/.local/lib/python3.8/site-packages/airflow/example_dags/example_complex.py took 0.136 seconds
[2025-03-25T23:58:44.225+0000] {processor.py:161} INFO - Started process (PID=546) to work on /home/airflow/.local/lib/python3.8/site-packages/airflow/example_dags/example_complex.py
[2025-03-25T23:58:44.227+0000] {processor.py:830} INFO - Processing file /home/airflow/.local/lib/python3.8/site-packages/airflow/example_dags/example_complex.py for tasks to queue
[2025-03-25T23:58:44.229+0000] {logging_mixin.py:188} INFO - [2025-03-25T23:58:44.229+0000] {dagbag.py:538} INFO - Filling up the DagBag from /home/airflow/.local/lib/python3.8/site-packages/airflow/example_dags/example_complex.py
[2025-03-25T23:58:44.249+0000] {processor.py:840} INFO - DAG(s) 'example_complex' retrieved from /home/airflow/.local/lib/python3.8/site-packages/airflow/example_dags/example_complex.py
[2025-03-25T23:58:44.300+0000] {logging_mixin.py:188} INFO - [2025-03-25T23:58:44.299+0000] {dag.py:3036} INFO - Sync 1 DAGs
[2025-03-25T23:58:44.322+0000] {logging_mixin.py:188} INFO - [2025-03-25T23:58:44.322+0000] {dag.py:3823} INFO - Setting next_dagrun for example_complex to None, run_after=None
[2025-03-25T23:58:44.362+0000] {processor.py:183} INFO - Processing /home/airflow/.local/lib/python3.8/site-packages/airflow/example_dags/example_complex.py took 0.141 seconds
[2025-03-25T23:59:14.722+0000] {processor.py:161} INFO - Started process (PID=620) to work on /home/airflow/.local/lib/python3.8/site-packages/airflow/example_dags/example_complex.py
[2025-03-25T23:59:14.724+0000] {processor.py:830} INFO - Processing file /home/airflow/.local/lib/python3.8/site-packages/airflow/example_dags/example_complex.py for tasks to queue
[2025-03-25T23:59:14.728+0000] {logging_mixin.py:188} INFO - [2025-03-25T23:59:14.727+0000] {dagbag.py:538} INFO - Filling up the DagBag from /home/airflow/.local/lib/python3.8/site-packages/airflow/example_dags/example_complex.py
[2025-03-25T23:59:14.753+0000] {processor.py:840} INFO - DAG(s) 'example_complex' retrieved from /home/airflow/.local/lib/python3.8/site-packages/airflow/example_dags/example_complex.py
[2025-03-25T23:59:14.853+0000] {logging_mixin.py:188} INFO - [2025-03-25T23:59:14.852+0000] {dag.py:3036} INFO - Sync 1 DAGs
[2025-03-25T23:59:14.878+0000] {logging_mixin.py:188} INFO - [2025-03-25T23:59:14.877+0000] {dag.py:3823} INFO - Setting next_dagrun for example_complex to None, run_after=None
[2025-03-25T23:59:14.917+0000] {processor.py:183} INFO - Processing /home/airflow/.local/lib/python3.8/site-packages/airflow/example_dags/example_complex.py took 0.199 seconds
[2025-03-25T23:59:45.076+0000] {processor.py:161} INFO - Started process (PID=694) to work on /home/airflow/.local/lib/python3.8/site-packages/airflow/example_dags/example_complex.py
[2025-03-25T23:59:45.077+0000] {processor.py:830} INFO - Processing file /home/airflow/.local/lib/python3.8/site-packages/airflow/example_dags/example_complex.py for tasks to queue
[2025-03-25T23:59:45.081+0000] {logging_mixin.py:188} INFO - [2025-03-25T23:59:45.080+0000] {dagbag.py:538} INFO - Filling up the DagBag from /home/airflow/.local/lib/python3.8/site-packages/airflow/example_dags/example_complex.py
[2025-03-25T23:59:45.098+0000] {processor.py:840} INFO - DAG(s) 'example_complex' retrieved from /home/airflow/.local/lib/python3.8/site-packages/airflow/example_dags/example_complex.py
[2025-03-25T23:59:45.153+0000] {logging_mixin.py:188} INFO - [2025-03-25T23:59:45.153+0000] {dag.py:3036} INFO - Sync 1 DAGs
[2025-03-25T23:59:45.174+0000] {logging_mixin.py:188} INFO - [2025-03-25T23:59:45.173+0000] {dag.py:3823} INFO - Setting next_dagrun for example_complex to None, run_after=None
[2025-03-25T23:59:45.214+0000] {processor.py:183} INFO - Processing /home/airflow/.local/lib/python3.8/site-packages/airflow/example_dags/example_complex.py took 0.142 seconds
