[2025-03-25 22:42:10,944] {scheduler_job.py:182} INFO - Started process (PID=329) to work on /home/airflow/.local/lib/python3.6/site-packages/airflow/example_dags/example_xcom.py
[2025-03-25 22:42:10,946] {scheduler_job.py:633} INFO - Processing file /home/airflow/.local/lib/python3.6/site-packages/airflow/example_dags/example_xcom.py for tasks to queue
[2025-03-25 22:42:10,948] {logging_mixin.py:104} INFO - [2025-03-25 22:42:10,948] {dagbag.py:496} INFO - Filling up the DagBag from /home/airflow/.local/lib/python3.6/site-packages/airflow/example_dags/example_xcom.py
[2025-03-25 22:42:10,967] {scheduler_job.py:643} INFO - DAG(s) dict_keys(['example_xcom']) retrieved from /home/airflow/.local/lib/python3.6/site-packages/airflow/example_dags/example_xcom.py
[2025-03-25 22:42:14,456] {logging_mixin.py:104} INFO - [2025-03-25 22:42:14,456] {dag.py:1833} INFO - Sync 1 DAGs
[2025-03-25 22:42:14,475] {logging_mixin.py:104} INFO - [2025-03-25 22:42:14,473] {dag.py:1852} INFO - Creating ORM DAG for example_xcom
[2025-03-25 22:42:14,484] {logging_mixin.py:104} INFO - [2025-03-25 22:42:14,483] {dag.py:2306} INFO - Setting next_dagrun for example_xcom to 2025-03-23 00:00:00+00:00
[2025-03-25 22:42:14,506] {scheduler_job.py:190} INFO - Processing /home/airflow/.local/lib/python3.6/site-packages/airflow/example_dags/example_xcom.py took 3.567 seconds
[2025-03-25 22:42:45,431] {scheduler_job.py:182} INFO - Started process (PID=406) to work on /home/airflow/.local/lib/python3.6/site-packages/airflow/example_dags/example_xcom.py
[2025-03-25 22:42:45,433] {scheduler_job.py:633} INFO - Processing file /home/airflow/.local/lib/python3.6/site-packages/airflow/example_dags/example_xcom.py for tasks to queue
[2025-03-25 22:42:45,434] {logging_mixin.py:104} INFO - [2025-03-25 22:42:45,434] {dagbag.py:496} INFO - Filling up the DagBag from /home/airflow/.local/lib/python3.6/site-packages/airflow/example_dags/example_xcom.py
[2025-03-25 22:42:45,446] {scheduler_job.py:643} INFO - DAG(s) dict_keys(['example_xcom']) retrieved from /home/airflow/.local/lib/python3.6/site-packages/airflow/example_dags/example_xcom.py
[2025-03-25 22:42:45,478] {logging_mixin.py:104} INFO - [2025-03-25 22:42:45,478] {dag.py:1833} INFO - Sync 1 DAGs
[2025-03-25 22:42:45,498] {logging_mixin.py:104} INFO - [2025-03-25 22:42:45,498] {dag.py:2306} INFO - Setting next_dagrun for example_xcom to 2025-03-23 00:00:00+00:00
[2025-03-25 22:42:45,514] {scheduler_job.py:190} INFO - Processing /home/airflow/.local/lib/python3.6/site-packages/airflow/example_dags/example_xcom.py took 0.087 seconds
[2025-03-25 22:43:15,781] {scheduler_job.py:182} INFO - Started process (PID=458) to work on /home/airflow/.local/lib/python3.6/site-packages/airflow/example_dags/example_xcom.py
[2025-03-25 22:43:15,783] {scheduler_job.py:633} INFO - Processing file /home/airflow/.local/lib/python3.6/site-packages/airflow/example_dags/example_xcom.py for tasks to queue
[2025-03-25 22:43:15,785] {logging_mixin.py:104} INFO - [2025-03-25 22:43:15,784] {dagbag.py:496} INFO - Filling up the DagBag from /home/airflow/.local/lib/python3.6/site-packages/airflow/example_dags/example_xcom.py
[2025-03-25 22:43:15,799] {scheduler_job.py:643} INFO - DAG(s) dict_keys(['example_xcom']) retrieved from /home/airflow/.local/lib/python3.6/site-packages/airflow/example_dags/example_xcom.py
[2025-03-25 22:43:15,828] {logging_mixin.py:104} INFO - [2025-03-25 22:43:15,828] {dag.py:1833} INFO - Sync 1 DAGs
[2025-03-25 22:43:15,854] {logging_mixin.py:104} INFO - [2025-03-25 22:43:15,854] {dag.py:2306} INFO - Setting next_dagrun for example_xcom to 2025-03-23 00:00:00+00:00
[2025-03-25 22:43:15,872] {scheduler_job.py:190} INFO - Processing /home/airflow/.local/lib/python3.6/site-packages/airflow/example_dags/example_xcom.py took 0.095 seconds
[2025-03-25 22:43:46,279] {scheduler_job.py:182} INFO - Started process (PID=520) to work on /home/airflow/.local/lib/python3.6/site-packages/airflow/example_dags/example_xcom.py
[2025-03-25 22:43:46,281] {scheduler_job.py:633} INFO - Processing file /home/airflow/.local/lib/python3.6/site-packages/airflow/example_dags/example_xcom.py for tasks to queue
[2025-03-25 22:43:46,283] {logging_mixin.py:104} INFO - [2025-03-25 22:43:46,283] {dagbag.py:496} INFO - Filling up the DagBag from /home/airflow/.local/lib/python3.6/site-packages/airflow/example_dags/example_xcom.py
[2025-03-25 22:43:46,296] {scheduler_job.py:643} INFO - DAG(s) dict_keys(['example_xcom']) retrieved from /home/airflow/.local/lib/python3.6/site-packages/airflow/example_dags/example_xcom.py
[2025-03-25 22:43:46,326] {logging_mixin.py:104} INFO - [2025-03-25 22:43:46,326] {dag.py:1833} INFO - Sync 1 DAGs
[2025-03-25 22:43:46,349] {logging_mixin.py:104} INFO - [2025-03-25 22:43:46,349] {dag.py:2306} INFO - Setting next_dagrun for example_xcom to 2025-03-23 00:00:00+00:00
[2025-03-25 22:43:46,371] {scheduler_job.py:190} INFO - Processing /home/airflow/.local/lib/python3.6/site-packages/airflow/example_dags/example_xcom.py took 0.095 seconds
[2025-03-25 22:44:16,717] {scheduler_job.py:182} INFO - Started process (PID=581) to work on /home/airflow/.local/lib/python3.6/site-packages/airflow/example_dags/example_xcom.py
[2025-03-25 22:44:16,719] {scheduler_job.py:633} INFO - Processing file /home/airflow/.local/lib/python3.6/site-packages/airflow/example_dags/example_xcom.py for tasks to queue
[2025-03-25 22:44:16,720] {logging_mixin.py:104} INFO - [2025-03-25 22:44:16,720] {dagbag.py:496} INFO - Filling up the DagBag from /home/airflow/.local/lib/python3.6/site-packages/airflow/example_dags/example_xcom.py
[2025-03-25 22:44:16,732] {scheduler_job.py:643} INFO - DAG(s) dict_keys(['example_xcom']) retrieved from /home/airflow/.local/lib/python3.6/site-packages/airflow/example_dags/example_xcom.py
[2025-03-25 22:44:16,760] {logging_mixin.py:104} INFO - [2025-03-25 22:44:16,760] {dag.py:1833} INFO - Sync 1 DAGs
[2025-03-25 22:44:16,779] {logging_mixin.py:104} INFO - [2025-03-25 22:44:16,779] {dag.py:2306} INFO - Setting next_dagrun for example_xcom to 2025-03-23 00:00:00+00:00
[2025-03-25 22:44:16,794] {scheduler_job.py:190} INFO - Processing /home/airflow/.local/lib/python3.6/site-packages/airflow/example_dags/example_xcom.py took 0.081 seconds
[2025-03-25 22:44:47,132] {scheduler_job.py:182} INFO - Started process (PID=633) to work on /home/airflow/.local/lib/python3.6/site-packages/airflow/example_dags/example_xcom.py
[2025-03-25 22:44:47,134] {scheduler_job.py:633} INFO - Processing file /home/airflow/.local/lib/python3.6/site-packages/airflow/example_dags/example_xcom.py for tasks to queue
[2025-03-25 22:44:47,135] {logging_mixin.py:104} INFO - [2025-03-25 22:44:47,135] {dagbag.py:496} INFO - Filling up the DagBag from /home/airflow/.local/lib/python3.6/site-packages/airflow/example_dags/example_xcom.py
[2025-03-25 22:44:47,147] {scheduler_job.py:643} INFO - DAG(s) dict_keys(['example_xcom']) retrieved from /home/airflow/.local/lib/python3.6/site-packages/airflow/example_dags/example_xcom.py
[2025-03-25 22:44:47,176] {logging_mixin.py:104} INFO - [2025-03-25 22:44:47,176] {dag.py:1833} INFO - Sync 1 DAGs
[2025-03-25 22:44:47,197] {logging_mixin.py:104} INFO - [2025-03-25 22:44:47,197] {dag.py:2306} INFO - Setting next_dagrun for example_xcom to 2025-03-23 00:00:00+00:00
[2025-03-25 22:44:47,214] {scheduler_job.py:190} INFO - Processing /home/airflow/.local/lib/python3.6/site-packages/airflow/example_dags/example_xcom.py took 0.085 seconds
[2025-03-25 22:45:17,404] {scheduler_job.py:182} INFO - Started process (PID=692) to work on /home/airflow/.local/lib/python3.6/site-packages/airflow/example_dags/example_xcom.py
[2025-03-25 22:45:17,406] {scheduler_job.py:633} INFO - Processing file /home/airflow/.local/lib/python3.6/site-packages/airflow/example_dags/example_xcom.py for tasks to queue
[2025-03-25 22:45:17,408] {logging_mixin.py:104} INFO - [2025-03-25 22:45:17,407] {dagbag.py:496} INFO - Filling up the DagBag from /home/airflow/.local/lib/python3.6/site-packages/airflow/example_dags/example_xcom.py
[2025-03-25 22:45:17,421] {scheduler_job.py:643} INFO - DAG(s) dict_keys(['example_xcom']) retrieved from /home/airflow/.local/lib/python3.6/site-packages/airflow/example_dags/example_xcom.py
[2025-03-25 22:45:17,452] {logging_mixin.py:104} INFO - [2025-03-25 22:45:17,452] {dag.py:1833} INFO - Sync 1 DAGs
[2025-03-25 22:45:17,474] {logging_mixin.py:104} INFO - [2025-03-25 22:45:17,473] {dag.py:2306} INFO - Setting next_dagrun for example_xcom to 2025-03-23 00:00:00+00:00
[2025-03-25 22:45:17,491] {scheduler_job.py:190} INFO - Processing /home/airflow/.local/lib/python3.6/site-packages/airflow/example_dags/example_xcom.py took 0.091 seconds
[2025-03-25 22:45:47,871] {scheduler_job.py:182} INFO - Started process (PID=748) to work on /home/airflow/.local/lib/python3.6/site-packages/airflow/example_dags/example_xcom.py
[2025-03-25 22:45:47,873] {scheduler_job.py:633} INFO - Processing file /home/airflow/.local/lib/python3.6/site-packages/airflow/example_dags/example_xcom.py for tasks to queue
[2025-03-25 22:45:47,874] {logging_mixin.py:104} INFO - [2025-03-25 22:45:47,874] {dagbag.py:496} INFO - Filling up the DagBag from /home/airflow/.local/lib/python3.6/site-packages/airflow/example_dags/example_xcom.py
[2025-03-25 22:45:47,887] {scheduler_job.py:643} INFO - DAG(s) dict_keys(['example_xcom']) retrieved from /home/airflow/.local/lib/python3.6/site-packages/airflow/example_dags/example_xcom.py
[2025-03-25 22:45:47,917] {logging_mixin.py:104} INFO - [2025-03-25 22:45:47,917] {dag.py:1833} INFO - Sync 1 DAGs
[2025-03-25 22:45:47,941] {logging_mixin.py:104} INFO - [2025-03-25 22:45:47,941] {dag.py:2306} INFO - Setting next_dagrun for example_xcom to 2025-03-23 00:00:00+00:00
[2025-03-25 22:45:47,958] {scheduler_job.py:190} INFO - Processing /home/airflow/.local/lib/python3.6/site-packages/airflow/example_dags/example_xcom.py took 0.090 seconds
[2025-03-25 22:46:18,312] {scheduler_job.py:182} INFO - Started process (PID=800) to work on /home/airflow/.local/lib/python3.6/site-packages/airflow/example_dags/example_xcom.py
[2025-03-25 22:46:18,313] {scheduler_job.py:633} INFO - Processing file /home/airflow/.local/lib/python3.6/site-packages/airflow/example_dags/example_xcom.py for tasks to queue
[2025-03-25 22:46:18,314] {logging_mixin.py:104} INFO - [2025-03-25 22:46:18,314] {dagbag.py:496} INFO - Filling up the DagBag from /home/airflow/.local/lib/python3.6/site-packages/airflow/example_dags/example_xcom.py
[2025-03-25 22:46:18,328] {scheduler_job.py:643} INFO - DAG(s) dict_keys(['example_xcom']) retrieved from /home/airflow/.local/lib/python3.6/site-packages/airflow/example_dags/example_xcom.py
[2025-03-25 22:46:18,355] {logging_mixin.py:104} INFO - [2025-03-25 22:46:18,355] {dag.py:1833} INFO - Sync 1 DAGs
[2025-03-25 22:46:18,373] {logging_mixin.py:104} INFO - [2025-03-25 22:46:18,373] {dag.py:2306} INFO - Setting next_dagrun for example_xcom to 2025-03-23 00:00:00+00:00
[2025-03-25 22:46:18,396] {scheduler_job.py:190} INFO - Processing /home/airflow/.local/lib/python3.6/site-packages/airflow/example_dags/example_xcom.py took 0.088 seconds
[2025-03-25 22:46:48,483] {scheduler_job.py:182} INFO - Started process (PID=862) to work on /home/airflow/.local/lib/python3.6/site-packages/airflow/example_dags/example_xcom.py
[2025-03-25 22:46:48,485] {scheduler_job.py:633} INFO - Processing file /home/airflow/.local/lib/python3.6/site-packages/airflow/example_dags/example_xcom.py for tasks to queue
[2025-03-25 22:46:48,486] {logging_mixin.py:104} INFO - [2025-03-25 22:46:48,486] {dagbag.py:496} INFO - Filling up the DagBag from /home/airflow/.local/lib/python3.6/site-packages/airflow/example_dags/example_xcom.py
[2025-03-25 22:46:48,501] {scheduler_job.py:643} INFO - DAG(s) dict_keys(['example_xcom']) retrieved from /home/airflow/.local/lib/python3.6/site-packages/airflow/example_dags/example_xcom.py
[2025-03-25 22:46:48,532] {logging_mixin.py:104} INFO - [2025-03-25 22:46:48,532] {dag.py:1833} INFO - Sync 1 DAGs
[2025-03-25 22:46:48,555] {logging_mixin.py:104} INFO - [2025-03-25 22:46:48,554] {dag.py:2306} INFO - Setting next_dagrun for example_xcom to 2025-03-23 00:00:00+00:00
[2025-03-25 22:46:48,573] {scheduler_job.py:190} INFO - Processing /home/airflow/.local/lib/python3.6/site-packages/airflow/example_dags/example_xcom.py took 0.093 seconds
[2025-03-25 22:47:19,200] {scheduler_job.py:182} INFO - Started process (PID=914) to work on /home/airflow/.local/lib/python3.6/site-packages/airflow/example_dags/example_xcom.py
[2025-03-25 22:47:19,201] {scheduler_job.py:633} INFO - Processing file /home/airflow/.local/lib/python3.6/site-packages/airflow/example_dags/example_xcom.py for tasks to queue
[2025-03-25 22:47:19,202] {logging_mixin.py:104} INFO - [2025-03-25 22:47:19,202] {dagbag.py:496} INFO - Filling up the DagBag from /home/airflow/.local/lib/python3.6/site-packages/airflow/example_dags/example_xcom.py
[2025-03-25 22:47:19,216] {scheduler_job.py:643} INFO - DAG(s) dict_keys(['example_xcom']) retrieved from /home/airflow/.local/lib/python3.6/site-packages/airflow/example_dags/example_xcom.py
[2025-03-25 22:47:19,245] {logging_mixin.py:104} INFO - [2025-03-25 22:47:19,245] {dag.py:1833} INFO - Sync 1 DAGs
[2025-03-25 22:47:19,264] {logging_mixin.py:104} INFO - [2025-03-25 22:47:19,264] {dag.py:2306} INFO - Setting next_dagrun for example_xcom to 2025-03-23 00:00:00+00:00
[2025-03-25 22:47:19,280] {scheduler_job.py:190} INFO - Processing /home/airflow/.local/lib/python3.6/site-packages/airflow/example_dags/example_xcom.py took 0.084 seconds
[2025-03-25 22:47:49,841] {scheduler_job.py:182} INFO - Started process (PID=966) to work on /home/airflow/.local/lib/python3.6/site-packages/airflow/example_dags/example_xcom.py
[2025-03-25 22:47:49,843] {scheduler_job.py:633} INFO - Processing file /home/airflow/.local/lib/python3.6/site-packages/airflow/example_dags/example_xcom.py for tasks to queue
[2025-03-25 22:47:49,844] {logging_mixin.py:104} INFO - [2025-03-25 22:47:49,844] {dagbag.py:496} INFO - Filling up the DagBag from /home/airflow/.local/lib/python3.6/site-packages/airflow/example_dags/example_xcom.py
[2025-03-25 22:47:49,856] {scheduler_job.py:643} INFO - DAG(s) dict_keys(['example_xcom']) retrieved from /home/airflow/.local/lib/python3.6/site-packages/airflow/example_dags/example_xcom.py
[2025-03-25 22:47:49,884] {logging_mixin.py:104} INFO - [2025-03-25 22:47:49,883] {dag.py:1833} INFO - Sync 1 DAGs
[2025-03-25 22:47:49,904] {logging_mixin.py:104} INFO - [2025-03-25 22:47:49,903] {dag.py:2306} INFO - Setting next_dagrun for example_xcom to 2025-03-23 00:00:00+00:00
[2025-03-25 22:47:49,919] {scheduler_job.py:190} INFO - Processing /home/airflow/.local/lib/python3.6/site-packages/airflow/example_dags/example_xcom.py took 0.082 seconds
[2025-03-25 22:48:20,428] {scheduler_job.py:182} INFO - Started process (PID=1028) to work on /home/airflow/.local/lib/python3.6/site-packages/airflow/example_dags/example_xcom.py
[2025-03-25 22:48:20,431] {scheduler_job.py:633} INFO - Processing file /home/airflow/.local/lib/python3.6/site-packages/airflow/example_dags/example_xcom.py for tasks to queue
[2025-03-25 22:48:20,432] {logging_mixin.py:104} INFO - [2025-03-25 22:48:20,432] {dagbag.py:496} INFO - Filling up the DagBag from /home/airflow/.local/lib/python3.6/site-packages/airflow/example_dags/example_xcom.py
[2025-03-25 22:48:20,449] {scheduler_job.py:643} INFO - DAG(s) dict_keys(['example_xcom']) retrieved from /home/airflow/.local/lib/python3.6/site-packages/airflow/example_dags/example_xcom.py
[2025-03-25 22:48:20,479] {logging_mixin.py:104} INFO - [2025-03-25 22:48:20,479] {dag.py:1833} INFO - Sync 1 DAGs
[2025-03-25 22:48:20,503] {logging_mixin.py:104} INFO - [2025-03-25 22:48:20,503] {dag.py:2306} INFO - Setting next_dagrun for example_xcom to 2025-03-23 00:00:00+00:00
[2025-03-25 22:48:20,521] {scheduler_job.py:190} INFO - Processing /home/airflow/.local/lib/python3.6/site-packages/airflow/example_dags/example_xcom.py took 0.098 seconds
[2025-03-25 22:48:51,117] {scheduler_job.py:182} INFO - Started process (PID=1079) to work on /home/airflow/.local/lib/python3.6/site-packages/airflow/example_dags/example_xcom.py
[2025-03-25 22:48:51,118] {scheduler_job.py:633} INFO - Processing file /home/airflow/.local/lib/python3.6/site-packages/airflow/example_dags/example_xcom.py for tasks to queue
[2025-03-25 22:48:51,120] {logging_mixin.py:104} INFO - [2025-03-25 22:48:51,120] {dagbag.py:496} INFO - Filling up the DagBag from /home/airflow/.local/lib/python3.6/site-packages/airflow/example_dags/example_xcom.py
[2025-03-25 22:48:51,136] {scheduler_job.py:643} INFO - DAG(s) dict_keys(['example_xcom']) retrieved from /home/airflow/.local/lib/python3.6/site-packages/airflow/example_dags/example_xcom.py
[2025-03-25 22:48:51,163] {logging_mixin.py:104} INFO - [2025-03-25 22:48:51,163] {dag.py:1833} INFO - Sync 1 DAGs
[2025-03-25 22:48:51,187] {logging_mixin.py:104} INFO - [2025-03-25 22:48:51,186] {dag.py:2306} INFO - Setting next_dagrun for example_xcom to 2025-03-23 00:00:00+00:00
[2025-03-25 22:48:51,205] {scheduler_job.py:190} INFO - Processing /home/airflow/.local/lib/python3.6/site-packages/airflow/example_dags/example_xcom.py took 0.093 seconds
[2025-03-25 22:49:21,466] {scheduler_job.py:182} INFO - Started process (PID=1130) to work on /home/airflow/.local/lib/python3.6/site-packages/airflow/example_dags/example_xcom.py
[2025-03-25 22:49:21,467] {scheduler_job.py:633} INFO - Processing file /home/airflow/.local/lib/python3.6/site-packages/airflow/example_dags/example_xcom.py for tasks to queue
[2025-03-25 22:49:21,468] {logging_mixin.py:104} INFO - [2025-03-25 22:49:21,468] {dagbag.py:496} INFO - Filling up the DagBag from /home/airflow/.local/lib/python3.6/site-packages/airflow/example_dags/example_xcom.py
[2025-03-25 22:49:21,481] {scheduler_job.py:643} INFO - DAG(s) dict_keys(['example_xcom']) retrieved from /home/airflow/.local/lib/python3.6/site-packages/airflow/example_dags/example_xcom.py
[2025-03-25 22:49:21,508] {logging_mixin.py:104} INFO - [2025-03-25 22:49:21,508] {dag.py:1833} INFO - Sync 1 DAGs
[2025-03-25 22:49:21,526] {logging_mixin.py:104} INFO - [2025-03-25 22:49:21,526] {dag.py:2306} INFO - Setting next_dagrun for example_xcom to 2025-03-23 00:00:00+00:00
[2025-03-25 22:49:21,541] {scheduler_job.py:190} INFO - Processing /home/airflow/.local/lib/python3.6/site-packages/airflow/example_dags/example_xcom.py took 0.079 seconds
[2025-03-25 22:49:51,647] {scheduler_job.py:182} INFO - Started process (PID=1192) to work on /home/airflow/.local/lib/python3.6/site-packages/airflow/example_dags/example_xcom.py
[2025-03-25 22:49:51,648] {scheduler_job.py:633} INFO - Processing file /home/airflow/.local/lib/python3.6/site-packages/airflow/example_dags/example_xcom.py for tasks to queue
[2025-03-25 22:49:51,649] {logging_mixin.py:104} INFO - [2025-03-25 22:49:51,649] {dagbag.py:496} INFO - Filling up the DagBag from /home/airflow/.local/lib/python3.6/site-packages/airflow/example_dags/example_xcom.py
[2025-03-25 22:49:51,661] {scheduler_job.py:643} INFO - DAG(s) dict_keys(['example_xcom']) retrieved from /home/airflow/.local/lib/python3.6/site-packages/airflow/example_dags/example_xcom.py
[2025-03-25 22:49:51,690] {logging_mixin.py:104} INFO - [2025-03-25 22:49:51,689] {dag.py:1833} INFO - Sync 1 DAGs
[2025-03-25 22:49:51,709] {logging_mixin.py:104} INFO - [2025-03-25 22:49:51,709] {dag.py:2306} INFO - Setting next_dagrun for example_xcom to 2025-03-23 00:00:00+00:00
[2025-03-25 22:49:51,728] {scheduler_job.py:190} INFO - Processing /home/airflow/.local/lib/python3.6/site-packages/airflow/example_dags/example_xcom.py took 0.084 seconds
[2025-03-25 22:50:22,433] {scheduler_job.py:182} INFO - Started process (PID=1245) to work on /home/airflow/.local/lib/python3.6/site-packages/airflow/example_dags/example_xcom.py
[2025-03-25 22:50:22,434] {scheduler_job.py:633} INFO - Processing file /home/airflow/.local/lib/python3.6/site-packages/airflow/example_dags/example_xcom.py for tasks to queue
[2025-03-25 22:50:22,435] {logging_mixin.py:104} INFO - [2025-03-25 22:50:22,435] {dagbag.py:496} INFO - Filling up the DagBag from /home/airflow/.local/lib/python3.6/site-packages/airflow/example_dags/example_xcom.py
[2025-03-25 22:50:22,450] {scheduler_job.py:643} INFO - DAG(s) dict_keys(['example_xcom']) retrieved from /home/airflow/.local/lib/python3.6/site-packages/airflow/example_dags/example_xcom.py
[2025-03-25 22:50:22,478] {logging_mixin.py:104} INFO - [2025-03-25 22:50:22,478] {dag.py:1833} INFO - Sync 1 DAGs
[2025-03-25 22:50:22,499] {logging_mixin.py:104} INFO - [2025-03-25 22:50:22,499] {dag.py:2306} INFO - Setting next_dagrun for example_xcom to 2025-03-23 00:00:00+00:00
[2025-03-25 22:50:22,516] {scheduler_job.py:190} INFO - Processing /home/airflow/.local/lib/python3.6/site-packages/airflow/example_dags/example_xcom.py took 0.087 seconds
[2025-03-25 22:50:52,702] {scheduler_job.py:182} INFO - Started process (PID=1297) to work on /home/airflow/.local/lib/python3.6/site-packages/airflow/example_dags/example_xcom.py
[2025-03-25 22:50:52,704] {scheduler_job.py:633} INFO - Processing file /home/airflow/.local/lib/python3.6/site-packages/airflow/example_dags/example_xcom.py for tasks to queue
[2025-03-25 22:50:52,705] {logging_mixin.py:104} INFO - [2025-03-25 22:50:52,705] {dagbag.py:496} INFO - Filling up the DagBag from /home/airflow/.local/lib/python3.6/site-packages/airflow/example_dags/example_xcom.py
[2025-03-25 22:50:52,720] {scheduler_job.py:643} INFO - DAG(s) dict_keys(['example_xcom']) retrieved from /home/airflow/.local/lib/python3.6/site-packages/airflow/example_dags/example_xcom.py
[2025-03-25 22:50:52,756] {logging_mixin.py:104} INFO - [2025-03-25 22:50:52,756] {dag.py:1833} INFO - Sync 1 DAGs
[2025-03-25 22:50:52,783] {logging_mixin.py:104} INFO - [2025-03-25 22:50:52,783] {dag.py:2306} INFO - Setting next_dagrun for example_xcom to 2025-03-23 00:00:00+00:00
[2025-03-25 22:50:52,804] {scheduler_job.py:190} INFO - Processing /home/airflow/.local/lib/python3.6/site-packages/airflow/example_dags/example_xcom.py took 0.105 seconds
[2025-03-25 22:51:23,027] {scheduler_job.py:182} INFO - Started process (PID=1359) to work on /home/airflow/.local/lib/python3.6/site-packages/airflow/example_dags/example_xcom.py
[2025-03-25 22:51:23,029] {scheduler_job.py:633} INFO - Processing file /home/airflow/.local/lib/python3.6/site-packages/airflow/example_dags/example_xcom.py for tasks to queue
[2025-03-25 22:51:23,030] {logging_mixin.py:104} INFO - [2025-03-25 22:51:23,030] {dagbag.py:496} INFO - Filling up the DagBag from /home/airflow/.local/lib/python3.6/site-packages/airflow/example_dags/example_xcom.py
[2025-03-25 22:51:23,049] {scheduler_job.py:643} INFO - DAG(s) dict_keys(['example_xcom']) retrieved from /home/airflow/.local/lib/python3.6/site-packages/airflow/example_dags/example_xcom.py
[2025-03-25 22:51:23,100] {logging_mixin.py:104} INFO - [2025-03-25 22:51:23,100] {dag.py:1833} INFO - Sync 1 DAGs
[2025-03-25 22:51:23,164] {logging_mixin.py:104} INFO - [2025-03-25 22:51:23,164] {dag.py:2306} INFO - Setting next_dagrun for example_xcom to 2025-03-23 00:00:00+00:00
[2025-03-25 22:51:23,185] {scheduler_job.py:190} INFO - Processing /home/airflow/.local/lib/python3.6/site-packages/airflow/example_dags/example_xcom.py took 0.162 seconds
[2025-03-25 22:51:53,459] {scheduler_job.py:182} INFO - Started process (PID=1411) to work on /home/airflow/.local/lib/python3.6/site-packages/airflow/example_dags/example_xcom.py
[2025-03-25 22:51:53,460] {scheduler_job.py:633} INFO - Processing file /home/airflow/.local/lib/python3.6/site-packages/airflow/example_dags/example_xcom.py for tasks to queue
[2025-03-25 22:51:53,461] {logging_mixin.py:104} INFO - [2025-03-25 22:51:53,461] {dagbag.py:496} INFO - Filling up the DagBag from /home/airflow/.local/lib/python3.6/site-packages/airflow/example_dags/example_xcom.py
[2025-03-25 22:51:53,473] {scheduler_job.py:643} INFO - DAG(s) dict_keys(['example_xcom']) retrieved from /home/airflow/.local/lib/python3.6/site-packages/airflow/example_dags/example_xcom.py
[2025-03-25 22:51:53,501] {logging_mixin.py:104} INFO - [2025-03-25 22:51:53,501] {dag.py:1833} INFO - Sync 1 DAGs
[2025-03-25 22:51:53,522] {logging_mixin.py:104} INFO - [2025-03-25 22:51:53,522] {dag.py:2306} INFO - Setting next_dagrun for example_xcom to 2025-03-23 00:00:00+00:00
[2025-03-25 22:51:53,538] {scheduler_job.py:190} INFO - Processing /home/airflow/.local/lib/python3.6/site-packages/airflow/example_dags/example_xcom.py took 0.083 seconds
[2025-03-25 22:52:23,755] {scheduler_job.py:182} INFO - Started process (PID=1463) to work on /home/airflow/.local/lib/python3.6/site-packages/airflow/example_dags/example_xcom.py
[2025-03-25 22:52:23,757] {scheduler_job.py:633} INFO - Processing file /home/airflow/.local/lib/python3.6/site-packages/airflow/example_dags/example_xcom.py for tasks to queue
[2025-03-25 22:52:23,758] {logging_mixin.py:104} INFO - [2025-03-25 22:52:23,758] {dagbag.py:496} INFO - Filling up the DagBag from /home/airflow/.local/lib/python3.6/site-packages/airflow/example_dags/example_xcom.py
[2025-03-25 22:52:23,770] {scheduler_job.py:643} INFO - DAG(s) dict_keys(['example_xcom']) retrieved from /home/airflow/.local/lib/python3.6/site-packages/airflow/example_dags/example_xcom.py
[2025-03-25 22:52:23,797] {logging_mixin.py:104} INFO - [2025-03-25 22:52:23,797] {dag.py:1833} INFO - Sync 1 DAGs
[2025-03-25 22:52:23,820] {logging_mixin.py:104} INFO - [2025-03-25 22:52:23,820] {dag.py:2306} INFO - Setting next_dagrun for example_xcom to 2025-03-23 00:00:00+00:00
[2025-03-25 22:52:23,842] {scheduler_job.py:190} INFO - Processing /home/airflow/.local/lib/python3.6/site-packages/airflow/example_dags/example_xcom.py took 0.091 seconds
[2025-03-25 22:52:54,461] {scheduler_job.py:182} INFO - Started process (PID=1526) to work on /home/airflow/.local/lib/python3.6/site-packages/airflow/example_dags/example_xcom.py
[2025-03-25 22:52:54,463] {scheduler_job.py:633} INFO - Processing file /home/airflow/.local/lib/python3.6/site-packages/airflow/example_dags/example_xcom.py for tasks to queue
[2025-03-25 22:52:54,464] {logging_mixin.py:104} INFO - [2025-03-25 22:52:54,464] {dagbag.py:496} INFO - Filling up the DagBag from /home/airflow/.local/lib/python3.6/site-packages/airflow/example_dags/example_xcom.py
[2025-03-25 22:52:54,476] {scheduler_job.py:643} INFO - DAG(s) dict_keys(['example_xcom']) retrieved from /home/airflow/.local/lib/python3.6/site-packages/airflow/example_dags/example_xcom.py
[2025-03-25 22:52:54,502] {logging_mixin.py:104} INFO - [2025-03-25 22:52:54,502] {dag.py:1833} INFO - Sync 1 DAGs
[2025-03-25 22:52:54,523] {logging_mixin.py:104} INFO - [2025-03-25 22:52:54,523] {dag.py:2306} INFO - Setting next_dagrun for example_xcom to 2025-03-23 00:00:00+00:00
[2025-03-25 22:52:54,540] {scheduler_job.py:190} INFO - Processing /home/airflow/.local/lib/python3.6/site-packages/airflow/example_dags/example_xcom.py took 0.082 seconds
[2025-03-25 22:53:25,156] {scheduler_job.py:182} INFO - Started process (PID=1578) to work on /home/airflow/.local/lib/python3.6/site-packages/airflow/example_dags/example_xcom.py
[2025-03-25 22:53:25,158] {scheduler_job.py:633} INFO - Processing file /home/airflow/.local/lib/python3.6/site-packages/airflow/example_dags/example_xcom.py for tasks to queue
[2025-03-25 22:53:25,159] {logging_mixin.py:104} INFO - [2025-03-25 22:53:25,159] {dagbag.py:496} INFO - Filling up the DagBag from /home/airflow/.local/lib/python3.6/site-packages/airflow/example_dags/example_xcom.py
[2025-03-25 22:53:25,170] {scheduler_job.py:643} INFO - DAG(s) dict_keys(['example_xcom']) retrieved from /home/airflow/.local/lib/python3.6/site-packages/airflow/example_dags/example_xcom.py
[2025-03-25 22:53:25,200] {logging_mixin.py:104} INFO - [2025-03-25 22:53:25,200] {dag.py:1833} INFO - Sync 1 DAGs
[2025-03-25 22:53:25,220] {logging_mixin.py:104} INFO - [2025-03-25 22:53:25,220] {dag.py:2306} INFO - Setting next_dagrun for example_xcom to 2025-03-23 00:00:00+00:00
[2025-03-25 22:53:25,237] {scheduler_job.py:190} INFO - Processing /home/airflow/.local/lib/python3.6/site-packages/airflow/example_dags/example_xcom.py took 0.083 seconds
[2025-03-25 22:53:55,354] {scheduler_job.py:182} INFO - Started process (PID=1630) to work on /home/airflow/.local/lib/python3.6/site-packages/airflow/example_dags/example_xcom.py
[2025-03-25 22:53:55,356] {scheduler_job.py:633} INFO - Processing file /home/airflow/.local/lib/python3.6/site-packages/airflow/example_dags/example_xcom.py for tasks to queue
[2025-03-25 22:53:55,357] {logging_mixin.py:104} INFO - [2025-03-25 22:53:55,357] {dagbag.py:496} INFO - Filling up the DagBag from /home/airflow/.local/lib/python3.6/site-packages/airflow/example_dags/example_xcom.py
[2025-03-25 22:53:55,371] {scheduler_job.py:643} INFO - DAG(s) dict_keys(['example_xcom']) retrieved from /home/airflow/.local/lib/python3.6/site-packages/airflow/example_dags/example_xcom.py
[2025-03-25 22:53:55,403] {logging_mixin.py:104} INFO - [2025-03-25 22:53:55,403] {dag.py:1833} INFO - Sync 1 DAGs
[2025-03-25 22:53:55,424] {logging_mixin.py:104} INFO - [2025-03-25 22:53:55,423] {dag.py:2306} INFO - Setting next_dagrun for example_xcom to 2025-03-23 00:00:00+00:00
[2025-03-25 22:53:55,439] {scheduler_job.py:190} INFO - Processing /home/airflow/.local/lib/python3.6/site-packages/airflow/example_dags/example_xcom.py took 0.088 seconds
[2025-03-25 22:54:25,569] {scheduler_job.py:182} INFO - Started process (PID=1693) to work on /home/airflow/.local/lib/python3.6/site-packages/airflow/example_dags/example_xcom.py
[2025-03-25 22:54:25,571] {scheduler_job.py:633} INFO - Processing file /home/airflow/.local/lib/python3.6/site-packages/airflow/example_dags/example_xcom.py for tasks to queue
[2025-03-25 22:54:25,572] {logging_mixin.py:104} INFO - [2025-03-25 22:54:25,572] {dagbag.py:496} INFO - Filling up the DagBag from /home/airflow/.local/lib/python3.6/site-packages/airflow/example_dags/example_xcom.py
[2025-03-25 22:54:25,584] {scheduler_job.py:643} INFO - DAG(s) dict_keys(['example_xcom']) retrieved from /home/airflow/.local/lib/python3.6/site-packages/airflow/example_dags/example_xcom.py
[2025-03-25 22:54:25,611] {logging_mixin.py:104} INFO - [2025-03-25 22:54:25,611] {dag.py:1833} INFO - Sync 1 DAGs
[2025-03-25 22:54:25,633] {logging_mixin.py:104} INFO - [2025-03-25 22:54:25,633] {dag.py:2306} INFO - Setting next_dagrun for example_xcom to 2025-03-23 00:00:00+00:00
[2025-03-25 22:54:25,650] {scheduler_job.py:190} INFO - Processing /home/airflow/.local/lib/python3.6/site-packages/airflow/example_dags/example_xcom.py took 0.085 seconds
[2025-03-25 22:54:56,031] {scheduler_job.py:182} INFO - Started process (PID=1746) to work on /home/airflow/.local/lib/python3.6/site-packages/airflow/example_dags/example_xcom.py
[2025-03-25 22:54:56,033] {scheduler_job.py:633} INFO - Processing file /home/airflow/.local/lib/python3.6/site-packages/airflow/example_dags/example_xcom.py for tasks to queue
[2025-03-25 22:54:56,035] {logging_mixin.py:104} INFO - [2025-03-25 22:54:56,034] {dagbag.py:496} INFO - Filling up the DagBag from /home/airflow/.local/lib/python3.6/site-packages/airflow/example_dags/example_xcom.py
[2025-03-25 22:54:56,051] {scheduler_job.py:643} INFO - DAG(s) dict_keys(['example_xcom']) retrieved from /home/airflow/.local/lib/python3.6/site-packages/airflow/example_dags/example_xcom.py
[2025-03-25 22:54:56,078] {logging_mixin.py:104} INFO - [2025-03-25 22:54:56,078] {dag.py:1833} INFO - Sync 1 DAGs
[2025-03-25 22:54:56,096] {logging_mixin.py:104} INFO - [2025-03-25 22:54:56,096] {dag.py:2306} INFO - Setting next_dagrun for example_xcom to 2025-03-23 00:00:00+00:00
[2025-03-25 22:54:56,111] {scheduler_job.py:190} INFO - Processing /home/airflow/.local/lib/python3.6/site-packages/airflow/example_dags/example_xcom.py took 0.084 seconds
[2025-03-25 22:55:26,667] {scheduler_job.py:182} INFO - Started process (PID=1807) to work on /home/airflow/.local/lib/python3.6/site-packages/airflow/example_dags/example_xcom.py
[2025-03-25 22:55:26,669] {scheduler_job.py:633} INFO - Processing file /home/airflow/.local/lib/python3.6/site-packages/airflow/example_dags/example_xcom.py for tasks to queue
[2025-03-25 22:55:26,670] {logging_mixin.py:104} INFO - [2025-03-25 22:55:26,670] {dagbag.py:496} INFO - Filling up the DagBag from /home/airflow/.local/lib/python3.6/site-packages/airflow/example_dags/example_xcom.py
[2025-03-25 22:55:26,689] {scheduler_job.py:643} INFO - DAG(s) dict_keys(['example_xcom']) retrieved from /home/airflow/.local/lib/python3.6/site-packages/airflow/example_dags/example_xcom.py
[2025-03-25 22:55:26,723] {logging_mixin.py:104} INFO - [2025-03-25 22:55:26,723] {dag.py:1833} INFO - Sync 1 DAGs
[2025-03-25 22:55:26,744] {logging_mixin.py:104} INFO - [2025-03-25 22:55:26,744] {dag.py:2306} INFO - Setting next_dagrun for example_xcom to 2025-03-23 00:00:00+00:00
[2025-03-25 22:55:26,762] {scheduler_job.py:190} INFO - Processing /home/airflow/.local/lib/python3.6/site-packages/airflow/example_dags/example_xcom.py took 0.099 seconds
[2025-03-25 22:55:57,067] {scheduler_job.py:182} INFO - Started process (PID=1860) to work on /home/airflow/.local/lib/python3.6/site-packages/airflow/example_dags/example_xcom.py
[2025-03-25 22:55:57,071] {scheduler_job.py:633} INFO - Processing file /home/airflow/.local/lib/python3.6/site-packages/airflow/example_dags/example_xcom.py for tasks to queue
[2025-03-25 22:55:57,072] {logging_mixin.py:104} INFO - [2025-03-25 22:55:57,072] {dagbag.py:496} INFO - Filling up the DagBag from /home/airflow/.local/lib/python3.6/site-packages/airflow/example_dags/example_xcom.py
[2025-03-25 22:55:57,087] {scheduler_job.py:643} INFO - DAG(s) dict_keys(['example_xcom']) retrieved from /home/airflow/.local/lib/python3.6/site-packages/airflow/example_dags/example_xcom.py
[2025-03-25 22:55:57,113] {logging_mixin.py:104} INFO - [2025-03-25 22:55:57,113] {dag.py:1833} INFO - Sync 1 DAGs
[2025-03-25 22:55:57,135] {logging_mixin.py:104} INFO - [2025-03-25 22:55:57,134] {dag.py:2306} INFO - Setting next_dagrun for example_xcom to 2025-03-23 00:00:00+00:00
[2025-03-25 22:55:57,151] {scheduler_job.py:190} INFO - Processing /home/airflow/.local/lib/python3.6/site-packages/airflow/example_dags/example_xcom.py took 0.087 seconds
[2025-03-25 22:56:27,582] {scheduler_job.py:182} INFO - Started process (PID=1913) to work on /home/airflow/.local/lib/python3.6/site-packages/airflow/example_dags/example_xcom.py
[2025-03-25 22:56:27,584] {scheduler_job.py:633} INFO - Processing file /home/airflow/.local/lib/python3.6/site-packages/airflow/example_dags/example_xcom.py for tasks to queue
[2025-03-25 22:56:27,585] {logging_mixin.py:104} INFO - [2025-03-25 22:56:27,585] {dagbag.py:496} INFO - Filling up the DagBag from /home/airflow/.local/lib/python3.6/site-packages/airflow/example_dags/example_xcom.py
[2025-03-25 22:56:27,603] {scheduler_job.py:643} INFO - DAG(s) dict_keys(['example_xcom']) retrieved from /home/airflow/.local/lib/python3.6/site-packages/airflow/example_dags/example_xcom.py
[2025-03-25 22:56:27,631] {logging_mixin.py:104} INFO - [2025-03-25 22:56:27,631] {dag.py:1833} INFO - Sync 1 DAGs
[2025-03-25 22:56:27,651] {logging_mixin.py:104} INFO - [2025-03-25 22:56:27,651] {dag.py:2306} INFO - Setting next_dagrun for example_xcom to 2025-03-23 00:00:00+00:00
[2025-03-25 22:56:27,668] {scheduler_job.py:190} INFO - Processing /home/airflow/.local/lib/python3.6/site-packages/airflow/example_dags/example_xcom.py took 0.090 seconds
[2025-03-25 22:56:58,276] {scheduler_job.py:182} INFO - Started process (PID=1974) to work on /home/airflow/.local/lib/python3.6/site-packages/airflow/example_dags/example_xcom.py
[2025-03-25 22:56:58,279] {scheduler_job.py:633} INFO - Processing file /home/airflow/.local/lib/python3.6/site-packages/airflow/example_dags/example_xcom.py for tasks to queue
[2025-03-25 22:56:58,281] {logging_mixin.py:104} INFO - [2025-03-25 22:56:58,281] {dagbag.py:496} INFO - Filling up the DagBag from /home/airflow/.local/lib/python3.6/site-packages/airflow/example_dags/example_xcom.py
[2025-03-25 22:56:58,304] {scheduler_job.py:643} INFO - DAG(s) dict_keys(['example_xcom']) retrieved from /home/airflow/.local/lib/python3.6/site-packages/airflow/example_dags/example_xcom.py
[2025-03-25 22:56:58,339] {logging_mixin.py:104} INFO - [2025-03-25 22:56:58,339] {dag.py:1833} INFO - Sync 1 DAGs
[2025-03-25 22:56:58,367] {logging_mixin.py:104} INFO - [2025-03-25 22:56:58,366] {dag.py:2306} INFO - Setting next_dagrun for example_xcom to 2025-03-23 00:00:00+00:00
[2025-03-25 22:56:58,386] {scheduler_job.py:190} INFO - Processing /home/airflow/.local/lib/python3.6/site-packages/airflow/example_dags/example_xcom.py took 0.114 seconds
[2025-03-25 22:57:28,441] {scheduler_job.py:182} INFO - Started process (PID=2027) to work on /home/airflow/.local/lib/python3.6/site-packages/airflow/example_dags/example_xcom.py
[2025-03-25 22:57:28,443] {scheduler_job.py:633} INFO - Processing file /home/airflow/.local/lib/python3.6/site-packages/airflow/example_dags/example_xcom.py for tasks to queue
[2025-03-25 22:57:28,444] {logging_mixin.py:104} INFO - [2025-03-25 22:57:28,444] {dagbag.py:496} INFO - Filling up the DagBag from /home/airflow/.local/lib/python3.6/site-packages/airflow/example_dags/example_xcom.py
[2025-03-25 22:57:28,458] {scheduler_job.py:643} INFO - DAG(s) dict_keys(['example_xcom']) retrieved from /home/airflow/.local/lib/python3.6/site-packages/airflow/example_dags/example_xcom.py
[2025-03-25 22:57:28,484] {logging_mixin.py:104} INFO - [2025-03-25 22:57:28,484] {dag.py:1833} INFO - Sync 1 DAGs
[2025-03-25 22:57:28,503] {logging_mixin.py:104} INFO - [2025-03-25 22:57:28,503] {dag.py:2306} INFO - Setting next_dagrun for example_xcom to 2025-03-23 00:00:00+00:00
[2025-03-25 22:57:28,520] {scheduler_job.py:190} INFO - Processing /home/airflow/.local/lib/python3.6/site-packages/airflow/example_dags/example_xcom.py took 0.083 seconds
[2025-03-25 22:57:59,261] {scheduler_job.py:182} INFO - Started process (PID=2080) to work on /home/airflow/.local/lib/python3.6/site-packages/airflow/example_dags/example_xcom.py
[2025-03-25 22:57:59,262] {scheduler_job.py:633} INFO - Processing file /home/airflow/.local/lib/python3.6/site-packages/airflow/example_dags/example_xcom.py for tasks to queue
[2025-03-25 22:57:59,264] {logging_mixin.py:104} INFO - [2025-03-25 22:57:59,264] {dagbag.py:496} INFO - Filling up the DagBag from /home/airflow/.local/lib/python3.6/site-packages/airflow/example_dags/example_xcom.py
[2025-03-25 22:57:59,282] {scheduler_job.py:643} INFO - DAG(s) dict_keys(['example_xcom']) retrieved from /home/airflow/.local/lib/python3.6/site-packages/airflow/example_dags/example_xcom.py
[2025-03-25 22:57:59,310] {logging_mixin.py:104} INFO - [2025-03-25 22:57:59,310] {dag.py:1833} INFO - Sync 1 DAGs
[2025-03-25 22:57:59,332] {logging_mixin.py:104} INFO - [2025-03-25 22:57:59,332] {dag.py:2306} INFO - Setting next_dagrun for example_xcom to 2025-03-23 00:00:00+00:00
[2025-03-25 22:57:59,351] {scheduler_job.py:190} INFO - Processing /home/airflow/.local/lib/python3.6/site-packages/airflow/example_dags/example_xcom.py took 0.094 seconds
[2025-03-25 22:58:29,485] {scheduler_job.py:182} INFO - Started process (PID=2142) to work on /home/airflow/.local/lib/python3.6/site-packages/airflow/example_dags/example_xcom.py
[2025-03-25 22:58:29,489] {scheduler_job.py:633} INFO - Processing file /home/airflow/.local/lib/python3.6/site-packages/airflow/example_dags/example_xcom.py for tasks to queue
[2025-03-25 22:58:29,490] {logging_mixin.py:104} INFO - [2025-03-25 22:58:29,490] {dagbag.py:496} INFO - Filling up the DagBag from /home/airflow/.local/lib/python3.6/site-packages/airflow/example_dags/example_xcom.py
[2025-03-25 22:58:29,501] {scheduler_job.py:643} INFO - DAG(s) dict_keys(['example_xcom']) retrieved from /home/airflow/.local/lib/python3.6/site-packages/airflow/example_dags/example_xcom.py
[2025-03-25 22:58:29,534] {logging_mixin.py:104} INFO - [2025-03-25 22:58:29,534] {dag.py:1833} INFO - Sync 1 DAGs
[2025-03-25 22:58:29,558] {logging_mixin.py:104} INFO - [2025-03-25 22:58:29,558] {dag.py:2306} INFO - Setting next_dagrun for example_xcom to 2025-03-23 00:00:00+00:00
[2025-03-25 22:58:29,574] {scheduler_job.py:190} INFO - Processing /home/airflow/.local/lib/python3.6/site-packages/airflow/example_dags/example_xcom.py took 0.092 seconds
[2025-03-25 22:59:00,310] {scheduler_job.py:182} INFO - Started process (PID=2194) to work on /home/airflow/.local/lib/python3.6/site-packages/airflow/example_dags/example_xcom.py
[2025-03-25 22:59:00,311] {scheduler_job.py:633} INFO - Processing file /home/airflow/.local/lib/python3.6/site-packages/airflow/example_dags/example_xcom.py for tasks to queue
[2025-03-25 22:59:00,312] {logging_mixin.py:104} INFO - [2025-03-25 22:59:00,312] {dagbag.py:496} INFO - Filling up the DagBag from /home/airflow/.local/lib/python3.6/site-packages/airflow/example_dags/example_xcom.py
[2025-03-25 22:59:00,324] {scheduler_job.py:643} INFO - DAG(s) dict_keys(['example_xcom']) retrieved from /home/airflow/.local/lib/python3.6/site-packages/airflow/example_dags/example_xcom.py
[2025-03-25 22:59:00,354] {logging_mixin.py:104} INFO - [2025-03-25 22:59:00,353] {dag.py:1833} INFO - Sync 1 DAGs
[2025-03-25 22:59:00,373] {logging_mixin.py:104} INFO - [2025-03-25 22:59:00,373] {dag.py:2306} INFO - Setting next_dagrun for example_xcom to 2025-03-23 00:00:00+00:00
[2025-03-25 22:59:00,388] {scheduler_job.py:190} INFO - Processing /home/airflow/.local/lib/python3.6/site-packages/airflow/example_dags/example_xcom.py took 0.081 seconds
[2025-03-25 22:59:30,779] {scheduler_job.py:182} INFO - Started process (PID=2246) to work on /home/airflow/.local/lib/python3.6/site-packages/airflow/example_dags/example_xcom.py
[2025-03-25 22:59:30,781] {scheduler_job.py:633} INFO - Processing file /home/airflow/.local/lib/python3.6/site-packages/airflow/example_dags/example_xcom.py for tasks to queue
[2025-03-25 22:59:30,782] {logging_mixin.py:104} INFO - [2025-03-25 22:59:30,782] {dagbag.py:496} INFO - Filling up the DagBag from /home/airflow/.local/lib/python3.6/site-packages/airflow/example_dags/example_xcom.py
[2025-03-25 22:59:30,796] {scheduler_job.py:643} INFO - DAG(s) dict_keys(['example_xcom']) retrieved from /home/airflow/.local/lib/python3.6/site-packages/airflow/example_dags/example_xcom.py
[2025-03-25 22:59:30,824] {logging_mixin.py:104} INFO - [2025-03-25 22:59:30,824] {dag.py:1833} INFO - Sync 1 DAGs
[2025-03-25 22:59:30,845] {logging_mixin.py:104} INFO - [2025-03-25 22:59:30,844] {dag.py:2306} INFO - Setting next_dagrun for example_xcom to 2025-03-23 00:00:00+00:00
[2025-03-25 22:59:30,861] {scheduler_job.py:190} INFO - Processing /home/airflow/.local/lib/python3.6/site-packages/airflow/example_dags/example_xcom.py took 0.085 seconds
[2025-03-25 23:00:01,059] {scheduler_job.py:182} INFO - Started process (PID=2310) to work on /home/airflow/.local/lib/python3.6/site-packages/airflow/example_dags/example_xcom.py
[2025-03-25 23:00:01,061] {scheduler_job.py:633} INFO - Processing file /home/airflow/.local/lib/python3.6/site-packages/airflow/example_dags/example_xcom.py for tasks to queue
[2025-03-25 23:00:01,062] {logging_mixin.py:104} INFO - [2025-03-25 23:00:01,062] {dagbag.py:496} INFO - Filling up the DagBag from /home/airflow/.local/lib/python3.6/site-packages/airflow/example_dags/example_xcom.py
[2025-03-25 23:00:01,074] {scheduler_job.py:643} INFO - DAG(s) dict_keys(['example_xcom']) retrieved from /home/airflow/.local/lib/python3.6/site-packages/airflow/example_dags/example_xcom.py
[2025-03-25 23:00:01,101] {logging_mixin.py:104} INFO - [2025-03-25 23:00:01,101] {dag.py:1833} INFO - Sync 1 DAGs
[2025-03-25 23:00:01,124] {logging_mixin.py:104} INFO - [2025-03-25 23:00:01,124] {dag.py:2306} INFO - Setting next_dagrun for example_xcom to 2025-03-23 00:00:00+00:00
[2025-03-25 23:00:01,139] {scheduler_job.py:190} INFO - Processing /home/airflow/.local/lib/python3.6/site-packages/airflow/example_dags/example_xcom.py took 0.083 seconds
[2025-03-25 23:00:31,786] {scheduler_job.py:182} INFO - Started process (PID=2362) to work on /home/airflow/.local/lib/python3.6/site-packages/airflow/example_dags/example_xcom.py
[2025-03-25 23:00:31,788] {scheduler_job.py:633} INFO - Processing file /home/airflow/.local/lib/python3.6/site-packages/airflow/example_dags/example_xcom.py for tasks to queue
[2025-03-25 23:00:31,789] {logging_mixin.py:104} INFO - [2025-03-25 23:00:31,789] {dagbag.py:496} INFO - Filling up the DagBag from /home/airflow/.local/lib/python3.6/site-packages/airflow/example_dags/example_xcom.py
[2025-03-25 23:00:31,802] {scheduler_job.py:643} INFO - DAG(s) dict_keys(['example_xcom']) retrieved from /home/airflow/.local/lib/python3.6/site-packages/airflow/example_dags/example_xcom.py
[2025-03-25 23:00:31,828] {logging_mixin.py:104} INFO - [2025-03-25 23:00:31,828] {dag.py:1833} INFO - Sync 1 DAGs
[2025-03-25 23:00:31,845] {logging_mixin.py:104} INFO - [2025-03-25 23:00:31,845] {dag.py:2306} INFO - Setting next_dagrun for example_xcom to 2025-03-23 00:00:00+00:00
[2025-03-25 23:00:31,861] {scheduler_job.py:190} INFO - Processing /home/airflow/.local/lib/python3.6/site-packages/airflow/example_dags/example_xcom.py took 0.078 seconds
[2025-03-25 23:01:02,062] {scheduler_job.py:182} INFO - Started process (PID=2414) to work on /home/airflow/.local/lib/python3.6/site-packages/airflow/example_dags/example_xcom.py
[2025-03-25 23:01:02,063] {scheduler_job.py:633} INFO - Processing file /home/airflow/.local/lib/python3.6/site-packages/airflow/example_dags/example_xcom.py for tasks to queue
[2025-03-25 23:01:02,064] {logging_mixin.py:104} INFO - [2025-03-25 23:01:02,064] {dagbag.py:496} INFO - Filling up the DagBag from /home/airflow/.local/lib/python3.6/site-packages/airflow/example_dags/example_xcom.py
[2025-03-25 23:01:02,081] {scheduler_job.py:643} INFO - DAG(s) dict_keys(['example_xcom']) retrieved from /home/airflow/.local/lib/python3.6/site-packages/airflow/example_dags/example_xcom.py
[2025-03-25 23:01:02,111] {logging_mixin.py:104} INFO - [2025-03-25 23:01:02,110] {dag.py:1833} INFO - Sync 1 DAGs
[2025-03-25 23:01:02,130] {logging_mixin.py:104} INFO - [2025-03-25 23:01:02,129] {dag.py:2306} INFO - Setting next_dagrun for example_xcom to 2025-03-23 00:00:00+00:00
[2025-03-25 23:01:02,147] {scheduler_job.py:190} INFO - Processing /home/airflow/.local/lib/python3.6/site-packages/airflow/example_dags/example_xcom.py took 0.088 seconds
[2025-03-25 23:01:32,521] {scheduler_job.py:182} INFO - Started process (PID=2478) to work on /home/airflow/.local/lib/python3.6/site-packages/airflow/example_dags/example_xcom.py
[2025-03-25 23:01:32,523] {scheduler_job.py:633} INFO - Processing file /home/airflow/.local/lib/python3.6/site-packages/airflow/example_dags/example_xcom.py for tasks to queue
[2025-03-25 23:01:32,525] {logging_mixin.py:104} INFO - [2025-03-25 23:01:32,524] {dagbag.py:496} INFO - Filling up the DagBag from /home/airflow/.local/lib/python3.6/site-packages/airflow/example_dags/example_xcom.py
[2025-03-25 23:01:32,538] {scheduler_job.py:643} INFO - DAG(s) dict_keys(['example_xcom']) retrieved from /home/airflow/.local/lib/python3.6/site-packages/airflow/example_dags/example_xcom.py
[2025-03-25 23:01:32,569] {logging_mixin.py:104} INFO - [2025-03-25 23:01:32,568] {dag.py:1833} INFO - Sync 1 DAGs
[2025-03-25 23:01:32,589] {logging_mixin.py:104} INFO - [2025-03-25 23:01:32,589] {dag.py:2306} INFO - Setting next_dagrun for example_xcom to 2025-03-23 00:00:00+00:00
[2025-03-25 23:01:32,614] {scheduler_job.py:190} INFO - Processing /home/airflow/.local/lib/python3.6/site-packages/airflow/example_dags/example_xcom.py took 0.097 seconds
[2025-03-25 23:02:03,183] {scheduler_job.py:182} INFO - Started process (PID=2530) to work on /home/airflow/.local/lib/python3.6/site-packages/airflow/example_dags/example_xcom.py
[2025-03-25 23:02:03,185] {scheduler_job.py:633} INFO - Processing file /home/airflow/.local/lib/python3.6/site-packages/airflow/example_dags/example_xcom.py for tasks to queue
[2025-03-25 23:02:03,187] {logging_mixin.py:104} INFO - [2025-03-25 23:02:03,187] {dagbag.py:496} INFO - Filling up the DagBag from /home/airflow/.local/lib/python3.6/site-packages/airflow/example_dags/example_xcom.py
[2025-03-25 23:02:03,203] {scheduler_job.py:643} INFO - DAG(s) dict_keys(['example_xcom']) retrieved from /home/airflow/.local/lib/python3.6/site-packages/airflow/example_dags/example_xcom.py
[2025-03-25 23:02:03,236] {logging_mixin.py:104} INFO - [2025-03-25 23:02:03,236] {dag.py:1833} INFO - Sync 1 DAGs
[2025-03-25 23:02:03,264] {logging_mixin.py:104} INFO - [2025-03-25 23:02:03,264] {dag.py:2306} INFO - Setting next_dagrun for example_xcom to 2025-03-23 00:00:00+00:00
[2025-03-25 23:02:03,283] {scheduler_job.py:190} INFO - Processing /home/airflow/.local/lib/python3.6/site-packages/airflow/example_dags/example_xcom.py took 0.104 seconds
[2025-03-25 23:02:33,933] {scheduler_job.py:182} INFO - Started process (PID=2583) to work on /home/airflow/.local/lib/python3.6/site-packages/airflow/example_dags/example_xcom.py
[2025-03-25 23:02:33,936] {scheduler_job.py:633} INFO - Processing file /home/airflow/.local/lib/python3.6/site-packages/airflow/example_dags/example_xcom.py for tasks to queue
[2025-03-25 23:02:33,937] {logging_mixin.py:104} INFO - [2025-03-25 23:02:33,937] {dagbag.py:496} INFO - Filling up the DagBag from /home/airflow/.local/lib/python3.6/site-packages/airflow/example_dags/example_xcom.py
[2025-03-25 23:02:33,951] {scheduler_job.py:643} INFO - DAG(s) dict_keys(['example_xcom']) retrieved from /home/airflow/.local/lib/python3.6/site-packages/airflow/example_dags/example_xcom.py
[2025-03-25 23:02:33,979] {logging_mixin.py:104} INFO - [2025-03-25 23:02:33,979] {dag.py:1833} INFO - Sync 1 DAGs
[2025-03-25 23:02:33,999] {logging_mixin.py:104} INFO - [2025-03-25 23:02:33,999] {dag.py:2306} INFO - Setting next_dagrun for example_xcom to 2025-03-23 00:00:00+00:00
[2025-03-25 23:02:34,015] {scheduler_job.py:190} INFO - Processing /home/airflow/.local/lib/python3.6/site-packages/airflow/example_dags/example_xcom.py took 0.085 seconds
[2025-03-25 23:03:04,226] {scheduler_job.py:182} INFO - Started process (PID=2646) to work on /home/airflow/.local/lib/python3.6/site-packages/airflow/example_dags/example_xcom.py
[2025-03-25 23:03:04,228] {scheduler_job.py:633} INFO - Processing file /home/airflow/.local/lib/python3.6/site-packages/airflow/example_dags/example_xcom.py for tasks to queue
[2025-03-25 23:03:04,229] {logging_mixin.py:104} INFO - [2025-03-25 23:03:04,229] {dagbag.py:496} INFO - Filling up the DagBag from /home/airflow/.local/lib/python3.6/site-packages/airflow/example_dags/example_xcom.py
[2025-03-25 23:03:04,242] {scheduler_job.py:643} INFO - DAG(s) dict_keys(['example_xcom']) retrieved from /home/airflow/.local/lib/python3.6/site-packages/airflow/example_dags/example_xcom.py
[2025-03-25 23:03:04,267] {logging_mixin.py:104} INFO - [2025-03-25 23:03:04,267] {dag.py:1833} INFO - Sync 1 DAGs
[2025-03-25 23:03:04,317] {logging_mixin.py:104} INFO - [2025-03-25 23:03:04,317] {dag.py:2306} INFO - Setting next_dagrun for example_xcom to 2025-03-23 00:00:00+00:00
[2025-03-25 23:03:04,341] {scheduler_job.py:190} INFO - Processing /home/airflow/.local/lib/python3.6/site-packages/airflow/example_dags/example_xcom.py took 0.118 seconds
[2025-03-25 23:03:34,633] {scheduler_job.py:182} INFO - Started process (PID=2698) to work on /home/airflow/.local/lib/python3.6/site-packages/airflow/example_dags/example_xcom.py
[2025-03-25 23:03:34,636] {scheduler_job.py:633} INFO - Processing file /home/airflow/.local/lib/python3.6/site-packages/airflow/example_dags/example_xcom.py for tasks to queue
[2025-03-25 23:03:34,637] {logging_mixin.py:104} INFO - [2025-03-25 23:03:34,637] {dagbag.py:496} INFO - Filling up the DagBag from /home/airflow/.local/lib/python3.6/site-packages/airflow/example_dags/example_xcom.py
[2025-03-25 23:03:34,649] {scheduler_job.py:643} INFO - DAG(s) dict_keys(['example_xcom']) retrieved from /home/airflow/.local/lib/python3.6/site-packages/airflow/example_dags/example_xcom.py
[2025-03-25 23:03:34,676] {logging_mixin.py:104} INFO - [2025-03-25 23:03:34,676] {dag.py:1833} INFO - Sync 1 DAGs
[2025-03-25 23:03:34,694] {logging_mixin.py:104} INFO - [2025-03-25 23:03:34,694] {dag.py:2306} INFO - Setting next_dagrun for example_xcom to 2025-03-23 00:00:00+00:00
[2025-03-25 23:03:34,708] {scheduler_job.py:190} INFO - Processing /home/airflow/.local/lib/python3.6/site-packages/airflow/example_dags/example_xcom.py took 0.078 seconds
[2025-03-25 23:14:31,762] {scheduler_job.py:182} INFO - Started process (PID=339) to work on /home/airflow/.local/lib/python3.6/site-packages/airflow/example_dags/example_xcom.py
[2025-03-25 23:14:31,763] {scheduler_job.py:633} INFO - Processing file /home/airflow/.local/lib/python3.6/site-packages/airflow/example_dags/example_xcom.py for tasks to queue
[2025-03-25 23:14:31,764] {logging_mixin.py:104} INFO - [2025-03-25 23:14:31,764] {dagbag.py:496} INFO - Filling up the DagBag from /home/airflow/.local/lib/python3.6/site-packages/airflow/example_dags/example_xcom.py
[2025-03-25 23:14:31,781] {scheduler_job.py:643} INFO - DAG(s) dict_keys(['example_xcom']) retrieved from /home/airflow/.local/lib/python3.6/site-packages/airflow/example_dags/example_xcom.py
[2025-03-25 23:14:35,109] {logging_mixin.py:104} INFO - [2025-03-25 23:14:35,109] {dag.py:1833} INFO - Sync 1 DAGs
[2025-03-25 23:14:35,122] {logging_mixin.py:104} INFO - [2025-03-25 23:14:35,121] {dag.py:1852} INFO - Creating ORM DAG for example_xcom
[2025-03-25 23:14:35,130] {logging_mixin.py:104} INFO - [2025-03-25 23:14:35,130] {dag.py:2306} INFO - Setting next_dagrun for example_xcom to 2025-03-23 00:00:00+00:00
[2025-03-25 23:14:35,147] {scheduler_job.py:190} INFO - Processing /home/airflow/.local/lib/python3.6/site-packages/airflow/example_dags/example_xcom.py took 3.389 seconds
[2025-03-25 23:15:06,079] {scheduler_job.py:182} INFO - Started process (PID=424) to work on /home/airflow/.local/lib/python3.6/site-packages/airflow/example_dags/example_xcom.py
[2025-03-25 23:15:06,080] {scheduler_job.py:633} INFO - Processing file /home/airflow/.local/lib/python3.6/site-packages/airflow/example_dags/example_xcom.py for tasks to queue
[2025-03-25 23:15:06,081] {logging_mixin.py:104} INFO - [2025-03-25 23:15:06,081] {dagbag.py:496} INFO - Filling up the DagBag from /home/airflow/.local/lib/python3.6/site-packages/airflow/example_dags/example_xcom.py
[2025-03-25 23:15:06,092] {scheduler_job.py:643} INFO - DAG(s) dict_keys(['example_xcom']) retrieved from /home/airflow/.local/lib/python3.6/site-packages/airflow/example_dags/example_xcom.py
[2025-03-25 23:15:06,120] {logging_mixin.py:104} INFO - [2025-03-25 23:15:06,120] {dag.py:1833} INFO - Sync 1 DAGs
[2025-03-25 23:15:06,144] {logging_mixin.py:104} INFO - [2025-03-25 23:15:06,143] {dag.py:2306} INFO - Setting next_dagrun for example_xcom to 2025-03-23 00:00:00+00:00
[2025-03-25 23:15:06,160] {scheduler_job.py:190} INFO - Processing /home/airflow/.local/lib/python3.6/site-packages/airflow/example_dags/example_xcom.py took 0.084 seconds
[2025-03-25 23:15:36,669] {scheduler_job.py:182} INFO - Started process (PID=477) to work on /home/airflow/.local/lib/python3.6/site-packages/airflow/example_dags/example_xcom.py
[2025-03-25 23:15:36,670] {scheduler_job.py:633} INFO - Processing file /home/airflow/.local/lib/python3.6/site-packages/airflow/example_dags/example_xcom.py for tasks to queue
[2025-03-25 23:15:36,672] {logging_mixin.py:104} INFO - [2025-03-25 23:15:36,672] {dagbag.py:496} INFO - Filling up the DagBag from /home/airflow/.local/lib/python3.6/site-packages/airflow/example_dags/example_xcom.py
[2025-03-25 23:15:36,686] {scheduler_job.py:643} INFO - DAG(s) dict_keys(['example_xcom']) retrieved from /home/airflow/.local/lib/python3.6/site-packages/airflow/example_dags/example_xcom.py
[2025-03-25 23:15:36,714] {logging_mixin.py:104} INFO - [2025-03-25 23:15:36,714] {dag.py:1833} INFO - Sync 1 DAGs
[2025-03-25 23:15:36,734] {logging_mixin.py:104} INFO - [2025-03-25 23:15:36,734] {dag.py:2306} INFO - Setting next_dagrun for example_xcom to 2025-03-23 00:00:00+00:00
[2025-03-25 23:15:36,752] {scheduler_job.py:190} INFO - Processing /home/airflow/.local/lib/python3.6/site-packages/airflow/example_dags/example_xcom.py took 0.086 seconds
[2025-03-25 23:16:06,807] {scheduler_job.py:182} INFO - Started process (PID=529) to work on /home/airflow/.local/lib/python3.6/site-packages/airflow/example_dags/example_xcom.py
[2025-03-25 23:16:06,809] {scheduler_job.py:633} INFO - Processing file /home/airflow/.local/lib/python3.6/site-packages/airflow/example_dags/example_xcom.py for tasks to queue
[2025-03-25 23:16:06,810] {logging_mixin.py:104} INFO - [2025-03-25 23:16:06,810] {dagbag.py:496} INFO - Filling up the DagBag from /home/airflow/.local/lib/python3.6/site-packages/airflow/example_dags/example_xcom.py
[2025-03-25 23:16:06,823] {scheduler_job.py:643} INFO - DAG(s) dict_keys(['example_xcom']) retrieved from /home/airflow/.local/lib/python3.6/site-packages/airflow/example_dags/example_xcom.py
[2025-03-25 23:16:06,854] {logging_mixin.py:104} INFO - [2025-03-25 23:16:06,854] {dag.py:1833} INFO - Sync 1 DAGs
[2025-03-25 23:16:06,874] {logging_mixin.py:104} INFO - [2025-03-25 23:16:06,874] {dag.py:2306} INFO - Setting next_dagrun for example_xcom to 2025-03-23 00:00:00+00:00
[2025-03-25 23:16:06,891] {scheduler_job.py:190} INFO - Processing /home/airflow/.local/lib/python3.6/site-packages/airflow/example_dags/example_xcom.py took 0.088 seconds
[2025-03-25 23:16:37,594] {scheduler_job.py:182} INFO - Started process (PID=591) to work on /home/airflow/.local/lib/python3.6/site-packages/airflow/example_dags/example_xcom.py
[2025-03-25 23:16:37,595] {scheduler_job.py:633} INFO - Processing file /home/airflow/.local/lib/python3.6/site-packages/airflow/example_dags/example_xcom.py for tasks to queue
[2025-03-25 23:16:37,596] {logging_mixin.py:104} INFO - [2025-03-25 23:16:37,596] {dagbag.py:496} INFO - Filling up the DagBag from /home/airflow/.local/lib/python3.6/site-packages/airflow/example_dags/example_xcom.py
[2025-03-25 23:16:37,609] {scheduler_job.py:643} INFO - DAG(s) dict_keys(['example_xcom']) retrieved from /home/airflow/.local/lib/python3.6/site-packages/airflow/example_dags/example_xcom.py
[2025-03-25 23:16:37,647] {logging_mixin.py:104} INFO - [2025-03-25 23:16:37,647] {dag.py:1833} INFO - Sync 1 DAGs
[2025-03-25 23:16:37,670] {logging_mixin.py:104} INFO - [2025-03-25 23:16:37,669] {dag.py:2306} INFO - Setting next_dagrun for example_xcom to 2025-03-23 00:00:00+00:00
[2025-03-25 23:16:37,687] {scheduler_job.py:190} INFO - Processing /home/airflow/.local/lib/python3.6/site-packages/airflow/example_dags/example_xcom.py took 0.096 seconds
[2025-03-25 23:17:08,280] {scheduler_job.py:182} INFO - Started process (PID=643) to work on /home/airflow/.local/lib/python3.6/site-packages/airflow/example_dags/example_xcom.py
[2025-03-25 23:17:08,281] {scheduler_job.py:633} INFO - Processing file /home/airflow/.local/lib/python3.6/site-packages/airflow/example_dags/example_xcom.py for tasks to queue
[2025-03-25 23:17:08,282] {logging_mixin.py:104} INFO - [2025-03-25 23:17:08,282] {dagbag.py:496} INFO - Filling up the DagBag from /home/airflow/.local/lib/python3.6/site-packages/airflow/example_dags/example_xcom.py
[2025-03-25 23:17:08,293] {scheduler_job.py:643} INFO - DAG(s) dict_keys(['example_xcom']) retrieved from /home/airflow/.local/lib/python3.6/site-packages/airflow/example_dags/example_xcom.py
[2025-03-25 23:17:08,323] {logging_mixin.py:104} INFO - [2025-03-25 23:17:08,322] {dag.py:1833} INFO - Sync 1 DAGs
[2025-03-25 23:17:08,342] {logging_mixin.py:104} INFO - [2025-03-25 23:17:08,342] {dag.py:2306} INFO - Setting next_dagrun for example_xcom to 2025-03-23 00:00:00+00:00
[2025-03-25 23:17:08,357] {scheduler_job.py:190} INFO - Processing /home/airflow/.local/lib/python3.6/site-packages/airflow/example_dags/example_xcom.py took 0.079 seconds
[2025-03-25 23:17:38,953] {scheduler_job.py:182} INFO - Started process (PID=695) to work on /home/airflow/.local/lib/python3.6/site-packages/airflow/example_dags/example_xcom.py
[2025-03-25 23:17:38,954] {scheduler_job.py:633} INFO - Processing file /home/airflow/.local/lib/python3.6/site-packages/airflow/example_dags/example_xcom.py for tasks to queue
[2025-03-25 23:17:38,955] {logging_mixin.py:104} INFO - [2025-03-25 23:17:38,955] {dagbag.py:496} INFO - Filling up the DagBag from /home/airflow/.local/lib/python3.6/site-packages/airflow/example_dags/example_xcom.py
[2025-03-25 23:17:38,970] {scheduler_job.py:643} INFO - DAG(s) dict_keys(['example_xcom']) retrieved from /home/airflow/.local/lib/python3.6/site-packages/airflow/example_dags/example_xcom.py
[2025-03-25 23:17:38,999] {logging_mixin.py:104} INFO - [2025-03-25 23:17:38,999] {dag.py:1833} INFO - Sync 1 DAGs
[2025-03-25 23:17:39,022] {logging_mixin.py:104} INFO - [2025-03-25 23:17:39,022] {dag.py:2306} INFO - Setting next_dagrun for example_xcom to 2025-03-23 00:00:00+00:00
[2025-03-25 23:17:39,039] {scheduler_job.py:190} INFO - Processing /home/airflow/.local/lib/python3.6/site-packages/airflow/example_dags/example_xcom.py took 0.089 seconds
[2025-03-25 23:18:09,309] {scheduler_job.py:182} INFO - Started process (PID=758) to work on /home/airflow/.local/lib/python3.6/site-packages/airflow/example_dags/example_xcom.py
[2025-03-25 23:18:09,310] {scheduler_job.py:633} INFO - Processing file /home/airflow/.local/lib/python3.6/site-packages/airflow/example_dags/example_xcom.py for tasks to queue
[2025-03-25 23:18:09,311] {logging_mixin.py:104} INFO - [2025-03-25 23:18:09,311] {dagbag.py:496} INFO - Filling up the DagBag from /home/airflow/.local/lib/python3.6/site-packages/airflow/example_dags/example_xcom.py
[2025-03-25 23:18:09,324] {scheduler_job.py:643} INFO - DAG(s) dict_keys(['example_xcom']) retrieved from /home/airflow/.local/lib/python3.6/site-packages/airflow/example_dags/example_xcom.py
[2025-03-25 23:18:09,349] {logging_mixin.py:104} INFO - [2025-03-25 23:18:09,349] {dag.py:1833} INFO - Sync 1 DAGs
[2025-03-25 23:18:09,376] {logging_mixin.py:104} INFO - [2025-03-25 23:18:09,375] {dag.py:2306} INFO - Setting next_dagrun for example_xcom to 2025-03-23 00:00:00+00:00
[2025-03-25 23:18:09,420] {scheduler_job.py:190} INFO - Processing /home/airflow/.local/lib/python3.6/site-packages/airflow/example_dags/example_xcom.py took 0.114 seconds
[2025-03-25 23:18:39,606] {scheduler_job.py:182} INFO - Started process (PID=810) to work on /home/airflow/.local/lib/python3.6/site-packages/airflow/example_dags/example_xcom.py
[2025-03-25 23:18:39,608] {scheduler_job.py:633} INFO - Processing file /home/airflow/.local/lib/python3.6/site-packages/airflow/example_dags/example_xcom.py for tasks to queue
[2025-03-25 23:18:39,609] {logging_mixin.py:104} INFO - [2025-03-25 23:18:39,609] {dagbag.py:496} INFO - Filling up the DagBag from /home/airflow/.local/lib/python3.6/site-packages/airflow/example_dags/example_xcom.py
[2025-03-25 23:18:39,621] {scheduler_job.py:643} INFO - DAG(s) dict_keys(['example_xcom']) retrieved from /home/airflow/.local/lib/python3.6/site-packages/airflow/example_dags/example_xcom.py
[2025-03-25 23:18:39,649] {logging_mixin.py:104} INFO - [2025-03-25 23:18:39,649] {dag.py:1833} INFO - Sync 1 DAGs
[2025-03-25 23:18:39,668] {logging_mixin.py:104} INFO - [2025-03-25 23:18:39,668] {dag.py:2306} INFO - Setting next_dagrun for example_xcom to 2025-03-23 00:00:00+00:00
[2025-03-25 23:18:39,683] {scheduler_job.py:190} INFO - Processing /home/airflow/.local/lib/python3.6/site-packages/airflow/example_dags/example_xcom.py took 0.080 seconds
[2025-03-25T23:45:52.315+0000] {processor.py:161} INFO - Started process (PID=107) to work on /home/airflow/.local/lib/python3.8/site-packages/airflow/example_dags/example_xcom.py
[2025-03-25T23:45:52.317+0000] {processor.py:830} INFO - Processing file /home/airflow/.local/lib/python3.8/site-packages/airflow/example_dags/example_xcom.py for tasks to queue
[2025-03-25T23:45:52.321+0000] {logging_mixin.py:188} INFO - [2025-03-25T23:45:52.320+0000] {dagbag.py:538} INFO - Filling up the DagBag from /home/airflow/.local/lib/python3.8/site-packages/airflow/example_dags/example_xcom.py
[2025-03-25T23:45:52.344+0000] {processor.py:840} INFO - DAG(s) 'example_xcom' retrieved from /home/airflow/.local/lib/python3.8/site-packages/airflow/example_dags/example_xcom.py
[2025-03-25T23:45:52.644+0000] {logging_mixin.py:188} INFO - [2025-03-25T23:45:52.643+0000] {override.py:1769} INFO - Created Permission View: can edit on DAG:example_xcom
[2025-03-25T23:45:52.688+0000] {logging_mixin.py:188} INFO - [2025-03-25T23:45:52.685+0000] {override.py:1769} INFO - Created Permission View: can delete on DAG:example_xcom
[2025-03-25T23:45:52.712+0000] {logging_mixin.py:188} INFO - [2025-03-25T23:45:52.711+0000] {override.py:1769} INFO - Created Permission View: can read on DAG:example_xcom
[2025-03-25T23:45:52.714+0000] {logging_mixin.py:188} INFO - [2025-03-25T23:45:52.713+0000] {dag.py:3036} INFO - Sync 1 DAGs
[2025-03-25T23:45:52.748+0000] {logging_mixin.py:188} INFO - [2025-03-25T23:45:52.747+0000] {dag.py:3058} INFO - Creating ORM DAG for example_xcom
[2025-03-25T23:45:52.776+0000] {logging_mixin.py:188} INFO - [2025-03-25T23:45:52.775+0000] {dag.py:3823} INFO - Setting next_dagrun for example_xcom to 2021-01-01 00:00:00+00:00, run_after=2021-01-01 00:00:00+00:00
[2025-03-25T23:45:52.834+0000] {processor.py:183} INFO - Processing /home/airflow/.local/lib/python3.8/site-packages/airflow/example_dags/example_xcom.py took 0.526 seconds
[2025-03-25T23:46:23.183+0000] {processor.py:161} INFO - Started process (PID=182) to work on /home/airflow/.local/lib/python3.8/site-packages/airflow/example_dags/example_xcom.py
[2025-03-25T23:46:23.184+0000] {processor.py:830} INFO - Processing file /home/airflow/.local/lib/python3.8/site-packages/airflow/example_dags/example_xcom.py for tasks to queue
[2025-03-25T23:46:23.187+0000] {logging_mixin.py:188} INFO - [2025-03-25T23:46:23.186+0000] {dagbag.py:538} INFO - Filling up the DagBag from /home/airflow/.local/lib/python3.8/site-packages/airflow/example_dags/example_xcom.py
[2025-03-25T23:46:23.196+0000] {processor.py:840} INFO - DAG(s) 'example_xcom' retrieved from /home/airflow/.local/lib/python3.8/site-packages/airflow/example_dags/example_xcom.py
[2025-03-25T23:46:23.224+0000] {logging_mixin.py:188} INFO - [2025-03-25T23:46:23.223+0000] {dag.py:3036} INFO - Sync 1 DAGs
[2025-03-25T23:46:23.252+0000] {logging_mixin.py:188} INFO - [2025-03-25T23:46:23.252+0000] {dag.py:3823} INFO - Setting next_dagrun for example_xcom to 2021-01-01 00:00:00+00:00, run_after=2021-01-01 00:00:00+00:00
[2025-03-25T23:46:23.399+0000] {processor.py:183} INFO - Processing /home/airflow/.local/lib/python3.8/site-packages/airflow/example_dags/example_xcom.py took 0.220 seconds
[2025-03-25T23:46:53.522+0000] {processor.py:161} INFO - Started process (PID=257) to work on /home/airflow/.local/lib/python3.8/site-packages/airflow/example_dags/example_xcom.py
[2025-03-25T23:46:53.524+0000] {processor.py:830} INFO - Processing file /home/airflow/.local/lib/python3.8/site-packages/airflow/example_dags/example_xcom.py for tasks to queue
[2025-03-25T23:46:53.527+0000] {logging_mixin.py:188} INFO - [2025-03-25T23:46:53.526+0000] {dagbag.py:538} INFO - Filling up the DagBag from /home/airflow/.local/lib/python3.8/site-packages/airflow/example_dags/example_xcom.py
[2025-03-25T23:46:53.538+0000] {processor.py:840} INFO - DAG(s) 'example_xcom' retrieved from /home/airflow/.local/lib/python3.8/site-packages/airflow/example_dags/example_xcom.py
[2025-03-25T23:46:53.573+0000] {logging_mixin.py:188} INFO - [2025-03-25T23:46:53.573+0000] {dag.py:3036} INFO - Sync 1 DAGs
[2025-03-25T23:46:53.602+0000] {logging_mixin.py:188} INFO - [2025-03-25T23:46:53.602+0000] {dag.py:3823} INFO - Setting next_dagrun for example_xcom to 2021-01-01 00:00:00+00:00, run_after=2021-01-01 00:00:00+00:00
[2025-03-25T23:46:53.632+0000] {processor.py:183} INFO - Processing /home/airflow/.local/lib/python3.8/site-packages/airflow/example_dags/example_xcom.py took 0.113 seconds
[2025-03-25T23:47:24.080+0000] {processor.py:161} INFO - Started process (PID=331) to work on /home/airflow/.local/lib/python3.8/site-packages/airflow/example_dags/example_xcom.py
[2025-03-25T23:47:24.082+0000] {processor.py:830} INFO - Processing file /home/airflow/.local/lib/python3.8/site-packages/airflow/example_dags/example_xcom.py for tasks to queue
[2025-03-25T23:47:24.084+0000] {logging_mixin.py:188} INFO - [2025-03-25T23:47:24.084+0000] {dagbag.py:538} INFO - Filling up the DagBag from /home/airflow/.local/lib/python3.8/site-packages/airflow/example_dags/example_xcom.py
[2025-03-25T23:47:24.093+0000] {processor.py:840} INFO - DAG(s) 'example_xcom' retrieved from /home/airflow/.local/lib/python3.8/site-packages/airflow/example_dags/example_xcom.py
[2025-03-25T23:47:24.127+0000] {logging_mixin.py:188} INFO - [2025-03-25T23:47:24.126+0000] {dag.py:3036} INFO - Sync 1 DAGs
[2025-03-25T23:47:24.165+0000] {logging_mixin.py:188} INFO - [2025-03-25T23:47:24.165+0000] {dag.py:3823} INFO - Setting next_dagrun for example_xcom to 2021-01-01 00:00:00+00:00, run_after=2021-01-01 00:00:00+00:00
[2025-03-25T23:47:24.203+0000] {processor.py:183} INFO - Processing /home/airflow/.local/lib/python3.8/site-packages/airflow/example_dags/example_xcom.py took 0.126 seconds
[2025-03-25T23:47:54.645+0000] {processor.py:161} INFO - Started process (PID=406) to work on /home/airflow/.local/lib/python3.8/site-packages/airflow/example_dags/example_xcom.py
[2025-03-25T23:47:54.646+0000] {processor.py:830} INFO - Processing file /home/airflow/.local/lib/python3.8/site-packages/airflow/example_dags/example_xcom.py for tasks to queue
[2025-03-25T23:47:54.649+0000] {logging_mixin.py:188} INFO - [2025-03-25T23:47:54.649+0000] {dagbag.py:538} INFO - Filling up the DagBag from /home/airflow/.local/lib/python3.8/site-packages/airflow/example_dags/example_xcom.py
[2025-03-25T23:47:54.659+0000] {processor.py:840} INFO - DAG(s) 'example_xcom' retrieved from /home/airflow/.local/lib/python3.8/site-packages/airflow/example_dags/example_xcom.py
[2025-03-25T23:47:54.694+0000] {logging_mixin.py:188} INFO - [2025-03-25T23:47:54.694+0000] {dag.py:3036} INFO - Sync 1 DAGs
[2025-03-25T23:47:54.725+0000] {logging_mixin.py:188} INFO - [2025-03-25T23:47:54.723+0000] {dag.py:3823} INFO - Setting next_dagrun for example_xcom to 2021-01-01 00:00:00+00:00, run_after=2021-01-01 00:00:00+00:00
[2025-03-25T23:47:54.759+0000] {processor.py:183} INFO - Processing /home/airflow/.local/lib/python3.8/site-packages/airflow/example_dags/example_xcom.py took 0.118 seconds
[2025-03-25T23:48:25.700+0000] {processor.py:161} INFO - Started process (PID=480) to work on /home/airflow/.local/lib/python3.8/site-packages/airflow/example_dags/example_xcom.py
[2025-03-25T23:48:25.702+0000] {processor.py:830} INFO - Processing file /home/airflow/.local/lib/python3.8/site-packages/airflow/example_dags/example_xcom.py for tasks to queue
[2025-03-25T23:48:25.706+0000] {logging_mixin.py:188} INFO - [2025-03-25T23:48:25.705+0000] {dagbag.py:538} INFO - Filling up the DagBag from /home/airflow/.local/lib/python3.8/site-packages/airflow/example_dags/example_xcom.py
[2025-03-25T23:48:25.716+0000] {processor.py:840} INFO - DAG(s) 'example_xcom' retrieved from /home/airflow/.local/lib/python3.8/site-packages/airflow/example_dags/example_xcom.py
[2025-03-25T23:48:25.749+0000] {logging_mixin.py:188} INFO - [2025-03-25T23:48:25.748+0000] {dag.py:3036} INFO - Sync 1 DAGs
[2025-03-25T23:48:25.788+0000] {logging_mixin.py:188} INFO - [2025-03-25T23:48:25.787+0000] {dag.py:3823} INFO - Setting next_dagrun for example_xcom to 2021-01-01 00:00:00+00:00, run_after=2021-01-01 00:00:00+00:00
[2025-03-25T23:48:25.824+0000] {processor.py:183} INFO - Processing /home/airflow/.local/lib/python3.8/site-packages/airflow/example_dags/example_xcom.py took 0.128 seconds
[2025-03-25T23:48:55.922+0000] {processor.py:161} INFO - Started process (PID=562) to work on /home/airflow/.local/lib/python3.8/site-packages/airflow/example_dags/example_xcom.py
[2025-03-25T23:48:55.924+0000] {processor.py:830} INFO - Processing file /home/airflow/.local/lib/python3.8/site-packages/airflow/example_dags/example_xcom.py for tasks to queue
[2025-03-25T23:48:55.927+0000] {logging_mixin.py:188} INFO - [2025-03-25T23:48:55.926+0000] {dagbag.py:538} INFO - Filling up the DagBag from /home/airflow/.local/lib/python3.8/site-packages/airflow/example_dags/example_xcom.py
[2025-03-25T23:48:55.940+0000] {processor.py:840} INFO - DAG(s) 'example_xcom' retrieved from /home/airflow/.local/lib/python3.8/site-packages/airflow/example_dags/example_xcom.py
[2025-03-25T23:48:55.977+0000] {logging_mixin.py:188} INFO - [2025-03-25T23:48:55.977+0000] {dag.py:3036} INFO - Sync 1 DAGs
[2025-03-25T23:48:56.029+0000] {logging_mixin.py:188} INFO - [2025-03-25T23:48:56.029+0000] {dag.py:3823} INFO - Setting next_dagrun for example_xcom to 2021-01-01 00:00:00+00:00, run_after=2021-01-01 00:00:00+00:00
[2025-03-25T23:48:56.075+0000] {processor.py:183} INFO - Processing /home/airflow/.local/lib/python3.8/site-packages/airflow/example_dags/example_xcom.py took 0.158 seconds
[2025-03-25T23:49:26.884+0000] {processor.py:161} INFO - Started process (PID=636) to work on /home/airflow/.local/lib/python3.8/site-packages/airflow/example_dags/example_xcom.py
[2025-03-25T23:49:26.885+0000] {processor.py:830} INFO - Processing file /home/airflow/.local/lib/python3.8/site-packages/airflow/example_dags/example_xcom.py for tasks to queue
[2025-03-25T23:49:26.889+0000] {logging_mixin.py:188} INFO - [2025-03-25T23:49:26.888+0000] {dagbag.py:538} INFO - Filling up the DagBag from /home/airflow/.local/lib/python3.8/site-packages/airflow/example_dags/example_xcom.py
[2025-03-25T23:49:26.899+0000] {processor.py:840} INFO - DAG(s) 'example_xcom' retrieved from /home/airflow/.local/lib/python3.8/site-packages/airflow/example_dags/example_xcom.py
[2025-03-25T23:49:26.938+0000] {logging_mixin.py:188} INFO - [2025-03-25T23:49:26.938+0000] {dag.py:3036} INFO - Sync 1 DAGs
[2025-03-25T23:49:26.985+0000] {logging_mixin.py:188} INFO - [2025-03-25T23:49:26.984+0000] {dag.py:3823} INFO - Setting next_dagrun for example_xcom to 2021-01-01 00:00:00+00:00, run_after=2021-01-01 00:00:00+00:00
[2025-03-25T23:49:27.033+0000] {processor.py:183} INFO - Processing /home/airflow/.local/lib/python3.8/site-packages/airflow/example_dags/example_xcom.py took 0.154 seconds
[2025-03-25T23:49:57.885+0000] {processor.py:161} INFO - Started process (PID=710) to work on /home/airflow/.local/lib/python3.8/site-packages/airflow/example_dags/example_xcom.py
[2025-03-25T23:49:57.886+0000] {processor.py:830} INFO - Processing file /home/airflow/.local/lib/python3.8/site-packages/airflow/example_dags/example_xcom.py for tasks to queue
[2025-03-25T23:49:57.889+0000] {logging_mixin.py:188} INFO - [2025-03-25T23:49:57.889+0000] {dagbag.py:538} INFO - Filling up the DagBag from /home/airflow/.local/lib/python3.8/site-packages/airflow/example_dags/example_xcom.py
[2025-03-25T23:49:57.901+0000] {processor.py:840} INFO - DAG(s) 'example_xcom' retrieved from /home/airflow/.local/lib/python3.8/site-packages/airflow/example_dags/example_xcom.py
[2025-03-25T23:49:57.932+0000] {logging_mixin.py:188} INFO - [2025-03-25T23:49:57.932+0000] {dag.py:3036} INFO - Sync 1 DAGs
[2025-03-25T23:49:57.961+0000] {logging_mixin.py:188} INFO - [2025-03-25T23:49:57.961+0000] {dag.py:3823} INFO - Setting next_dagrun for example_xcom to 2021-01-01 00:00:00+00:00, run_after=2021-01-01 00:00:00+00:00
[2025-03-25T23:49:57.996+0000] {processor.py:183} INFO - Processing /home/airflow/.local/lib/python3.8/site-packages/airflow/example_dags/example_xcom.py took 0.115 seconds
[2025-03-25T23:50:28.543+0000] {processor.py:161} INFO - Started process (PID=774) to work on /home/airflow/.local/lib/python3.8/site-packages/airflow/example_dags/example_xcom.py
[2025-03-25T23:50:28.544+0000] {processor.py:830} INFO - Processing file /home/airflow/.local/lib/python3.8/site-packages/airflow/example_dags/example_xcom.py for tasks to queue
[2025-03-25T23:50:28.547+0000] {logging_mixin.py:188} INFO - [2025-03-25T23:50:28.547+0000] {dagbag.py:538} INFO - Filling up the DagBag from /home/airflow/.local/lib/python3.8/site-packages/airflow/example_dags/example_xcom.py
[2025-03-25T23:50:28.560+0000] {processor.py:840} INFO - DAG(s) 'example_xcom' retrieved from /home/airflow/.local/lib/python3.8/site-packages/airflow/example_dags/example_xcom.py
[2025-03-25T23:50:28.599+0000] {logging_mixin.py:188} INFO - [2025-03-25T23:50:28.598+0000] {dag.py:3036} INFO - Sync 1 DAGs
[2025-03-25T23:50:28.636+0000] {logging_mixin.py:188} INFO - [2025-03-25T23:50:28.635+0000] {dag.py:3823} INFO - Setting next_dagrun for example_xcom to 2021-01-01 00:00:00+00:00, run_after=2021-01-01 00:00:00+00:00
[2025-03-25T23:50:28.680+0000] {processor.py:183} INFO - Processing /home/airflow/.local/lib/python3.8/site-packages/airflow/example_dags/example_xcom.py took 0.144 seconds
[2025-03-25T23:50:58.849+0000] {processor.py:161} INFO - Started process (PID=850) to work on /home/airflow/.local/lib/python3.8/site-packages/airflow/example_dags/example_xcom.py
[2025-03-25T23:50:58.850+0000] {processor.py:830} INFO - Processing file /home/airflow/.local/lib/python3.8/site-packages/airflow/example_dags/example_xcom.py for tasks to queue
[2025-03-25T23:50:58.853+0000] {logging_mixin.py:188} INFO - [2025-03-25T23:50:58.853+0000] {dagbag.py:538} INFO - Filling up the DagBag from /home/airflow/.local/lib/python3.8/site-packages/airflow/example_dags/example_xcom.py
[2025-03-25T23:50:58.864+0000] {processor.py:840} INFO - DAG(s) 'example_xcom' retrieved from /home/airflow/.local/lib/python3.8/site-packages/airflow/example_dags/example_xcom.py
[2025-03-25T23:50:58.931+0000] {logging_mixin.py:188} INFO - [2025-03-25T23:50:58.931+0000] {dag.py:3036} INFO - Sync 1 DAGs
[2025-03-25T23:50:59.029+0000] {logging_mixin.py:188} INFO - [2025-03-25T23:50:59.028+0000] {dag.py:3823} INFO - Setting next_dagrun for example_xcom to 2021-01-01 00:00:00+00:00, run_after=2021-01-01 00:00:00+00:00
[2025-03-25T23:50:59.094+0000] {processor.py:183} INFO - Processing /home/airflow/.local/lib/python3.8/site-packages/airflow/example_dags/example_xcom.py took 0.251 seconds
[2025-03-25T23:51:29.343+0000] {processor.py:161} INFO - Started process (PID=924) to work on /home/airflow/.local/lib/python3.8/site-packages/airflow/example_dags/example_xcom.py
[2025-03-25T23:51:29.346+0000] {processor.py:830} INFO - Processing file /home/airflow/.local/lib/python3.8/site-packages/airflow/example_dags/example_xcom.py for tasks to queue
[2025-03-25T23:51:29.350+0000] {logging_mixin.py:188} INFO - [2025-03-25T23:51:29.349+0000] {dagbag.py:538} INFO - Filling up the DagBag from /home/airflow/.local/lib/python3.8/site-packages/airflow/example_dags/example_xcom.py
[2025-03-25T23:51:29.367+0000] {processor.py:840} INFO - DAG(s) 'example_xcom' retrieved from /home/airflow/.local/lib/python3.8/site-packages/airflow/example_dags/example_xcom.py
[2025-03-25T23:51:29.477+0000] {logging_mixin.py:188} INFO - [2025-03-25T23:51:29.476+0000] {dag.py:3036} INFO - Sync 1 DAGs
[2025-03-25T23:51:29.539+0000] {logging_mixin.py:188} INFO - [2025-03-25T23:51:29.539+0000] {dag.py:3823} INFO - Setting next_dagrun for example_xcom to 2021-01-01 00:00:00+00:00, run_after=2021-01-01 00:00:00+00:00
[2025-03-25T23:51:29.572+0000] {processor.py:183} INFO - Processing /home/airflow/.local/lib/python3.8/site-packages/airflow/example_dags/example_xcom.py took 0.239 seconds
[2025-03-25T23:52:00.333+0000] {processor.py:161} INFO - Started process (PID=998) to work on /home/airflow/.local/lib/python3.8/site-packages/airflow/example_dags/example_xcom.py
[2025-03-25T23:52:00.334+0000] {processor.py:830} INFO - Processing file /home/airflow/.local/lib/python3.8/site-packages/airflow/example_dags/example_xcom.py for tasks to queue
[2025-03-25T23:52:00.337+0000] {logging_mixin.py:188} INFO - [2025-03-25T23:52:00.337+0000] {dagbag.py:538} INFO - Filling up the DagBag from /home/airflow/.local/lib/python3.8/site-packages/airflow/example_dags/example_xcom.py
[2025-03-25T23:52:00.346+0000] {processor.py:840} INFO - DAG(s) 'example_xcom' retrieved from /home/airflow/.local/lib/python3.8/site-packages/airflow/example_dags/example_xcom.py
[2025-03-25T23:52:00.375+0000] {logging_mixin.py:188} INFO - [2025-03-25T23:52:00.375+0000] {dag.py:3036} INFO - Sync 1 DAGs
[2025-03-25T23:52:00.407+0000] {logging_mixin.py:188} INFO - [2025-03-25T23:52:00.406+0000] {dag.py:3823} INFO - Setting next_dagrun for example_xcom to 2021-01-01 00:00:00+00:00, run_after=2021-01-01 00:00:00+00:00
[2025-03-25T23:52:00.439+0000] {processor.py:183} INFO - Processing /home/airflow/.local/lib/python3.8/site-packages/airflow/example_dags/example_xcom.py took 0.111 seconds
[2025-03-25T23:52:30.852+0000] {processor.py:161} INFO - Started process (PID=1080) to work on /home/airflow/.local/lib/python3.8/site-packages/airflow/example_dags/example_xcom.py
[2025-03-25T23:52:30.854+0000] {processor.py:830} INFO - Processing file /home/airflow/.local/lib/python3.8/site-packages/airflow/example_dags/example_xcom.py for tasks to queue
[2025-03-25T23:52:30.857+0000] {logging_mixin.py:188} INFO - [2025-03-25T23:52:30.856+0000] {dagbag.py:538} INFO - Filling up the DagBag from /home/airflow/.local/lib/python3.8/site-packages/airflow/example_dags/example_xcom.py
[2025-03-25T23:52:30.870+0000] {processor.py:840} INFO - DAG(s) 'example_xcom' retrieved from /home/airflow/.local/lib/python3.8/site-packages/airflow/example_dags/example_xcom.py
[2025-03-25T23:52:30.910+0000] {logging_mixin.py:188} INFO - [2025-03-25T23:52:30.910+0000] {dag.py:3036} INFO - Sync 1 DAGs
[2025-03-25T23:52:30.950+0000] {logging_mixin.py:188} INFO - [2025-03-25T23:52:30.949+0000] {dag.py:3823} INFO - Setting next_dagrun for example_xcom to 2021-01-01 00:00:00+00:00, run_after=2021-01-01 00:00:00+00:00
[2025-03-25T23:52:30.987+0000] {processor.py:183} INFO - Processing /home/airflow/.local/lib/python3.8/site-packages/airflow/example_dags/example_xcom.py took 0.140 seconds
[2025-03-25T23:53:01.239+0000] {processor.py:161} INFO - Started process (PID=1154) to work on /home/airflow/.local/lib/python3.8/site-packages/airflow/example_dags/example_xcom.py
[2025-03-25T23:53:01.241+0000] {processor.py:830} INFO - Processing file /home/airflow/.local/lib/python3.8/site-packages/airflow/example_dags/example_xcom.py for tasks to queue
[2025-03-25T23:53:01.244+0000] {logging_mixin.py:188} INFO - [2025-03-25T23:53:01.243+0000] {dagbag.py:538} INFO - Filling up the DagBag from /home/airflow/.local/lib/python3.8/site-packages/airflow/example_dags/example_xcom.py
[2025-03-25T23:53:01.254+0000] {processor.py:840} INFO - DAG(s) 'example_xcom' retrieved from /home/airflow/.local/lib/python3.8/site-packages/airflow/example_dags/example_xcom.py
[2025-03-25T23:53:01.297+0000] {logging_mixin.py:188} INFO - [2025-03-25T23:53:01.296+0000] {dag.py:3036} INFO - Sync 1 DAGs
[2025-03-25T23:53:01.334+0000] {logging_mixin.py:188} INFO - [2025-03-25T23:53:01.333+0000] {dag.py:3823} INFO - Setting next_dagrun for example_xcom to 2021-01-01 00:00:00+00:00, run_after=2021-01-01 00:00:00+00:00
[2025-03-25T23:53:01.379+0000] {processor.py:183} INFO - Processing /home/airflow/.local/lib/python3.8/site-packages/airflow/example_dags/example_xcom.py took 0.144 seconds
[2025-03-25T23:53:31.824+0000] {processor.py:161} INFO - Started process (PID=1228) to work on /home/airflow/.local/lib/python3.8/site-packages/airflow/example_dags/example_xcom.py
[2025-03-25T23:53:31.826+0000] {processor.py:830} INFO - Processing file /home/airflow/.local/lib/python3.8/site-packages/airflow/example_dags/example_xcom.py for tasks to queue
[2025-03-25T23:53:31.828+0000] {logging_mixin.py:188} INFO - [2025-03-25T23:53:31.828+0000] {dagbag.py:538} INFO - Filling up the DagBag from /home/airflow/.local/lib/python3.8/site-packages/airflow/example_dags/example_xcom.py
[2025-03-25T23:53:31.844+0000] {processor.py:840} INFO - DAG(s) 'example_xcom' retrieved from /home/airflow/.local/lib/python3.8/site-packages/airflow/example_dags/example_xcom.py
[2025-03-25T23:53:31.885+0000] {logging_mixin.py:188} INFO - [2025-03-25T23:53:31.884+0000] {dag.py:3036} INFO - Sync 1 DAGs
[2025-03-25T23:53:31.926+0000] {logging_mixin.py:188} INFO - [2025-03-25T23:53:31.926+0000] {dag.py:3823} INFO - Setting next_dagrun for example_xcom to 2021-01-01 00:00:00+00:00, run_after=2021-01-01 00:00:00+00:00
[2025-03-25T23:53:31.961+0000] {processor.py:183} INFO - Processing /home/airflow/.local/lib/python3.8/site-packages/airflow/example_dags/example_xcom.py took 0.142 seconds
[2025-03-25T23:55:41.850+0000] {processor.py:161} INFO - Started process (PID=107) to work on /home/airflow/.local/lib/python3.8/site-packages/airflow/example_dags/example_xcom.py
[2025-03-25T23:55:41.852+0000] {processor.py:830} INFO - Processing file /home/airflow/.local/lib/python3.8/site-packages/airflow/example_dags/example_xcom.py for tasks to queue
[2025-03-25T23:55:41.857+0000] {logging_mixin.py:188} INFO - [2025-03-25T23:55:41.855+0000] {dagbag.py:538} INFO - Filling up the DagBag from /home/airflow/.local/lib/python3.8/site-packages/airflow/example_dags/example_xcom.py
[2025-03-25T23:55:41.876+0000] {processor.py:840} INFO - DAG(s) 'example_xcom' retrieved from /home/airflow/.local/lib/python3.8/site-packages/airflow/example_dags/example_xcom.py
[2025-03-25T23:55:42.218+0000] {logging_mixin.py:188} INFO - [2025-03-25T23:55:42.215+0000] {override.py:1769} INFO - Created Permission View: can edit on DAG:example_xcom
[2025-03-25T23:55:42.263+0000] {logging_mixin.py:188} INFO - [2025-03-25T23:55:42.262+0000] {override.py:1769} INFO - Created Permission View: can delete on DAG:example_xcom
[2025-03-25T23:55:42.304+0000] {logging_mixin.py:188} INFO - [2025-03-25T23:55:42.303+0000] {override.py:1769} INFO - Created Permission View: can read on DAG:example_xcom
[2025-03-25T23:55:42.306+0000] {logging_mixin.py:188} INFO - [2025-03-25T23:55:42.305+0000] {dag.py:3036} INFO - Sync 1 DAGs
[2025-03-25T23:55:42.359+0000] {logging_mixin.py:188} INFO - [2025-03-25T23:55:42.359+0000] {dag.py:3058} INFO - Creating ORM DAG for example_xcom
[2025-03-25T23:55:42.394+0000] {logging_mixin.py:188} INFO - [2025-03-25T23:55:42.392+0000] {dag.py:3823} INFO - Setting next_dagrun for example_xcom to 2021-01-01 00:00:00+00:00, run_after=2021-01-01 00:00:00+00:00
[2025-03-25T23:55:42.451+0000] {processor.py:183} INFO - Processing /home/airflow/.local/lib/python3.8/site-packages/airflow/example_dags/example_xcom.py took 0.610 seconds
[2025-03-25T23:56:12.650+0000] {processor.py:161} INFO - Started process (PID=181) to work on /home/airflow/.local/lib/python3.8/site-packages/airflow/example_dags/example_xcom.py
[2025-03-25T23:56:12.652+0000] {processor.py:830} INFO - Processing file /home/airflow/.local/lib/python3.8/site-packages/airflow/example_dags/example_xcom.py for tasks to queue
[2025-03-25T23:56:12.655+0000] {logging_mixin.py:188} INFO - [2025-03-25T23:56:12.655+0000] {dagbag.py:538} INFO - Filling up the DagBag from /home/airflow/.local/lib/python3.8/site-packages/airflow/example_dags/example_xcom.py
[2025-03-25T23:56:12.667+0000] {processor.py:840} INFO - DAG(s) 'example_xcom' retrieved from /home/airflow/.local/lib/python3.8/site-packages/airflow/example_dags/example_xcom.py
[2025-03-25T23:56:12.703+0000] {logging_mixin.py:188} INFO - [2025-03-25T23:56:12.702+0000] {dag.py:3036} INFO - Sync 1 DAGs
[2025-03-25T23:56:12.744+0000] {logging_mixin.py:188} INFO - [2025-03-25T23:56:12.744+0000] {dag.py:3823} INFO - Setting next_dagrun for example_xcom to 2021-01-01 00:00:00+00:00, run_after=2021-01-01 00:00:00+00:00
[2025-03-25T23:56:12.784+0000] {processor.py:183} INFO - Processing /home/airflow/.local/lib/python3.8/site-packages/airflow/example_dags/example_xcom.py took 0.138 seconds
[2025-03-25T23:56:43.353+0000] {processor.py:161} INFO - Started process (PID=254) to work on /home/airflow/.local/lib/python3.8/site-packages/airflow/example_dags/example_xcom.py
[2025-03-25T23:56:43.355+0000] {processor.py:830} INFO - Processing file /home/airflow/.local/lib/python3.8/site-packages/airflow/example_dags/example_xcom.py for tasks to queue
[2025-03-25T23:56:43.359+0000] {logging_mixin.py:188} INFO - [2025-03-25T23:56:43.358+0000] {dagbag.py:538} INFO - Filling up the DagBag from /home/airflow/.local/lib/python3.8/site-packages/airflow/example_dags/example_xcom.py
[2025-03-25T23:56:43.367+0000] {processor.py:840} INFO - DAG(s) 'example_xcom' retrieved from /home/airflow/.local/lib/python3.8/site-packages/airflow/example_dags/example_xcom.py
[2025-03-25T23:56:43.402+0000] {logging_mixin.py:188} INFO - [2025-03-25T23:56:43.402+0000] {dag.py:3036} INFO - Sync 1 DAGs
[2025-03-25T23:56:43.441+0000] {logging_mixin.py:188} INFO - [2025-03-25T23:56:43.440+0000] {dag.py:3823} INFO - Setting next_dagrun for example_xcom to 2021-01-01 00:00:00+00:00, run_after=2021-01-01 00:00:00+00:00
[2025-03-25T23:56:43.475+0000] {processor.py:183} INFO - Processing /home/airflow/.local/lib/python3.8/site-packages/airflow/example_dags/example_xcom.py took 0.126 seconds
[2025-03-25T23:57:13.693+0000] {processor.py:161} INFO - Started process (PID=328) to work on /home/airflow/.local/lib/python3.8/site-packages/airflow/example_dags/example_xcom.py
[2025-03-25T23:57:13.694+0000] {processor.py:830} INFO - Processing file /home/airflow/.local/lib/python3.8/site-packages/airflow/example_dags/example_xcom.py for tasks to queue
[2025-03-25T23:57:13.696+0000] {logging_mixin.py:188} INFO - [2025-03-25T23:57:13.696+0000] {dagbag.py:538} INFO - Filling up the DagBag from /home/airflow/.local/lib/python3.8/site-packages/airflow/example_dags/example_xcom.py
[2025-03-25T23:57:13.704+0000] {processor.py:840} INFO - DAG(s) 'example_xcom' retrieved from /home/airflow/.local/lib/python3.8/site-packages/airflow/example_dags/example_xcom.py
[2025-03-25T23:57:13.734+0000] {logging_mixin.py:188} INFO - [2025-03-25T23:57:13.734+0000] {dag.py:3036} INFO - Sync 1 DAGs
[2025-03-25T23:57:13.763+0000] {logging_mixin.py:188} INFO - [2025-03-25T23:57:13.762+0000] {dag.py:3823} INFO - Setting next_dagrun for example_xcom to 2021-01-01 00:00:00+00:00, run_after=2021-01-01 00:00:00+00:00
[2025-03-25T23:57:13.790+0000] {processor.py:183} INFO - Processing /home/airflow/.local/lib/python3.8/site-packages/airflow/example_dags/example_xcom.py took 0.101 seconds
[2025-03-25T23:57:44.521+0000] {processor.py:161} INFO - Started process (PID=403) to work on /home/airflow/.local/lib/python3.8/site-packages/airflow/example_dags/example_xcom.py
[2025-03-25T23:57:44.522+0000] {processor.py:830} INFO - Processing file /home/airflow/.local/lib/python3.8/site-packages/airflow/example_dags/example_xcom.py for tasks to queue
[2025-03-25T23:57:44.525+0000] {logging_mixin.py:188} INFO - [2025-03-25T23:57:44.525+0000] {dagbag.py:538} INFO - Filling up the DagBag from /home/airflow/.local/lib/python3.8/site-packages/airflow/example_dags/example_xcom.py
[2025-03-25T23:57:44.536+0000] {processor.py:840} INFO - DAG(s) 'example_xcom' retrieved from /home/airflow/.local/lib/python3.8/site-packages/airflow/example_dags/example_xcom.py
[2025-03-25T23:57:44.574+0000] {logging_mixin.py:188} INFO - [2025-03-25T23:57:44.573+0000] {dag.py:3036} INFO - Sync 1 DAGs
[2025-03-25T23:57:44.609+0000] {logging_mixin.py:188} INFO - [2025-03-25T23:57:44.608+0000] {dag.py:3823} INFO - Setting next_dagrun for example_xcom to 2021-01-01 00:00:00+00:00, run_after=2021-01-01 00:00:00+00:00
[2025-03-25T23:57:44.644+0000] {processor.py:183} INFO - Processing /home/airflow/.local/lib/python3.8/site-packages/airflow/example_dags/example_xcom.py took 0.127 seconds
[2025-03-25T23:58:14.844+0000] {processor.py:161} INFO - Started process (PID=477) to work on /home/airflow/.local/lib/python3.8/site-packages/airflow/example_dags/example_xcom.py
[2025-03-25T23:58:14.846+0000] {processor.py:830} INFO - Processing file /home/airflow/.local/lib/python3.8/site-packages/airflow/example_dags/example_xcom.py for tasks to queue
[2025-03-25T23:58:14.849+0000] {logging_mixin.py:188} INFO - [2025-03-25T23:58:14.848+0000] {dagbag.py:538} INFO - Filling up the DagBag from /home/airflow/.local/lib/python3.8/site-packages/airflow/example_dags/example_xcom.py
[2025-03-25T23:58:14.863+0000] {processor.py:840} INFO - DAG(s) 'example_xcom' retrieved from /home/airflow/.local/lib/python3.8/site-packages/airflow/example_dags/example_xcom.py
[2025-03-25T23:58:14.907+0000] {logging_mixin.py:188} INFO - [2025-03-25T23:58:14.906+0000] {dag.py:3036} INFO - Sync 1 DAGs
[2025-03-25T23:58:14.949+0000] {logging_mixin.py:188} INFO - [2025-03-25T23:58:14.948+0000] {dag.py:3823} INFO - Setting next_dagrun for example_xcom to 2021-01-01 00:00:00+00:00, run_after=2021-01-01 00:00:00+00:00
[2025-03-25T23:58:14.989+0000] {processor.py:183} INFO - Processing /home/airflow/.local/lib/python3.8/site-packages/airflow/example_dags/example_xcom.py took 0.151 seconds
[2025-03-25T23:58:45.584+0000] {processor.py:161} INFO - Started process (PID=551) to work on /home/airflow/.local/lib/python3.8/site-packages/airflow/example_dags/example_xcom.py
[2025-03-25T23:58:45.586+0000] {processor.py:830} INFO - Processing file /home/airflow/.local/lib/python3.8/site-packages/airflow/example_dags/example_xcom.py for tasks to queue
[2025-03-25T23:58:45.590+0000] {logging_mixin.py:188} INFO - [2025-03-25T23:58:45.589+0000] {dagbag.py:538} INFO - Filling up the DagBag from /home/airflow/.local/lib/python3.8/site-packages/airflow/example_dags/example_xcom.py
[2025-03-25T23:58:45.610+0000] {processor.py:840} INFO - DAG(s) 'example_xcom' retrieved from /home/airflow/.local/lib/python3.8/site-packages/airflow/example_dags/example_xcom.py
[2025-03-25T23:58:45.697+0000] {logging_mixin.py:188} INFO - [2025-03-25T23:58:45.688+0000] {dag.py:3036} INFO - Sync 1 DAGs
[2025-03-25T23:58:45.781+0000] {logging_mixin.py:188} INFO - [2025-03-25T23:58:45.780+0000] {dag.py:3823} INFO - Setting next_dagrun for example_xcom to 2021-01-01 00:00:00+00:00, run_after=2021-01-01 00:00:00+00:00
[2025-03-25T23:58:45.827+0000] {processor.py:183} INFO - Processing /home/airflow/.local/lib/python3.8/site-packages/airflow/example_dags/example_xcom.py took 0.248 seconds
[2025-03-25T23:59:16.352+0000] {processor.py:161} INFO - Started process (PID=633) to work on /home/airflow/.local/lib/python3.8/site-packages/airflow/example_dags/example_xcom.py
[2025-03-25T23:59:16.354+0000] {processor.py:830} INFO - Processing file /home/airflow/.local/lib/python3.8/site-packages/airflow/example_dags/example_xcom.py for tasks to queue
[2025-03-25T23:59:16.356+0000] {logging_mixin.py:188} INFO - [2025-03-25T23:59:16.356+0000] {dagbag.py:538} INFO - Filling up the DagBag from /home/airflow/.local/lib/python3.8/site-packages/airflow/example_dags/example_xcom.py
[2025-03-25T23:59:16.377+0000] {processor.py:840} INFO - DAG(s) 'example_xcom' retrieved from /home/airflow/.local/lib/python3.8/site-packages/airflow/example_dags/example_xcom.py
[2025-03-25T23:59:16.416+0000] {logging_mixin.py:188} INFO - [2025-03-25T23:59:16.416+0000] {dag.py:3036} INFO - Sync 1 DAGs
[2025-03-25T23:59:16.466+0000] {logging_mixin.py:188} INFO - [2025-03-25T23:59:16.465+0000] {dag.py:3823} INFO - Setting next_dagrun for example_xcom to 2021-01-01 00:00:00+00:00, run_after=2021-01-01 00:00:00+00:00
[2025-03-25T23:59:16.506+0000] {processor.py:183} INFO - Processing /home/airflow/.local/lib/python3.8/site-packages/airflow/example_dags/example_xcom.py took 0.158 seconds
[2025-03-25T23:59:46.623+0000] {processor.py:161} INFO - Started process (PID=699) to work on /home/airflow/.local/lib/python3.8/site-packages/airflow/example_dags/example_xcom.py
[2025-03-25T23:59:46.625+0000] {processor.py:830} INFO - Processing file /home/airflow/.local/lib/python3.8/site-packages/airflow/example_dags/example_xcom.py for tasks to queue
[2025-03-25T23:59:46.628+0000] {logging_mixin.py:188} INFO - [2025-03-25T23:59:46.627+0000] {dagbag.py:538} INFO - Filling up the DagBag from /home/airflow/.local/lib/python3.8/site-packages/airflow/example_dags/example_xcom.py
[2025-03-25T23:59:46.641+0000] {processor.py:840} INFO - DAG(s) 'example_xcom' retrieved from /home/airflow/.local/lib/python3.8/site-packages/airflow/example_dags/example_xcom.py
[2025-03-25T23:59:46.678+0000] {logging_mixin.py:188} INFO - [2025-03-25T23:59:46.677+0000] {dag.py:3036} INFO - Sync 1 DAGs
[2025-03-25T23:59:46.713+0000] {logging_mixin.py:188} INFO - [2025-03-25T23:59:46.712+0000] {dag.py:3823} INFO - Setting next_dagrun for example_xcom to 2021-01-01 00:00:00+00:00, run_after=2021-01-01 00:00:00+00:00
[2025-03-25T23:59:46.750+0000] {processor.py:183} INFO - Processing /home/airflow/.local/lib/python3.8/site-packages/airflow/example_dags/example_xcom.py took 0.132 seconds
