[2025-03-25T23:45:47.991+0000] {processor.py:161} INFO - Started process (PID=90) to work on /home/airflow/.local/lib/python3.8/site-packages/airflow/example_dags/example_time_delta_sensor_async.py
[2025-03-25T23:45:47.994+0000] {processor.py:830} INFO - Processing file /home/airflow/.local/lib/python3.8/site-packages/airflow/example_dags/example_time_delta_sensor_async.py for tasks to queue
[2025-03-25T23:45:47.999+0000] {logging_mixin.py:188} INFO - [2025-03-25T23:45:47.998+0000] {dagbag.py:538} INFO - Filling up the DagBag from /home/airflow/.local/lib/python3.8/site-packages/airflow/example_dags/example_time_delta_sensor_async.py
[2025-03-25T23:45:48.007+0000] {processor.py:840} INFO - DAG(s) 'example_time_delta_sensor_async' retrieved from /home/airflow/.local/lib/python3.8/site-packages/airflow/example_dags/example_time_delta_sensor_async.py
[2025-03-25T23:45:48.345+0000] {logging_mixin.py:188} INFO - [2025-03-25T23:45:48.343+0000] {override.py:1769} INFO - Created Permission View: can edit on DAG:example_time_delta_sensor_async
[2025-03-25T23:45:48.383+0000] {logging_mixin.py:188} INFO - [2025-03-25T23:45:48.382+0000] {override.py:1769} INFO - Created Permission View: can delete on DAG:example_time_delta_sensor_async
[2025-03-25T23:45:48.400+0000] {logging_mixin.py:188} INFO - [2025-03-25T23:45:48.400+0000] {override.py:1769} INFO - Created Permission View: can read on DAG:example_time_delta_sensor_async
[2025-03-25T23:45:48.402+0000] {logging_mixin.py:188} INFO - [2025-03-25T23:45:48.401+0000] {dag.py:3036} INFO - Sync 1 DAGs
[2025-03-25T23:45:48.425+0000] {logging_mixin.py:188} INFO - [2025-03-25T23:45:48.425+0000] {dag.py:3058} INFO - Creating ORM DAG for example_time_delta_sensor_async
[2025-03-25T23:45:48.426+0000] {logging_mixin.py:188} INFO - [2025-03-25T23:45:48.426+0000] {dag.py:3823} INFO - Setting next_dagrun for example_time_delta_sensor_async to None, run_after=None
[2025-03-25T23:45:48.469+0000] {processor.py:183} INFO - Processing /home/airflow/.local/lib/python3.8/site-packages/airflow/example_dags/example_time_delta_sensor_async.py took 0.486 seconds
[2025-03-25T23:46:19.003+0000] {processor.py:161} INFO - Started process (PID=165) to work on /home/airflow/.local/lib/python3.8/site-packages/airflow/example_dags/example_time_delta_sensor_async.py
[2025-03-25T23:46:19.005+0000] {processor.py:830} INFO - Processing file /home/airflow/.local/lib/python3.8/site-packages/airflow/example_dags/example_time_delta_sensor_async.py for tasks to queue
[2025-03-25T23:46:19.009+0000] {logging_mixin.py:188} INFO - [2025-03-25T23:46:19.008+0000] {dagbag.py:538} INFO - Filling up the DagBag from /home/airflow/.local/lib/python3.8/site-packages/airflow/example_dags/example_time_delta_sensor_async.py
[2025-03-25T23:46:19.017+0000] {processor.py:840} INFO - DAG(s) 'example_time_delta_sensor_async' retrieved from /home/airflow/.local/lib/python3.8/site-packages/airflow/example_dags/example_time_delta_sensor_async.py
[2025-03-25T23:46:19.054+0000] {logging_mixin.py:188} INFO - [2025-03-25T23:46:19.054+0000] {dag.py:3036} INFO - Sync 1 DAGs
[2025-03-25T23:46:19.081+0000] {logging_mixin.py:188} INFO - [2025-03-25T23:46:19.081+0000] {dag.py:3823} INFO - Setting next_dagrun for example_time_delta_sensor_async to None, run_after=None
[2025-03-25T23:46:19.135+0000] {processor.py:183} INFO - Processing /home/airflow/.local/lib/python3.8/site-packages/airflow/example_dags/example_time_delta_sensor_async.py took 0.136 seconds
[2025-03-25T23:46:49.805+0000] {processor.py:161} INFO - Started process (PID=240) to work on /home/airflow/.local/lib/python3.8/site-packages/airflow/example_dags/example_time_delta_sensor_async.py
[2025-03-25T23:46:49.807+0000] {processor.py:830} INFO - Processing file /home/airflow/.local/lib/python3.8/site-packages/airflow/example_dags/example_time_delta_sensor_async.py for tasks to queue
[2025-03-25T23:46:49.810+0000] {logging_mixin.py:188} INFO - [2025-03-25T23:46:49.810+0000] {dagbag.py:538} INFO - Filling up the DagBag from /home/airflow/.local/lib/python3.8/site-packages/airflow/example_dags/example_time_delta_sensor_async.py
[2025-03-25T23:46:49.817+0000] {processor.py:840} INFO - DAG(s) 'example_time_delta_sensor_async' retrieved from /home/airflow/.local/lib/python3.8/site-packages/airflow/example_dags/example_time_delta_sensor_async.py
[2025-03-25T23:46:49.845+0000] {logging_mixin.py:188} INFO - [2025-03-25T23:46:49.845+0000] {dag.py:3036} INFO - Sync 1 DAGs
[2025-03-25T23:46:49.863+0000] {logging_mixin.py:188} INFO - [2025-03-25T23:46:49.862+0000] {dag.py:3823} INFO - Setting next_dagrun for example_time_delta_sensor_async to None, run_after=None
[2025-03-25T23:46:49.896+0000] {processor.py:183} INFO - Processing /home/airflow/.local/lib/python3.8/site-packages/airflow/example_dags/example_time_delta_sensor_async.py took 0.095 seconds
[2025-03-25T23:47:20.213+0000] {processor.py:161} INFO - Started process (PID=314) to work on /home/airflow/.local/lib/python3.8/site-packages/airflow/example_dags/example_time_delta_sensor_async.py
[2025-03-25T23:47:20.215+0000] {processor.py:830} INFO - Processing file /home/airflow/.local/lib/python3.8/site-packages/airflow/example_dags/example_time_delta_sensor_async.py for tasks to queue
[2025-03-25T23:47:20.219+0000] {logging_mixin.py:188} INFO - [2025-03-25T23:47:20.219+0000] {dagbag.py:538} INFO - Filling up the DagBag from /home/airflow/.local/lib/python3.8/site-packages/airflow/example_dags/example_time_delta_sensor_async.py
[2025-03-25T23:47:20.227+0000] {processor.py:840} INFO - DAG(s) 'example_time_delta_sensor_async' retrieved from /home/airflow/.local/lib/python3.8/site-packages/airflow/example_dags/example_time_delta_sensor_async.py
[2025-03-25T23:47:20.259+0000] {logging_mixin.py:188} INFO - [2025-03-25T23:47:20.258+0000] {dag.py:3036} INFO - Sync 1 DAGs
[2025-03-25T23:47:20.278+0000] {logging_mixin.py:188} INFO - [2025-03-25T23:47:20.278+0000] {dag.py:3823} INFO - Setting next_dagrun for example_time_delta_sensor_async to None, run_after=None
[2025-03-25T23:47:20.471+0000] {processor.py:183} INFO - Processing /home/airflow/.local/lib/python3.8/site-packages/airflow/example_dags/example_time_delta_sensor_async.py took 0.264 seconds
[2025-03-25T23:47:50.986+0000] {processor.py:161} INFO - Started process (PID=389) to work on /home/airflow/.local/lib/python3.8/site-packages/airflow/example_dags/example_time_delta_sensor_async.py
[2025-03-25T23:47:50.987+0000] {processor.py:830} INFO - Processing file /home/airflow/.local/lib/python3.8/site-packages/airflow/example_dags/example_time_delta_sensor_async.py for tasks to queue
[2025-03-25T23:47:50.990+0000] {logging_mixin.py:188} INFO - [2025-03-25T23:47:50.990+0000] {dagbag.py:538} INFO - Filling up the DagBag from /home/airflow/.local/lib/python3.8/site-packages/airflow/example_dags/example_time_delta_sensor_async.py
[2025-03-25T23:47:50.996+0000] {processor.py:840} INFO - DAG(s) 'example_time_delta_sensor_async' retrieved from /home/airflow/.local/lib/python3.8/site-packages/airflow/example_dags/example_time_delta_sensor_async.py
[2025-03-25T23:47:51.031+0000] {logging_mixin.py:188} INFO - [2025-03-25T23:47:51.031+0000] {dag.py:3036} INFO - Sync 1 DAGs
[2025-03-25T23:47:51.053+0000] {logging_mixin.py:188} INFO - [2025-03-25T23:47:51.053+0000] {dag.py:3823} INFO - Setting next_dagrun for example_time_delta_sensor_async to None, run_after=None
[2025-03-25T23:47:51.091+0000] {processor.py:183} INFO - Processing /home/airflow/.local/lib/python3.8/site-packages/airflow/example_dags/example_time_delta_sensor_async.py took 0.111 seconds
[2025-03-25T23:48:21.395+0000] {processor.py:161} INFO - Started process (PID=456) to work on /home/airflow/.local/lib/python3.8/site-packages/airflow/example_dags/example_time_delta_sensor_async.py
[2025-03-25T23:48:21.396+0000] {processor.py:830} INFO - Processing file /home/airflow/.local/lib/python3.8/site-packages/airflow/example_dags/example_time_delta_sensor_async.py for tasks to queue
[2025-03-25T23:48:21.399+0000] {logging_mixin.py:188} INFO - [2025-03-25T23:48:21.399+0000] {dagbag.py:538} INFO - Filling up the DagBag from /home/airflow/.local/lib/python3.8/site-packages/airflow/example_dags/example_time_delta_sensor_async.py
[2025-03-25T23:48:21.406+0000] {processor.py:840} INFO - DAG(s) 'example_time_delta_sensor_async' retrieved from /home/airflow/.local/lib/python3.8/site-packages/airflow/example_dags/example_time_delta_sensor_async.py
[2025-03-25T23:48:21.438+0000] {logging_mixin.py:188} INFO - [2025-03-25T23:48:21.437+0000] {dag.py:3036} INFO - Sync 1 DAGs
[2025-03-25T23:48:21.465+0000] {logging_mixin.py:188} INFO - [2025-03-25T23:48:21.465+0000] {dag.py:3823} INFO - Setting next_dagrun for example_time_delta_sensor_async to None, run_after=None
[2025-03-25T23:48:21.503+0000] {processor.py:183} INFO - Processing /home/airflow/.local/lib/python3.8/site-packages/airflow/example_dags/example_time_delta_sensor_async.py took 0.113 seconds
[2025-03-25T23:48:51.674+0000] {processor.py:161} INFO - Started process (PID=528) to work on /home/airflow/.local/lib/python3.8/site-packages/airflow/example_dags/example_time_delta_sensor_async.py
[2025-03-25T23:48:51.676+0000] {processor.py:830} INFO - Processing file /home/airflow/.local/lib/python3.8/site-packages/airflow/example_dags/example_time_delta_sensor_async.py for tasks to queue
[2025-03-25T23:48:51.679+0000] {logging_mixin.py:188} INFO - [2025-03-25T23:48:51.679+0000] {dagbag.py:538} INFO - Filling up the DagBag from /home/airflow/.local/lib/python3.8/site-packages/airflow/example_dags/example_time_delta_sensor_async.py
[2025-03-25T23:48:51.685+0000] {processor.py:840} INFO - DAG(s) 'example_time_delta_sensor_async' retrieved from /home/airflow/.local/lib/python3.8/site-packages/airflow/example_dags/example_time_delta_sensor_async.py
[2025-03-25T23:48:51.720+0000] {logging_mixin.py:188} INFO - [2025-03-25T23:48:51.719+0000] {dag.py:3036} INFO - Sync 1 DAGs
[2025-03-25T23:48:51.741+0000] {logging_mixin.py:188} INFO - [2025-03-25T23:48:51.741+0000] {dag.py:3823} INFO - Setting next_dagrun for example_time_delta_sensor_async to None, run_after=None
[2025-03-25T23:48:51.772+0000] {processor.py:183} INFO - Processing /home/airflow/.local/lib/python3.8/site-packages/airflow/example_dags/example_time_delta_sensor_async.py took 0.101 seconds
[2025-03-25T23:49:21.935+0000] {processor.py:161} INFO - Started process (PID=602) to work on /home/airflow/.local/lib/python3.8/site-packages/airflow/example_dags/example_time_delta_sensor_async.py
[2025-03-25T23:49:21.936+0000] {processor.py:830} INFO - Processing file /home/airflow/.local/lib/python3.8/site-packages/airflow/example_dags/example_time_delta_sensor_async.py for tasks to queue
[2025-03-25T23:49:21.939+0000] {logging_mixin.py:188} INFO - [2025-03-25T23:49:21.939+0000] {dagbag.py:538} INFO - Filling up the DagBag from /home/airflow/.local/lib/python3.8/site-packages/airflow/example_dags/example_time_delta_sensor_async.py
[2025-03-25T23:49:21.946+0000] {processor.py:840} INFO - DAG(s) 'example_time_delta_sensor_async' retrieved from /home/airflow/.local/lib/python3.8/site-packages/airflow/example_dags/example_time_delta_sensor_async.py
[2025-03-25T23:49:21.975+0000] {logging_mixin.py:188} INFO - [2025-03-25T23:49:21.974+0000] {dag.py:3036} INFO - Sync 1 DAGs
[2025-03-25T23:49:21.993+0000] {logging_mixin.py:188} INFO - [2025-03-25T23:49:21.993+0000] {dag.py:3823} INFO - Setting next_dagrun for example_time_delta_sensor_async to None, run_after=None
[2025-03-25T23:49:22.028+0000] {processor.py:183} INFO - Processing /home/airflow/.local/lib/python3.8/site-packages/airflow/example_dags/example_time_delta_sensor_async.py took 0.096 seconds
[2025-03-25T23:49:52.331+0000] {processor.py:161} INFO - Started process (PID=676) to work on /home/airflow/.local/lib/python3.8/site-packages/airflow/example_dags/example_time_delta_sensor_async.py
[2025-03-25T23:49:52.332+0000] {processor.py:830} INFO - Processing file /home/airflow/.local/lib/python3.8/site-packages/airflow/example_dags/example_time_delta_sensor_async.py for tasks to queue
[2025-03-25T23:49:52.336+0000] {logging_mixin.py:188} INFO - [2025-03-25T23:49:52.335+0000] {dagbag.py:538} INFO - Filling up the DagBag from /home/airflow/.local/lib/python3.8/site-packages/airflow/example_dags/example_time_delta_sensor_async.py
[2025-03-25T23:49:52.342+0000] {processor.py:840} INFO - DAG(s) 'example_time_delta_sensor_async' retrieved from /home/airflow/.local/lib/python3.8/site-packages/airflow/example_dags/example_time_delta_sensor_async.py
[2025-03-25T23:49:52.377+0000] {logging_mixin.py:188} INFO - [2025-03-25T23:49:52.376+0000] {dag.py:3036} INFO - Sync 1 DAGs
[2025-03-25T23:49:52.397+0000] {logging_mixin.py:188} INFO - [2025-03-25T23:49:52.396+0000] {dag.py:3823} INFO - Setting next_dagrun for example_time_delta_sensor_async to None, run_after=None
[2025-03-25T23:49:52.448+0000] {processor.py:183} INFO - Processing /home/airflow/.local/lib/python3.8/site-packages/airflow/example_dags/example_time_delta_sensor_async.py took 0.121 seconds
[2025-03-25T23:50:23.060+0000] {processor.py:161} INFO - Started process (PID=757) to work on /home/airflow/.local/lib/python3.8/site-packages/airflow/example_dags/example_time_delta_sensor_async.py
[2025-03-25T23:50:23.061+0000] {processor.py:830} INFO - Processing file /home/airflow/.local/lib/python3.8/site-packages/airflow/example_dags/example_time_delta_sensor_async.py for tasks to queue
[2025-03-25T23:50:23.064+0000] {logging_mixin.py:188} INFO - [2025-03-25T23:50:23.064+0000] {dagbag.py:538} INFO - Filling up the DagBag from /home/airflow/.local/lib/python3.8/site-packages/airflow/example_dags/example_time_delta_sensor_async.py
[2025-03-25T23:50:23.070+0000] {processor.py:840} INFO - DAG(s) 'example_time_delta_sensor_async' retrieved from /home/airflow/.local/lib/python3.8/site-packages/airflow/example_dags/example_time_delta_sensor_async.py
[2025-03-25T23:50:23.106+0000] {logging_mixin.py:188} INFO - [2025-03-25T23:50:23.106+0000] {dag.py:3036} INFO - Sync 1 DAGs
[2025-03-25T23:50:23.127+0000] {logging_mixin.py:188} INFO - [2025-03-25T23:50:23.127+0000] {dag.py:3823} INFO - Setting next_dagrun for example_time_delta_sensor_async to None, run_after=None
[2025-03-25T23:50:23.165+0000] {processor.py:183} INFO - Processing /home/airflow/.local/lib/python3.8/site-packages/airflow/example_dags/example_time_delta_sensor_async.py took 0.110 seconds
[2025-03-25T23:50:53.803+0000] {processor.py:161} INFO - Started process (PID=833) to work on /home/airflow/.local/lib/python3.8/site-packages/airflow/example_dags/example_time_delta_sensor_async.py
[2025-03-25T23:50:53.809+0000] {processor.py:830} INFO - Processing file /home/airflow/.local/lib/python3.8/site-packages/airflow/example_dags/example_time_delta_sensor_async.py for tasks to queue
[2025-03-25T23:50:53.818+0000] {logging_mixin.py:188} INFO - [2025-03-25T23:50:53.816+0000] {dagbag.py:538} INFO - Filling up the DagBag from /home/airflow/.local/lib/python3.8/site-packages/airflow/example_dags/example_time_delta_sensor_async.py
[2025-03-25T23:50:53.855+0000] {processor.py:840} INFO - DAG(s) 'example_time_delta_sensor_async' retrieved from /home/airflow/.local/lib/python3.8/site-packages/airflow/example_dags/example_time_delta_sensor_async.py
[2025-03-25T23:50:53.910+0000] {logging_mixin.py:188} INFO - [2025-03-25T23:50:53.910+0000] {dag.py:3036} INFO - Sync 1 DAGs
[2025-03-25T23:50:53.931+0000] {logging_mixin.py:188} INFO - [2025-03-25T23:50:53.931+0000] {dag.py:3823} INFO - Setting next_dagrun for example_time_delta_sensor_async to None, run_after=None
[2025-03-25T23:50:53.966+0000] {processor.py:183} INFO - Processing /home/airflow/.local/lib/python3.8/site-packages/airflow/example_dags/example_time_delta_sensor_async.py took 0.169 seconds
[2025-03-25T23:51:24.025+0000] {processor.py:161} INFO - Started process (PID=906) to work on /home/airflow/.local/lib/python3.8/site-packages/airflow/example_dags/example_time_delta_sensor_async.py
[2025-03-25T23:51:24.026+0000] {processor.py:830} INFO - Processing file /home/airflow/.local/lib/python3.8/site-packages/airflow/example_dags/example_time_delta_sensor_async.py for tasks to queue
[2025-03-25T23:51:24.030+0000] {logging_mixin.py:188} INFO - [2025-03-25T23:51:24.029+0000] {dagbag.py:538} INFO - Filling up the DagBag from /home/airflow/.local/lib/python3.8/site-packages/airflow/example_dags/example_time_delta_sensor_async.py
[2025-03-25T23:51:24.037+0000] {processor.py:840} INFO - DAG(s) 'example_time_delta_sensor_async' retrieved from /home/airflow/.local/lib/python3.8/site-packages/airflow/example_dags/example_time_delta_sensor_async.py
[2025-03-25T23:51:24.070+0000] {logging_mixin.py:188} INFO - [2025-03-25T23:51:24.070+0000] {dag.py:3036} INFO - Sync 1 DAGs
[2025-03-25T23:51:24.094+0000] {logging_mixin.py:188} INFO - [2025-03-25T23:51:24.094+0000] {dag.py:3823} INFO - Setting next_dagrun for example_time_delta_sensor_async to None, run_after=None
[2025-03-25T23:51:24.131+0000] {processor.py:183} INFO - Processing /home/airflow/.local/lib/python3.8/site-packages/airflow/example_dags/example_time_delta_sensor_async.py took 0.110 seconds
[2025-03-25T23:51:54.530+0000] {processor.py:161} INFO - Started process (PID=981) to work on /home/airflow/.local/lib/python3.8/site-packages/airflow/example_dags/example_time_delta_sensor_async.py
[2025-03-25T23:51:54.531+0000] {processor.py:830} INFO - Processing file /home/airflow/.local/lib/python3.8/site-packages/airflow/example_dags/example_time_delta_sensor_async.py for tasks to queue
[2025-03-25T23:51:54.534+0000] {logging_mixin.py:188} INFO - [2025-03-25T23:51:54.533+0000] {dagbag.py:538} INFO - Filling up the DagBag from /home/airflow/.local/lib/python3.8/site-packages/airflow/example_dags/example_time_delta_sensor_async.py
[2025-03-25T23:51:54.541+0000] {processor.py:840} INFO - DAG(s) 'example_time_delta_sensor_async' retrieved from /home/airflow/.local/lib/python3.8/site-packages/airflow/example_dags/example_time_delta_sensor_async.py
[2025-03-25T23:51:54.570+0000] {logging_mixin.py:188} INFO - [2025-03-25T23:51:54.570+0000] {dag.py:3036} INFO - Sync 1 DAGs
[2025-03-25T23:51:54.588+0000] {logging_mixin.py:188} INFO - [2025-03-25T23:51:54.587+0000] {dag.py:3823} INFO - Setting next_dagrun for example_time_delta_sensor_async to None, run_after=None
[2025-03-25T23:51:54.622+0000] {processor.py:183} INFO - Processing /home/airflow/.local/lib/python3.8/site-packages/airflow/example_dags/example_time_delta_sensor_async.py took 0.097 seconds
[2025-03-25T23:52:25.033+0000] {processor.py:161} INFO - Started process (PID=1056) to work on /home/airflow/.local/lib/python3.8/site-packages/airflow/example_dags/example_time_delta_sensor_async.py
[2025-03-25T23:52:25.035+0000] {processor.py:830} INFO - Processing file /home/airflow/.local/lib/python3.8/site-packages/airflow/example_dags/example_time_delta_sensor_async.py for tasks to queue
[2025-03-25T23:52:25.038+0000] {logging_mixin.py:188} INFO - [2025-03-25T23:52:25.037+0000] {dagbag.py:538} INFO - Filling up the DagBag from /home/airflow/.local/lib/python3.8/site-packages/airflow/example_dags/example_time_delta_sensor_async.py
[2025-03-25T23:52:25.044+0000] {processor.py:840} INFO - DAG(s) 'example_time_delta_sensor_async' retrieved from /home/airflow/.local/lib/python3.8/site-packages/airflow/example_dags/example_time_delta_sensor_async.py
[2025-03-25T23:52:25.076+0000] {logging_mixin.py:188} INFO - [2025-03-25T23:52:25.076+0000] {dag.py:3036} INFO - Sync 1 DAGs
[2025-03-25T23:52:25.118+0000] {logging_mixin.py:188} INFO - [2025-03-25T23:52:25.118+0000] {dag.py:3823} INFO - Setting next_dagrun for example_time_delta_sensor_async to None, run_after=None
[2025-03-25T23:52:25.161+0000] {processor.py:183} INFO - Processing /home/airflow/.local/lib/python3.8/site-packages/airflow/example_dags/example_time_delta_sensor_async.py took 0.132 seconds
[2025-03-25T23:52:55.316+0000] {processor.py:161} INFO - Started process (PID=1129) to work on /home/airflow/.local/lib/python3.8/site-packages/airflow/example_dags/example_time_delta_sensor_async.py
[2025-03-25T23:52:55.318+0000] {processor.py:830} INFO - Processing file /home/airflow/.local/lib/python3.8/site-packages/airflow/example_dags/example_time_delta_sensor_async.py for tasks to queue
[2025-03-25T23:52:55.321+0000] {logging_mixin.py:188} INFO - [2025-03-25T23:52:55.320+0000] {dagbag.py:538} INFO - Filling up the DagBag from /home/airflow/.local/lib/python3.8/site-packages/airflow/example_dags/example_time_delta_sensor_async.py
[2025-03-25T23:52:55.328+0000] {processor.py:840} INFO - DAG(s) 'example_time_delta_sensor_async' retrieved from /home/airflow/.local/lib/python3.8/site-packages/airflow/example_dags/example_time_delta_sensor_async.py
[2025-03-25T23:52:55.359+0000] {logging_mixin.py:188} INFO - [2025-03-25T23:52:55.358+0000] {dag.py:3036} INFO - Sync 1 DAGs
[2025-03-25T23:52:55.377+0000] {logging_mixin.py:188} INFO - [2025-03-25T23:52:55.376+0000] {dag.py:3823} INFO - Setting next_dagrun for example_time_delta_sensor_async to None, run_after=None
[2025-03-25T23:52:55.410+0000] {processor.py:183} INFO - Processing /home/airflow/.local/lib/python3.8/site-packages/airflow/example_dags/example_time_delta_sensor_async.py took 0.098 seconds
[2025-03-25T23:53:25.994+0000] {processor.py:161} INFO - Started process (PID=1210) to work on /home/airflow/.local/lib/python3.8/site-packages/airflow/example_dags/example_time_delta_sensor_async.py
[2025-03-25T23:53:25.996+0000] {processor.py:830} INFO - Processing file /home/airflow/.local/lib/python3.8/site-packages/airflow/example_dags/example_time_delta_sensor_async.py for tasks to queue
[2025-03-25T23:53:25.999+0000] {logging_mixin.py:188} INFO - [2025-03-25T23:53:25.999+0000] {dagbag.py:538} INFO - Filling up the DagBag from /home/airflow/.local/lib/python3.8/site-packages/airflow/example_dags/example_time_delta_sensor_async.py
[2025-03-25T23:53:26.006+0000] {processor.py:840} INFO - DAG(s) 'example_time_delta_sensor_async' retrieved from /home/airflow/.local/lib/python3.8/site-packages/airflow/example_dags/example_time_delta_sensor_async.py
[2025-03-25T23:53:26.039+0000] {logging_mixin.py:188} INFO - [2025-03-25T23:53:26.039+0000] {dag.py:3036} INFO - Sync 1 DAGs
[2025-03-25T23:53:26.069+0000] {logging_mixin.py:188} INFO - [2025-03-25T23:53:26.068+0000] {dag.py:3823} INFO - Setting next_dagrun for example_time_delta_sensor_async to None, run_after=None
[2025-03-25T23:53:26.165+0000] {processor.py:183} INFO - Processing /home/airflow/.local/lib/python3.8/site-packages/airflow/example_dags/example_time_delta_sensor_async.py took 0.177 seconds
[2025-03-25T23:53:56.512+0000] {processor.py:161} INFO - Started process (PID=1284) to work on /home/airflow/.local/lib/python3.8/site-packages/airflow/example_dags/example_time_delta_sensor_async.py
[2025-03-25T23:53:56.516+0000] {processor.py:830} INFO - Processing file /home/airflow/.local/lib/python3.8/site-packages/airflow/example_dags/example_time_delta_sensor_async.py for tasks to queue
[2025-03-25T23:53:56.527+0000] {logging_mixin.py:188} INFO - [2025-03-25T23:53:56.526+0000] {dagbag.py:538} INFO - Filling up the DagBag from /home/airflow/.local/lib/python3.8/site-packages/airflow/example_dags/example_time_delta_sensor_async.py
[2025-03-25T23:53:56.537+0000] {processor.py:840} INFO - DAG(s) 'example_time_delta_sensor_async' retrieved from /home/airflow/.local/lib/python3.8/site-packages/airflow/example_dags/example_time_delta_sensor_async.py
[2025-03-25T23:53:56.587+0000] {logging_mixin.py:188} INFO - [2025-03-25T23:53:56.587+0000] {dag.py:3036} INFO - Sync 1 DAGs
[2025-03-25T23:53:56.608+0000] {logging_mixin.py:188} INFO - [2025-03-25T23:53:56.608+0000] {dag.py:3823} INFO - Setting next_dagrun for example_time_delta_sensor_async to None, run_after=None
[2025-03-25T23:53:56.727+0000] {processor.py:183} INFO - Processing /home/airflow/.local/lib/python3.8/site-packages/airflow/example_dags/example_time_delta_sensor_async.py took 0.230 seconds
[2025-03-25T23:55:35.726+0000] {processor.py:161} INFO - Started process (PID=90) to work on /home/airflow/.local/lib/python3.8/site-packages/airflow/example_dags/example_time_delta_sensor_async.py
[2025-03-25T23:55:35.728+0000] {processor.py:830} INFO - Processing file /home/airflow/.local/lib/python3.8/site-packages/airflow/example_dags/example_time_delta_sensor_async.py for tasks to queue
[2025-03-25T23:55:35.733+0000] {logging_mixin.py:188} INFO - [2025-03-25T23:55:35.732+0000] {dagbag.py:538} INFO - Filling up the DagBag from /home/airflow/.local/lib/python3.8/site-packages/airflow/example_dags/example_time_delta_sensor_async.py
[2025-03-25T23:55:35.751+0000] {processor.py:840} INFO - DAG(s) 'example_time_delta_sensor_async' retrieved from /home/airflow/.local/lib/python3.8/site-packages/airflow/example_dags/example_time_delta_sensor_async.py
[2025-03-25T23:55:36.125+0000] {logging_mixin.py:188} INFO - [2025-03-25T23:55:36.124+0000] {override.py:1769} INFO - Created Permission View: can edit on DAG:example_time_delta_sensor_async
[2025-03-25T23:55:36.161+0000] {logging_mixin.py:188} INFO - [2025-03-25T23:55:36.160+0000] {override.py:1769} INFO - Created Permission View: can delete on DAG:example_time_delta_sensor_async
[2025-03-25T23:55:36.188+0000] {logging_mixin.py:188} INFO - [2025-03-25T23:55:36.187+0000] {override.py:1769} INFO - Created Permission View: can read on DAG:example_time_delta_sensor_async
[2025-03-25T23:55:36.190+0000] {logging_mixin.py:188} INFO - [2025-03-25T23:55:36.189+0000] {dag.py:3036} INFO - Sync 1 DAGs
[2025-03-25T23:55:36.217+0000] {logging_mixin.py:188} INFO - [2025-03-25T23:55:36.217+0000] {dag.py:3058} INFO - Creating ORM DAG for example_time_delta_sensor_async
[2025-03-25T23:55:36.219+0000] {logging_mixin.py:188} INFO - [2025-03-25T23:55:36.219+0000] {dag.py:3823} INFO - Setting next_dagrun for example_time_delta_sensor_async to None, run_after=None
[2025-03-25T23:55:36.265+0000] {processor.py:183} INFO - Processing /home/airflow/.local/lib/python3.8/site-packages/airflow/example_dags/example_time_delta_sensor_async.py took 0.551 seconds
[2025-03-25T23:56:06.854+0000] {processor.py:161} INFO - Started process (PID=164) to work on /home/airflow/.local/lib/python3.8/site-packages/airflow/example_dags/example_time_delta_sensor_async.py
[2025-03-25T23:56:06.856+0000] {processor.py:830} INFO - Processing file /home/airflow/.local/lib/python3.8/site-packages/airflow/example_dags/example_time_delta_sensor_async.py for tasks to queue
[2025-03-25T23:56:06.859+0000] {logging_mixin.py:188} INFO - [2025-03-25T23:56:06.858+0000] {dagbag.py:538} INFO - Filling up the DagBag from /home/airflow/.local/lib/python3.8/site-packages/airflow/example_dags/example_time_delta_sensor_async.py
[2025-03-25T23:56:06.865+0000] {processor.py:840} INFO - DAG(s) 'example_time_delta_sensor_async' retrieved from /home/airflow/.local/lib/python3.8/site-packages/airflow/example_dags/example_time_delta_sensor_async.py
[2025-03-25T23:56:06.899+0000] {logging_mixin.py:188} INFO - [2025-03-25T23:56:06.899+0000] {dag.py:3036} INFO - Sync 1 DAGs
[2025-03-25T23:56:06.920+0000] {logging_mixin.py:188} INFO - [2025-03-25T23:56:06.920+0000] {dag.py:3823} INFO - Setting next_dagrun for example_time_delta_sensor_async to None, run_after=None
[2025-03-25T23:56:06.956+0000] {processor.py:183} INFO - Processing /home/airflow/.local/lib/python3.8/site-packages/airflow/example_dags/example_time_delta_sensor_async.py took 0.106 seconds
[2025-03-25T23:56:37.487+0000] {processor.py:161} INFO - Started process (PID=237) to work on /home/airflow/.local/lib/python3.8/site-packages/airflow/example_dags/example_time_delta_sensor_async.py
[2025-03-25T23:56:37.489+0000] {processor.py:830} INFO - Processing file /home/airflow/.local/lib/python3.8/site-packages/airflow/example_dags/example_time_delta_sensor_async.py for tasks to queue
[2025-03-25T23:56:37.492+0000] {logging_mixin.py:188} INFO - [2025-03-25T23:56:37.492+0000] {dagbag.py:538} INFO - Filling up the DagBag from /home/airflow/.local/lib/python3.8/site-packages/airflow/example_dags/example_time_delta_sensor_async.py
[2025-03-25T23:56:37.502+0000] {processor.py:840} INFO - DAG(s) 'example_time_delta_sensor_async' retrieved from /home/airflow/.local/lib/python3.8/site-packages/airflow/example_dags/example_time_delta_sensor_async.py
[2025-03-25T23:56:37.553+0000] {logging_mixin.py:188} INFO - [2025-03-25T23:56:37.552+0000] {dag.py:3036} INFO - Sync 1 DAGs
[2025-03-25T23:56:37.582+0000] {logging_mixin.py:188} INFO - [2025-03-25T23:56:37.581+0000] {dag.py:3823} INFO - Setting next_dagrun for example_time_delta_sensor_async to None, run_after=None
[2025-03-25T23:56:37.640+0000] {processor.py:183} INFO - Processing /home/airflow/.local/lib/python3.8/site-packages/airflow/example_dags/example_time_delta_sensor_async.py took 0.157 seconds
[2025-03-25T23:57:08.392+0000] {processor.py:161} INFO - Started process (PID=311) to work on /home/airflow/.local/lib/python3.8/site-packages/airflow/example_dags/example_time_delta_sensor_async.py
[2025-03-25T23:57:08.394+0000] {processor.py:830} INFO - Processing file /home/airflow/.local/lib/python3.8/site-packages/airflow/example_dags/example_time_delta_sensor_async.py for tasks to queue
[2025-03-25T23:57:08.397+0000] {logging_mixin.py:188} INFO - [2025-03-25T23:57:08.397+0000] {dagbag.py:538} INFO - Filling up the DagBag from /home/airflow/.local/lib/python3.8/site-packages/airflow/example_dags/example_time_delta_sensor_async.py
[2025-03-25T23:57:08.405+0000] {processor.py:840} INFO - DAG(s) 'example_time_delta_sensor_async' retrieved from /home/airflow/.local/lib/python3.8/site-packages/airflow/example_dags/example_time_delta_sensor_async.py
[2025-03-25T23:57:08.444+0000] {logging_mixin.py:188} INFO - [2025-03-25T23:57:08.444+0000] {dag.py:3036} INFO - Sync 1 DAGs
[2025-03-25T23:57:08.464+0000] {logging_mixin.py:188} INFO - [2025-03-25T23:57:08.464+0000] {dag.py:3823} INFO - Setting next_dagrun for example_time_delta_sensor_async to None, run_after=None
[2025-03-25T23:57:08.508+0000] {processor.py:183} INFO - Processing /home/airflow/.local/lib/python3.8/site-packages/airflow/example_dags/example_time_delta_sensor_async.py took 0.120 seconds
[2025-03-25T23:57:39.009+0000] {processor.py:161} INFO - Started process (PID=386) to work on /home/airflow/.local/lib/python3.8/site-packages/airflow/example_dags/example_time_delta_sensor_async.py
[2025-03-25T23:57:39.010+0000] {processor.py:830} INFO - Processing file /home/airflow/.local/lib/python3.8/site-packages/airflow/example_dags/example_time_delta_sensor_async.py for tasks to queue
[2025-03-25T23:57:39.013+0000] {logging_mixin.py:188} INFO - [2025-03-25T23:57:39.013+0000] {dagbag.py:538} INFO - Filling up the DagBag from /home/airflow/.local/lib/python3.8/site-packages/airflow/example_dags/example_time_delta_sensor_async.py
[2025-03-25T23:57:39.019+0000] {processor.py:840} INFO - DAG(s) 'example_time_delta_sensor_async' retrieved from /home/airflow/.local/lib/python3.8/site-packages/airflow/example_dags/example_time_delta_sensor_async.py
[2025-03-25T23:57:39.047+0000] {logging_mixin.py:188} INFO - [2025-03-25T23:57:39.047+0000] {dag.py:3036} INFO - Sync 1 DAGs
[2025-03-25T23:57:39.069+0000] {logging_mixin.py:188} INFO - [2025-03-25T23:57:39.068+0000] {dag.py:3823} INFO - Setting next_dagrun for example_time_delta_sensor_async to None, run_after=None
[2025-03-25T23:57:39.103+0000] {processor.py:183} INFO - Processing /home/airflow/.local/lib/python3.8/site-packages/airflow/example_dags/example_time_delta_sensor_async.py took 0.099 seconds
[2025-03-25T23:58:09.519+0000] {processor.py:161} INFO - Started process (PID=453) to work on /home/airflow/.local/lib/python3.8/site-packages/airflow/example_dags/example_time_delta_sensor_async.py
[2025-03-25T23:58:09.521+0000] {processor.py:830} INFO - Processing file /home/airflow/.local/lib/python3.8/site-packages/airflow/example_dags/example_time_delta_sensor_async.py for tasks to queue
[2025-03-25T23:58:09.525+0000] {logging_mixin.py:188} INFO - [2025-03-25T23:58:09.524+0000] {dagbag.py:538} INFO - Filling up the DagBag from /home/airflow/.local/lib/python3.8/site-packages/airflow/example_dags/example_time_delta_sensor_async.py
[2025-03-25T23:58:09.532+0000] {processor.py:840} INFO - DAG(s) 'example_time_delta_sensor_async' retrieved from /home/airflow/.local/lib/python3.8/site-packages/airflow/example_dags/example_time_delta_sensor_async.py
[2025-03-25T23:58:09.562+0000] {logging_mixin.py:188} INFO - [2025-03-25T23:58:09.562+0000] {dag.py:3036} INFO - Sync 1 DAGs
[2025-03-25T23:58:09.583+0000] {logging_mixin.py:188} INFO - [2025-03-25T23:58:09.582+0000] {dag.py:3823} INFO - Setting next_dagrun for example_time_delta_sensor_async to None, run_after=None
[2025-03-25T23:58:09.622+0000] {processor.py:183} INFO - Processing /home/airflow/.local/lib/python3.8/site-packages/airflow/example_dags/example_time_delta_sensor_async.py took 0.107 seconds
[2025-03-25T23:58:39.882+0000] {processor.py:161} INFO - Started process (PID=525) to work on /home/airflow/.local/lib/python3.8/site-packages/airflow/example_dags/example_time_delta_sensor_async.py
[2025-03-25T23:58:39.884+0000] {processor.py:830} INFO - Processing file /home/airflow/.local/lib/python3.8/site-packages/airflow/example_dags/example_time_delta_sensor_async.py for tasks to queue
[2025-03-25T23:58:39.886+0000] {logging_mixin.py:188} INFO - [2025-03-25T23:58:39.885+0000] {dagbag.py:538} INFO - Filling up the DagBag from /home/airflow/.local/lib/python3.8/site-packages/airflow/example_dags/example_time_delta_sensor_async.py
[2025-03-25T23:58:39.891+0000] {processor.py:840} INFO - DAG(s) 'example_time_delta_sensor_async' retrieved from /home/airflow/.local/lib/python3.8/site-packages/airflow/example_dags/example_time_delta_sensor_async.py
[2025-03-25T23:58:39.923+0000] {logging_mixin.py:188} INFO - [2025-03-25T23:58:39.922+0000] {dag.py:3036} INFO - Sync 1 DAGs
[2025-03-25T23:58:39.944+0000] {logging_mixin.py:188} INFO - [2025-03-25T23:58:39.943+0000] {dag.py:3823} INFO - Setting next_dagrun for example_time_delta_sensor_async to None, run_after=None
[2025-03-25T23:58:39.979+0000] {processor.py:183} INFO - Processing /home/airflow/.local/lib/python3.8/site-packages/airflow/example_dags/example_time_delta_sensor_async.py took 0.100 seconds
[2025-03-25T23:59:10.036+0000] {processor.py:161} INFO - Started process (PID=598) to work on /home/airflow/.local/lib/python3.8/site-packages/airflow/example_dags/example_time_delta_sensor_async.py
[2025-03-25T23:59:10.037+0000] {processor.py:830} INFO - Processing file /home/airflow/.local/lib/python3.8/site-packages/airflow/example_dags/example_time_delta_sensor_async.py for tasks to queue
[2025-03-25T23:59:10.039+0000] {logging_mixin.py:188} INFO - [2025-03-25T23:59:10.039+0000] {dagbag.py:538} INFO - Filling up the DagBag from /home/airflow/.local/lib/python3.8/site-packages/airflow/example_dags/example_time_delta_sensor_async.py
[2025-03-25T23:59:10.044+0000] {processor.py:840} INFO - DAG(s) 'example_time_delta_sensor_async' retrieved from /home/airflow/.local/lib/python3.8/site-packages/airflow/example_dags/example_time_delta_sensor_async.py
[2025-03-25T23:59:10.071+0000] {logging_mixin.py:188} INFO - [2025-03-25T23:59:10.071+0000] {dag.py:3036} INFO - Sync 1 DAGs
[2025-03-25T23:59:10.087+0000] {logging_mixin.py:188} INFO - [2025-03-25T23:59:10.086+0000] {dag.py:3823} INFO - Setting next_dagrun for example_time_delta_sensor_async to None, run_after=None
[2025-03-25T23:59:10.115+0000] {processor.py:183} INFO - Processing /home/airflow/.local/lib/python3.8/site-packages/airflow/example_dags/example_time_delta_sensor_async.py took 0.083 seconds
[2025-03-25T23:59:40.659+0000] {processor.py:161} INFO - Started process (PID=672) to work on /home/airflow/.local/lib/python3.8/site-packages/airflow/example_dags/example_time_delta_sensor_async.py
[2025-03-25T23:59:40.660+0000] {processor.py:830} INFO - Processing file /home/airflow/.local/lib/python3.8/site-packages/airflow/example_dags/example_time_delta_sensor_async.py for tasks to queue
[2025-03-25T23:59:40.663+0000] {logging_mixin.py:188} INFO - [2025-03-25T23:59:40.663+0000] {dagbag.py:538} INFO - Filling up the DagBag from /home/airflow/.local/lib/python3.8/site-packages/airflow/example_dags/example_time_delta_sensor_async.py
[2025-03-25T23:59:40.673+0000] {processor.py:840} INFO - DAG(s) 'example_time_delta_sensor_async' retrieved from /home/airflow/.local/lib/python3.8/site-packages/airflow/example_dags/example_time_delta_sensor_async.py
[2025-03-25T23:59:40.710+0000] {logging_mixin.py:188} INFO - [2025-03-25T23:59:40.709+0000] {dag.py:3036} INFO - Sync 1 DAGs
[2025-03-25T23:59:40.742+0000] {logging_mixin.py:188} INFO - [2025-03-25T23:59:40.742+0000] {dag.py:3823} INFO - Setting next_dagrun for example_time_delta_sensor_async to None, run_after=None
[2025-03-25T23:59:40.786+0000] {processor.py:183} INFO - Processing /home/airflow/.local/lib/python3.8/site-packages/airflow/example_dags/example_time_delta_sensor_async.py took 0.132 seconds
