[2025-03-25T23:45:47.371+0000] {processor.py:161} INFO - Started process (PID=88) to work on /home/airflow/.local/lib/python3.8/site-packages/airflow/example_dags/example_sla_dag.py
[2025-03-25T23:45:47.373+0000] {processor.py:830} INFO - Processing file /home/airflow/.local/lib/python3.8/site-packages/airflow/example_dags/example_sla_dag.py for tasks to queue
[2025-03-25T23:45:47.378+0000] {logging_mixin.py:188} INFO - [2025-03-25T23:45:47.377+0000] {dagbag.py:538} INFO - Filling up the DagBag from /home/airflow/.local/lib/python3.8/site-packages/airflow/example_dags/example_sla_dag.py
[2025-03-25T23:45:47.400+0000] {processor.py:840} INFO - DAG(s) 'example_sla_dag' retrieved from /home/airflow/.local/lib/python3.8/site-packages/airflow/example_dags/example_sla_dag.py
[2025-03-25T23:45:47.716+0000] {logging_mixin.py:188} INFO - [2025-03-25T23:45:47.715+0000] {override.py:1769} INFO - Created Permission View: can edit on DAG:example_sla_dag
[2025-03-25T23:45:47.747+0000] {logging_mixin.py:188} INFO - [2025-03-25T23:45:47.746+0000] {override.py:1769} INFO - Created Permission View: can delete on DAG:example_sla_dag
[2025-03-25T23:45:47.773+0000] {logging_mixin.py:188} INFO - [2025-03-25T23:45:47.770+0000] {override.py:1769} INFO - Created Permission View: can read on DAG:example_sla_dag
[2025-03-25T23:45:47.775+0000] {logging_mixin.py:188} INFO - [2025-03-25T23:45:47.775+0000] {dag.py:3036} INFO - Sync 1 DAGs
[2025-03-25T23:45:47.810+0000] {logging_mixin.py:188} INFO - [2025-03-25T23:45:47.810+0000] {dag.py:3058} INFO - Creating ORM DAG for example_sla_dag
[2025-03-25T23:45:47.856+0000] {logging_mixin.py:188} INFO - [2025-03-25T23:45:47.856+0000] {dag.py:3823} INFO - Setting next_dagrun for example_sla_dag to 2025-03-25 23:42:00+00:00, run_after=2025-03-25 23:44:00+00:00
[2025-03-25T23:45:47.922+0000] {processor.py:183} INFO - Processing /home/airflow/.local/lib/python3.8/site-packages/airflow/example_dags/example_sla_dag.py took 0.558 seconds
[2025-03-25T23:46:18.858+0000] {processor.py:161} INFO - Started process (PID=163) to work on /home/airflow/.local/lib/python3.8/site-packages/airflow/example_dags/example_sla_dag.py
[2025-03-25T23:46:18.859+0000] {processor.py:830} INFO - Processing file /home/airflow/.local/lib/python3.8/site-packages/airflow/example_dags/example_sla_dag.py for tasks to queue
[2025-03-25T23:46:18.861+0000] {logging_mixin.py:188} INFO - [2025-03-25T23:46:18.861+0000] {dagbag.py:538} INFO - Filling up the DagBag from /home/airflow/.local/lib/python3.8/site-packages/airflow/example_dags/example_sla_dag.py
[2025-03-25T23:46:18.873+0000] {processor.py:840} INFO - DAG(s) 'example_sla_dag' retrieved from /home/airflow/.local/lib/python3.8/site-packages/airflow/example_dags/example_sla_dag.py
[2025-03-25T23:46:18.899+0000] {logging_mixin.py:188} INFO - [2025-03-25T23:46:18.898+0000] {dag.py:3036} INFO - Sync 1 DAGs
[2025-03-25T23:46:18.935+0000] {logging_mixin.py:188} INFO - [2025-03-25T23:46:18.935+0000] {dag.py:3823} INFO - Setting next_dagrun for example_sla_dag to 2025-03-25 23:44:00+00:00, run_after=2025-03-25 23:46:00+00:00
[2025-03-25T23:46:18.965+0000] {processor.py:183} INFO - Processing /home/airflow/.local/lib/python3.8/site-packages/airflow/example_dags/example_sla_dag.py took 0.112 seconds
[2025-03-25T23:46:49.642+0000] {processor.py:161} INFO - Started process (PID=238) to work on /home/airflow/.local/lib/python3.8/site-packages/airflow/example_dags/example_sla_dag.py
[2025-03-25T23:46:49.644+0000] {processor.py:830} INFO - Processing file /home/airflow/.local/lib/python3.8/site-packages/airflow/example_dags/example_sla_dag.py for tasks to queue
[2025-03-25T23:46:49.646+0000] {logging_mixin.py:188} INFO - [2025-03-25T23:46:49.646+0000] {dagbag.py:538} INFO - Filling up the DagBag from /home/airflow/.local/lib/python3.8/site-packages/airflow/example_dags/example_sla_dag.py
[2025-03-25T23:46:49.656+0000] {processor.py:840} INFO - DAG(s) 'example_sla_dag' retrieved from /home/airflow/.local/lib/python3.8/site-packages/airflow/example_dags/example_sla_dag.py
[2025-03-25T23:46:49.686+0000] {logging_mixin.py:188} INFO - [2025-03-25T23:46:49.685+0000] {dag.py:3036} INFO - Sync 1 DAGs
[2025-03-25T23:46:49.726+0000] {logging_mixin.py:188} INFO - [2025-03-25T23:46:49.725+0000] {dag.py:3823} INFO - Setting next_dagrun for example_sla_dag to 2025-03-25 23:44:00+00:00, run_after=2025-03-25 23:46:00+00:00
[2025-03-25T23:46:49.761+0000] {processor.py:183} INFO - Processing /home/airflow/.local/lib/python3.8/site-packages/airflow/example_dags/example_sla_dag.py took 0.122 seconds
[2025-03-25T23:47:20.045+0000] {processor.py:161} INFO - Started process (PID=312) to work on /home/airflow/.local/lib/python3.8/site-packages/airflow/example_dags/example_sla_dag.py
[2025-03-25T23:47:20.046+0000] {processor.py:830} INFO - Processing file /home/airflow/.local/lib/python3.8/site-packages/airflow/example_dags/example_sla_dag.py for tasks to queue
[2025-03-25T23:47:20.049+0000] {logging_mixin.py:188} INFO - [2025-03-25T23:47:20.049+0000] {dagbag.py:538} INFO - Filling up the DagBag from /home/airflow/.local/lib/python3.8/site-packages/airflow/example_dags/example_sla_dag.py
[2025-03-25T23:47:20.060+0000] {processor.py:840} INFO - DAG(s) 'example_sla_dag' retrieved from /home/airflow/.local/lib/python3.8/site-packages/airflow/example_dags/example_sla_dag.py
[2025-03-25T23:47:20.088+0000] {logging_mixin.py:188} INFO - [2025-03-25T23:47:20.087+0000] {dag.py:3036} INFO - Sync 1 DAGs
[2025-03-25T23:47:20.134+0000] {logging_mixin.py:188} INFO - [2025-03-25T23:47:20.134+0000] {dag.py:3823} INFO - Setting next_dagrun for example_sla_dag to 2025-03-25 23:44:00+00:00, run_after=2025-03-25 23:46:00+00:00
[2025-03-25T23:47:20.171+0000] {processor.py:183} INFO - Processing /home/airflow/.local/lib/python3.8/site-packages/airflow/example_dags/example_sla_dag.py took 0.130 seconds
[2025-03-25T23:47:50.797+0000] {processor.py:161} INFO - Started process (PID=387) to work on /home/airflow/.local/lib/python3.8/site-packages/airflow/example_dags/example_sla_dag.py
[2025-03-25T23:47:50.798+0000] {processor.py:830} INFO - Processing file /home/airflow/.local/lib/python3.8/site-packages/airflow/example_dags/example_sla_dag.py for tasks to queue
[2025-03-25T23:47:50.801+0000] {logging_mixin.py:188} INFO - [2025-03-25T23:47:50.800+0000] {dagbag.py:538} INFO - Filling up the DagBag from /home/airflow/.local/lib/python3.8/site-packages/airflow/example_dags/example_sla_dag.py
[2025-03-25T23:47:50.812+0000] {processor.py:840} INFO - DAG(s) 'example_sla_dag' retrieved from /home/airflow/.local/lib/python3.8/site-packages/airflow/example_dags/example_sla_dag.py
[2025-03-25T23:47:50.843+0000] {logging_mixin.py:188} INFO - [2025-03-25T23:47:50.843+0000] {dag.py:3036} INFO - Sync 1 DAGs
[2025-03-25T23:47:50.895+0000] {logging_mixin.py:188} INFO - [2025-03-25T23:47:50.894+0000] {dag.py:3823} INFO - Setting next_dagrun for example_sla_dag to 2025-03-25 23:44:00+00:00, run_after=2025-03-25 23:46:00+00:00
[2025-03-25T23:47:50.935+0000] {processor.py:183} INFO - Processing /home/airflow/.local/lib/python3.8/site-packages/airflow/example_dags/example_sla_dag.py took 0.142 seconds
[2025-03-25T23:48:21.007+0000] {processor.py:161} INFO - Started process (PID=453) to work on /home/airflow/.local/lib/python3.8/site-packages/airflow/example_dags/example_sla_dag.py
[2025-03-25T23:48:21.008+0000] {processor.py:830} INFO - Processing file /home/airflow/.local/lib/python3.8/site-packages/airflow/example_dags/example_sla_dag.py for tasks to queue
[2025-03-25T23:48:21.012+0000] {logging_mixin.py:188} INFO - [2025-03-25T23:48:21.011+0000] {dagbag.py:538} INFO - Filling up the DagBag from /home/airflow/.local/lib/python3.8/site-packages/airflow/example_dags/example_sla_dag.py
[2025-03-25T23:48:21.024+0000] {processor.py:840} INFO - DAG(s) 'example_sla_dag' retrieved from /home/airflow/.local/lib/python3.8/site-packages/airflow/example_dags/example_sla_dag.py
[2025-03-25T23:48:21.052+0000] {logging_mixin.py:188} INFO - [2025-03-25T23:48:21.052+0000] {dag.py:3036} INFO - Sync 1 DAGs
[2025-03-25T23:48:21.098+0000] {logging_mixin.py:188} INFO - [2025-03-25T23:48:21.098+0000] {dag.py:3823} INFO - Setting next_dagrun for example_sla_dag to 2025-03-25 23:46:00+00:00, run_after=2025-03-25 23:48:00+00:00
[2025-03-25T23:48:21.135+0000] {processor.py:183} INFO - Processing /home/airflow/.local/lib/python3.8/site-packages/airflow/example_dags/example_sla_dag.py took 0.133 seconds
[2025-03-25T23:48:51.284+0000] {processor.py:161} INFO - Started process (PID=526) to work on /home/airflow/.local/lib/python3.8/site-packages/airflow/example_dags/example_sla_dag.py
[2025-03-25T23:48:51.286+0000] {processor.py:830} INFO - Processing file /home/airflow/.local/lib/python3.8/site-packages/airflow/example_dags/example_sla_dag.py for tasks to queue
[2025-03-25T23:48:51.288+0000] {logging_mixin.py:188} INFO - [2025-03-25T23:48:51.288+0000] {dagbag.py:538} INFO - Filling up the DagBag from /home/airflow/.local/lib/python3.8/site-packages/airflow/example_dags/example_sla_dag.py
[2025-03-25T23:48:51.301+0000] {processor.py:840} INFO - DAG(s) 'example_sla_dag' retrieved from /home/airflow/.local/lib/python3.8/site-packages/airflow/example_dags/example_sla_dag.py
[2025-03-25T23:48:51.333+0000] {logging_mixin.py:188} INFO - [2025-03-25T23:48:51.332+0000] {dag.py:3036} INFO - Sync 1 DAGs
[2025-03-25T23:48:51.368+0000] {logging_mixin.py:188} INFO - [2025-03-25T23:48:51.368+0000] {dag.py:3823} INFO - Setting next_dagrun for example_sla_dag to 2025-03-25 23:46:00+00:00, run_after=2025-03-25 23:48:00+00:00
[2025-03-25T23:48:51.410+0000] {processor.py:183} INFO - Processing /home/airflow/.local/lib/python3.8/site-packages/airflow/example_dags/example_sla_dag.py took 0.129 seconds
[2025-03-25T23:49:21.759+0000] {processor.py:161} INFO - Started process (PID=600) to work on /home/airflow/.local/lib/python3.8/site-packages/airflow/example_dags/example_sla_dag.py
[2025-03-25T23:49:21.761+0000] {processor.py:830} INFO - Processing file /home/airflow/.local/lib/python3.8/site-packages/airflow/example_dags/example_sla_dag.py for tasks to queue
[2025-03-25T23:49:21.765+0000] {logging_mixin.py:188} INFO - [2025-03-25T23:49:21.764+0000] {dagbag.py:538} INFO - Filling up the DagBag from /home/airflow/.local/lib/python3.8/site-packages/airflow/example_dags/example_sla_dag.py
[2025-03-25T23:49:21.778+0000] {processor.py:840} INFO - DAG(s) 'example_sla_dag' retrieved from /home/airflow/.local/lib/python3.8/site-packages/airflow/example_dags/example_sla_dag.py
[2025-03-25T23:49:21.812+0000] {logging_mixin.py:188} INFO - [2025-03-25T23:49:21.812+0000] {dag.py:3036} INFO - Sync 1 DAGs
[2025-03-25T23:49:21.859+0000] {logging_mixin.py:188} INFO - [2025-03-25T23:49:21.859+0000] {dag.py:3823} INFO - Setting next_dagrun for example_sla_dag to 2025-03-25 23:46:00+00:00, run_after=2025-03-25 23:48:00+00:00
[2025-03-25T23:49:21.891+0000] {processor.py:183} INFO - Processing /home/airflow/.local/lib/python3.8/site-packages/airflow/example_dags/example_sla_dag.py took 0.137 seconds
[2025-03-25T23:49:52.013+0000] {processor.py:161} INFO - Started process (PID=674) to work on /home/airflow/.local/lib/python3.8/site-packages/airflow/example_dags/example_sla_dag.py
[2025-03-25T23:49:52.015+0000] {processor.py:830} INFO - Processing file /home/airflow/.local/lib/python3.8/site-packages/airflow/example_dags/example_sla_dag.py for tasks to queue
[2025-03-25T23:49:52.019+0000] {logging_mixin.py:188} INFO - [2025-03-25T23:49:52.018+0000] {dagbag.py:538} INFO - Filling up the DagBag from /home/airflow/.local/lib/python3.8/site-packages/airflow/example_dags/example_sla_dag.py
[2025-03-25T23:49:52.031+0000] {processor.py:840} INFO - DAG(s) 'example_sla_dag' retrieved from /home/airflow/.local/lib/python3.8/site-packages/airflow/example_dags/example_sla_dag.py
[2025-03-25T23:49:52.065+0000] {logging_mixin.py:188} INFO - [2025-03-25T23:49:52.065+0000] {dag.py:3036} INFO - Sync 1 DAGs
[2025-03-25T23:49:52.120+0000] {logging_mixin.py:188} INFO - [2025-03-25T23:49:52.119+0000] {dag.py:3823} INFO - Setting next_dagrun for example_sla_dag to 2025-03-25 23:46:00+00:00, run_after=2025-03-25 23:48:00+00:00
[2025-03-25T23:49:52.162+0000] {processor.py:183} INFO - Processing /home/airflow/.local/lib/python3.8/site-packages/airflow/example_dags/example_sla_dag.py took 0.154 seconds
[2025-03-25T23:50:22.887+0000] {processor.py:161} INFO - Started process (PID=755) to work on /home/airflow/.local/lib/python3.8/site-packages/airflow/example_dags/example_sla_dag.py
[2025-03-25T23:50:22.888+0000] {processor.py:830} INFO - Processing file /home/airflow/.local/lib/python3.8/site-packages/airflow/example_dags/example_sla_dag.py for tasks to queue
[2025-03-25T23:50:22.891+0000] {logging_mixin.py:188} INFO - [2025-03-25T23:50:22.891+0000] {dagbag.py:538} INFO - Filling up the DagBag from /home/airflow/.local/lib/python3.8/site-packages/airflow/example_dags/example_sla_dag.py
[2025-03-25T23:50:22.901+0000] {processor.py:840} INFO - DAG(s) 'example_sla_dag' retrieved from /home/airflow/.local/lib/python3.8/site-packages/airflow/example_dags/example_sla_dag.py
[2025-03-25T23:50:22.934+0000] {logging_mixin.py:188} INFO - [2025-03-25T23:50:22.934+0000] {dag.py:3036} INFO - Sync 1 DAGs
[2025-03-25T23:50:22.984+0000] {logging_mixin.py:188} INFO - [2025-03-25T23:50:22.983+0000] {dag.py:3823} INFO - Setting next_dagrun for example_sla_dag to 2025-03-25 23:48:00+00:00, run_after=2025-03-25 23:50:00+00:00
[2025-03-25T23:50:23.017+0000] {processor.py:183} INFO - Processing /home/airflow/.local/lib/python3.8/site-packages/airflow/example_dags/example_sla_dag.py took 0.135 seconds
[2025-03-25T23:50:53.619+0000] {processor.py:161} INFO - Started process (PID=831) to work on /home/airflow/.local/lib/python3.8/site-packages/airflow/example_dags/example_sla_dag.py
[2025-03-25T23:50:53.621+0000] {processor.py:830} INFO - Processing file /home/airflow/.local/lib/python3.8/site-packages/airflow/example_dags/example_sla_dag.py for tasks to queue
[2025-03-25T23:50:53.624+0000] {logging_mixin.py:188} INFO - [2025-03-25T23:50:53.623+0000] {dagbag.py:538} INFO - Filling up the DagBag from /home/airflow/.local/lib/python3.8/site-packages/airflow/example_dags/example_sla_dag.py
[2025-03-25T23:50:53.636+0000] {processor.py:840} INFO - DAG(s) 'example_sla_dag' retrieved from /home/airflow/.local/lib/python3.8/site-packages/airflow/example_dags/example_sla_dag.py
[2025-03-25T23:50:53.666+0000] {logging_mixin.py:188} INFO - [2025-03-25T23:50:53.666+0000] {dag.py:3036} INFO - Sync 1 DAGs
[2025-03-25T23:50:53.713+0000] {logging_mixin.py:188} INFO - [2025-03-25T23:50:53.713+0000] {dag.py:3823} INFO - Setting next_dagrun for example_sla_dag to 2025-03-25 23:48:00+00:00, run_after=2025-03-25 23:50:00+00:00
[2025-03-25T23:50:53.750+0000] {processor.py:183} INFO - Processing /home/airflow/.local/lib/python3.8/site-packages/airflow/example_dags/example_sla_dag.py took 0.135 seconds
[2025-03-25T23:51:23.929+0000] {processor.py:161} INFO - Started process (PID=905) to work on /home/airflow/.local/lib/python3.8/site-packages/airflow/example_dags/example_sla_dag.py
[2025-03-25T23:51:23.933+0000] {processor.py:830} INFO - Processing file /home/airflow/.local/lib/python3.8/site-packages/airflow/example_dags/example_sla_dag.py for tasks to queue
[2025-03-25T23:51:23.936+0000] {logging_mixin.py:188} INFO - [2025-03-25T23:51:23.935+0000] {dagbag.py:538} INFO - Filling up the DagBag from /home/airflow/.local/lib/python3.8/site-packages/airflow/example_dags/example_sla_dag.py
[2025-03-25T23:51:23.949+0000] {processor.py:840} INFO - DAG(s) 'example_sla_dag' retrieved from /home/airflow/.local/lib/python3.8/site-packages/airflow/example_dags/example_sla_dag.py
[2025-03-25T23:51:23.989+0000] {logging_mixin.py:188} INFO - [2025-03-25T23:51:23.988+0000] {dag.py:3036} INFO - Sync 1 DAGs
[2025-03-25T23:51:24.040+0000] {logging_mixin.py:188} INFO - [2025-03-25T23:51:24.039+0000] {dag.py:3823} INFO - Setting next_dagrun for example_sla_dag to 2025-03-25 23:48:00+00:00, run_after=2025-03-25 23:50:00+00:00
[2025-03-25T23:51:24.077+0000] {processor.py:183} INFO - Processing /home/airflow/.local/lib/python3.8/site-packages/airflow/example_dags/example_sla_dag.py took 0.153 seconds
[2025-03-25T23:51:54.354+0000] {processor.py:161} INFO - Started process (PID=979) to work on /home/airflow/.local/lib/python3.8/site-packages/airflow/example_dags/example_sla_dag.py
[2025-03-25T23:51:54.356+0000] {processor.py:830} INFO - Processing file /home/airflow/.local/lib/python3.8/site-packages/airflow/example_dags/example_sla_dag.py for tasks to queue
[2025-03-25T23:51:54.359+0000] {logging_mixin.py:188} INFO - [2025-03-25T23:51:54.358+0000] {dagbag.py:538} INFO - Filling up the DagBag from /home/airflow/.local/lib/python3.8/site-packages/airflow/example_dags/example_sla_dag.py
[2025-03-25T23:51:54.372+0000] {processor.py:840} INFO - DAG(s) 'example_sla_dag' retrieved from /home/airflow/.local/lib/python3.8/site-packages/airflow/example_dags/example_sla_dag.py
[2025-03-25T23:51:54.406+0000] {logging_mixin.py:188} INFO - [2025-03-25T23:51:54.405+0000] {dag.py:3036} INFO - Sync 1 DAGs
[2025-03-25T23:51:54.449+0000] {logging_mixin.py:188} INFO - [2025-03-25T23:51:54.448+0000] {dag.py:3823} INFO - Setting next_dagrun for example_sla_dag to 2025-03-25 23:48:00+00:00, run_after=2025-03-25 23:50:00+00:00
[2025-03-25T23:51:54.485+0000] {processor.py:183} INFO - Processing /home/airflow/.local/lib/python3.8/site-packages/airflow/example_dags/example_sla_dag.py took 0.135 seconds
[2025-03-25T23:52:24.839+0000] {processor.py:161} INFO - Started process (PID=1054) to work on /home/airflow/.local/lib/python3.8/site-packages/airflow/example_dags/example_sla_dag.py
[2025-03-25T23:52:24.841+0000] {processor.py:830} INFO - Processing file /home/airflow/.local/lib/python3.8/site-packages/airflow/example_dags/example_sla_dag.py for tasks to queue
[2025-03-25T23:52:24.844+0000] {logging_mixin.py:188} INFO - [2025-03-25T23:52:24.843+0000] {dagbag.py:538} INFO - Filling up the DagBag from /home/airflow/.local/lib/python3.8/site-packages/airflow/example_dags/example_sla_dag.py
[2025-03-25T23:52:24.855+0000] {processor.py:840} INFO - DAG(s) 'example_sla_dag' retrieved from /home/airflow/.local/lib/python3.8/site-packages/airflow/example_dags/example_sla_dag.py
[2025-03-25T23:52:24.884+0000] {logging_mixin.py:188} INFO - [2025-03-25T23:52:24.883+0000] {dag.py:3036} INFO - Sync 1 DAGs
[2025-03-25T23:52:24.926+0000] {logging_mixin.py:188} INFO - [2025-03-25T23:52:24.925+0000] {dag.py:3823} INFO - Setting next_dagrun for example_sla_dag to 2025-03-25 23:50:00+00:00, run_after=2025-03-25 23:52:00+00:00
[2025-03-25T23:52:24.957+0000] {processor.py:183} INFO - Processing /home/airflow/.local/lib/python3.8/site-packages/airflow/example_dags/example_sla_dag.py took 0.123 seconds
[2025-03-25T23:52:55.137+0000] {processor.py:161} INFO - Started process (PID=1127) to work on /home/airflow/.local/lib/python3.8/site-packages/airflow/example_dags/example_sla_dag.py
[2025-03-25T23:52:55.139+0000] {processor.py:830} INFO - Processing file /home/airflow/.local/lib/python3.8/site-packages/airflow/example_dags/example_sla_dag.py for tasks to queue
[2025-03-25T23:52:55.142+0000] {logging_mixin.py:188} INFO - [2025-03-25T23:52:55.141+0000] {dagbag.py:538} INFO - Filling up the DagBag from /home/airflow/.local/lib/python3.8/site-packages/airflow/example_dags/example_sla_dag.py
[2025-03-25T23:52:55.152+0000] {processor.py:840} INFO - DAG(s) 'example_sla_dag' retrieved from /home/airflow/.local/lib/python3.8/site-packages/airflow/example_dags/example_sla_dag.py
[2025-03-25T23:52:55.185+0000] {logging_mixin.py:188} INFO - [2025-03-25T23:52:55.185+0000] {dag.py:3036} INFO - Sync 1 DAGs
[2025-03-25T23:52:55.235+0000] {logging_mixin.py:188} INFO - [2025-03-25T23:52:55.235+0000] {dag.py:3823} INFO - Setting next_dagrun for example_sla_dag to 2025-03-25 23:50:00+00:00, run_after=2025-03-25 23:52:00+00:00
[2025-03-25T23:52:55.270+0000] {processor.py:183} INFO - Processing /home/airflow/.local/lib/python3.8/site-packages/airflow/example_dags/example_sla_dag.py took 0.137 seconds
[2025-03-25T23:53:25.813+0000] {processor.py:161} INFO - Started process (PID=1208) to work on /home/airflow/.local/lib/python3.8/site-packages/airflow/example_dags/example_sla_dag.py
[2025-03-25T23:53:25.815+0000] {processor.py:830} INFO - Processing file /home/airflow/.local/lib/python3.8/site-packages/airflow/example_dags/example_sla_dag.py for tasks to queue
[2025-03-25T23:53:25.818+0000] {logging_mixin.py:188} INFO - [2025-03-25T23:53:25.818+0000] {dagbag.py:538} INFO - Filling up the DagBag from /home/airflow/.local/lib/python3.8/site-packages/airflow/example_dags/example_sla_dag.py
[2025-03-25T23:53:25.830+0000] {processor.py:840} INFO - DAG(s) 'example_sla_dag' retrieved from /home/airflow/.local/lib/python3.8/site-packages/airflow/example_dags/example_sla_dag.py
[2025-03-25T23:53:25.861+0000] {logging_mixin.py:188} INFO - [2025-03-25T23:53:25.861+0000] {dag.py:3036} INFO - Sync 1 DAGs
[2025-03-25T23:53:25.907+0000] {logging_mixin.py:188} INFO - [2025-03-25T23:53:25.907+0000] {dag.py:3823} INFO - Setting next_dagrun for example_sla_dag to 2025-03-25 23:50:00+00:00, run_after=2025-03-25 23:52:00+00:00
[2025-03-25T23:53:25.943+0000] {processor.py:183} INFO - Processing /home/airflow/.local/lib/python3.8/site-packages/airflow/example_dags/example_sla_dag.py took 0.135 seconds
[2025-03-25T23:53:56.318+0000] {processor.py:161} INFO - Started process (PID=1282) to work on /home/airflow/.local/lib/python3.8/site-packages/airflow/example_dags/example_sla_dag.py
[2025-03-25T23:53:56.320+0000] {processor.py:830} INFO - Processing file /home/airflow/.local/lib/python3.8/site-packages/airflow/example_dags/example_sla_dag.py for tasks to queue
[2025-03-25T23:53:56.322+0000] {logging_mixin.py:188} INFO - [2025-03-25T23:53:56.322+0000] {dagbag.py:538} INFO - Filling up the DagBag from /home/airflow/.local/lib/python3.8/site-packages/airflow/example_dags/example_sla_dag.py
[2025-03-25T23:53:56.334+0000] {processor.py:840} INFO - DAG(s) 'example_sla_dag' retrieved from /home/airflow/.local/lib/python3.8/site-packages/airflow/example_dags/example_sla_dag.py
[2025-03-25T23:53:56.365+0000] {logging_mixin.py:188} INFO - [2025-03-25T23:53:56.365+0000] {dag.py:3036} INFO - Sync 1 DAGs
[2025-03-25T23:53:56.408+0000] {logging_mixin.py:188} INFO - [2025-03-25T23:53:56.408+0000] {dag.py:3823} INFO - Setting next_dagrun for example_sla_dag to 2025-03-25 23:50:00+00:00, run_after=2025-03-25 23:52:00+00:00
[2025-03-25T23:53:56.443+0000] {processor.py:183} INFO - Processing /home/airflow/.local/lib/python3.8/site-packages/airflow/example_dags/example_sla_dag.py took 0.129 seconds
[2025-03-25T23:55:34.678+0000] {processor.py:161} INFO - Started process (PID=88) to work on /home/airflow/.local/lib/python3.8/site-packages/airflow/example_dags/example_sla_dag.py
[2025-03-25T23:55:34.680+0000] {processor.py:830} INFO - Processing file /home/airflow/.local/lib/python3.8/site-packages/airflow/example_dags/example_sla_dag.py for tasks to queue
[2025-03-25T23:55:34.683+0000] {logging_mixin.py:188} INFO - [2025-03-25T23:55:34.683+0000] {dagbag.py:538} INFO - Filling up the DagBag from /home/airflow/.local/lib/python3.8/site-packages/airflow/example_dags/example_sla_dag.py
[2025-03-25T23:55:34.707+0000] {processor.py:840} INFO - DAG(s) 'example_sla_dag' retrieved from /home/airflow/.local/lib/python3.8/site-packages/airflow/example_dags/example_sla_dag.py
[2025-03-25T23:55:34.967+0000] {logging_mixin.py:188} INFO - [2025-03-25T23:55:34.966+0000] {override.py:1769} INFO - Created Permission View: can edit on DAG:example_sla_dag
[2025-03-25T23:55:34.994+0000] {logging_mixin.py:188} INFO - [2025-03-25T23:55:34.993+0000] {override.py:1769} INFO - Created Permission View: can delete on DAG:example_sla_dag
[2025-03-25T23:55:35.017+0000] {logging_mixin.py:188} INFO - [2025-03-25T23:55:35.016+0000] {override.py:1769} INFO - Created Permission View: can read on DAG:example_sla_dag
[2025-03-25T23:55:35.019+0000] {logging_mixin.py:188} INFO - [2025-03-25T23:55:35.018+0000] {dag.py:3036} INFO - Sync 1 DAGs
[2025-03-25T23:55:35.055+0000] {logging_mixin.py:188} INFO - [2025-03-25T23:55:35.055+0000] {dag.py:3058} INFO - Creating ORM DAG for example_sla_dag
[2025-03-25T23:55:35.096+0000] {logging_mixin.py:188} INFO - [2025-03-25T23:55:35.095+0000] {dag.py:3823} INFO - Setting next_dagrun for example_sla_dag to 2025-03-25 23:52:00+00:00, run_after=2025-03-25 23:54:00+00:00
[2025-03-25T23:55:35.135+0000] {processor.py:183} INFO - Processing /home/airflow/.local/lib/python3.8/site-packages/airflow/example_dags/example_sla_dag.py took 0.462 seconds
[2025-03-25T23:56:05.763+0000] {processor.py:161} INFO - Started process (PID=162) to work on /home/airflow/.local/lib/python3.8/site-packages/airflow/example_dags/example_sla_dag.py
[2025-03-25T23:56:05.765+0000] {processor.py:830} INFO - Processing file /home/airflow/.local/lib/python3.8/site-packages/airflow/example_dags/example_sla_dag.py for tasks to queue
[2025-03-25T23:56:05.768+0000] {logging_mixin.py:188} INFO - [2025-03-25T23:56:05.768+0000] {dagbag.py:538} INFO - Filling up the DagBag from /home/airflow/.local/lib/python3.8/site-packages/airflow/example_dags/example_sla_dag.py
[2025-03-25T23:56:05.784+0000] {processor.py:840} INFO - DAG(s) 'example_sla_dag' retrieved from /home/airflow/.local/lib/python3.8/site-packages/airflow/example_dags/example_sla_dag.py
[2025-03-25T23:56:05.817+0000] {logging_mixin.py:188} INFO - [2025-03-25T23:56:05.817+0000] {dag.py:3036} INFO - Sync 1 DAGs
[2025-03-25T23:56:05.860+0000] {logging_mixin.py:188} INFO - [2025-03-25T23:56:05.859+0000] {dag.py:3823} INFO - Setting next_dagrun for example_sla_dag to 2025-03-25 23:54:00+00:00, run_after=2025-03-25 23:56:00+00:00
[2025-03-25T23:56:05.896+0000] {processor.py:183} INFO - Processing /home/airflow/.local/lib/python3.8/site-packages/airflow/example_dags/example_sla_dag.py took 0.138 seconds
[2025-03-25T23:56:36.374+0000] {processor.py:161} INFO - Started process (PID=235) to work on /home/airflow/.local/lib/python3.8/site-packages/airflow/example_dags/example_sla_dag.py
[2025-03-25T23:56:36.376+0000] {processor.py:830} INFO - Processing file /home/airflow/.local/lib/python3.8/site-packages/airflow/example_dags/example_sla_dag.py for tasks to queue
[2025-03-25T23:56:36.379+0000] {logging_mixin.py:188} INFO - [2025-03-25T23:56:36.379+0000] {dagbag.py:538} INFO - Filling up the DagBag from /home/airflow/.local/lib/python3.8/site-packages/airflow/example_dags/example_sla_dag.py
[2025-03-25T23:56:36.396+0000] {processor.py:840} INFO - DAG(s) 'example_sla_dag' retrieved from /home/airflow/.local/lib/python3.8/site-packages/airflow/example_dags/example_sla_dag.py
[2025-03-25T23:56:36.433+0000] {logging_mixin.py:188} INFO - [2025-03-25T23:56:36.433+0000] {dag.py:3036} INFO - Sync 1 DAGs
[2025-03-25T23:56:36.481+0000] {logging_mixin.py:188} INFO - [2025-03-25T23:56:36.481+0000] {dag.py:3823} INFO - Setting next_dagrun for example_sla_dag to 2025-03-25 23:54:00+00:00, run_after=2025-03-25 23:56:00+00:00
[2025-03-25T23:56:36.523+0000] {processor.py:183} INFO - Processing /home/airflow/.local/lib/python3.8/site-packages/airflow/example_dags/example_sla_dag.py took 0.154 seconds
[2025-03-25T23:57:07.163+0000] {processor.py:161} INFO - Started process (PID=309) to work on /home/airflow/.local/lib/python3.8/site-packages/airflow/example_dags/example_sla_dag.py
[2025-03-25T23:57:07.165+0000] {processor.py:830} INFO - Processing file /home/airflow/.local/lib/python3.8/site-packages/airflow/example_dags/example_sla_dag.py for tasks to queue
[2025-03-25T23:57:07.169+0000] {logging_mixin.py:188} INFO - [2025-03-25T23:57:07.168+0000] {dagbag.py:538} INFO - Filling up the DagBag from /home/airflow/.local/lib/python3.8/site-packages/airflow/example_dags/example_sla_dag.py
[2025-03-25T23:57:07.185+0000] {processor.py:840} INFO - DAG(s) 'example_sla_dag' retrieved from /home/airflow/.local/lib/python3.8/site-packages/airflow/example_dags/example_sla_dag.py
[2025-03-25T23:57:07.225+0000] {logging_mixin.py:188} INFO - [2025-03-25T23:57:07.224+0000] {dag.py:3036} INFO - Sync 1 DAGs
[2025-03-25T23:57:07.281+0000] {logging_mixin.py:188} INFO - [2025-03-25T23:57:07.280+0000] {dag.py:3823} INFO - Setting next_dagrun for example_sla_dag to 2025-03-25 23:54:00+00:00, run_after=2025-03-25 23:56:00+00:00
[2025-03-25T23:57:07.324+0000] {processor.py:183} INFO - Processing /home/airflow/.local/lib/python3.8/site-packages/airflow/example_dags/example_sla_dag.py took 0.164 seconds
[2025-03-25T23:57:38.035+0000] {processor.py:161} INFO - Started process (PID=377) to work on /home/airflow/.local/lib/python3.8/site-packages/airflow/example_dags/example_sla_dag.py
[2025-03-25T23:57:38.038+0000] {processor.py:830} INFO - Processing file /home/airflow/.local/lib/python3.8/site-packages/airflow/example_dags/example_sla_dag.py for tasks to queue
[2025-03-25T23:57:38.041+0000] {logging_mixin.py:188} INFO - [2025-03-25T23:57:38.040+0000] {dagbag.py:538} INFO - Filling up the DagBag from /home/airflow/.local/lib/python3.8/site-packages/airflow/example_dags/example_sla_dag.py
[2025-03-25T23:57:38.052+0000] {processor.py:840} INFO - DAG(s) 'example_sla_dag' retrieved from /home/airflow/.local/lib/python3.8/site-packages/airflow/example_dags/example_sla_dag.py
[2025-03-25T23:57:38.086+0000] {logging_mixin.py:188} INFO - [2025-03-25T23:57:38.086+0000] {dag.py:3036} INFO - Sync 1 DAGs
[2025-03-25T23:57:38.129+0000] {logging_mixin.py:188} INFO - [2025-03-25T23:57:38.129+0000] {dag.py:3823} INFO - Setting next_dagrun for example_sla_dag to 2025-03-25 23:54:00+00:00, run_after=2025-03-25 23:56:00+00:00
[2025-03-25T23:57:38.173+0000] {processor.py:183} INFO - Processing /home/airflow/.local/lib/python3.8/site-packages/airflow/example_dags/example_sla_dag.py took 0.142 seconds
[2025-03-25T23:58:08.270+0000] {processor.py:161} INFO - Started process (PID=449) to work on /home/airflow/.local/lib/python3.8/site-packages/airflow/example_dags/example_sla_dag.py
[2025-03-25T23:58:08.272+0000] {processor.py:830} INFO - Processing file /home/airflow/.local/lib/python3.8/site-packages/airflow/example_dags/example_sla_dag.py for tasks to queue
[2025-03-25T23:58:08.275+0000] {logging_mixin.py:188} INFO - [2025-03-25T23:58:08.274+0000] {dagbag.py:538} INFO - Filling up the DagBag from /home/airflow/.local/lib/python3.8/site-packages/airflow/example_dags/example_sla_dag.py
[2025-03-25T23:58:08.286+0000] {processor.py:840} INFO - DAG(s) 'example_sla_dag' retrieved from /home/airflow/.local/lib/python3.8/site-packages/airflow/example_dags/example_sla_dag.py
[2025-03-25T23:58:08.320+0000] {logging_mixin.py:188} INFO - [2025-03-25T23:58:08.319+0000] {dag.py:3036} INFO - Sync 1 DAGs
[2025-03-25T23:58:08.364+0000] {logging_mixin.py:188} INFO - [2025-03-25T23:58:08.363+0000] {dag.py:3823} INFO - Setting next_dagrun for example_sla_dag to 2025-03-25 23:56:00+00:00, run_after=2025-03-25 23:58:00+00:00
[2025-03-25T23:58:08.392+0000] {processor.py:183} INFO - Processing /home/airflow/.local/lib/python3.8/site-packages/airflow/example_dags/example_sla_dag.py took 0.126 seconds
[2025-03-25T23:58:38.790+0000] {processor.py:161} INFO - Started process (PID=523) to work on /home/airflow/.local/lib/python3.8/site-packages/airflow/example_dags/example_sla_dag.py
[2025-03-25T23:58:38.791+0000] {processor.py:830} INFO - Processing file /home/airflow/.local/lib/python3.8/site-packages/airflow/example_dags/example_sla_dag.py for tasks to queue
[2025-03-25T23:58:38.794+0000] {logging_mixin.py:188} INFO - [2025-03-25T23:58:38.794+0000] {dagbag.py:538} INFO - Filling up the DagBag from /home/airflow/.local/lib/python3.8/site-packages/airflow/example_dags/example_sla_dag.py
[2025-03-25T23:58:38.807+0000] {processor.py:840} INFO - DAG(s) 'example_sla_dag' retrieved from /home/airflow/.local/lib/python3.8/site-packages/airflow/example_dags/example_sla_dag.py
[2025-03-25T23:58:38.837+0000] {logging_mixin.py:188} INFO - [2025-03-25T23:58:38.837+0000] {dag.py:3036} INFO - Sync 1 DAGs
[2025-03-25T23:58:38.878+0000] {logging_mixin.py:188} INFO - [2025-03-25T23:58:38.878+0000] {dag.py:3823} INFO - Setting next_dagrun for example_sla_dag to 2025-03-25 23:56:00+00:00, run_after=2025-03-25 23:58:00+00:00
[2025-03-25T23:58:38.916+0000] {processor.py:183} INFO - Processing /home/airflow/.local/lib/python3.8/site-packages/airflow/example_dags/example_sla_dag.py took 0.131 seconds
[2025-03-25T23:59:09.876+0000] {processor.py:161} INFO - Started process (PID=597) to work on /home/airflow/.local/lib/python3.8/site-packages/airflow/example_dags/example_sla_dag.py
[2025-03-25T23:59:09.878+0000] {processor.py:830} INFO - Processing file /home/airflow/.local/lib/python3.8/site-packages/airflow/example_dags/example_sla_dag.py for tasks to queue
[2025-03-25T23:59:09.881+0000] {logging_mixin.py:188} INFO - [2025-03-25T23:59:09.880+0000] {dagbag.py:538} INFO - Filling up the DagBag from /home/airflow/.local/lib/python3.8/site-packages/airflow/example_dags/example_sla_dag.py
[2025-03-25T23:59:09.892+0000] {processor.py:840} INFO - DAG(s) 'example_sla_dag' retrieved from /home/airflow/.local/lib/python3.8/site-packages/airflow/example_dags/example_sla_dag.py
[2025-03-25T23:59:09.924+0000] {logging_mixin.py:188} INFO - [2025-03-25T23:59:09.924+0000] {dag.py:3036} INFO - Sync 1 DAGs
[2025-03-25T23:59:09.961+0000] {logging_mixin.py:188} INFO - [2025-03-25T23:59:09.961+0000] {dag.py:3823} INFO - Setting next_dagrun for example_sla_dag to 2025-03-25 23:56:00+00:00, run_after=2025-03-25 23:58:00+00:00
[2025-03-25T23:59:09.990+0000] {processor.py:183} INFO - Processing /home/airflow/.local/lib/python3.8/site-packages/airflow/example_dags/example_sla_dag.py took 0.118 seconds
[2025-03-25T23:59:40.547+0000] {processor.py:161} INFO - Started process (PID=671) to work on /home/airflow/.local/lib/python3.8/site-packages/airflow/example_dags/example_sla_dag.py
[2025-03-25T23:59:40.551+0000] {processor.py:830} INFO - Processing file /home/airflow/.local/lib/python3.8/site-packages/airflow/example_dags/example_sla_dag.py for tasks to queue
[2025-03-25T23:59:40.557+0000] {logging_mixin.py:188} INFO - [2025-03-25T23:59:40.555+0000] {dagbag.py:538} INFO - Filling up the DagBag from /home/airflow/.local/lib/python3.8/site-packages/airflow/example_dags/example_sla_dag.py
[2025-03-25T23:59:40.587+0000] {processor.py:840} INFO - DAG(s) 'example_sla_dag' retrieved from /home/airflow/.local/lib/python3.8/site-packages/airflow/example_dags/example_sla_dag.py
[2025-03-25T23:59:40.635+0000] {logging_mixin.py:188} INFO - [2025-03-25T23:59:40.634+0000] {dag.py:3036} INFO - Sync 1 DAGs
[2025-03-25T23:59:40.697+0000] {logging_mixin.py:188} INFO - [2025-03-25T23:59:40.696+0000] {dag.py:3823} INFO - Setting next_dagrun for example_sla_dag to 2025-03-25 23:56:00+00:00, run_after=2025-03-25 23:58:00+00:00
[2025-03-25T23:59:40.740+0000] {processor.py:183} INFO - Processing /home/airflow/.local/lib/python3.8/site-packages/airflow/example_dags/example_sla_dag.py took 0.205 seconds
