[2025-03-25T23:45:46.096+0000] {processor.py:161} INFO - Started process (PID=86) to work on /home/airflow/.local/lib/python3.8/site-packages/airflow/example_dags/example_datasets.py
[2025-03-25T23:45:46.099+0000] {processor.py:830} INFO - Processing file /home/airflow/.local/lib/python3.8/site-packages/airflow/example_dags/example_datasets.py for tasks to queue
[2025-03-25T23:45:46.103+0000] {logging_mixin.py:188} INFO - [2025-03-25T23:45:46.102+0000] {dagbag.py:538} INFO - Filling up the DagBag from /home/airflow/.local/lib/python3.8/site-packages/airflow/example_dags/example_datasets.py
[2025-03-25T23:45:46.339+0000] {processor.py:840} INFO - DAG(s) 'dataset_produces_2', 'dataset_consumes_unknown_never_scheduled', 'dataset_consumes_1_never_scheduled', 'dataset_produces_1', 'dataset_consumes_1_and_2', 'dataset_consumes_1' retrieved from /home/airflow/.local/lib/python3.8/site-packages/airflow/example_dags/example_datasets.py
[2025-03-25T23:45:46.693+0000] {logging_mixin.py:188} INFO - [2025-03-25T23:45:46.691+0000] {override.py:1769} INFO - Created Permission View: can edit on DAG:dataset_produces_2
[2025-03-25T23:45:46.735+0000] {logging_mixin.py:188} INFO - [2025-03-25T23:45:46.735+0000] {override.py:1769} INFO - Created Permission View: can delete on DAG:dataset_produces_2
[2025-03-25T23:45:46.761+0000] {logging_mixin.py:188} INFO - [2025-03-25T23:45:46.760+0000] {override.py:1769} INFO - Created Permission View: can read on DAG:dataset_produces_2
[2025-03-25T23:45:46.816+0000] {logging_mixin.py:188} INFO - [2025-03-25T23:45:46.815+0000] {override.py:1769} INFO - Created Permission View: can edit on DAG:dataset_consumes_unknown_never_scheduled
[2025-03-25T23:45:46.851+0000] {logging_mixin.py:188} INFO - [2025-03-25T23:45:46.850+0000] {override.py:1769} INFO - Created Permission View: can delete on DAG:dataset_consumes_unknown_never_scheduled
[2025-03-25T23:45:46.875+0000] {logging_mixin.py:188} INFO - [2025-03-25T23:45:46.875+0000] {override.py:1769} INFO - Created Permission View: can read on DAG:dataset_consumes_unknown_never_scheduled
[2025-03-25T23:45:46.910+0000] {logging_mixin.py:188} INFO - [2025-03-25T23:45:46.909+0000] {override.py:1769} INFO - Created Permission View: can edit on DAG:dataset_consumes_1_never_scheduled
[2025-03-25T23:45:46.929+0000] {logging_mixin.py:188} INFO - [2025-03-25T23:45:46.929+0000] {override.py:1769} INFO - Created Permission View: can delete on DAG:dataset_consumes_1_never_scheduled
[2025-03-25T23:45:46.960+0000] {logging_mixin.py:188} INFO - [2025-03-25T23:45:46.958+0000] {override.py:1769} INFO - Created Permission View: can read on DAG:dataset_consumes_1_never_scheduled
[2025-03-25T23:45:47.013+0000] {logging_mixin.py:188} INFO - [2025-03-25T23:45:47.012+0000] {override.py:1769} INFO - Created Permission View: can edit on DAG:dataset_produces_1
[2025-03-25T23:45:47.048+0000] {logging_mixin.py:188} INFO - [2025-03-25T23:45:47.047+0000] {override.py:1769} INFO - Created Permission View: can delete on DAG:dataset_produces_1
[2025-03-25T23:45:47.107+0000] {logging_mixin.py:188} INFO - [2025-03-25T23:45:47.106+0000] {override.py:1769} INFO - Created Permission View: can read on DAG:dataset_produces_1
[2025-03-25T23:45:47.161+0000] {logging_mixin.py:188} INFO - [2025-03-25T23:45:47.160+0000] {override.py:1769} INFO - Created Permission View: can edit on DAG:dataset_consumes_1_and_2
[2025-03-25T23:45:47.185+0000] {logging_mixin.py:188} INFO - [2025-03-25T23:45:47.184+0000] {override.py:1769} INFO - Created Permission View: can delete on DAG:dataset_consumes_1_and_2
[2025-03-25T23:45:47.211+0000] {logging_mixin.py:188} INFO - [2025-03-25T23:45:47.207+0000] {override.py:1769} INFO - Created Permission View: can read on DAG:dataset_consumes_1_and_2
[2025-03-25T23:45:47.261+0000] {logging_mixin.py:188} INFO - [2025-03-25T23:45:47.260+0000] {override.py:1769} INFO - Created Permission View: can edit on DAG:dataset_consumes_1
[2025-03-25T23:45:47.289+0000] {logging_mixin.py:188} INFO - [2025-03-25T23:45:47.288+0000] {override.py:1769} INFO - Created Permission View: can delete on DAG:dataset_consumes_1
[2025-03-25T23:45:47.318+0000] {logging_mixin.py:188} INFO - [2025-03-25T23:45:47.317+0000] {override.py:1769} INFO - Created Permission View: can read on DAG:dataset_consumes_1
[2025-03-25T23:45:47.320+0000] {logging_mixin.py:188} INFO - [2025-03-25T23:45:47.319+0000] {dag.py:3036} INFO - Sync 6 DAGs
[2025-03-25T23:45:47.368+0000] {logging_mixin.py:188} INFO - [2025-03-25T23:45:47.366+0000] {dag.py:3058} INFO - Creating ORM DAG for dataset_consumes_unknown_never_scheduled
[2025-03-25T23:45:47.370+0000] {logging_mixin.py:188} INFO - [2025-03-25T23:45:47.370+0000] {dag.py:3058} INFO - Creating ORM DAG for dataset_produces_1
[2025-03-25T23:45:47.373+0000] {logging_mixin.py:188} INFO - [2025-03-25T23:45:47.372+0000] {dag.py:3058} INFO - Creating ORM DAG for dataset_produces_2
[2025-03-25T23:45:47.375+0000] {logging_mixin.py:188} INFO - [2025-03-25T23:45:47.375+0000] {dag.py:3058} INFO - Creating ORM DAG for dataset_consumes_1
[2025-03-25T23:45:47.378+0000] {logging_mixin.py:188} INFO - [2025-03-25T23:45:47.377+0000] {dag.py:3058} INFO - Creating ORM DAG for dataset_consumes_1_never_scheduled
[2025-03-25T23:45:47.381+0000] {logging_mixin.py:188} INFO - [2025-03-25T23:45:47.380+0000] {dag.py:3058} INFO - Creating ORM DAG for dataset_consumes_1_and_2
[2025-03-25T23:45:47.405+0000] {logging_mixin.py:188} INFO - [2025-03-25T23:45:47.404+0000] {dag.py:3823} INFO - Setting next_dagrun for dataset_consumes_1 to None, run_after=None
[2025-03-25T23:45:47.407+0000] {logging_mixin.py:188} INFO - [2025-03-25T23:45:47.407+0000] {dag.py:3823} INFO - Setting next_dagrun for dataset_consumes_1_and_2 to None, run_after=None
[2025-03-25T23:45:47.411+0000] {logging_mixin.py:188} INFO - [2025-03-25T23:45:47.410+0000] {dag.py:3823} INFO - Setting next_dagrun for dataset_consumes_1_never_scheduled to None, run_after=None
[2025-03-25T23:45:47.417+0000] {logging_mixin.py:188} INFO - [2025-03-25T23:45:47.416+0000] {dag.py:3823} INFO - Setting next_dagrun for dataset_consumes_unknown_never_scheduled to None, run_after=None
[2025-03-25T23:45:47.429+0000] {logging_mixin.py:188} INFO - [2025-03-25T23:45:47.428+0000] {dag.py:3823} INFO - Setting next_dagrun for dataset_produces_1 to 2025-03-24 00:00:00+00:00, run_after=2025-03-25 00:00:00+00:00
[2025-03-25T23:45:47.439+0000] {logging_mixin.py:188} INFO - [2025-03-25T23:45:47.435+0000] {dag.py:3823} INFO - Setting next_dagrun for dataset_produces_2 to None, run_after=None
[2025-03-25T23:45:47.605+0000] {processor.py:183} INFO - Processing /home/airflow/.local/lib/python3.8/site-packages/airflow/example_dags/example_datasets.py took 1.515 seconds
[2025-03-25T23:46:17.681+0000] {processor.py:161} INFO - Started process (PID=161) to work on /home/airflow/.local/lib/python3.8/site-packages/airflow/example_dags/example_datasets.py
[2025-03-25T23:46:17.682+0000] {processor.py:830} INFO - Processing file /home/airflow/.local/lib/python3.8/site-packages/airflow/example_dags/example_datasets.py for tasks to queue
[2025-03-25T23:46:17.684+0000] {logging_mixin.py:188} INFO - [2025-03-25T23:46:17.684+0000] {dagbag.py:538} INFO - Filling up the DagBag from /home/airflow/.local/lib/python3.8/site-packages/airflow/example_dags/example_datasets.py
[2025-03-25T23:46:17.695+0000] {processor.py:840} INFO - DAG(s) 'dataset_produces_2', 'dataset_consumes_unknown_never_scheduled', 'dataset_consumes_1_and_2', 'dataset_consumes_1_never_scheduled', 'dataset_consumes_1', 'dataset_produces_1' retrieved from /home/airflow/.local/lib/python3.8/site-packages/airflow/example_dags/example_datasets.py
[2025-03-25T23:46:17.752+0000] {logging_mixin.py:188} INFO - [2025-03-25T23:46:17.752+0000] {dag.py:3036} INFO - Sync 6 DAGs
[2025-03-25T23:46:17.784+0000] {logging_mixin.py:188} INFO - [2025-03-25T23:46:17.784+0000] {dag.py:3823} INFO - Setting next_dagrun for dataset_consumes_1 to None, run_after=None
[2025-03-25T23:46:17.791+0000] {logging_mixin.py:188} INFO - [2025-03-25T23:46:17.790+0000] {dag.py:3823} INFO - Setting next_dagrun for dataset_consumes_1_and_2 to None, run_after=None
[2025-03-25T23:46:17.794+0000] {logging_mixin.py:188} INFO - [2025-03-25T23:46:17.794+0000] {dag.py:3823} INFO - Setting next_dagrun for dataset_consumes_1_never_scheduled to None, run_after=None
[2025-03-25T23:46:17.797+0000] {logging_mixin.py:188} INFO - [2025-03-25T23:46:17.797+0000] {dag.py:3823} INFO - Setting next_dagrun for dataset_consumes_unknown_never_scheduled to None, run_after=None
[2025-03-25T23:46:17.803+0000] {logging_mixin.py:188} INFO - [2025-03-25T23:46:17.803+0000] {dag.py:3823} INFO - Setting next_dagrun for dataset_produces_1 to 2025-03-24 00:00:00+00:00, run_after=2025-03-25 00:00:00+00:00
[2025-03-25T23:46:17.806+0000] {logging_mixin.py:188} INFO - [2025-03-25T23:46:17.806+0000] {dag.py:3823} INFO - Setting next_dagrun for dataset_produces_2 to None, run_after=None
[2025-03-25T23:46:17.860+0000] {processor.py:183} INFO - Processing /home/airflow/.local/lib/python3.8/site-packages/airflow/example_dags/example_datasets.py took 0.183 seconds
[2025-03-25T23:46:48.399+0000] {processor.py:161} INFO - Started process (PID=236) to work on /home/airflow/.local/lib/python3.8/site-packages/airflow/example_dags/example_datasets.py
[2025-03-25T23:46:48.401+0000] {processor.py:830} INFO - Processing file /home/airflow/.local/lib/python3.8/site-packages/airflow/example_dags/example_datasets.py for tasks to queue
[2025-03-25T23:46:48.403+0000] {logging_mixin.py:188} INFO - [2025-03-25T23:46:48.403+0000] {dagbag.py:538} INFO - Filling up the DagBag from /home/airflow/.local/lib/python3.8/site-packages/airflow/example_dags/example_datasets.py
[2025-03-25T23:46:48.422+0000] {processor.py:840} INFO - DAG(s) 'dataset_consumes_1_never_scheduled', 'dataset_produces_1', 'dataset_consumes_1_and_2', 'dataset_consumes_unknown_never_scheduled', 'dataset_consumes_1', 'dataset_produces_2' retrieved from /home/airflow/.local/lib/python3.8/site-packages/airflow/example_dags/example_datasets.py
[2025-03-25T23:46:48.495+0000] {logging_mixin.py:188} INFO - [2025-03-25T23:46:48.494+0000] {dag.py:3036} INFO - Sync 6 DAGs
[2025-03-25T23:46:48.544+0000] {logging_mixin.py:188} INFO - [2025-03-25T23:46:48.544+0000] {dag.py:3823} INFO - Setting next_dagrun for dataset_consumes_1 to None, run_after=None
[2025-03-25T23:46:48.553+0000] {logging_mixin.py:188} INFO - [2025-03-25T23:46:48.553+0000] {dag.py:3823} INFO - Setting next_dagrun for dataset_consumes_1_and_2 to None, run_after=None
[2025-03-25T23:46:48.556+0000] {logging_mixin.py:188} INFO - [2025-03-25T23:46:48.556+0000] {dag.py:3823} INFO - Setting next_dagrun for dataset_consumes_1_never_scheduled to None, run_after=None
[2025-03-25T23:46:48.559+0000] {logging_mixin.py:188} INFO - [2025-03-25T23:46:48.559+0000] {dag.py:3823} INFO - Setting next_dagrun for dataset_consumes_unknown_never_scheduled to None, run_after=None
[2025-03-25T23:46:48.567+0000] {logging_mixin.py:188} INFO - [2025-03-25T23:46:48.567+0000] {dag.py:3823} INFO - Setting next_dagrun for dataset_produces_1 to 2025-03-24 00:00:00+00:00, run_after=2025-03-25 00:00:00+00:00
[2025-03-25T23:46:48.571+0000] {logging_mixin.py:188} INFO - [2025-03-25T23:46:48.570+0000] {dag.py:3823} INFO - Setting next_dagrun for dataset_produces_2 to None, run_after=None
[2025-03-25T23:46:48.669+0000] {processor.py:183} INFO - Processing /home/airflow/.local/lib/python3.8/site-packages/airflow/example_dags/example_datasets.py took 0.274 seconds
[2025-03-25T23:47:18.779+0000] {processor.py:161} INFO - Started process (PID=310) to work on /home/airflow/.local/lib/python3.8/site-packages/airflow/example_dags/example_datasets.py
[2025-03-25T23:47:18.780+0000] {processor.py:830} INFO - Processing file /home/airflow/.local/lib/python3.8/site-packages/airflow/example_dags/example_datasets.py for tasks to queue
[2025-03-25T23:47:18.783+0000] {logging_mixin.py:188} INFO - [2025-03-25T23:47:18.783+0000] {dagbag.py:538} INFO - Filling up the DagBag from /home/airflow/.local/lib/python3.8/site-packages/airflow/example_dags/example_datasets.py
[2025-03-25T23:47:18.811+0000] {processor.py:840} INFO - DAG(s) 'dataset_produces_2', 'dataset_consumes_unknown_never_scheduled', 'dataset_produces_1', 'dataset_consumes_1_never_scheduled', 'dataset_consumes_1_and_2', 'dataset_consumes_1' retrieved from /home/airflow/.local/lib/python3.8/site-packages/airflow/example_dags/example_datasets.py
[2025-03-25T23:47:18.870+0000] {logging_mixin.py:188} INFO - [2025-03-25T23:47:18.870+0000] {dag.py:3036} INFO - Sync 6 DAGs
[2025-03-25T23:47:18.904+0000] {logging_mixin.py:188} INFO - [2025-03-25T23:47:18.904+0000] {dag.py:3823} INFO - Setting next_dagrun for dataset_consumes_1 to None, run_after=None
[2025-03-25T23:47:18.910+0000] {logging_mixin.py:188} INFO - [2025-03-25T23:47:18.909+0000] {dag.py:3823} INFO - Setting next_dagrun for dataset_consumes_1_and_2 to None, run_after=None
[2025-03-25T23:47:18.913+0000] {logging_mixin.py:188} INFO - [2025-03-25T23:47:18.912+0000] {dag.py:3823} INFO - Setting next_dagrun for dataset_consumes_1_never_scheduled to None, run_after=None
[2025-03-25T23:47:18.916+0000] {logging_mixin.py:188} INFO - [2025-03-25T23:47:18.915+0000] {dag.py:3823} INFO - Setting next_dagrun for dataset_consumes_unknown_never_scheduled to None, run_after=None
[2025-03-25T23:47:18.921+0000] {logging_mixin.py:188} INFO - [2025-03-25T23:47:18.921+0000] {dag.py:3823} INFO - Setting next_dagrun for dataset_produces_1 to 2025-03-24 00:00:00+00:00, run_after=2025-03-25 00:00:00+00:00
[2025-03-25T23:47:18.923+0000] {logging_mixin.py:188} INFO - [2025-03-25T23:47:18.923+0000] {dag.py:3823} INFO - Setting next_dagrun for dataset_produces_2 to None, run_after=None
[2025-03-25T23:47:18.985+0000] {processor.py:183} INFO - Processing /home/airflow/.local/lib/python3.8/site-packages/airflow/example_dags/example_datasets.py took 0.210 seconds
[2025-03-25T23:47:49.637+0000] {processor.py:161} INFO - Started process (PID=378) to work on /home/airflow/.local/lib/python3.8/site-packages/airflow/example_dags/example_datasets.py
[2025-03-25T23:47:49.638+0000] {processor.py:830} INFO - Processing file /home/airflow/.local/lib/python3.8/site-packages/airflow/example_dags/example_datasets.py for tasks to queue
[2025-03-25T23:47:49.641+0000] {logging_mixin.py:188} INFO - [2025-03-25T23:47:49.641+0000] {dagbag.py:538} INFO - Filling up the DagBag from /home/airflow/.local/lib/python3.8/site-packages/airflow/example_dags/example_datasets.py
[2025-03-25T23:47:49.656+0000] {processor.py:840} INFO - DAG(s) 'dataset_consumes_unknown_never_scheduled', 'dataset_produces_1', 'dataset_consumes_1_and_2', 'dataset_produces_2', 'dataset_consumes_1_never_scheduled', 'dataset_consumes_1' retrieved from /home/airflow/.local/lib/python3.8/site-packages/airflow/example_dags/example_datasets.py
[2025-03-25T23:47:49.719+0000] {logging_mixin.py:188} INFO - [2025-03-25T23:47:49.719+0000] {dag.py:3036} INFO - Sync 6 DAGs
[2025-03-25T23:47:49.754+0000] {logging_mixin.py:188} INFO - [2025-03-25T23:47:49.753+0000] {dag.py:3823} INFO - Setting next_dagrun for dataset_consumes_1 to None, run_after=None
[2025-03-25T23:47:49.760+0000] {logging_mixin.py:188} INFO - [2025-03-25T23:47:49.759+0000] {dag.py:3823} INFO - Setting next_dagrun for dataset_consumes_1_and_2 to None, run_after=None
[2025-03-25T23:47:49.762+0000] {logging_mixin.py:188} INFO - [2025-03-25T23:47:49.762+0000] {dag.py:3823} INFO - Setting next_dagrun for dataset_consumes_1_never_scheduled to None, run_after=None
[2025-03-25T23:47:49.765+0000] {logging_mixin.py:188} INFO - [2025-03-25T23:47:49.765+0000] {dag.py:3823} INFO - Setting next_dagrun for dataset_consumes_unknown_never_scheduled to None, run_after=None
[2025-03-25T23:47:49.772+0000] {logging_mixin.py:188} INFO - [2025-03-25T23:47:49.772+0000] {dag.py:3823} INFO - Setting next_dagrun for dataset_produces_1 to 2025-03-24 00:00:00+00:00, run_after=2025-03-25 00:00:00+00:00
[2025-03-25T23:47:49.775+0000] {logging_mixin.py:188} INFO - [2025-03-25T23:47:49.775+0000] {dag.py:3823} INFO - Setting next_dagrun for dataset_produces_2 to None, run_after=None
[2025-03-25T23:47:49.834+0000] {processor.py:183} INFO - Processing /home/airflow/.local/lib/python3.8/site-packages/airflow/example_dags/example_datasets.py took 0.201 seconds
[2025-03-25T23:48:20.721+0000] {processor.py:161} INFO - Started process (PID=450) to work on /home/airflow/.local/lib/python3.8/site-packages/airflow/example_dags/example_datasets.py
[2025-03-25T23:48:20.723+0000] {processor.py:830} INFO - Processing file /home/airflow/.local/lib/python3.8/site-packages/airflow/example_dags/example_datasets.py for tasks to queue
[2025-03-25T23:48:20.726+0000] {logging_mixin.py:188} INFO - [2025-03-25T23:48:20.725+0000] {dagbag.py:538} INFO - Filling up the DagBag from /home/airflow/.local/lib/python3.8/site-packages/airflow/example_dags/example_datasets.py
[2025-03-25T23:48:20.737+0000] {processor.py:840} INFO - DAG(s) 'dataset_consumes_1', 'dataset_consumes_unknown_never_scheduled', 'dataset_produces_1', 'dataset_consumes_1_and_2', 'dataset_consumes_1_never_scheduled', 'dataset_produces_2' retrieved from /home/airflow/.local/lib/python3.8/site-packages/airflow/example_dags/example_datasets.py
[2025-03-25T23:48:20.806+0000] {logging_mixin.py:188} INFO - [2025-03-25T23:48:20.805+0000] {dag.py:3036} INFO - Sync 6 DAGs
[2025-03-25T23:48:20.850+0000] {logging_mixin.py:188} INFO - [2025-03-25T23:48:20.850+0000] {dag.py:3823} INFO - Setting next_dagrun for dataset_consumes_1 to None, run_after=None
[2025-03-25T23:48:20.864+0000] {logging_mixin.py:188} INFO - [2025-03-25T23:48:20.861+0000] {dag.py:3823} INFO - Setting next_dagrun for dataset_consumes_1_and_2 to None, run_after=None
[2025-03-25T23:48:20.868+0000] {logging_mixin.py:188} INFO - [2025-03-25T23:48:20.867+0000] {dag.py:3823} INFO - Setting next_dagrun for dataset_consumes_1_never_scheduled to None, run_after=None
[2025-03-25T23:48:20.874+0000] {logging_mixin.py:188} INFO - [2025-03-25T23:48:20.874+0000] {dag.py:3823} INFO - Setting next_dagrun for dataset_consumes_unknown_never_scheduled to None, run_after=None
[2025-03-25T23:48:20.881+0000] {logging_mixin.py:188} INFO - [2025-03-25T23:48:20.880+0000] {dag.py:3823} INFO - Setting next_dagrun for dataset_produces_1 to 2025-03-24 00:00:00+00:00, run_after=2025-03-25 00:00:00+00:00
[2025-03-25T23:48:20.884+0000] {logging_mixin.py:188} INFO - [2025-03-25T23:48:20.883+0000] {dag.py:3823} INFO - Setting next_dagrun for dataset_produces_2 to None, run_after=None
[2025-03-25T23:48:20.953+0000] {processor.py:183} INFO - Processing /home/airflow/.local/lib/python3.8/site-packages/airflow/example_dags/example_datasets.py took 0.236 seconds
[2025-03-25T23:48:51.098+0000] {processor.py:161} INFO - Started process (PID=524) to work on /home/airflow/.local/lib/python3.8/site-packages/airflow/example_dags/example_datasets.py
[2025-03-25T23:48:51.100+0000] {processor.py:830} INFO - Processing file /home/airflow/.local/lib/python3.8/site-packages/airflow/example_dags/example_datasets.py for tasks to queue
[2025-03-25T23:48:51.103+0000] {logging_mixin.py:188} INFO - [2025-03-25T23:48:51.102+0000] {dagbag.py:538} INFO - Filling up the DagBag from /home/airflow/.local/lib/python3.8/site-packages/airflow/example_dags/example_datasets.py
[2025-03-25T23:48:51.116+0000] {processor.py:840} INFO - DAG(s) 'dataset_consumes_unknown_never_scheduled', 'dataset_produces_1', 'dataset_consumes_1_never_scheduled', 'dataset_consumes_1', 'dataset_consumes_1_and_2', 'dataset_produces_2' retrieved from /home/airflow/.local/lib/python3.8/site-packages/airflow/example_dags/example_datasets.py
[2025-03-25T23:48:51.182+0000] {logging_mixin.py:188} INFO - [2025-03-25T23:48:51.181+0000] {dag.py:3036} INFO - Sync 6 DAGs
[2025-03-25T23:48:51.220+0000] {logging_mixin.py:188} INFO - [2025-03-25T23:48:51.219+0000] {dag.py:3823} INFO - Setting next_dagrun for dataset_consumes_1 to None, run_after=None
[2025-03-25T23:48:51.226+0000] {logging_mixin.py:188} INFO - [2025-03-25T23:48:51.226+0000] {dag.py:3823} INFO - Setting next_dagrun for dataset_consumes_1_and_2 to None, run_after=None
[2025-03-25T23:48:51.230+0000] {logging_mixin.py:188} INFO - [2025-03-25T23:48:51.230+0000] {dag.py:3823} INFO - Setting next_dagrun for dataset_consumes_1_never_scheduled to None, run_after=None
[2025-03-25T23:48:51.233+0000] {logging_mixin.py:188} INFO - [2025-03-25T23:48:51.233+0000] {dag.py:3823} INFO - Setting next_dagrun for dataset_consumes_unknown_never_scheduled to None, run_after=None
[2025-03-25T23:48:51.238+0000] {logging_mixin.py:188} INFO - [2025-03-25T23:48:51.238+0000] {dag.py:3823} INFO - Setting next_dagrun for dataset_produces_1 to 2025-03-24 00:00:00+00:00, run_after=2025-03-25 00:00:00+00:00
[2025-03-25T23:48:51.240+0000] {logging_mixin.py:188} INFO - [2025-03-25T23:48:51.240+0000] {dag.py:3823} INFO - Setting next_dagrun for dataset_produces_2 to None, run_after=None
[2025-03-25T23:48:51.303+0000] {processor.py:183} INFO - Processing /home/airflow/.local/lib/python3.8/site-packages/airflow/example_dags/example_datasets.py took 0.210 seconds
[2025-03-25T23:49:21.516+0000] {processor.py:161} INFO - Started process (PID=598) to work on /home/airflow/.local/lib/python3.8/site-packages/airflow/example_dags/example_datasets.py
[2025-03-25T23:49:21.518+0000] {processor.py:830} INFO - Processing file /home/airflow/.local/lib/python3.8/site-packages/airflow/example_dags/example_datasets.py for tasks to queue
[2025-03-25T23:49:21.520+0000] {logging_mixin.py:188} INFO - [2025-03-25T23:49:21.520+0000] {dagbag.py:538} INFO - Filling up the DagBag from /home/airflow/.local/lib/python3.8/site-packages/airflow/example_dags/example_datasets.py
[2025-03-25T23:49:21.536+0000] {processor.py:840} INFO - DAG(s) 'dataset_consumes_1_never_scheduled', 'dataset_consumes_1', 'dataset_consumes_unknown_never_scheduled', 'dataset_consumes_1_and_2', 'dataset_produces_1', 'dataset_produces_2' retrieved from /home/airflow/.local/lib/python3.8/site-packages/airflow/example_dags/example_datasets.py
[2025-03-25T23:49:21.620+0000] {logging_mixin.py:188} INFO - [2025-03-25T23:49:21.619+0000] {dag.py:3036} INFO - Sync 6 DAGs
[2025-03-25T23:49:21.670+0000] {logging_mixin.py:188} INFO - [2025-03-25T23:49:21.670+0000] {dag.py:3823} INFO - Setting next_dagrun for dataset_consumes_1 to None, run_after=None
[2025-03-25T23:49:21.679+0000] {logging_mixin.py:188} INFO - [2025-03-25T23:49:21.678+0000] {dag.py:3823} INFO - Setting next_dagrun for dataset_consumes_1_and_2 to None, run_after=None
[2025-03-25T23:49:21.683+0000] {logging_mixin.py:188} INFO - [2025-03-25T23:49:21.683+0000] {dag.py:3823} INFO - Setting next_dagrun for dataset_consumes_1_never_scheduled to None, run_after=None
[2025-03-25T23:49:21.687+0000] {logging_mixin.py:188} INFO - [2025-03-25T23:49:21.687+0000] {dag.py:3823} INFO - Setting next_dagrun for dataset_consumes_unknown_never_scheduled to None, run_after=None
[2025-03-25T23:49:21.693+0000] {logging_mixin.py:188} INFO - [2025-03-25T23:49:21.693+0000] {dag.py:3823} INFO - Setting next_dagrun for dataset_produces_1 to 2025-03-24 00:00:00+00:00, run_after=2025-03-25 00:00:00+00:00
[2025-03-25T23:49:21.697+0000] {logging_mixin.py:188} INFO - [2025-03-25T23:49:21.697+0000] {dag.py:3823} INFO - Setting next_dagrun for dataset_produces_2 to None, run_after=None
[2025-03-25T23:49:21.777+0000] {processor.py:183} INFO - Processing /home/airflow/.local/lib/python3.8/site-packages/airflow/example_dags/example_datasets.py took 0.265 seconds
[2025-03-25T23:49:52.012+0000] {processor.py:161} INFO - Started process (PID=673) to work on /home/airflow/.local/lib/python3.8/site-packages/airflow/example_dags/example_datasets.py
[2025-03-25T23:49:52.014+0000] {processor.py:830} INFO - Processing file /home/airflow/.local/lib/python3.8/site-packages/airflow/example_dags/example_datasets.py for tasks to queue
[2025-03-25T23:49:52.018+0000] {logging_mixin.py:188} INFO - [2025-03-25T23:49:52.017+0000] {dagbag.py:538} INFO - Filling up the DagBag from /home/airflow/.local/lib/python3.8/site-packages/airflow/example_dags/example_datasets.py
[2025-03-25T23:49:52.038+0000] {processor.py:840} INFO - DAG(s) 'dataset_consumes_1_and_2', 'dataset_produces_2', 'dataset_consumes_unknown_never_scheduled', 'dataset_consumes_1_never_scheduled', 'dataset_produces_1', 'dataset_consumes_1' retrieved from /home/airflow/.local/lib/python3.8/site-packages/airflow/example_dags/example_datasets.py
[2025-03-25T23:49:52.114+0000] {logging_mixin.py:188} INFO - [2025-03-25T23:49:52.114+0000] {dag.py:3036} INFO - Sync 6 DAGs
[2025-03-25T23:49:52.155+0000] {logging_mixin.py:188} INFO - [2025-03-25T23:49:52.154+0000] {dag.py:3823} INFO - Setting next_dagrun for dataset_consumes_1 to None, run_after=None
[2025-03-25T23:49:52.163+0000] {logging_mixin.py:188} INFO - [2025-03-25T23:49:52.163+0000] {dag.py:3823} INFO - Setting next_dagrun for dataset_consumes_1_and_2 to None, run_after=None
[2025-03-25T23:49:52.167+0000] {logging_mixin.py:188} INFO - [2025-03-25T23:49:52.166+0000] {dag.py:3823} INFO - Setting next_dagrun for dataset_consumes_1_never_scheduled to None, run_after=None
[2025-03-25T23:49:52.170+0000] {logging_mixin.py:188} INFO - [2025-03-25T23:49:52.170+0000] {dag.py:3823} INFO - Setting next_dagrun for dataset_consumes_unknown_never_scheduled to None, run_after=None
[2025-03-25T23:49:52.176+0000] {logging_mixin.py:188} INFO - [2025-03-25T23:49:52.175+0000] {dag.py:3823} INFO - Setting next_dagrun for dataset_produces_1 to 2025-03-24 00:00:00+00:00, run_after=2025-03-25 00:00:00+00:00
[2025-03-25T23:49:52.179+0000] {logging_mixin.py:188} INFO - [2025-03-25T23:49:52.179+0000] {dag.py:3823} INFO - Setting next_dagrun for dataset_produces_2 to None, run_after=None
[2025-03-25T23:49:52.271+0000] {processor.py:183} INFO - Processing /home/airflow/.local/lib/python3.8/site-packages/airflow/example_dags/example_datasets.py took 0.264 seconds
[2025-03-25T23:50:22.700+0000] {processor.py:161} INFO - Started process (PID=753) to work on /home/airflow/.local/lib/python3.8/site-packages/airflow/example_dags/example_datasets.py
[2025-03-25T23:50:22.702+0000] {processor.py:830} INFO - Processing file /home/airflow/.local/lib/python3.8/site-packages/airflow/example_dags/example_datasets.py for tasks to queue
[2025-03-25T23:50:22.706+0000] {logging_mixin.py:188} INFO - [2025-03-25T23:50:22.705+0000] {dagbag.py:538} INFO - Filling up the DagBag from /home/airflow/.local/lib/python3.8/site-packages/airflow/example_dags/example_datasets.py
[2025-03-25T23:50:22.732+0000] {processor.py:840} INFO - DAG(s) 'dataset_consumes_1_and_2', 'dataset_produces_2', 'dataset_produces_1', 'dataset_consumes_unknown_never_scheduled', 'dataset_consumes_1_never_scheduled', 'dataset_consumes_1' retrieved from /home/airflow/.local/lib/python3.8/site-packages/airflow/example_dags/example_datasets.py
[2025-03-25T23:50:22.793+0000] {logging_mixin.py:188} INFO - [2025-03-25T23:50:22.793+0000] {dag.py:3036} INFO - Sync 6 DAGs
[2025-03-25T23:50:22.833+0000] {logging_mixin.py:188} INFO - [2025-03-25T23:50:22.833+0000] {dag.py:3823} INFO - Setting next_dagrun for dataset_consumes_1 to None, run_after=None
[2025-03-25T23:50:22.841+0000] {logging_mixin.py:188} INFO - [2025-03-25T23:50:22.840+0000] {dag.py:3823} INFO - Setting next_dagrun for dataset_consumes_1_and_2 to None, run_after=None
[2025-03-25T23:50:22.844+0000] {logging_mixin.py:188} INFO - [2025-03-25T23:50:22.844+0000] {dag.py:3823} INFO - Setting next_dagrun for dataset_consumes_1_never_scheduled to None, run_after=None
[2025-03-25T23:50:22.848+0000] {logging_mixin.py:188} INFO - [2025-03-25T23:50:22.847+0000] {dag.py:3823} INFO - Setting next_dagrun for dataset_consumes_unknown_never_scheduled to None, run_after=None
[2025-03-25T23:50:22.856+0000] {logging_mixin.py:188} INFO - [2025-03-25T23:50:22.856+0000] {dag.py:3823} INFO - Setting next_dagrun for dataset_produces_1 to 2025-03-24 00:00:00+00:00, run_after=2025-03-25 00:00:00+00:00
[2025-03-25T23:50:22.860+0000] {logging_mixin.py:188} INFO - [2025-03-25T23:50:22.859+0000] {dag.py:3823} INFO - Setting next_dagrun for dataset_produces_2 to None, run_after=None
[2025-03-25T23:50:22.932+0000] {processor.py:183} INFO - Processing /home/airflow/.local/lib/python3.8/site-packages/airflow/example_dags/example_datasets.py took 0.236 seconds
[2025-03-25T23:50:53.428+0000] {processor.py:161} INFO - Started process (PID=829) to work on /home/airflow/.local/lib/python3.8/site-packages/airflow/example_dags/example_datasets.py
[2025-03-25T23:50:53.430+0000] {processor.py:830} INFO - Processing file /home/airflow/.local/lib/python3.8/site-packages/airflow/example_dags/example_datasets.py for tasks to queue
[2025-03-25T23:50:53.433+0000] {logging_mixin.py:188} INFO - [2025-03-25T23:50:53.432+0000] {dagbag.py:538} INFO - Filling up the DagBag from /home/airflow/.local/lib/python3.8/site-packages/airflow/example_dags/example_datasets.py
[2025-03-25T23:50:53.452+0000] {processor.py:840} INFO - DAG(s) 'dataset_consumes_1_never_scheduled', 'dataset_consumes_1_and_2', 'dataset_consumes_unknown_never_scheduled', 'dataset_consumes_1', 'dataset_produces_1', 'dataset_produces_2' retrieved from /home/airflow/.local/lib/python3.8/site-packages/airflow/example_dags/example_datasets.py
[2025-03-25T23:50:53.530+0000] {logging_mixin.py:188} INFO - [2025-03-25T23:50:53.529+0000] {dag.py:3036} INFO - Sync 6 DAGs
[2025-03-25T23:50:53.577+0000] {logging_mixin.py:188} INFO - [2025-03-25T23:50:53.577+0000] {dag.py:3823} INFO - Setting next_dagrun for dataset_consumes_1 to None, run_after=None
[2025-03-25T23:50:53.585+0000] {logging_mixin.py:188} INFO - [2025-03-25T23:50:53.584+0000] {dag.py:3823} INFO - Setting next_dagrun for dataset_consumes_1_and_2 to None, run_after=None
[2025-03-25T23:50:53.589+0000] {logging_mixin.py:188} INFO - [2025-03-25T23:50:53.588+0000] {dag.py:3823} INFO - Setting next_dagrun for dataset_consumes_1_never_scheduled to None, run_after=None
[2025-03-25T23:50:53.593+0000] {logging_mixin.py:188} INFO - [2025-03-25T23:50:53.592+0000] {dag.py:3823} INFO - Setting next_dagrun for dataset_consumes_unknown_never_scheduled to None, run_after=None
[2025-03-25T23:50:53.603+0000] {logging_mixin.py:188} INFO - [2025-03-25T23:50:53.603+0000] {dag.py:3823} INFO - Setting next_dagrun for dataset_produces_1 to 2025-03-24 00:00:00+00:00, run_after=2025-03-25 00:00:00+00:00
[2025-03-25T23:50:53.607+0000] {logging_mixin.py:188} INFO - [2025-03-25T23:50:53.607+0000] {dag.py:3823} INFO - Setting next_dagrun for dataset_produces_2 to None, run_after=None
[2025-03-25T23:50:53.674+0000] {processor.py:183} INFO - Processing /home/airflow/.local/lib/python3.8/site-packages/airflow/example_dags/example_datasets.py took 0.251 seconds
[2025-03-25T23:51:23.735+0000] {processor.py:161} INFO - Started process (PID=903) to work on /home/airflow/.local/lib/python3.8/site-packages/airflow/example_dags/example_datasets.py
[2025-03-25T23:51:23.737+0000] {processor.py:830} INFO - Processing file /home/airflow/.local/lib/python3.8/site-packages/airflow/example_dags/example_datasets.py for tasks to queue
[2025-03-25T23:51:23.740+0000] {logging_mixin.py:188} INFO - [2025-03-25T23:51:23.739+0000] {dagbag.py:538} INFO - Filling up the DagBag from /home/airflow/.local/lib/python3.8/site-packages/airflow/example_dags/example_datasets.py
[2025-03-25T23:51:23.751+0000] {processor.py:840} INFO - DAG(s) 'dataset_produces_1', 'dataset_produces_2', 'dataset_consumes_unknown_never_scheduled', 'dataset_consumes_1_never_scheduled', 'dataset_consumes_1_and_2', 'dataset_consumes_1' retrieved from /home/airflow/.local/lib/python3.8/site-packages/airflow/example_dags/example_datasets.py
[2025-03-25T23:51:23.813+0000] {logging_mixin.py:188} INFO - [2025-03-25T23:51:23.812+0000] {dag.py:3036} INFO - Sync 6 DAGs
[2025-03-25T23:51:23.843+0000] {logging_mixin.py:188} INFO - [2025-03-25T23:51:23.843+0000] {dag.py:3823} INFO - Setting next_dagrun for dataset_consumes_1 to None, run_after=None
[2025-03-25T23:51:23.853+0000] {logging_mixin.py:188} INFO - [2025-03-25T23:51:23.853+0000] {dag.py:3823} INFO - Setting next_dagrun for dataset_consumes_1_and_2 to None, run_after=None
[2025-03-25T23:51:23.857+0000] {logging_mixin.py:188} INFO - [2025-03-25T23:51:23.856+0000] {dag.py:3823} INFO - Setting next_dagrun for dataset_consumes_1_never_scheduled to None, run_after=None
[2025-03-25T23:51:23.861+0000] {logging_mixin.py:188} INFO - [2025-03-25T23:51:23.861+0000] {dag.py:3823} INFO - Setting next_dagrun for dataset_consumes_unknown_never_scheduled to None, run_after=None
[2025-03-25T23:51:23.871+0000] {logging_mixin.py:188} INFO - [2025-03-25T23:51:23.871+0000] {dag.py:3823} INFO - Setting next_dagrun for dataset_produces_1 to 2025-03-24 00:00:00+00:00, run_after=2025-03-25 00:00:00+00:00
[2025-03-25T23:51:23.876+0000] {logging_mixin.py:188} INFO - [2025-03-25T23:51:23.875+0000] {dag.py:3823} INFO - Setting next_dagrun for dataset_produces_2 to None, run_after=None
[2025-03-25T23:51:23.968+0000] {processor.py:183} INFO - Processing /home/airflow/.local/lib/python3.8/site-packages/airflow/example_dags/example_datasets.py took 0.238 seconds
[2025-03-25T23:51:54.134+0000] {processor.py:161} INFO - Started process (PID=977) to work on /home/airflow/.local/lib/python3.8/site-packages/airflow/example_dags/example_datasets.py
[2025-03-25T23:51:54.136+0000] {processor.py:830} INFO - Processing file /home/airflow/.local/lib/python3.8/site-packages/airflow/example_dags/example_datasets.py for tasks to queue
[2025-03-25T23:51:54.138+0000] {logging_mixin.py:188} INFO - [2025-03-25T23:51:54.138+0000] {dagbag.py:538} INFO - Filling up the DagBag from /home/airflow/.local/lib/python3.8/site-packages/airflow/example_dags/example_datasets.py
[2025-03-25T23:51:54.158+0000] {processor.py:840} INFO - DAG(s) 'dataset_produces_2', 'dataset_consumes_1_never_scheduled', 'dataset_consumes_1', 'dataset_produces_1', 'dataset_consumes_1_and_2', 'dataset_consumes_unknown_never_scheduled' retrieved from /home/airflow/.local/lib/python3.8/site-packages/airflow/example_dags/example_datasets.py
[2025-03-25T23:51:54.244+0000] {logging_mixin.py:188} INFO - [2025-03-25T23:51:54.244+0000] {dag.py:3036} INFO - Sync 6 DAGs
[2025-03-25T23:51:54.283+0000] {logging_mixin.py:188} INFO - [2025-03-25T23:51:54.283+0000] {dag.py:3823} INFO - Setting next_dagrun for dataset_consumes_1 to None, run_after=None
[2025-03-25T23:51:54.291+0000] {logging_mixin.py:188} INFO - [2025-03-25T23:51:54.290+0000] {dag.py:3823} INFO - Setting next_dagrun for dataset_consumes_1_and_2 to None, run_after=None
[2025-03-25T23:51:54.294+0000] {logging_mixin.py:188} INFO - [2025-03-25T23:51:54.293+0000] {dag.py:3823} INFO - Setting next_dagrun for dataset_consumes_1_never_scheduled to None, run_after=None
[2025-03-25T23:51:54.297+0000] {logging_mixin.py:188} INFO - [2025-03-25T23:51:54.296+0000] {dag.py:3823} INFO - Setting next_dagrun for dataset_consumes_unknown_never_scheduled to None, run_after=None
[2025-03-25T23:51:54.303+0000] {logging_mixin.py:188} INFO - [2025-03-25T23:51:54.303+0000] {dag.py:3823} INFO - Setting next_dagrun for dataset_produces_1 to 2025-03-24 00:00:00+00:00, run_after=2025-03-25 00:00:00+00:00
[2025-03-25T23:51:54.306+0000] {logging_mixin.py:188} INFO - [2025-03-25T23:51:54.305+0000] {dag.py:3823} INFO - Setting next_dagrun for dataset_produces_2 to None, run_after=None
[2025-03-25T23:51:54.372+0000] {processor.py:183} INFO - Processing /home/airflow/.local/lib/python3.8/site-packages/airflow/example_dags/example_datasets.py took 0.243 seconds
[2025-03-25T23:52:24.669+0000] {processor.py:161} INFO - Started process (PID=1052) to work on /home/airflow/.local/lib/python3.8/site-packages/airflow/example_dags/example_datasets.py
[2025-03-25T23:52:24.670+0000] {processor.py:830} INFO - Processing file /home/airflow/.local/lib/python3.8/site-packages/airflow/example_dags/example_datasets.py for tasks to queue
[2025-03-25T23:52:24.673+0000] {logging_mixin.py:188} INFO - [2025-03-25T23:52:24.673+0000] {dagbag.py:538} INFO - Filling up the DagBag from /home/airflow/.local/lib/python3.8/site-packages/airflow/example_dags/example_datasets.py
[2025-03-25T23:52:24.686+0000] {processor.py:840} INFO - DAG(s) 'dataset_produces_1', 'dataset_consumes_unknown_never_scheduled', 'dataset_produces_2', 'dataset_consumes_1_and_2', 'dataset_consumes_1', 'dataset_consumes_1_never_scheduled' retrieved from /home/airflow/.local/lib/python3.8/site-packages/airflow/example_dags/example_datasets.py
[2025-03-25T23:52:24.743+0000] {logging_mixin.py:188} INFO - [2025-03-25T23:52:24.743+0000] {dag.py:3036} INFO - Sync 6 DAGs
[2025-03-25T23:52:24.776+0000] {logging_mixin.py:188} INFO - [2025-03-25T23:52:24.776+0000] {dag.py:3823} INFO - Setting next_dagrun for dataset_consumes_1 to None, run_after=None
[2025-03-25T23:52:24.782+0000] {logging_mixin.py:188} INFO - [2025-03-25T23:52:24.781+0000] {dag.py:3823} INFO - Setting next_dagrun for dataset_consumes_1_and_2 to None, run_after=None
[2025-03-25T23:52:24.785+0000] {logging_mixin.py:188} INFO - [2025-03-25T23:52:24.784+0000] {dag.py:3823} INFO - Setting next_dagrun for dataset_consumes_1_never_scheduled to None, run_after=None
[2025-03-25T23:52:24.788+0000] {logging_mixin.py:188} INFO - [2025-03-25T23:52:24.787+0000] {dag.py:3823} INFO - Setting next_dagrun for dataset_consumes_unknown_never_scheduled to None, run_after=None
[2025-03-25T23:52:24.793+0000] {logging_mixin.py:188} INFO - [2025-03-25T23:52:24.793+0000] {dag.py:3823} INFO - Setting next_dagrun for dataset_produces_1 to 2025-03-24 00:00:00+00:00, run_after=2025-03-25 00:00:00+00:00
[2025-03-25T23:52:24.796+0000] {logging_mixin.py:188} INFO - [2025-03-25T23:52:24.796+0000] {dag.py:3823} INFO - Setting next_dagrun for dataset_produces_2 to None, run_after=None
[2025-03-25T23:52:24.859+0000] {processor.py:183} INFO - Processing /home/airflow/.local/lib/python3.8/site-packages/airflow/example_dags/example_datasets.py took 0.194 seconds
[2025-03-25T23:52:54.949+0000] {processor.py:161} INFO - Started process (PID=1125) to work on /home/airflow/.local/lib/python3.8/site-packages/airflow/example_dags/example_datasets.py
[2025-03-25T23:52:54.951+0000] {processor.py:830} INFO - Processing file /home/airflow/.local/lib/python3.8/site-packages/airflow/example_dags/example_datasets.py for tasks to queue
[2025-03-25T23:52:54.953+0000] {logging_mixin.py:188} INFO - [2025-03-25T23:52:54.953+0000] {dagbag.py:538} INFO - Filling up the DagBag from /home/airflow/.local/lib/python3.8/site-packages/airflow/example_dags/example_datasets.py
[2025-03-25T23:52:54.964+0000] {processor.py:840} INFO - DAG(s) 'dataset_produces_2', 'dataset_consumes_1_and_2', 'dataset_consumes_1', 'dataset_produces_1', 'dataset_consumes_unknown_never_scheduled', 'dataset_consumes_1_never_scheduled' retrieved from /home/airflow/.local/lib/python3.8/site-packages/airflow/example_dags/example_datasets.py
[2025-03-25T23:52:55.026+0000] {logging_mixin.py:188} INFO - [2025-03-25T23:52:55.026+0000] {dag.py:3036} INFO - Sync 6 DAGs
[2025-03-25T23:52:55.066+0000] {logging_mixin.py:188} INFO - [2025-03-25T23:52:55.066+0000] {dag.py:3823} INFO - Setting next_dagrun for dataset_consumes_1 to None, run_after=None
[2025-03-25T23:52:55.074+0000] {logging_mixin.py:188} INFO - [2025-03-25T23:52:55.073+0000] {dag.py:3823} INFO - Setting next_dagrun for dataset_consumes_1_and_2 to None, run_after=None
[2025-03-25T23:52:55.077+0000] {logging_mixin.py:188} INFO - [2025-03-25T23:52:55.077+0000] {dag.py:3823} INFO - Setting next_dagrun for dataset_consumes_1_never_scheduled to None, run_after=None
[2025-03-25T23:52:55.080+0000] {logging_mixin.py:188} INFO - [2025-03-25T23:52:55.080+0000] {dag.py:3823} INFO - Setting next_dagrun for dataset_consumes_unknown_never_scheduled to None, run_after=None
[2025-03-25T23:52:55.086+0000] {logging_mixin.py:188} INFO - [2025-03-25T23:52:55.086+0000] {dag.py:3823} INFO - Setting next_dagrun for dataset_produces_1 to 2025-03-24 00:00:00+00:00, run_after=2025-03-25 00:00:00+00:00
[2025-03-25T23:52:55.089+0000] {logging_mixin.py:188} INFO - [2025-03-25T23:52:55.089+0000] {dag.py:3823} INFO - Setting next_dagrun for dataset_produces_2 to None, run_after=None
[2025-03-25T23:52:55.159+0000] {processor.py:183} INFO - Processing /home/airflow/.local/lib/python3.8/site-packages/airflow/example_dags/example_datasets.py took 0.214 seconds
[2025-03-25T23:53:25.574+0000] {processor.py:161} INFO - Started process (PID=1199) to work on /home/airflow/.local/lib/python3.8/site-packages/airflow/example_dags/example_datasets.py
[2025-03-25T23:53:25.576+0000] {processor.py:830} INFO - Processing file /home/airflow/.local/lib/python3.8/site-packages/airflow/example_dags/example_datasets.py for tasks to queue
[2025-03-25T23:53:25.578+0000] {logging_mixin.py:188} INFO - [2025-03-25T23:53:25.578+0000] {dagbag.py:538} INFO - Filling up the DagBag from /home/airflow/.local/lib/python3.8/site-packages/airflow/example_dags/example_datasets.py
[2025-03-25T23:53:25.591+0000] {processor.py:840} INFO - DAG(s) 'dataset_consumes_unknown_never_scheduled', 'dataset_consumes_1_and_2', 'dataset_produces_2', 'dataset_consumes_1_never_scheduled', 'dataset_consumes_1', 'dataset_produces_1' retrieved from /home/airflow/.local/lib/python3.8/site-packages/airflow/example_dags/example_datasets.py
[2025-03-25T23:53:25.696+0000] {logging_mixin.py:188} INFO - [2025-03-25T23:53:25.696+0000] {dag.py:3036} INFO - Sync 6 DAGs
[2025-03-25T23:53:25.736+0000] {logging_mixin.py:188} INFO - [2025-03-25T23:53:25.736+0000] {dag.py:3823} INFO - Setting next_dagrun for dataset_consumes_1 to None, run_after=None
[2025-03-25T23:53:25.743+0000] {logging_mixin.py:188} INFO - [2025-03-25T23:53:25.743+0000] {dag.py:3823} INFO - Setting next_dagrun for dataset_consumes_1_and_2 to None, run_after=None
[2025-03-25T23:53:25.747+0000] {logging_mixin.py:188} INFO - [2025-03-25T23:53:25.747+0000] {dag.py:3823} INFO - Setting next_dagrun for dataset_consumes_1_never_scheduled to None, run_after=None
[2025-03-25T23:53:25.751+0000] {logging_mixin.py:188} INFO - [2025-03-25T23:53:25.750+0000] {dag.py:3823} INFO - Setting next_dagrun for dataset_consumes_unknown_never_scheduled to None, run_after=None
[2025-03-25T23:53:25.758+0000] {logging_mixin.py:188} INFO - [2025-03-25T23:53:25.757+0000] {dag.py:3823} INFO - Setting next_dagrun for dataset_produces_1 to 2025-03-24 00:00:00+00:00, run_after=2025-03-25 00:00:00+00:00
[2025-03-25T23:53:25.761+0000] {logging_mixin.py:188} INFO - [2025-03-25T23:53:25.761+0000] {dag.py:3823} INFO - Setting next_dagrun for dataset_produces_2 to None, run_after=None
[2025-03-25T23:53:25.833+0000] {processor.py:183} INFO - Processing /home/airflow/.local/lib/python3.8/site-packages/airflow/example_dags/example_datasets.py took 0.263 seconds
[2025-03-25T23:53:56.126+0000] {processor.py:161} INFO - Started process (PID=1280) to work on /home/airflow/.local/lib/python3.8/site-packages/airflow/example_dags/example_datasets.py
[2025-03-25T23:53:56.127+0000] {processor.py:830} INFO - Processing file /home/airflow/.local/lib/python3.8/site-packages/airflow/example_dags/example_datasets.py for tasks to queue
[2025-03-25T23:53:56.130+0000] {logging_mixin.py:188} INFO - [2025-03-25T23:53:56.130+0000] {dagbag.py:538} INFO - Filling up the DagBag from /home/airflow/.local/lib/python3.8/site-packages/airflow/example_dags/example_datasets.py
[2025-03-25T23:53:56.143+0000] {processor.py:840} INFO - DAG(s) 'dataset_consumes_unknown_never_scheduled', 'dataset_produces_2', 'dataset_consumes_1_never_scheduled', 'dataset_consumes_1_and_2', 'dataset_produces_1', 'dataset_consumes_1' retrieved from /home/airflow/.local/lib/python3.8/site-packages/airflow/example_dags/example_datasets.py
[2025-03-25T23:53:56.208+0000] {logging_mixin.py:188} INFO - [2025-03-25T23:53:56.208+0000] {dag.py:3036} INFO - Sync 6 DAGs
[2025-03-25T23:53:56.245+0000] {logging_mixin.py:188} INFO - [2025-03-25T23:53:56.245+0000] {dag.py:3823} INFO - Setting next_dagrun for dataset_consumes_1 to None, run_after=None
[2025-03-25T23:53:56.251+0000] {logging_mixin.py:188} INFO - [2025-03-25T23:53:56.251+0000] {dag.py:3823} INFO - Setting next_dagrun for dataset_consumes_1_and_2 to None, run_after=None
[2025-03-25T23:53:56.254+0000] {logging_mixin.py:188} INFO - [2025-03-25T23:53:56.254+0000] {dag.py:3823} INFO - Setting next_dagrun for dataset_consumes_1_never_scheduled to None, run_after=None
[2025-03-25T23:53:56.258+0000] {logging_mixin.py:188} INFO - [2025-03-25T23:53:56.257+0000] {dag.py:3823} INFO - Setting next_dagrun for dataset_consumes_unknown_never_scheduled to None, run_after=None
[2025-03-25T23:53:56.263+0000] {logging_mixin.py:188} INFO - [2025-03-25T23:53:56.263+0000] {dag.py:3823} INFO - Setting next_dagrun for dataset_produces_1 to 2025-03-24 00:00:00+00:00, run_after=2025-03-25 00:00:00+00:00
[2025-03-25T23:53:56.266+0000] {logging_mixin.py:188} INFO - [2025-03-25T23:53:56.266+0000] {dag.py:3823} INFO - Setting next_dagrun for dataset_produces_2 to None, run_after=None
[2025-03-25T23:53:56.329+0000] {processor.py:183} INFO - Processing /home/airflow/.local/lib/python3.8/site-packages/airflow/example_dags/example_datasets.py took 0.208 seconds
[2025-03-25T23:55:34.089+0000] {processor.py:161} INFO - Started process (PID=85) to work on /home/airflow/.local/lib/python3.8/site-packages/airflow/example_dags/example_datasets.py
[2025-03-25T23:55:34.090+0000] {processor.py:830} INFO - Processing file /home/airflow/.local/lib/python3.8/site-packages/airflow/example_dags/example_datasets.py for tasks to queue
[2025-03-25T23:55:34.094+0000] {logging_mixin.py:188} INFO - [2025-03-25T23:55:34.093+0000] {dagbag.py:538} INFO - Filling up the DagBag from /home/airflow/.local/lib/python3.8/site-packages/airflow/example_dags/example_datasets.py
[2025-03-25T23:55:34.126+0000] {processor.py:840} INFO - DAG(s) 'dataset_consumes_1', 'dataset_produces_1', 'dataset_consumes_unknown_never_scheduled', 'dataset_produces_2', 'dataset_consumes_1_and_2', 'dataset_consumes_1_never_scheduled' retrieved from /home/airflow/.local/lib/python3.8/site-packages/airflow/example_dags/example_datasets.py
[2025-03-25T23:55:34.394+0000] {logging_mixin.py:188} INFO - [2025-03-25T23:55:34.393+0000] {override.py:1769} INFO - Created Permission View: can edit on DAG:dataset_consumes_1
[2025-03-25T23:55:34.428+0000] {logging_mixin.py:188} INFO - [2025-03-25T23:55:34.427+0000] {override.py:1769} INFO - Created Permission View: can delete on DAG:dataset_consumes_1
[2025-03-25T23:55:34.453+0000] {logging_mixin.py:188} INFO - [2025-03-25T23:55:34.452+0000] {override.py:1769} INFO - Created Permission View: can read on DAG:dataset_consumes_1
[2025-03-25T23:55:34.506+0000] {logging_mixin.py:188} INFO - [2025-03-25T23:55:34.505+0000] {override.py:1769} INFO - Created Permission View: can edit on DAG:dataset_produces_1
[2025-03-25T23:55:34.531+0000] {logging_mixin.py:188} INFO - [2025-03-25T23:55:34.530+0000] {override.py:1769} INFO - Created Permission View: can delete on DAG:dataset_produces_1
[2025-03-25T23:55:34.554+0000] {logging_mixin.py:188} INFO - [2025-03-25T23:55:34.553+0000] {override.py:1769} INFO - Created Permission View: can read on DAG:dataset_produces_1
[2025-03-25T23:55:34.600+0000] {logging_mixin.py:188} INFO - [2025-03-25T23:55:34.599+0000] {override.py:1769} INFO - Created Permission View: can edit on DAG:dataset_consumes_unknown_never_scheduled
[2025-03-25T23:55:34.622+0000] {logging_mixin.py:188} INFO - [2025-03-25T23:55:34.621+0000] {override.py:1769} INFO - Created Permission View: can delete on DAG:dataset_consumes_unknown_never_scheduled
[2025-03-25T23:55:34.643+0000] {logging_mixin.py:188} INFO - [2025-03-25T23:55:34.642+0000] {override.py:1769} INFO - Created Permission View: can read on DAG:dataset_consumes_unknown_never_scheduled
[2025-03-25T23:55:34.697+0000] {logging_mixin.py:188} INFO - [2025-03-25T23:55:34.697+0000] {override.py:1769} INFO - Created Permission View: can edit on DAG:dataset_produces_2
[2025-03-25T23:55:34.720+0000] {logging_mixin.py:188} INFO - [2025-03-25T23:55:34.719+0000] {override.py:1769} INFO - Created Permission View: can delete on DAG:dataset_produces_2
[2025-03-25T23:55:34.742+0000] {logging_mixin.py:188} INFO - [2025-03-25T23:55:34.741+0000] {override.py:1769} INFO - Created Permission View: can read on DAG:dataset_produces_2
[2025-03-25T23:55:34.785+0000] {logging_mixin.py:188} INFO - [2025-03-25T23:55:34.784+0000] {override.py:1769} INFO - Created Permission View: can edit on DAG:dataset_consumes_1_and_2
[2025-03-25T23:55:34.803+0000] {logging_mixin.py:188} INFO - [2025-03-25T23:55:34.803+0000] {override.py:1769} INFO - Created Permission View: can delete on DAG:dataset_consumes_1_and_2
[2025-03-25T23:55:34.820+0000] {logging_mixin.py:188} INFO - [2025-03-25T23:55:34.819+0000] {override.py:1769} INFO - Created Permission View: can read on DAG:dataset_consumes_1_and_2
[2025-03-25T23:55:34.859+0000] {logging_mixin.py:188} INFO - [2025-03-25T23:55:34.858+0000] {override.py:1769} INFO - Created Permission View: can edit on DAG:dataset_consumes_1_never_scheduled
[2025-03-25T23:55:34.879+0000] {logging_mixin.py:188} INFO - [2025-03-25T23:55:34.878+0000] {override.py:1769} INFO - Created Permission View: can delete on DAG:dataset_consumes_1_never_scheduled
[2025-03-25T23:55:34.905+0000] {logging_mixin.py:188} INFO - [2025-03-25T23:55:34.905+0000] {override.py:1769} INFO - Created Permission View: can read on DAG:dataset_consumes_1_never_scheduled
[2025-03-25T23:55:34.906+0000] {logging_mixin.py:188} INFO - [2025-03-25T23:55:34.906+0000] {dag.py:3036} INFO - Sync 6 DAGs
[2025-03-25T23:55:34.945+0000] {logging_mixin.py:188} INFO - [2025-03-25T23:55:34.944+0000] {dag.py:3058} INFO - Creating ORM DAG for dataset_produces_2
[2025-03-25T23:55:34.948+0000] {logging_mixin.py:188} INFO - [2025-03-25T23:55:34.947+0000] {dag.py:3058} INFO - Creating ORM DAG for dataset_consumes_1_never_scheduled
[2025-03-25T23:55:34.950+0000] {logging_mixin.py:188} INFO - [2025-03-25T23:55:34.949+0000] {dag.py:3058} INFO - Creating ORM DAG for dataset_consumes_1
[2025-03-25T23:55:34.952+0000] {logging_mixin.py:188} INFO - [2025-03-25T23:55:34.952+0000] {dag.py:3058} INFO - Creating ORM DAG for dataset_consumes_1_and_2
[2025-03-25T23:55:34.955+0000] {logging_mixin.py:188} INFO - [2025-03-25T23:55:34.954+0000] {dag.py:3058} INFO - Creating ORM DAG for dataset_consumes_unknown_never_scheduled
[2025-03-25T23:55:34.958+0000] {logging_mixin.py:188} INFO - [2025-03-25T23:55:34.957+0000] {dag.py:3058} INFO - Creating ORM DAG for dataset_produces_1
[2025-03-25T23:55:34.981+0000] {logging_mixin.py:188} INFO - [2025-03-25T23:55:34.981+0000] {dag.py:3823} INFO - Setting next_dagrun for dataset_consumes_1 to None, run_after=None
[2025-03-25T23:55:34.984+0000] {logging_mixin.py:188} INFO - [2025-03-25T23:55:34.983+0000] {dag.py:3823} INFO - Setting next_dagrun for dataset_consumes_1_and_2 to None, run_after=None
[2025-03-25T23:55:34.986+0000] {logging_mixin.py:188} INFO - [2025-03-25T23:55:34.985+0000] {dag.py:3823} INFO - Setting next_dagrun for dataset_consumes_1_never_scheduled to None, run_after=None
[2025-03-25T23:55:34.988+0000] {logging_mixin.py:188} INFO - [2025-03-25T23:55:34.988+0000] {dag.py:3823} INFO - Setting next_dagrun for dataset_consumes_unknown_never_scheduled to None, run_after=None
[2025-03-25T23:55:34.994+0000] {logging_mixin.py:188} INFO - [2025-03-25T23:55:34.993+0000] {dag.py:3823} INFO - Setting next_dagrun for dataset_produces_1 to 2025-03-24 00:00:00+00:00, run_after=2025-03-25 00:00:00+00:00
[2025-03-25T23:55:34.996+0000] {logging_mixin.py:188} INFO - [2025-03-25T23:55:34.995+0000] {dag.py:3823} INFO - Setting next_dagrun for dataset_produces_2 to None, run_after=None
[2025-03-25T23:55:35.128+0000] {processor.py:183} INFO - Processing /home/airflow/.local/lib/python3.8/site-packages/airflow/example_dags/example_datasets.py took 1.048 seconds
[2025-03-25T23:56:05.492+0000] {processor.py:161} INFO - Started process (PID=160) to work on /home/airflow/.local/lib/python3.8/site-packages/airflow/example_dags/example_datasets.py
[2025-03-25T23:56:05.494+0000] {processor.py:830} INFO - Processing file /home/airflow/.local/lib/python3.8/site-packages/airflow/example_dags/example_datasets.py for tasks to queue
[2025-03-25T23:56:05.498+0000] {logging_mixin.py:188} INFO - [2025-03-25T23:56:05.497+0000] {dagbag.py:538} INFO - Filling up the DagBag from /home/airflow/.local/lib/python3.8/site-packages/airflow/example_dags/example_datasets.py
[2025-03-25T23:56:05.510+0000] {processor.py:840} INFO - DAG(s) 'dataset_consumes_unknown_never_scheduled', 'dataset_consumes_1_never_scheduled', 'dataset_consumes_1', 'dataset_produces_1', 'dataset_produces_2', 'dataset_consumes_1_and_2' retrieved from /home/airflow/.local/lib/python3.8/site-packages/airflow/example_dags/example_datasets.py
[2025-03-25T23:56:05.628+0000] {logging_mixin.py:188} INFO - [2025-03-25T23:56:05.627+0000] {dag.py:3036} INFO - Sync 6 DAGs
[2025-03-25T23:56:05.678+0000] {logging_mixin.py:188} INFO - [2025-03-25T23:56:05.678+0000] {dag.py:3823} INFO - Setting next_dagrun for dataset_consumes_1 to None, run_after=None
[2025-03-25T23:56:05.689+0000] {logging_mixin.py:188} INFO - [2025-03-25T23:56:05.689+0000] {dag.py:3823} INFO - Setting next_dagrun for dataset_consumes_1_and_2 to None, run_after=None
[2025-03-25T23:56:05.694+0000] {logging_mixin.py:188} INFO - [2025-03-25T23:56:05.694+0000] {dag.py:3823} INFO - Setting next_dagrun for dataset_consumes_1_never_scheduled to None, run_after=None
[2025-03-25T23:56:05.698+0000] {logging_mixin.py:188} INFO - [2025-03-25T23:56:05.697+0000] {dag.py:3823} INFO - Setting next_dagrun for dataset_consumes_unknown_never_scheduled to None, run_after=None
[2025-03-25T23:56:05.706+0000] {logging_mixin.py:188} INFO - [2025-03-25T23:56:05.705+0000] {dag.py:3823} INFO - Setting next_dagrun for dataset_produces_1 to 2025-03-24 00:00:00+00:00, run_after=2025-03-25 00:00:00+00:00
[2025-03-25T23:56:05.710+0000] {logging_mixin.py:188} INFO - [2025-03-25T23:56:05.709+0000] {dag.py:3823} INFO - Setting next_dagrun for dataset_produces_2 to None, run_after=None
[2025-03-25T23:56:05.788+0000] {processor.py:183} INFO - Processing /home/airflow/.local/lib/python3.8/site-packages/airflow/example_dags/example_datasets.py took 0.299 seconds
[2025-03-25T23:56:36.157+0000] {processor.py:161} INFO - Started process (PID=233) to work on /home/airflow/.local/lib/python3.8/site-packages/airflow/example_dags/example_datasets.py
[2025-03-25T23:56:36.159+0000] {processor.py:830} INFO - Processing file /home/airflow/.local/lib/python3.8/site-packages/airflow/example_dags/example_datasets.py for tasks to queue
[2025-03-25T23:56:36.163+0000] {logging_mixin.py:188} INFO - [2025-03-25T23:56:36.162+0000] {dagbag.py:538} INFO - Filling up the DagBag from /home/airflow/.local/lib/python3.8/site-packages/airflow/example_dags/example_datasets.py
[2025-03-25T23:56:36.180+0000] {processor.py:840} INFO - DAG(s) 'dataset_consumes_1', 'dataset_consumes_1_and_2', 'dataset_consumes_unknown_never_scheduled', 'dataset_produces_1', 'dataset_produces_2', 'dataset_consumes_1_never_scheduled' retrieved from /home/airflow/.local/lib/python3.8/site-packages/airflow/example_dags/example_datasets.py
[2025-03-25T23:56:36.261+0000] {logging_mixin.py:188} INFO - [2025-03-25T23:56:36.261+0000] {dag.py:3036} INFO - Sync 6 DAGs
[2025-03-25T23:56:36.306+0000] {logging_mixin.py:188} INFO - [2025-03-25T23:56:36.305+0000] {dag.py:3823} INFO - Setting next_dagrun for dataset_consumes_1 to None, run_after=None
[2025-03-25T23:56:36.313+0000] {logging_mixin.py:188} INFO - [2025-03-25T23:56:36.312+0000] {dag.py:3823} INFO - Setting next_dagrun for dataset_consumes_1_and_2 to None, run_after=None
[2025-03-25T23:56:36.317+0000] {logging_mixin.py:188} INFO - [2025-03-25T23:56:36.317+0000] {dag.py:3823} INFO - Setting next_dagrun for dataset_consumes_1_never_scheduled to None, run_after=None
[2025-03-25T23:56:36.320+0000] {logging_mixin.py:188} INFO - [2025-03-25T23:56:36.320+0000] {dag.py:3823} INFO - Setting next_dagrun for dataset_consumes_unknown_never_scheduled to None, run_after=None
[2025-03-25T23:56:36.326+0000] {logging_mixin.py:188} INFO - [2025-03-25T23:56:36.326+0000] {dag.py:3823} INFO - Setting next_dagrun for dataset_produces_1 to 2025-03-24 00:00:00+00:00, run_after=2025-03-25 00:00:00+00:00
[2025-03-25T23:56:36.330+0000] {logging_mixin.py:188} INFO - [2025-03-25T23:56:36.330+0000] {dag.py:3823} INFO - Setting next_dagrun for dataset_produces_2 to None, run_after=None
[2025-03-25T23:56:36.409+0000] {processor.py:183} INFO - Processing /home/airflow/.local/lib/python3.8/site-packages/airflow/example_dags/example_datasets.py took 0.258 seconds
[2025-03-25T23:57:06.787+0000] {processor.py:161} INFO - Started process (PID=308) to work on /home/airflow/.local/lib/python3.8/site-packages/airflow/example_dags/example_datasets.py
[2025-03-25T23:57:06.790+0000] {processor.py:830} INFO - Processing file /home/airflow/.local/lib/python3.8/site-packages/airflow/example_dags/example_datasets.py for tasks to queue
[2025-03-25T23:57:06.794+0000] {logging_mixin.py:188} INFO - [2025-03-25T23:57:06.793+0000] {dagbag.py:538} INFO - Filling up the DagBag from /home/airflow/.local/lib/python3.8/site-packages/airflow/example_dags/example_datasets.py
[2025-03-25T23:57:06.821+0000] {processor.py:840} INFO - DAG(s) 'dataset_consumes_1_and_2', 'dataset_produces_1', 'dataset_consumes_1', 'dataset_produces_2', 'dataset_consumes_1_never_scheduled', 'dataset_consumes_unknown_never_scheduled' retrieved from /home/airflow/.local/lib/python3.8/site-packages/airflow/example_dags/example_datasets.py
[2025-03-25T23:57:06.914+0000] {logging_mixin.py:188} INFO - [2025-03-25T23:57:06.914+0000] {dag.py:3036} INFO - Sync 6 DAGs
[2025-03-25T23:57:06.963+0000] {logging_mixin.py:188} INFO - [2025-03-25T23:57:06.963+0000] {dag.py:3823} INFO - Setting next_dagrun for dataset_consumes_1 to None, run_after=None
[2025-03-25T23:57:06.973+0000] {logging_mixin.py:188} INFO - [2025-03-25T23:57:06.972+0000] {dag.py:3823} INFO - Setting next_dagrun for dataset_consumes_1_and_2 to None, run_after=None
[2025-03-25T23:57:06.976+0000] {logging_mixin.py:188} INFO - [2025-03-25T23:57:06.975+0000] {dag.py:3823} INFO - Setting next_dagrun for dataset_consumes_1_never_scheduled to None, run_after=None
[2025-03-25T23:57:06.979+0000] {logging_mixin.py:188} INFO - [2025-03-25T23:57:06.979+0000] {dag.py:3823} INFO - Setting next_dagrun for dataset_consumes_unknown_never_scheduled to None, run_after=None
[2025-03-25T23:57:06.986+0000] {logging_mixin.py:188} INFO - [2025-03-25T23:57:06.986+0000] {dag.py:3823} INFO - Setting next_dagrun for dataset_produces_1 to 2025-03-24 00:00:00+00:00, run_after=2025-03-25 00:00:00+00:00
[2025-03-25T23:57:06.990+0000] {logging_mixin.py:188} INFO - [2025-03-25T23:57:06.990+0000] {dag.py:3823} INFO - Setting next_dagrun for dataset_produces_2 to None, run_after=None
[2025-03-25T23:57:07.111+0000] {processor.py:183} INFO - Processing /home/airflow/.local/lib/python3.8/site-packages/airflow/example_dags/example_datasets.py took 0.331 seconds
[2025-03-25T23:57:37.546+0000] {processor.py:161} INFO - Started process (PID=374) to work on /home/airflow/.local/lib/python3.8/site-packages/airflow/example_dags/example_datasets.py
[2025-03-25T23:57:37.548+0000] {processor.py:830} INFO - Processing file /home/airflow/.local/lib/python3.8/site-packages/airflow/example_dags/example_datasets.py for tasks to queue
[2025-03-25T23:57:37.551+0000] {logging_mixin.py:188} INFO - [2025-03-25T23:57:37.550+0000] {dagbag.py:538} INFO - Filling up the DagBag from /home/airflow/.local/lib/python3.8/site-packages/airflow/example_dags/example_datasets.py
[2025-03-25T23:57:37.568+0000] {processor.py:840} INFO - DAG(s) 'dataset_produces_1', 'dataset_consumes_1_never_scheduled', 'dataset_consumes_unknown_never_scheduled', 'dataset_consumes_1_and_2', 'dataset_produces_2', 'dataset_consumes_1' retrieved from /home/airflow/.local/lib/python3.8/site-packages/airflow/example_dags/example_datasets.py
[2025-03-25T23:57:37.635+0000] {logging_mixin.py:188} INFO - [2025-03-25T23:57:37.634+0000] {dag.py:3036} INFO - Sync 6 DAGs
[2025-03-25T23:57:37.672+0000] {logging_mixin.py:188} INFO - [2025-03-25T23:57:37.671+0000] {dag.py:3823} INFO - Setting next_dagrun for dataset_consumes_1 to None, run_after=None
[2025-03-25T23:57:37.679+0000] {logging_mixin.py:188} INFO - [2025-03-25T23:57:37.678+0000] {dag.py:3823} INFO - Setting next_dagrun for dataset_consumes_1_and_2 to None, run_after=None
[2025-03-25T23:57:37.682+0000] {logging_mixin.py:188} INFO - [2025-03-25T23:57:37.681+0000] {dag.py:3823} INFO - Setting next_dagrun for dataset_consumes_1_never_scheduled to None, run_after=None
[2025-03-25T23:57:37.685+0000] {logging_mixin.py:188} INFO - [2025-03-25T23:57:37.684+0000] {dag.py:3823} INFO - Setting next_dagrun for dataset_consumes_unknown_never_scheduled to None, run_after=None
[2025-03-25T23:57:37.691+0000] {logging_mixin.py:188} INFO - [2025-03-25T23:57:37.690+0000] {dag.py:3823} INFO - Setting next_dagrun for dataset_produces_1 to 2025-03-24 00:00:00+00:00, run_after=2025-03-25 00:00:00+00:00
[2025-03-25T23:57:37.694+0000] {logging_mixin.py:188} INFO - [2025-03-25T23:57:37.693+0000] {dag.py:3823} INFO - Setting next_dagrun for dataset_produces_2 to None, run_after=None
[2025-03-25T23:57:37.777+0000] {processor.py:183} INFO - Processing /home/airflow/.local/lib/python3.8/site-packages/airflow/example_dags/example_datasets.py took 0.243 seconds
[2025-03-25T23:58:08.023+0000] {processor.py:161} INFO - Started process (PID=447) to work on /home/airflow/.local/lib/python3.8/site-packages/airflow/example_dags/example_datasets.py
[2025-03-25T23:58:08.025+0000] {processor.py:830} INFO - Processing file /home/airflow/.local/lib/python3.8/site-packages/airflow/example_dags/example_datasets.py for tasks to queue
[2025-03-25T23:58:08.028+0000] {logging_mixin.py:188} INFO - [2025-03-25T23:58:08.027+0000] {dagbag.py:538} INFO - Filling up the DagBag from /home/airflow/.local/lib/python3.8/site-packages/airflow/example_dags/example_datasets.py
[2025-03-25T23:58:08.045+0000] {processor.py:840} INFO - DAG(s) 'dataset_consumes_1', 'dataset_produces_2', 'dataset_produces_1', 'dataset_consumes_1_and_2', 'dataset_consumes_1_never_scheduled', 'dataset_consumes_unknown_never_scheduled' retrieved from /home/airflow/.local/lib/python3.8/site-packages/airflow/example_dags/example_datasets.py
[2025-03-25T23:58:08.112+0000] {logging_mixin.py:188} INFO - [2025-03-25T23:58:08.111+0000] {dag.py:3036} INFO - Sync 6 DAGs
[2025-03-25T23:58:08.153+0000] {logging_mixin.py:188} INFO - [2025-03-25T23:58:08.153+0000] {dag.py:3823} INFO - Setting next_dagrun for dataset_consumes_1 to None, run_after=None
[2025-03-25T23:58:08.160+0000] {logging_mixin.py:188} INFO - [2025-03-25T23:58:08.160+0000] {dag.py:3823} INFO - Setting next_dagrun for dataset_consumes_1_and_2 to None, run_after=None
[2025-03-25T23:58:08.163+0000] {logging_mixin.py:188} INFO - [2025-03-25T23:58:08.163+0000] {dag.py:3823} INFO - Setting next_dagrun for dataset_consumes_1_never_scheduled to None, run_after=None
[2025-03-25T23:58:08.166+0000] {logging_mixin.py:188} INFO - [2025-03-25T23:58:08.166+0000] {dag.py:3823} INFO - Setting next_dagrun for dataset_consumes_unknown_never_scheduled to None, run_after=None
[2025-03-25T23:58:08.173+0000] {logging_mixin.py:188} INFO - [2025-03-25T23:58:08.173+0000] {dag.py:3823} INFO - Setting next_dagrun for dataset_produces_1 to 2025-03-24 00:00:00+00:00, run_after=2025-03-25 00:00:00+00:00
[2025-03-25T23:58:08.176+0000] {logging_mixin.py:188} INFO - [2025-03-25T23:58:08.176+0000] {dag.py:3823} INFO - Setting next_dagrun for dataset_produces_2 to None, run_after=None
[2025-03-25T23:58:08.238+0000] {processor.py:183} INFO - Processing /home/airflow/.local/lib/python3.8/site-packages/airflow/example_dags/example_datasets.py took 0.223 seconds
[2025-03-25T23:58:38.605+0000] {processor.py:161} INFO - Started process (PID=521) to work on /home/airflow/.local/lib/python3.8/site-packages/airflow/example_dags/example_datasets.py
[2025-03-25T23:58:38.607+0000] {processor.py:830} INFO - Processing file /home/airflow/.local/lib/python3.8/site-packages/airflow/example_dags/example_datasets.py for tasks to queue
[2025-03-25T23:58:38.610+0000] {logging_mixin.py:188} INFO - [2025-03-25T23:58:38.609+0000] {dagbag.py:538} INFO - Filling up the DagBag from /home/airflow/.local/lib/python3.8/site-packages/airflow/example_dags/example_datasets.py
[2025-03-25T23:58:38.623+0000] {processor.py:840} INFO - DAG(s) 'dataset_consumes_1_never_scheduled', 'dataset_produces_2', 'dataset_consumes_1', 'dataset_produces_1', 'dataset_consumes_1_and_2', 'dataset_consumes_unknown_never_scheduled' retrieved from /home/airflow/.local/lib/python3.8/site-packages/airflow/example_dags/example_datasets.py
[2025-03-25T23:58:38.684+0000] {logging_mixin.py:188} INFO - [2025-03-25T23:58:38.684+0000] {dag.py:3036} INFO - Sync 6 DAGs
[2025-03-25T23:58:38.723+0000] {logging_mixin.py:188} INFO - [2025-03-25T23:58:38.723+0000] {dag.py:3823} INFO - Setting next_dagrun for dataset_consumes_1 to None, run_after=None
[2025-03-25T23:58:38.731+0000] {logging_mixin.py:188} INFO - [2025-03-25T23:58:38.730+0000] {dag.py:3823} INFO - Setting next_dagrun for dataset_consumes_1_and_2 to None, run_after=None
[2025-03-25T23:58:38.734+0000] {logging_mixin.py:188} INFO - [2025-03-25T23:58:38.733+0000] {dag.py:3823} INFO - Setting next_dagrun for dataset_consumes_1_never_scheduled to None, run_after=None
[2025-03-25T23:58:38.737+0000] {logging_mixin.py:188} INFO - [2025-03-25T23:58:38.736+0000] {dag.py:3823} INFO - Setting next_dagrun for dataset_consumes_unknown_never_scheduled to None, run_after=None
[2025-03-25T23:58:38.742+0000] {logging_mixin.py:188} INFO - [2025-03-25T23:58:38.742+0000] {dag.py:3823} INFO - Setting next_dagrun for dataset_produces_1 to 2025-03-24 00:00:00+00:00, run_after=2025-03-25 00:00:00+00:00
[2025-03-25T23:58:38.747+0000] {logging_mixin.py:188} INFO - [2025-03-25T23:58:38.747+0000] {dag.py:3823} INFO - Setting next_dagrun for dataset_produces_2 to None, run_after=None
[2025-03-25T23:58:38.823+0000] {processor.py:183} INFO - Processing /home/airflow/.local/lib/python3.8/site-packages/airflow/example_dags/example_datasets.py took 0.222 seconds
[2025-03-25T23:59:09.588+0000] {processor.py:161} INFO - Started process (PID=595) to work on /home/airflow/.local/lib/python3.8/site-packages/airflow/example_dags/example_datasets.py
[2025-03-25T23:59:09.590+0000] {processor.py:830} INFO - Processing file /home/airflow/.local/lib/python3.8/site-packages/airflow/example_dags/example_datasets.py for tasks to queue
[2025-03-25T23:59:09.593+0000] {logging_mixin.py:188} INFO - [2025-03-25T23:59:09.592+0000] {dagbag.py:538} INFO - Filling up the DagBag from /home/airflow/.local/lib/python3.8/site-packages/airflow/example_dags/example_datasets.py
[2025-03-25T23:59:09.612+0000] {processor.py:840} INFO - DAG(s) 'dataset_consumes_1_and_2', 'dataset_consumes_1', 'dataset_produces_2', 'dataset_consumes_1_never_scheduled', 'dataset_consumes_unknown_never_scheduled', 'dataset_produces_1' retrieved from /home/airflow/.local/lib/python3.8/site-packages/airflow/example_dags/example_datasets.py
[2025-03-25T23:59:09.733+0000] {logging_mixin.py:188} INFO - [2025-03-25T23:59:09.733+0000] {dag.py:3036} INFO - Sync 6 DAGs
[2025-03-25T23:59:09.799+0000] {logging_mixin.py:188} INFO - [2025-03-25T23:59:09.798+0000] {dag.py:3823} INFO - Setting next_dagrun for dataset_consumes_1 to None, run_after=None
[2025-03-25T23:59:09.807+0000] {logging_mixin.py:188} INFO - [2025-03-25T23:59:09.806+0000] {dag.py:3823} INFO - Setting next_dagrun for dataset_consumes_1_and_2 to None, run_after=None
[2025-03-25T23:59:09.810+0000] {logging_mixin.py:188} INFO - [2025-03-25T23:59:09.810+0000] {dag.py:3823} INFO - Setting next_dagrun for dataset_consumes_1_never_scheduled to None, run_after=None
[2025-03-25T23:59:09.815+0000] {logging_mixin.py:188} INFO - [2025-03-25T23:59:09.814+0000] {dag.py:3823} INFO - Setting next_dagrun for dataset_consumes_unknown_never_scheduled to None, run_after=None
[2025-03-25T23:59:09.821+0000] {logging_mixin.py:188} INFO - [2025-03-25T23:59:09.821+0000] {dag.py:3823} INFO - Setting next_dagrun for dataset_produces_1 to 2025-03-24 00:00:00+00:00, run_after=2025-03-25 00:00:00+00:00
[2025-03-25T23:59:09.825+0000] {logging_mixin.py:188} INFO - [2025-03-25T23:59:09.825+0000] {dag.py:3823} INFO - Setting next_dagrun for dataset_produces_2 to None, run_after=None
[2025-03-25T23:59:09.899+0000] {processor.py:183} INFO - Processing /home/airflow/.local/lib/python3.8/site-packages/airflow/example_dags/example_datasets.py took 0.315 seconds
[2025-03-25T23:59:40.332+0000] {processor.py:161} INFO - Started process (PID=669) to work on /home/airflow/.local/lib/python3.8/site-packages/airflow/example_dags/example_datasets.py
[2025-03-25T23:59:40.334+0000] {processor.py:830} INFO - Processing file /home/airflow/.local/lib/python3.8/site-packages/airflow/example_dags/example_datasets.py for tasks to queue
[2025-03-25T23:59:40.337+0000] {logging_mixin.py:188} INFO - [2025-03-25T23:59:40.337+0000] {dagbag.py:538} INFO - Filling up the DagBag from /home/airflow/.local/lib/python3.8/site-packages/airflow/example_dags/example_datasets.py
[2025-03-25T23:59:40.356+0000] {processor.py:840} INFO - DAG(s) 'dataset_consumes_1_and_2', 'dataset_produces_1', 'dataset_produces_2', 'dataset_consumes_unknown_never_scheduled', 'dataset_consumes_1', 'dataset_consumes_1_never_scheduled' retrieved from /home/airflow/.local/lib/python3.8/site-packages/airflow/example_dags/example_datasets.py
[2025-03-25T23:59:40.423+0000] {logging_mixin.py:188} INFO - [2025-03-25T23:59:40.423+0000] {dag.py:3036} INFO - Sync 6 DAGs
[2025-03-25T23:59:40.468+0000] {logging_mixin.py:188} INFO - [2025-03-25T23:59:40.468+0000] {dag.py:3823} INFO - Setting next_dagrun for dataset_consumes_1 to None, run_after=None
[2025-03-25T23:59:40.475+0000] {logging_mixin.py:188} INFO - [2025-03-25T23:59:40.475+0000] {dag.py:3823} INFO - Setting next_dagrun for dataset_consumes_1_and_2 to None, run_after=None
[2025-03-25T23:59:40.478+0000] {logging_mixin.py:188} INFO - [2025-03-25T23:59:40.478+0000] {dag.py:3823} INFO - Setting next_dagrun for dataset_consumes_1_never_scheduled to None, run_after=None
[2025-03-25T23:59:40.481+0000] {logging_mixin.py:188} INFO - [2025-03-25T23:59:40.481+0000] {dag.py:3823} INFO - Setting next_dagrun for dataset_consumes_unknown_never_scheduled to None, run_after=None
[2025-03-25T23:59:40.488+0000] {logging_mixin.py:188} INFO - [2025-03-25T23:59:40.487+0000] {dag.py:3823} INFO - Setting next_dagrun for dataset_produces_1 to 2025-03-24 00:00:00+00:00, run_after=2025-03-25 00:00:00+00:00
[2025-03-25T23:59:40.491+0000] {logging_mixin.py:188} INFO - [2025-03-25T23:59:40.490+0000] {dag.py:3823} INFO - Setting next_dagrun for dataset_produces_2 to None, run_after=None
[2025-03-25T23:59:40.608+0000] {processor.py:183} INFO - Processing /home/airflow/.local/lib/python3.8/site-packages/airflow/example_dags/example_datasets.py took 0.281 seconds
