[2025-03-25T23:45:50.471+0000] {processor.py:161} INFO - Started process (PID=99) to work on /home/airflow/.local/lib/python3.8/site-packages/airflow/example_dags/example_sensors.py
[2025-03-25T23:45:50.472+0000] {processor.py:830} INFO - Processing file /home/airflow/.local/lib/python3.8/site-packages/airflow/example_dags/example_sensors.py for tasks to queue
[2025-03-25T23:45:50.475+0000] {logging_mixin.py:188} INFO - [2025-03-25T23:45:50.474+0000] {dagbag.py:538} INFO - Filling up the DagBag from /home/airflow/.local/lib/python3.8/site-packages/airflow/example_dags/example_sensors.py
[2025-03-25T23:45:50.489+0000] {processor.py:840} INFO - DAG(s) 'example_sensors' retrieved from /home/airflow/.local/lib/python3.8/site-packages/airflow/example_dags/example_sensors.py
[2025-03-25T23:45:50.670+0000] {logging_mixin.py:188} INFO - [2025-03-25T23:45:50.669+0000] {override.py:1769} INFO - Created Permission View: can edit on DAG:example_sensors
[2025-03-25T23:45:50.690+0000] {logging_mixin.py:188} INFO - [2025-03-25T23:45:50.690+0000] {override.py:1769} INFO - Created Permission View: can delete on DAG:example_sensors
[2025-03-25T23:45:50.706+0000] {logging_mixin.py:188} INFO - [2025-03-25T23:45:50.705+0000] {override.py:1769} INFO - Created Permission View: can read on DAG:example_sensors
[2025-03-25T23:45:50.707+0000] {logging_mixin.py:188} INFO - [2025-03-25T23:45:50.707+0000] {dag.py:3036} INFO - Sync 1 DAGs
[2025-03-25T23:45:50.726+0000] {logging_mixin.py:188} INFO - [2025-03-25T23:45:50.725+0000] {dag.py:3058} INFO - Creating ORM DAG for example_sensors
[2025-03-25T23:45:50.728+0000] {logging_mixin.py:188} INFO - [2025-03-25T23:45:50.727+0000] {dag.py:3823} INFO - Setting next_dagrun for example_sensors to None, run_after=None
[2025-03-25T23:45:50.761+0000] {processor.py:183} INFO - Processing /home/airflow/.local/lib/python3.8/site-packages/airflow/example_dags/example_sensors.py took 0.295 seconds
[2025-03-25T23:46:21.517+0000] {processor.py:161} INFO - Started process (PID=174) to work on /home/airflow/.local/lib/python3.8/site-packages/airflow/example_dags/example_sensors.py
[2025-03-25T23:46:21.519+0000] {processor.py:830} INFO - Processing file /home/airflow/.local/lib/python3.8/site-packages/airflow/example_dags/example_sensors.py for tasks to queue
[2025-03-25T23:46:21.523+0000] {logging_mixin.py:188} INFO - [2025-03-25T23:46:21.523+0000] {dagbag.py:538} INFO - Filling up the DagBag from /home/airflow/.local/lib/python3.8/site-packages/airflow/example_dags/example_sensors.py
[2025-03-25T23:46:21.548+0000] {processor.py:840} INFO - DAG(s) 'example_sensors' retrieved from /home/airflow/.local/lib/python3.8/site-packages/airflow/example_dags/example_sensors.py
[2025-03-25T23:46:21.611+0000] {logging_mixin.py:188} INFO - [2025-03-25T23:46:21.611+0000] {dag.py:3036} INFO - Sync 1 DAGs
[2025-03-25T23:46:21.639+0000] {logging_mixin.py:188} INFO - [2025-03-25T23:46:21.639+0000] {dag.py:3823} INFO - Setting next_dagrun for example_sensors to None, run_after=None
[2025-03-25T23:46:21.691+0000] {processor.py:183} INFO - Processing /home/airflow/.local/lib/python3.8/site-packages/airflow/example_dags/example_sensors.py took 0.181 seconds
[2025-03-25T23:46:51.796+0000] {processor.py:161} INFO - Started process (PID=249) to work on /home/airflow/.local/lib/python3.8/site-packages/airflow/example_dags/example_sensors.py
[2025-03-25T23:46:51.797+0000] {processor.py:830} INFO - Processing file /home/airflow/.local/lib/python3.8/site-packages/airflow/example_dags/example_sensors.py for tasks to queue
[2025-03-25T23:46:51.800+0000] {logging_mixin.py:188} INFO - [2025-03-25T23:46:51.799+0000] {dagbag.py:538} INFO - Filling up the DagBag from /home/airflow/.local/lib/python3.8/site-packages/airflow/example_dags/example_sensors.py
[2025-03-25T23:46:51.811+0000] {processor.py:840} INFO - DAG(s) 'example_sensors' retrieved from /home/airflow/.local/lib/python3.8/site-packages/airflow/example_dags/example_sensors.py
[2025-03-25T23:46:51.854+0000] {logging_mixin.py:188} INFO - [2025-03-25T23:46:51.854+0000] {dag.py:3036} INFO - Sync 1 DAGs
[2025-03-25T23:46:51.875+0000] {logging_mixin.py:188} INFO - [2025-03-25T23:46:51.874+0000] {dag.py:3823} INFO - Setting next_dagrun for example_sensors to None, run_after=None
[2025-03-25T23:46:51.908+0000] {processor.py:183} INFO - Processing /home/airflow/.local/lib/python3.8/site-packages/airflow/example_dags/example_sensors.py took 0.116 seconds
[2025-03-25T23:47:22.191+0000] {processor.py:161} INFO - Started process (PID=323) to work on /home/airflow/.local/lib/python3.8/site-packages/airflow/example_dags/example_sensors.py
[2025-03-25T23:47:22.193+0000] {processor.py:830} INFO - Processing file /home/airflow/.local/lib/python3.8/site-packages/airflow/example_dags/example_sensors.py for tasks to queue
[2025-03-25T23:47:22.196+0000] {logging_mixin.py:188} INFO - [2025-03-25T23:47:22.195+0000] {dagbag.py:538} INFO - Filling up the DagBag from /home/airflow/.local/lib/python3.8/site-packages/airflow/example_dags/example_sensors.py
[2025-03-25T23:47:22.211+0000] {processor.py:840} INFO - DAG(s) 'example_sensors' retrieved from /home/airflow/.local/lib/python3.8/site-packages/airflow/example_dags/example_sensors.py
[2025-03-25T23:47:22.254+0000] {logging_mixin.py:188} INFO - [2025-03-25T23:47:22.254+0000] {dag.py:3036} INFO - Sync 1 DAGs
[2025-03-25T23:47:22.278+0000] {logging_mixin.py:188} INFO - [2025-03-25T23:47:22.278+0000] {dag.py:3823} INFO - Setting next_dagrun for example_sensors to None, run_after=None
[2025-03-25T23:47:22.314+0000] {processor.py:183} INFO - Processing /home/airflow/.local/lib/python3.8/site-packages/airflow/example_dags/example_sensors.py took 0.127 seconds
[2025-03-25T23:47:52.826+0000] {processor.py:161} INFO - Started process (PID=398) to work on /home/airflow/.local/lib/python3.8/site-packages/airflow/example_dags/example_sensors.py
[2025-03-25T23:47:52.827+0000] {processor.py:830} INFO - Processing file /home/airflow/.local/lib/python3.8/site-packages/airflow/example_dags/example_sensors.py for tasks to queue
[2025-03-25T23:47:52.829+0000] {logging_mixin.py:188} INFO - [2025-03-25T23:47:52.829+0000] {dagbag.py:538} INFO - Filling up the DagBag from /home/airflow/.local/lib/python3.8/site-packages/airflow/example_dags/example_sensors.py
[2025-03-25T23:47:52.842+0000] {processor.py:840} INFO - DAG(s) 'example_sensors' retrieved from /home/airflow/.local/lib/python3.8/site-packages/airflow/example_dags/example_sensors.py
[2025-03-25T23:47:52.884+0000] {logging_mixin.py:188} INFO - [2025-03-25T23:47:52.884+0000] {dag.py:3036} INFO - Sync 1 DAGs
[2025-03-25T23:47:52.905+0000] {logging_mixin.py:188} INFO - [2025-03-25T23:47:52.904+0000] {dag.py:3823} INFO - Setting next_dagrun for example_sensors to None, run_after=None
[2025-03-25T23:47:52.940+0000] {processor.py:183} INFO - Processing /home/airflow/.local/lib/python3.8/site-packages/airflow/example_dags/example_sensors.py took 0.118 seconds
[2025-03-25T23:48:23.725+0000] {processor.py:161} INFO - Started process (PID=472) to work on /home/airflow/.local/lib/python3.8/site-packages/airflow/example_dags/example_sensors.py
[2025-03-25T23:48:23.727+0000] {processor.py:830} INFO - Processing file /home/airflow/.local/lib/python3.8/site-packages/airflow/example_dags/example_sensors.py for tasks to queue
[2025-03-25T23:48:23.729+0000] {logging_mixin.py:188} INFO - [2025-03-25T23:48:23.729+0000] {dagbag.py:538} INFO - Filling up the DagBag from /home/airflow/.local/lib/python3.8/site-packages/airflow/example_dags/example_sensors.py
[2025-03-25T23:48:23.743+0000] {processor.py:840} INFO - DAG(s) 'example_sensors' retrieved from /home/airflow/.local/lib/python3.8/site-packages/airflow/example_dags/example_sensors.py
[2025-03-25T23:48:23.784+0000] {logging_mixin.py:188} INFO - [2025-03-25T23:48:23.783+0000] {dag.py:3036} INFO - Sync 1 DAGs
[2025-03-25T23:48:23.806+0000] {logging_mixin.py:188} INFO - [2025-03-25T23:48:23.806+0000] {dag.py:3823} INFO - Setting next_dagrun for example_sensors to None, run_after=None
[2025-03-25T23:48:23.842+0000] {processor.py:183} INFO - Processing /home/airflow/.local/lib/python3.8/site-packages/airflow/example_dags/example_sensors.py took 0.120 seconds
[2025-03-25T23:48:54.695+0000] {processor.py:161} INFO - Started process (PID=546) to work on /home/airflow/.local/lib/python3.8/site-packages/airflow/example_dags/example_sensors.py
[2025-03-25T23:48:54.697+0000] {processor.py:830} INFO - Processing file /home/airflow/.local/lib/python3.8/site-packages/airflow/example_dags/example_sensors.py for tasks to queue
[2025-03-25T23:48:54.711+0000] {logging_mixin.py:188} INFO - [2025-03-25T23:48:54.710+0000] {dagbag.py:538} INFO - Filling up the DagBag from /home/airflow/.local/lib/python3.8/site-packages/airflow/example_dags/example_sensors.py
[2025-03-25T23:48:54.756+0000] {processor.py:840} INFO - DAG(s) 'example_sensors' retrieved from /home/airflow/.local/lib/python3.8/site-packages/airflow/example_dags/example_sensors.py
[2025-03-25T23:48:54.822+0000] {logging_mixin.py:188} INFO - [2025-03-25T23:48:54.821+0000] {dag.py:3036} INFO - Sync 1 DAGs
[2025-03-25T23:48:54.860+0000] {logging_mixin.py:188} INFO - [2025-03-25T23:48:54.859+0000] {dag.py:3823} INFO - Setting next_dagrun for example_sensors to None, run_after=None
[2025-03-25T23:48:54.957+0000] {processor.py:183} INFO - Processing /home/airflow/.local/lib/python3.8/site-packages/airflow/example_dags/example_sensors.py took 0.270 seconds
[2025-03-25T23:49:25.209+0000] {processor.py:161} INFO - Started process (PID=620) to work on /home/airflow/.local/lib/python3.8/site-packages/airflow/example_dags/example_sensors.py
[2025-03-25T23:49:25.211+0000] {processor.py:830} INFO - Processing file /home/airflow/.local/lib/python3.8/site-packages/airflow/example_dags/example_sensors.py for tasks to queue
[2025-03-25T23:49:25.214+0000] {logging_mixin.py:188} INFO - [2025-03-25T23:49:25.213+0000] {dagbag.py:538} INFO - Filling up the DagBag from /home/airflow/.local/lib/python3.8/site-packages/airflow/example_dags/example_sensors.py
[2025-03-25T23:49:25.231+0000] {processor.py:840} INFO - DAG(s) 'example_sensors' retrieved from /home/airflow/.local/lib/python3.8/site-packages/airflow/example_dags/example_sensors.py
[2025-03-25T23:49:25.302+0000] {logging_mixin.py:188} INFO - [2025-03-25T23:49:25.301+0000] {dag.py:3036} INFO - Sync 1 DAGs
[2025-03-25T23:49:25.324+0000] {logging_mixin.py:188} INFO - [2025-03-25T23:49:25.324+0000] {dag.py:3823} INFO - Setting next_dagrun for example_sensors to None, run_after=None
[2025-03-25T23:49:25.362+0000] {processor.py:183} INFO - Processing /home/airflow/.local/lib/python3.8/site-packages/airflow/example_dags/example_sensors.py took 0.158 seconds
[2025-03-25T23:49:55.566+0000] {processor.py:161} INFO - Started process (PID=693) to work on /home/airflow/.local/lib/python3.8/site-packages/airflow/example_dags/example_sensors.py
[2025-03-25T23:49:55.568+0000] {processor.py:830} INFO - Processing file /home/airflow/.local/lib/python3.8/site-packages/airflow/example_dags/example_sensors.py for tasks to queue
[2025-03-25T23:49:55.571+0000] {logging_mixin.py:188} INFO - [2025-03-25T23:49:55.571+0000] {dagbag.py:538} INFO - Filling up the DagBag from /home/airflow/.local/lib/python3.8/site-packages/airflow/example_dags/example_sensors.py
[2025-03-25T23:49:55.584+0000] {processor.py:840} INFO - DAG(s) 'example_sensors' retrieved from /home/airflow/.local/lib/python3.8/site-packages/airflow/example_dags/example_sensors.py
[2025-03-25T23:49:55.624+0000] {logging_mixin.py:188} INFO - [2025-03-25T23:49:55.624+0000] {dag.py:3036} INFO - Sync 1 DAGs
[2025-03-25T23:49:55.643+0000] {logging_mixin.py:188} INFO - [2025-03-25T23:49:55.643+0000] {dag.py:3823} INFO - Setting next_dagrun for example_sensors to None, run_after=None
[2025-03-25T23:49:55.682+0000] {processor.py:183} INFO - Processing /home/airflow/.local/lib/python3.8/site-packages/airflow/example_dags/example_sensors.py took 0.120 seconds
[2025-03-25T23:50:25.800+0000] {processor.py:161} INFO - Started process (PID=766) to work on /home/airflow/.local/lib/python3.8/site-packages/airflow/example_dags/example_sensors.py
[2025-03-25T23:50:25.801+0000] {processor.py:830} INFO - Processing file /home/airflow/.local/lib/python3.8/site-packages/airflow/example_dags/example_sensors.py for tasks to queue
[2025-03-25T23:50:25.804+0000] {logging_mixin.py:188} INFO - [2025-03-25T23:50:25.804+0000] {dagbag.py:538} INFO - Filling up the DagBag from /home/airflow/.local/lib/python3.8/site-packages/airflow/example_dags/example_sensors.py
[2025-03-25T23:50:25.816+0000] {processor.py:840} INFO - DAG(s) 'example_sensors' retrieved from /home/airflow/.local/lib/python3.8/site-packages/airflow/example_dags/example_sensors.py
[2025-03-25T23:50:25.857+0000] {logging_mixin.py:188} INFO - [2025-03-25T23:50:25.856+0000] {dag.py:3036} INFO - Sync 1 DAGs
[2025-03-25T23:50:25.877+0000] {logging_mixin.py:188} INFO - [2025-03-25T23:50:25.877+0000] {dag.py:3823} INFO - Setting next_dagrun for example_sensors to None, run_after=None
[2025-03-25T23:50:25.923+0000] {processor.py:183} INFO - Processing /home/airflow/.local/lib/python3.8/site-packages/airflow/example_dags/example_sensors.py took 0.127 seconds
[2025-03-25T23:50:56.853+0000] {processor.py:161} INFO - Started process (PID=842) to work on /home/airflow/.local/lib/python3.8/site-packages/airflow/example_dags/example_sensors.py
[2025-03-25T23:50:56.854+0000] {processor.py:830} INFO - Processing file /home/airflow/.local/lib/python3.8/site-packages/airflow/example_dags/example_sensors.py for tasks to queue
[2025-03-25T23:50:56.857+0000] {logging_mixin.py:188} INFO - [2025-03-25T23:50:56.856+0000] {dagbag.py:538} INFO - Filling up the DagBag from /home/airflow/.local/lib/python3.8/site-packages/airflow/example_dags/example_sensors.py
[2025-03-25T23:50:56.869+0000] {processor.py:840} INFO - DAG(s) 'example_sensors' retrieved from /home/airflow/.local/lib/python3.8/site-packages/airflow/example_dags/example_sensors.py
[2025-03-25T23:50:56.903+0000] {logging_mixin.py:188} INFO - [2025-03-25T23:50:56.902+0000] {dag.py:3036} INFO - Sync 1 DAGs
[2025-03-25T23:50:56.920+0000] {logging_mixin.py:188} INFO - [2025-03-25T23:50:56.920+0000] {dag.py:3823} INFO - Setting next_dagrun for example_sensors to None, run_after=None
[2025-03-25T23:50:56.956+0000] {processor.py:183} INFO - Processing /home/airflow/.local/lib/python3.8/site-packages/airflow/example_dags/example_sensors.py took 0.107 seconds
[2025-03-25T23:51:27.208+0000] {processor.py:161} INFO - Started process (PID=916) to work on /home/airflow/.local/lib/python3.8/site-packages/airflow/example_dags/example_sensors.py
[2025-03-25T23:51:27.210+0000] {processor.py:830} INFO - Processing file /home/airflow/.local/lib/python3.8/site-packages/airflow/example_dags/example_sensors.py for tasks to queue
[2025-03-25T23:51:27.214+0000] {logging_mixin.py:188} INFO - [2025-03-25T23:51:27.213+0000] {dagbag.py:538} INFO - Filling up the DagBag from /home/airflow/.local/lib/python3.8/site-packages/airflow/example_dags/example_sensors.py
[2025-03-25T23:51:27.233+0000] {processor.py:840} INFO - DAG(s) 'example_sensors' retrieved from /home/airflow/.local/lib/python3.8/site-packages/airflow/example_dags/example_sensors.py
[2025-03-25T23:51:27.283+0000] {logging_mixin.py:188} INFO - [2025-03-25T23:51:27.283+0000] {dag.py:3036} INFO - Sync 1 DAGs
[2025-03-25T23:51:27.312+0000] {logging_mixin.py:188} INFO - [2025-03-25T23:51:27.312+0000] {dag.py:3823} INFO - Setting next_dagrun for example_sensors to None, run_after=None
[2025-03-25T23:51:27.353+0000] {processor.py:183} INFO - Processing /home/airflow/.local/lib/python3.8/site-packages/airflow/example_dags/example_sensors.py took 0.151 seconds
[2025-03-25T23:51:57.490+0000] {processor.py:161} INFO - Started process (PID=990) to work on /home/airflow/.local/lib/python3.8/site-packages/airflow/example_dags/example_sensors.py
[2025-03-25T23:51:57.491+0000] {processor.py:830} INFO - Processing file /home/airflow/.local/lib/python3.8/site-packages/airflow/example_dags/example_sensors.py for tasks to queue
[2025-03-25T23:51:57.493+0000] {logging_mixin.py:188} INFO - [2025-03-25T23:51:57.493+0000] {dagbag.py:538} INFO - Filling up the DagBag from /home/airflow/.local/lib/python3.8/site-packages/airflow/example_dags/example_sensors.py
[2025-03-25T23:51:57.504+0000] {processor.py:840} INFO - DAG(s) 'example_sensors' retrieved from /home/airflow/.local/lib/python3.8/site-packages/airflow/example_dags/example_sensors.py
[2025-03-25T23:51:57.543+0000] {logging_mixin.py:188} INFO - [2025-03-25T23:51:57.543+0000] {dag.py:3036} INFO - Sync 1 DAGs
[2025-03-25T23:51:57.559+0000] {logging_mixin.py:188} INFO - [2025-03-25T23:51:57.559+0000] {dag.py:3823} INFO - Setting next_dagrun for example_sensors to None, run_after=None
[2025-03-25T23:51:57.587+0000] {processor.py:183} INFO - Processing /home/airflow/.local/lib/python3.8/site-packages/airflow/example_dags/example_sensors.py took 0.101 seconds
[2025-03-25T23:52:28.139+0000] {processor.py:161} INFO - Started process (PID=1065) to work on /home/airflow/.local/lib/python3.8/site-packages/airflow/example_dags/example_sensors.py
[2025-03-25T23:52:28.141+0000] {processor.py:830} INFO - Processing file /home/airflow/.local/lib/python3.8/site-packages/airflow/example_dags/example_sensors.py for tasks to queue
[2025-03-25T23:52:28.143+0000] {logging_mixin.py:188} INFO - [2025-03-25T23:52:28.143+0000] {dagbag.py:538} INFO - Filling up the DagBag from /home/airflow/.local/lib/python3.8/site-packages/airflow/example_dags/example_sensors.py
[2025-03-25T23:52:28.156+0000] {processor.py:840} INFO - DAG(s) 'example_sensors' retrieved from /home/airflow/.local/lib/python3.8/site-packages/airflow/example_dags/example_sensors.py
[2025-03-25T23:52:28.190+0000] {logging_mixin.py:188} INFO - [2025-03-25T23:52:28.190+0000] {dag.py:3036} INFO - Sync 1 DAGs
[2025-03-25T23:52:28.207+0000] {logging_mixin.py:188} INFO - [2025-03-25T23:52:28.207+0000] {dag.py:3823} INFO - Setting next_dagrun for example_sensors to None, run_after=None
[2025-03-25T23:52:28.240+0000] {processor.py:183} INFO - Processing /home/airflow/.local/lib/python3.8/site-packages/airflow/example_dags/example_sensors.py took 0.106 seconds
[2025-03-25T23:52:58.292+0000] {processor.py:161} INFO - Started process (PID=1146) to work on /home/airflow/.local/lib/python3.8/site-packages/airflow/example_dags/example_sensors.py
[2025-03-25T23:52:58.294+0000] {processor.py:830} INFO - Processing file /home/airflow/.local/lib/python3.8/site-packages/airflow/example_dags/example_sensors.py for tasks to queue
[2025-03-25T23:52:58.296+0000] {logging_mixin.py:188} INFO - [2025-03-25T23:52:58.296+0000] {dagbag.py:538} INFO - Filling up the DagBag from /home/airflow/.local/lib/python3.8/site-packages/airflow/example_dags/example_sensors.py
[2025-03-25T23:52:58.311+0000] {processor.py:840} INFO - DAG(s) 'example_sensors' retrieved from /home/airflow/.local/lib/python3.8/site-packages/airflow/example_dags/example_sensors.py
[2025-03-25T23:52:58.357+0000] {logging_mixin.py:188} INFO - [2025-03-25T23:52:58.357+0000] {dag.py:3036} INFO - Sync 1 DAGs
[2025-03-25T23:52:58.377+0000] {logging_mixin.py:188} INFO - [2025-03-25T23:52:58.376+0000] {dag.py:3823} INFO - Setting next_dagrun for example_sensors to None, run_after=None
[2025-03-25T23:52:58.410+0000] {processor.py:183} INFO - Processing /home/airflow/.local/lib/python3.8/site-packages/airflow/example_dags/example_sensors.py took 0.123 seconds
[2025-03-25T23:53:28.780+0000] {processor.py:161} INFO - Started process (PID=1219) to work on /home/airflow/.local/lib/python3.8/site-packages/airflow/example_dags/example_sensors.py
[2025-03-25T23:53:28.782+0000] {processor.py:830} INFO - Processing file /home/airflow/.local/lib/python3.8/site-packages/airflow/example_dags/example_sensors.py for tasks to queue
[2025-03-25T23:53:28.785+0000] {logging_mixin.py:188} INFO - [2025-03-25T23:53:28.784+0000] {dagbag.py:538} INFO - Filling up the DagBag from /home/airflow/.local/lib/python3.8/site-packages/airflow/example_dags/example_sensors.py
[2025-03-25T23:53:28.798+0000] {processor.py:840} INFO - DAG(s) 'example_sensors' retrieved from /home/airflow/.local/lib/python3.8/site-packages/airflow/example_dags/example_sensors.py
[2025-03-25T23:53:28.838+0000] {logging_mixin.py:188} INFO - [2025-03-25T23:53:28.838+0000] {dag.py:3036} INFO - Sync 1 DAGs
[2025-03-25T23:53:28.859+0000] {logging_mixin.py:188} INFO - [2025-03-25T23:53:28.859+0000] {dag.py:3823} INFO - Setting next_dagrun for example_sensors to None, run_after=None
[2025-03-25T23:53:28.899+0000] {processor.py:183} INFO - Processing /home/airflow/.local/lib/python3.8/site-packages/airflow/example_dags/example_sensors.py took 0.123 seconds
[2025-03-25T23:55:38.916+0000] {processor.py:161} INFO - Started process (PID=99) to work on /home/airflow/.local/lib/python3.8/site-packages/airflow/example_dags/example_sensors.py
[2025-03-25T23:55:38.918+0000] {processor.py:830} INFO - Processing file /home/airflow/.local/lib/python3.8/site-packages/airflow/example_dags/example_sensors.py for tasks to queue
[2025-03-25T23:55:38.921+0000] {logging_mixin.py:188} INFO - [2025-03-25T23:55:38.920+0000] {dagbag.py:538} INFO - Filling up the DagBag from /home/airflow/.local/lib/python3.8/site-packages/airflow/example_dags/example_sensors.py
[2025-03-25T23:55:38.938+0000] {processor.py:840} INFO - DAG(s) 'example_sensors' retrieved from /home/airflow/.local/lib/python3.8/site-packages/airflow/example_dags/example_sensors.py
[2025-03-25T23:55:39.158+0000] {logging_mixin.py:188} INFO - [2025-03-25T23:55:39.157+0000] {override.py:1769} INFO - Created Permission View: can edit on DAG:example_sensors
[2025-03-25T23:55:39.186+0000] {logging_mixin.py:188} INFO - [2025-03-25T23:55:39.186+0000] {override.py:1769} INFO - Created Permission View: can delete on DAG:example_sensors
[2025-03-25T23:55:39.203+0000] {logging_mixin.py:188} INFO - [2025-03-25T23:55:39.202+0000] {override.py:1769} INFO - Created Permission View: can read on DAG:example_sensors
[2025-03-25T23:55:39.204+0000] {logging_mixin.py:188} INFO - [2025-03-25T23:55:39.204+0000] {dag.py:3036} INFO - Sync 1 DAGs
[2025-03-25T23:55:39.238+0000] {logging_mixin.py:188} INFO - [2025-03-25T23:55:39.237+0000] {dag.py:3058} INFO - Creating ORM DAG for example_sensors
[2025-03-25T23:55:39.240+0000] {logging_mixin.py:188} INFO - [2025-03-25T23:55:39.239+0000] {dag.py:3823} INFO - Setting next_dagrun for example_sensors to None, run_after=None
[2025-03-25T23:55:39.283+0000] {processor.py:183} INFO - Processing /home/airflow/.local/lib/python3.8/site-packages/airflow/example_dags/example_sensors.py took 0.371 seconds
[2025-03-25T23:56:09.833+0000] {processor.py:161} INFO - Started process (PID=173) to work on /home/airflow/.local/lib/python3.8/site-packages/airflow/example_dags/example_sensors.py
[2025-03-25T23:56:09.834+0000] {processor.py:830} INFO - Processing file /home/airflow/.local/lib/python3.8/site-packages/airflow/example_dags/example_sensors.py for tasks to queue
[2025-03-25T23:56:09.837+0000] {logging_mixin.py:188} INFO - [2025-03-25T23:56:09.837+0000] {dagbag.py:538} INFO - Filling up the DagBag from /home/airflow/.local/lib/python3.8/site-packages/airflow/example_dags/example_sensors.py
[2025-03-25T23:56:09.853+0000] {processor.py:840} INFO - DAG(s) 'example_sensors' retrieved from /home/airflow/.local/lib/python3.8/site-packages/airflow/example_dags/example_sensors.py
[2025-03-25T23:56:09.903+0000] {logging_mixin.py:188} INFO - [2025-03-25T23:56:09.902+0000] {dag.py:3036} INFO - Sync 1 DAGs
[2025-03-25T23:56:09.926+0000] {logging_mixin.py:188} INFO - [2025-03-25T23:56:09.926+0000] {dag.py:3823} INFO - Setting next_dagrun for example_sensors to None, run_after=None
[2025-03-25T23:56:09.982+0000] {processor.py:183} INFO - Processing /home/airflow/.local/lib/python3.8/site-packages/airflow/example_dags/example_sensors.py took 0.153 seconds
[2025-03-25T23:56:40.600+0000] {processor.py:161} INFO - Started process (PID=246) to work on /home/airflow/.local/lib/python3.8/site-packages/airflow/example_dags/example_sensors.py
[2025-03-25T23:56:40.602+0000] {processor.py:830} INFO - Processing file /home/airflow/.local/lib/python3.8/site-packages/airflow/example_dags/example_sensors.py for tasks to queue
[2025-03-25T23:56:40.604+0000] {logging_mixin.py:188} INFO - [2025-03-25T23:56:40.604+0000] {dagbag.py:538} INFO - Filling up the DagBag from /home/airflow/.local/lib/python3.8/site-packages/airflow/example_dags/example_sensors.py
[2025-03-25T23:56:40.628+0000] {processor.py:840} INFO - DAG(s) 'example_sensors' retrieved from /home/airflow/.local/lib/python3.8/site-packages/airflow/example_dags/example_sensors.py
[2025-03-25T23:56:40.673+0000] {logging_mixin.py:188} INFO - [2025-03-25T23:56:40.673+0000] {dag.py:3036} INFO - Sync 1 DAGs
[2025-03-25T23:56:40.695+0000] {logging_mixin.py:188} INFO - [2025-03-25T23:56:40.694+0000] {dag.py:3823} INFO - Setting next_dagrun for example_sensors to None, run_after=None
[2025-03-25T23:56:40.732+0000] {processor.py:183} INFO - Processing /home/airflow/.local/lib/python3.8/site-packages/airflow/example_dags/example_sensors.py took 0.136 seconds
[2025-03-25T23:57:11.023+0000] {processor.py:161} INFO - Started process (PID=320) to work on /home/airflow/.local/lib/python3.8/site-packages/airflow/example_dags/example_sensors.py
[2025-03-25T23:57:11.025+0000] {processor.py:830} INFO - Processing file /home/airflow/.local/lib/python3.8/site-packages/airflow/example_dags/example_sensors.py for tasks to queue
[2025-03-25T23:57:11.027+0000] {logging_mixin.py:188} INFO - [2025-03-25T23:57:11.027+0000] {dagbag.py:538} INFO - Filling up the DagBag from /home/airflow/.local/lib/python3.8/site-packages/airflow/example_dags/example_sensors.py
[2025-03-25T23:57:11.040+0000] {processor.py:840} INFO - DAG(s) 'example_sensors' retrieved from /home/airflow/.local/lib/python3.8/site-packages/airflow/example_dags/example_sensors.py
[2025-03-25T23:57:11.075+0000] {logging_mixin.py:188} INFO - [2025-03-25T23:57:11.075+0000] {dag.py:3036} INFO - Sync 1 DAGs
[2025-03-25T23:57:11.135+0000] {logging_mixin.py:188} INFO - [2025-03-25T23:57:11.135+0000] {dag.py:3823} INFO - Setting next_dagrun for example_sensors to None, run_after=None
[2025-03-25T23:57:11.196+0000] {processor.py:183} INFO - Processing /home/airflow/.local/lib/python3.8/site-packages/airflow/example_dags/example_sensors.py took 0.176 seconds
[2025-03-25T23:57:41.890+0000] {processor.py:161} INFO - Started process (PID=395) to work on /home/airflow/.local/lib/python3.8/site-packages/airflow/example_dags/example_sensors.py
[2025-03-25T23:57:41.892+0000] {processor.py:830} INFO - Processing file /home/airflow/.local/lib/python3.8/site-packages/airflow/example_dags/example_sensors.py for tasks to queue
[2025-03-25T23:57:41.894+0000] {logging_mixin.py:188} INFO - [2025-03-25T23:57:41.894+0000] {dagbag.py:538} INFO - Filling up the DagBag from /home/airflow/.local/lib/python3.8/site-packages/airflow/example_dags/example_sensors.py
[2025-03-25T23:57:41.905+0000] {processor.py:840} INFO - DAG(s) 'example_sensors' retrieved from /home/airflow/.local/lib/python3.8/site-packages/airflow/example_dags/example_sensors.py
[2025-03-25T23:57:41.944+0000] {logging_mixin.py:188} INFO - [2025-03-25T23:57:41.944+0000] {dag.py:3036} INFO - Sync 1 DAGs
[2025-03-25T23:57:41.962+0000] {logging_mixin.py:188} INFO - [2025-03-25T23:57:41.962+0000] {dag.py:3823} INFO - Setting next_dagrun for example_sensors to None, run_after=None
[2025-03-25T23:57:41.990+0000] {processor.py:183} INFO - Processing /home/airflow/.local/lib/python3.8/site-packages/airflow/example_dags/example_sensors.py took 0.104 seconds
[2025-03-25T23:58:12.224+0000] {processor.py:161} INFO - Started process (PID=469) to work on /home/airflow/.local/lib/python3.8/site-packages/airflow/example_dags/example_sensors.py
[2025-03-25T23:58:12.225+0000] {processor.py:830} INFO - Processing file /home/airflow/.local/lib/python3.8/site-packages/airflow/example_dags/example_sensors.py for tasks to queue
[2025-03-25T23:58:12.228+0000] {logging_mixin.py:188} INFO - [2025-03-25T23:58:12.228+0000] {dagbag.py:538} INFO - Filling up the DagBag from /home/airflow/.local/lib/python3.8/site-packages/airflow/example_dags/example_sensors.py
[2025-03-25T23:58:12.242+0000] {processor.py:840} INFO - DAG(s) 'example_sensors' retrieved from /home/airflow/.local/lib/python3.8/site-packages/airflow/example_dags/example_sensors.py
[2025-03-25T23:58:12.290+0000] {logging_mixin.py:188} INFO - [2025-03-25T23:58:12.289+0000] {dag.py:3036} INFO - Sync 1 DAGs
[2025-03-25T23:58:12.312+0000] {logging_mixin.py:188} INFO - [2025-03-25T23:58:12.311+0000] {dag.py:3823} INFO - Setting next_dagrun for example_sensors to None, run_after=None
[2025-03-25T23:58:12.341+0000] {processor.py:183} INFO - Processing /home/airflow/.local/lib/python3.8/site-packages/airflow/example_dags/example_sensors.py took 0.121 seconds
[2025-03-25T23:58:42.948+0000] {processor.py:161} INFO - Started process (PID=543) to work on /home/airflow/.local/lib/python3.8/site-packages/airflow/example_dags/example_sensors.py
[2025-03-25T23:58:42.950+0000] {processor.py:830} INFO - Processing file /home/airflow/.local/lib/python3.8/site-packages/airflow/example_dags/example_sensors.py for tasks to queue
[2025-03-25T23:58:42.953+0000] {logging_mixin.py:188} INFO - [2025-03-25T23:58:42.952+0000] {dagbag.py:538} INFO - Filling up the DagBag from /home/airflow/.local/lib/python3.8/site-packages/airflow/example_dags/example_sensors.py
[2025-03-25T23:58:42.973+0000] {processor.py:840} INFO - DAG(s) 'example_sensors' retrieved from /home/airflow/.local/lib/python3.8/site-packages/airflow/example_dags/example_sensors.py
[2025-03-25T23:58:43.031+0000] {logging_mixin.py:188} INFO - [2025-03-25T23:58:43.030+0000] {dag.py:3036} INFO - Sync 1 DAGs
[2025-03-25T23:58:43.051+0000] {logging_mixin.py:188} INFO - [2025-03-25T23:58:43.051+0000] {dag.py:3823} INFO - Setting next_dagrun for example_sensors to None, run_after=None
[2025-03-25T23:58:43.105+0000] {processor.py:183} INFO - Processing /home/airflow/.local/lib/python3.8/site-packages/airflow/example_dags/example_sensors.py took 0.162 seconds
[2025-03-25T23:59:13.476+0000] {processor.py:161} INFO - Started process (PID=610) to work on /home/airflow/.local/lib/python3.8/site-packages/airflow/example_dags/example_sensors.py
[2025-03-25T23:59:13.479+0000] {processor.py:830} INFO - Processing file /home/airflow/.local/lib/python3.8/site-packages/airflow/example_dags/example_sensors.py for tasks to queue
[2025-03-25T23:59:13.483+0000] {logging_mixin.py:188} INFO - [2025-03-25T23:59:13.482+0000] {dagbag.py:538} INFO - Filling up the DagBag from /home/airflow/.local/lib/python3.8/site-packages/airflow/example_dags/example_sensors.py
[2025-03-25T23:59:13.500+0000] {processor.py:840} INFO - DAG(s) 'example_sensors' retrieved from /home/airflow/.local/lib/python3.8/site-packages/airflow/example_dags/example_sensors.py
[2025-03-25T23:59:13.563+0000] {logging_mixin.py:188} INFO - [2025-03-25T23:59:13.562+0000] {dag.py:3036} INFO - Sync 1 DAGs
[2025-03-25T23:59:13.590+0000] {logging_mixin.py:188} INFO - [2025-03-25T23:59:13.590+0000] {dag.py:3823} INFO - Setting next_dagrun for example_sensors to None, run_after=None
[2025-03-25T23:59:13.634+0000] {processor.py:183} INFO - Processing /home/airflow/.local/lib/python3.8/site-packages/airflow/example_dags/example_sensors.py took 0.163 seconds
[2025-03-25T23:59:43.830+0000] {processor.py:161} INFO - Started process (PID=683) to work on /home/airflow/.local/lib/python3.8/site-packages/airflow/example_dags/example_sensors.py
[2025-03-25T23:59:43.831+0000] {processor.py:830} INFO - Processing file /home/airflow/.local/lib/python3.8/site-packages/airflow/example_dags/example_sensors.py for tasks to queue
[2025-03-25T23:59:43.834+0000] {logging_mixin.py:188} INFO - [2025-03-25T23:59:43.833+0000] {dagbag.py:538} INFO - Filling up the DagBag from /home/airflow/.local/lib/python3.8/site-packages/airflow/example_dags/example_sensors.py
[2025-03-25T23:59:43.849+0000] {processor.py:840} INFO - DAG(s) 'example_sensors' retrieved from /home/airflow/.local/lib/python3.8/site-packages/airflow/example_dags/example_sensors.py
[2025-03-25T23:59:43.888+0000] {logging_mixin.py:188} INFO - [2025-03-25T23:59:43.888+0000] {dag.py:3036} INFO - Sync 1 DAGs
[2025-03-25T23:59:43.907+0000] {logging_mixin.py:188} INFO - [2025-03-25T23:59:43.907+0000] {dag.py:3823} INFO - Setting next_dagrun for example_sensors to None, run_after=None
[2025-03-25T23:59:43.946+0000] {processor.py:183} INFO - Processing /home/airflow/.local/lib/python3.8/site-packages/airflow/example_dags/example_sensors.py took 0.120 seconds
