[2025-03-25T23:45:50.429+0000] {processor.py:161} INFO - Started process (PID=98) to work on /home/airflow/.local/lib/python3.8/site-packages/airflow/example_dags/example_python_decorator.py
[2025-03-25T23:45:50.431+0000] {processor.py:830} INFO - Processing file /home/airflow/.local/lib/python3.8/site-packages/airflow/example_dags/example_python_decorator.py for tasks to queue
[2025-03-25T23:45:50.434+0000] {logging_mixin.py:188} INFO - [2025-03-25T23:45:50.433+0000] {dagbag.py:538} INFO - Filling up the DagBag from /home/airflow/.local/lib/python3.8/site-packages/airflow/example_dags/example_python_decorator.py
[2025-03-25T23:45:50.455+0000] {processor.py:840} INFO - DAG(s) 'example_python_decorator' retrieved from /home/airflow/.local/lib/python3.8/site-packages/airflow/example_dags/example_python_decorator.py
[2025-03-25T23:45:50.630+0000] {logging_mixin.py:188} INFO - [2025-03-25T23:45:50.629+0000] {override.py:1769} INFO - Created Permission View: can edit on DAG:example_python_decorator
[2025-03-25T23:45:50.651+0000] {logging_mixin.py:188} INFO - [2025-03-25T23:45:50.650+0000] {override.py:1769} INFO - Created Permission View: can delete on DAG:example_python_decorator
[2025-03-25T23:45:50.666+0000] {logging_mixin.py:188} INFO - [2025-03-25T23:45:50.666+0000] {override.py:1769} INFO - Created Permission View: can read on DAG:example_python_decorator
[2025-03-25T23:45:50.668+0000] {logging_mixin.py:188} INFO - [2025-03-25T23:45:50.667+0000] {dag.py:3036} INFO - Sync 1 DAGs
[2025-03-25T23:45:50.685+0000] {logging_mixin.py:188} INFO - [2025-03-25T23:45:50.685+0000] {dag.py:3058} INFO - Creating ORM DAG for example_python_decorator
[2025-03-25T23:45:50.687+0000] {logging_mixin.py:188} INFO - [2025-03-25T23:45:50.686+0000] {dag.py:3823} INFO - Setting next_dagrun for example_python_decorator to None, run_after=None
[2025-03-25T23:45:50.718+0000] {processor.py:183} INFO - Processing /home/airflow/.local/lib/python3.8/site-packages/airflow/example_dags/example_python_decorator.py took 0.295 seconds
[2025-03-25T23:46:21.513+0000] {processor.py:161} INFO - Started process (PID=173) to work on /home/airflow/.local/lib/python3.8/site-packages/airflow/example_dags/example_python_decorator.py
[2025-03-25T23:46:21.514+0000] {processor.py:830} INFO - Processing file /home/airflow/.local/lib/python3.8/site-packages/airflow/example_dags/example_python_decorator.py for tasks to queue
[2025-03-25T23:46:21.518+0000] {logging_mixin.py:188} INFO - [2025-03-25T23:46:21.517+0000] {dagbag.py:538} INFO - Filling up the DagBag from /home/airflow/.local/lib/python3.8/site-packages/airflow/example_dags/example_python_decorator.py
[2025-03-25T23:46:21.540+0000] {processor.py:840} INFO - DAG(s) 'example_python_decorator' retrieved from /home/airflow/.local/lib/python3.8/site-packages/airflow/example_dags/example_python_decorator.py
[2025-03-25T23:46:21.586+0000] {logging_mixin.py:188} INFO - [2025-03-25T23:46:21.586+0000] {dag.py:3036} INFO - Sync 1 DAGs
[2025-03-25T23:46:21.611+0000] {logging_mixin.py:188} INFO - [2025-03-25T23:46:21.611+0000] {dag.py:3823} INFO - Setting next_dagrun for example_python_decorator to None, run_after=None
[2025-03-25T23:46:21.661+0000] {processor.py:183} INFO - Processing /home/airflow/.local/lib/python3.8/site-packages/airflow/example_dags/example_python_decorator.py took 0.152 seconds
[2025-03-25T23:46:51.796+0000] {processor.py:161} INFO - Started process (PID=248) to work on /home/airflow/.local/lib/python3.8/site-packages/airflow/example_dags/example_python_decorator.py
[2025-03-25T23:46:51.798+0000] {processor.py:830} INFO - Processing file /home/airflow/.local/lib/python3.8/site-packages/airflow/example_dags/example_python_decorator.py for tasks to queue
[2025-03-25T23:46:51.800+0000] {logging_mixin.py:188} INFO - [2025-03-25T23:46:51.800+0000] {dagbag.py:538} INFO - Filling up the DagBag from /home/airflow/.local/lib/python3.8/site-packages/airflow/example_dags/example_python_decorator.py
[2025-03-25T23:46:51.821+0000] {processor.py:840} INFO - DAG(s) 'example_python_decorator' retrieved from /home/airflow/.local/lib/python3.8/site-packages/airflow/example_dags/example_python_decorator.py
[2025-03-25T23:46:51.850+0000] {logging_mixin.py:188} INFO - [2025-03-25T23:46:51.850+0000] {dag.py:3036} INFO - Sync 1 DAGs
[2025-03-25T23:46:51.869+0000] {logging_mixin.py:188} INFO - [2025-03-25T23:46:51.868+0000] {dag.py:3823} INFO - Setting next_dagrun for example_python_decorator to None, run_after=None
[2025-03-25T23:46:51.903+0000] {processor.py:183} INFO - Processing /home/airflow/.local/lib/python3.8/site-packages/airflow/example_dags/example_python_decorator.py took 0.111 seconds
[2025-03-25T23:47:22.184+0000] {processor.py:161} INFO - Started process (PID=322) to work on /home/airflow/.local/lib/python3.8/site-packages/airflow/example_dags/example_python_decorator.py
[2025-03-25T23:47:22.185+0000] {processor.py:830} INFO - Processing file /home/airflow/.local/lib/python3.8/site-packages/airflow/example_dags/example_python_decorator.py for tasks to queue
[2025-03-25T23:47:22.188+0000] {logging_mixin.py:188} INFO - [2025-03-25T23:47:22.187+0000] {dagbag.py:538} INFO - Filling up the DagBag from /home/airflow/.local/lib/python3.8/site-packages/airflow/example_dags/example_python_decorator.py
[2025-03-25T23:47:22.211+0000] {processor.py:840} INFO - DAG(s) 'example_python_decorator' retrieved from /home/airflow/.local/lib/python3.8/site-packages/airflow/example_dags/example_python_decorator.py
[2025-03-25T23:47:22.246+0000] {logging_mixin.py:188} INFO - [2025-03-25T23:47:22.246+0000] {dag.py:3036} INFO - Sync 1 DAGs
[2025-03-25T23:47:22.266+0000] {logging_mixin.py:188} INFO - [2025-03-25T23:47:22.266+0000] {dag.py:3823} INFO - Setting next_dagrun for example_python_decorator to None, run_after=None
[2025-03-25T23:47:22.301+0000] {processor.py:183} INFO - Processing /home/airflow/.local/lib/python3.8/site-packages/airflow/example_dags/example_python_decorator.py took 0.121 seconds
[2025-03-25T23:47:52.800+0000] {processor.py:161} INFO - Started process (PID=397) to work on /home/airflow/.local/lib/python3.8/site-packages/airflow/example_dags/example_python_decorator.py
[2025-03-25T23:47:52.801+0000] {processor.py:830} INFO - Processing file /home/airflow/.local/lib/python3.8/site-packages/airflow/example_dags/example_python_decorator.py for tasks to queue
[2025-03-25T23:47:52.804+0000] {logging_mixin.py:188} INFO - [2025-03-25T23:47:52.803+0000] {dagbag.py:538} INFO - Filling up the DagBag from /home/airflow/.local/lib/python3.8/site-packages/airflow/example_dags/example_python_decorator.py
[2025-03-25T23:47:52.822+0000] {processor.py:840} INFO - DAG(s) 'example_python_decorator' retrieved from /home/airflow/.local/lib/python3.8/site-packages/airflow/example_dags/example_python_decorator.py
[2025-03-25T23:47:52.855+0000] {logging_mixin.py:188} INFO - [2025-03-25T23:47:52.855+0000] {dag.py:3036} INFO - Sync 1 DAGs
[2025-03-25T23:47:52.875+0000] {logging_mixin.py:188} INFO - [2025-03-25T23:47:52.875+0000] {dag.py:3823} INFO - Setting next_dagrun for example_python_decorator to None, run_after=None
[2025-03-25T23:47:52.910+0000] {processor.py:183} INFO - Processing /home/airflow/.local/lib/python3.8/site-packages/airflow/example_dags/example_python_decorator.py took 0.115 seconds
[2025-03-25T23:48:23.699+0000] {processor.py:161} INFO - Started process (PID=471) to work on /home/airflow/.local/lib/python3.8/site-packages/airflow/example_dags/example_python_decorator.py
[2025-03-25T23:48:23.701+0000] {processor.py:830} INFO - Processing file /home/airflow/.local/lib/python3.8/site-packages/airflow/example_dags/example_python_decorator.py for tasks to queue
[2025-03-25T23:48:23.705+0000] {logging_mixin.py:188} INFO - [2025-03-25T23:48:23.704+0000] {dagbag.py:538} INFO - Filling up the DagBag from /home/airflow/.local/lib/python3.8/site-packages/airflow/example_dags/example_python_decorator.py
[2025-03-25T23:48:23.730+0000] {processor.py:840} INFO - DAG(s) 'example_python_decorator' retrieved from /home/airflow/.local/lib/python3.8/site-packages/airflow/example_dags/example_python_decorator.py
[2025-03-25T23:48:23.767+0000] {logging_mixin.py:188} INFO - [2025-03-25T23:48:23.767+0000] {dag.py:3036} INFO - Sync 1 DAGs
[2025-03-25T23:48:23.786+0000] {logging_mixin.py:188} INFO - [2025-03-25T23:48:23.786+0000] {dag.py:3823} INFO - Setting next_dagrun for example_python_decorator to None, run_after=None
[2025-03-25T23:48:23.822+0000] {processor.py:183} INFO - Processing /home/airflow/.local/lib/python3.8/site-packages/airflow/example_dags/example_python_decorator.py took 0.127 seconds
[2025-03-25T23:48:54.494+0000] {processor.py:161} INFO - Started process (PID=545) to work on /home/airflow/.local/lib/python3.8/site-packages/airflow/example_dags/example_python_decorator.py
[2025-03-25T23:48:54.496+0000] {processor.py:830} INFO - Processing file /home/airflow/.local/lib/python3.8/site-packages/airflow/example_dags/example_python_decorator.py for tasks to queue
[2025-03-25T23:48:54.499+0000] {logging_mixin.py:188} INFO - [2025-03-25T23:48:54.498+0000] {dagbag.py:538} INFO - Filling up the DagBag from /home/airflow/.local/lib/python3.8/site-packages/airflow/example_dags/example_python_decorator.py
[2025-03-25T23:48:54.526+0000] {processor.py:840} INFO - DAG(s) 'example_python_decorator' retrieved from /home/airflow/.local/lib/python3.8/site-packages/airflow/example_dags/example_python_decorator.py
[2025-03-25T23:48:54.562+0000] {logging_mixin.py:188} INFO - [2025-03-25T23:48:54.562+0000] {dag.py:3036} INFO - Sync 1 DAGs
[2025-03-25T23:48:54.586+0000] {logging_mixin.py:188} INFO - [2025-03-25T23:48:54.586+0000] {dag.py:3823} INFO - Setting next_dagrun for example_python_decorator to None, run_after=None
[2025-03-25T23:48:54.637+0000] {processor.py:183} INFO - Processing /home/airflow/.local/lib/python3.8/site-packages/airflow/example_dags/example_python_decorator.py took 0.149 seconds
[2025-03-25T23:49:24.972+0000] {processor.py:161} INFO - Started process (PID=618) to work on /home/airflow/.local/lib/python3.8/site-packages/airflow/example_dags/example_python_decorator.py
[2025-03-25T23:49:24.975+0000] {processor.py:830} INFO - Processing file /home/airflow/.local/lib/python3.8/site-packages/airflow/example_dags/example_python_decorator.py for tasks to queue
[2025-03-25T23:49:24.979+0000] {logging_mixin.py:188} INFO - [2025-03-25T23:49:24.978+0000] {dagbag.py:538} INFO - Filling up the DagBag from /home/airflow/.local/lib/python3.8/site-packages/airflow/example_dags/example_python_decorator.py
[2025-03-25T23:49:25.002+0000] {processor.py:840} INFO - DAG(s) 'example_python_decorator' retrieved from /home/airflow/.local/lib/python3.8/site-packages/airflow/example_dags/example_python_decorator.py
[2025-03-25T23:49:25.039+0000] {logging_mixin.py:188} INFO - [2025-03-25T23:49:25.038+0000] {dag.py:3036} INFO - Sync 1 DAGs
[2025-03-25T23:49:25.063+0000] {logging_mixin.py:188} INFO - [2025-03-25T23:49:25.063+0000] {dag.py:3823} INFO - Setting next_dagrun for example_python_decorator to None, run_after=None
[2025-03-25T23:49:25.105+0000] {processor.py:183} INFO - Processing /home/airflow/.local/lib/python3.8/site-packages/airflow/example_dags/example_python_decorator.py took 0.137 seconds
[2025-03-25T23:49:55.185+0000] {processor.py:161} INFO - Started process (PID=691) to work on /home/airflow/.local/lib/python3.8/site-packages/airflow/example_dags/example_python_decorator.py
[2025-03-25T23:49:55.187+0000] {processor.py:830} INFO - Processing file /home/airflow/.local/lib/python3.8/site-packages/airflow/example_dags/example_python_decorator.py for tasks to queue
[2025-03-25T23:49:55.190+0000] {logging_mixin.py:188} INFO - [2025-03-25T23:49:55.189+0000] {dagbag.py:538} INFO - Filling up the DagBag from /home/airflow/.local/lib/python3.8/site-packages/airflow/example_dags/example_python_decorator.py
[2025-03-25T23:49:55.210+0000] {processor.py:840} INFO - DAG(s) 'example_python_decorator' retrieved from /home/airflow/.local/lib/python3.8/site-packages/airflow/example_dags/example_python_decorator.py
[2025-03-25T23:49:55.248+0000] {logging_mixin.py:188} INFO - [2025-03-25T23:49:55.247+0000] {dag.py:3036} INFO - Sync 1 DAGs
[2025-03-25T23:49:55.269+0000] {logging_mixin.py:188} INFO - [2025-03-25T23:49:55.269+0000] {dag.py:3823} INFO - Setting next_dagrun for example_python_decorator to None, run_after=None
[2025-03-25T23:49:55.305+0000] {processor.py:183} INFO - Processing /home/airflow/.local/lib/python3.8/site-packages/airflow/example_dags/example_python_decorator.py took 0.124 seconds
[2025-03-25T23:50:25.635+0000] {processor.py:161} INFO - Started process (PID=764) to work on /home/airflow/.local/lib/python3.8/site-packages/airflow/example_dags/example_python_decorator.py
[2025-03-25T23:50:25.637+0000] {processor.py:830} INFO - Processing file /home/airflow/.local/lib/python3.8/site-packages/airflow/example_dags/example_python_decorator.py for tasks to queue
[2025-03-25T23:50:25.640+0000] {logging_mixin.py:188} INFO - [2025-03-25T23:50:25.639+0000] {dagbag.py:538} INFO - Filling up the DagBag from /home/airflow/.local/lib/python3.8/site-packages/airflow/example_dags/example_python_decorator.py
[2025-03-25T23:50:25.663+0000] {processor.py:840} INFO - DAG(s) 'example_python_decorator' retrieved from /home/airflow/.local/lib/python3.8/site-packages/airflow/example_dags/example_python_decorator.py
[2025-03-25T23:50:25.698+0000] {logging_mixin.py:188} INFO - [2025-03-25T23:50:25.698+0000] {dag.py:3036} INFO - Sync 1 DAGs
[2025-03-25T23:50:25.716+0000] {logging_mixin.py:188} INFO - [2025-03-25T23:50:25.716+0000] {dag.py:3823} INFO - Setting next_dagrun for example_python_decorator to None, run_after=None
[2025-03-25T23:50:25.749+0000] {processor.py:183} INFO - Processing /home/airflow/.local/lib/python3.8/site-packages/airflow/example_dags/example_python_decorator.py took 0.118 seconds
[2025-03-25T23:50:56.852+0000] {processor.py:161} INFO - Started process (PID=841) to work on /home/airflow/.local/lib/python3.8/site-packages/airflow/example_dags/example_python_decorator.py
[2025-03-25T23:50:56.853+0000] {processor.py:830} INFO - Processing file /home/airflow/.local/lib/python3.8/site-packages/airflow/example_dags/example_python_decorator.py for tasks to queue
[2025-03-25T23:50:56.856+0000] {logging_mixin.py:188} INFO - [2025-03-25T23:50:56.856+0000] {dagbag.py:538} INFO - Filling up the DagBag from /home/airflow/.local/lib/python3.8/site-packages/airflow/example_dags/example_python_decorator.py
[2025-03-25T23:50:56.873+0000] {processor.py:840} INFO - DAG(s) 'example_python_decorator' retrieved from /home/airflow/.local/lib/python3.8/site-packages/airflow/example_dags/example_python_decorator.py
[2025-03-25T23:50:56.906+0000] {logging_mixin.py:188} INFO - [2025-03-25T23:50:56.905+0000] {dag.py:3036} INFO - Sync 1 DAGs
[2025-03-25T23:50:56.925+0000] {logging_mixin.py:188} INFO - [2025-03-25T23:50:56.924+0000] {dag.py:3823} INFO - Setting next_dagrun for example_python_decorator to None, run_after=None
[2025-03-25T23:50:56.956+0000] {processor.py:183} INFO - Processing /home/airflow/.local/lib/python3.8/site-packages/airflow/example_dags/example_python_decorator.py took 0.107 seconds
[2025-03-25T23:51:27.013+0000] {processor.py:161} INFO - Started process (PID=915) to work on /home/airflow/.local/lib/python3.8/site-packages/airflow/example_dags/example_python_decorator.py
[2025-03-25T23:51:27.015+0000] {processor.py:830} INFO - Processing file /home/airflow/.local/lib/python3.8/site-packages/airflow/example_dags/example_python_decorator.py for tasks to queue
[2025-03-25T23:51:27.017+0000] {logging_mixin.py:188} INFO - [2025-03-25T23:51:27.017+0000] {dagbag.py:538} INFO - Filling up the DagBag from /home/airflow/.local/lib/python3.8/site-packages/airflow/example_dags/example_python_decorator.py
[2025-03-25T23:51:27.043+0000] {processor.py:840} INFO - DAG(s) 'example_python_decorator' retrieved from /home/airflow/.local/lib/python3.8/site-packages/airflow/example_dags/example_python_decorator.py
[2025-03-25T23:51:27.087+0000] {logging_mixin.py:188} INFO - [2025-03-25T23:51:27.086+0000] {dag.py:3036} INFO - Sync 1 DAGs
[2025-03-25T23:51:27.114+0000] {logging_mixin.py:188} INFO - [2025-03-25T23:51:27.113+0000] {dag.py:3823} INFO - Setting next_dagrun for example_python_decorator to None, run_after=None
[2025-03-25T23:51:27.157+0000] {processor.py:183} INFO - Processing /home/airflow/.local/lib/python3.8/site-packages/airflow/example_dags/example_python_decorator.py took 0.149 seconds
[2025-03-25T23:51:57.310+0000] {processor.py:161} INFO - Started process (PID=989) to work on /home/airflow/.local/lib/python3.8/site-packages/airflow/example_dags/example_python_decorator.py
[2025-03-25T23:51:57.311+0000] {processor.py:830} INFO - Processing file /home/airflow/.local/lib/python3.8/site-packages/airflow/example_dags/example_python_decorator.py for tasks to queue
[2025-03-25T23:51:57.314+0000] {logging_mixin.py:188} INFO - [2025-03-25T23:51:57.313+0000] {dagbag.py:538} INFO - Filling up the DagBag from /home/airflow/.local/lib/python3.8/site-packages/airflow/example_dags/example_python_decorator.py
[2025-03-25T23:51:57.335+0000] {processor.py:840} INFO - DAG(s) 'example_python_decorator' retrieved from /home/airflow/.local/lib/python3.8/site-packages/airflow/example_dags/example_python_decorator.py
[2025-03-25T23:51:57.373+0000] {logging_mixin.py:188} INFO - [2025-03-25T23:51:57.372+0000] {dag.py:3036} INFO - Sync 1 DAGs
[2025-03-25T23:51:57.395+0000] {logging_mixin.py:188} INFO - [2025-03-25T23:51:57.394+0000] {dag.py:3823} INFO - Setting next_dagrun for example_python_decorator to None, run_after=None
[2025-03-25T23:51:57.432+0000] {processor.py:183} INFO - Processing /home/airflow/.local/lib/python3.8/site-packages/airflow/example_dags/example_python_decorator.py took 0.127 seconds
[2025-03-25T23:52:27.996+0000] {processor.py:161} INFO - Started process (PID=1064) to work on /home/airflow/.local/lib/python3.8/site-packages/airflow/example_dags/example_python_decorator.py
[2025-03-25T23:52:27.998+0000] {processor.py:830} INFO - Processing file /home/airflow/.local/lib/python3.8/site-packages/airflow/example_dags/example_python_decorator.py for tasks to queue
[2025-03-25T23:52:28.000+0000] {logging_mixin.py:188} INFO - [2025-03-25T23:52:28.000+0000] {dagbag.py:538} INFO - Filling up the DagBag from /home/airflow/.local/lib/python3.8/site-packages/airflow/example_dags/example_python_decorator.py
[2025-03-25T23:52:28.016+0000] {processor.py:840} INFO - DAG(s) 'example_python_decorator' retrieved from /home/airflow/.local/lib/python3.8/site-packages/airflow/example_dags/example_python_decorator.py
[2025-03-25T23:52:28.046+0000] {logging_mixin.py:188} INFO - [2025-03-25T23:52:28.046+0000] {dag.py:3036} INFO - Sync 1 DAGs
[2025-03-25T23:52:28.062+0000] {logging_mixin.py:188} INFO - [2025-03-25T23:52:28.061+0000] {dag.py:3823} INFO - Setting next_dagrun for example_python_decorator to None, run_after=None
[2025-03-25T23:52:28.089+0000] {processor.py:183} INFO - Processing /home/airflow/.local/lib/python3.8/site-packages/airflow/example_dags/example_python_decorator.py took 0.097 seconds
[2025-03-25T23:52:58.292+0000] {processor.py:161} INFO - Started process (PID=1145) to work on /home/airflow/.local/lib/python3.8/site-packages/airflow/example_dags/example_python_decorator.py
[2025-03-25T23:52:58.293+0000] {processor.py:830} INFO - Processing file /home/airflow/.local/lib/python3.8/site-packages/airflow/example_dags/example_python_decorator.py for tasks to queue
[2025-03-25T23:52:58.296+0000] {logging_mixin.py:188} INFO - [2025-03-25T23:52:58.296+0000] {dagbag.py:538} INFO - Filling up the DagBag from /home/airflow/.local/lib/python3.8/site-packages/airflow/example_dags/example_python_decorator.py
[2025-03-25T23:52:58.313+0000] {processor.py:840} INFO - DAG(s) 'example_python_decorator' retrieved from /home/airflow/.local/lib/python3.8/site-packages/airflow/example_dags/example_python_decorator.py
[2025-03-25T23:52:58.356+0000] {logging_mixin.py:188} INFO - [2025-03-25T23:52:58.356+0000] {dag.py:3036} INFO - Sync 1 DAGs
[2025-03-25T23:52:58.377+0000] {logging_mixin.py:188} INFO - [2025-03-25T23:52:58.376+0000] {dag.py:3823} INFO - Setting next_dagrun for example_python_decorator to None, run_after=None
[2025-03-25T23:52:58.412+0000] {processor.py:183} INFO - Processing /home/airflow/.local/lib/python3.8/site-packages/airflow/example_dags/example_python_decorator.py took 0.125 seconds
[2025-03-25T23:53:28.949+0000] {processor.py:161} INFO - Started process (PID=1220) to work on /home/airflow/.local/lib/python3.8/site-packages/airflow/example_dags/example_python_decorator.py
[2025-03-25T23:53:28.950+0000] {processor.py:830} INFO - Processing file /home/airflow/.local/lib/python3.8/site-packages/airflow/example_dags/example_python_decorator.py for tasks to queue
[2025-03-25T23:53:28.953+0000] {logging_mixin.py:188} INFO - [2025-03-25T23:53:28.952+0000] {dagbag.py:538} INFO - Filling up the DagBag from /home/airflow/.local/lib/python3.8/site-packages/airflow/example_dags/example_python_decorator.py
[2025-03-25T23:53:28.972+0000] {processor.py:840} INFO - DAG(s) 'example_python_decorator' retrieved from /home/airflow/.local/lib/python3.8/site-packages/airflow/example_dags/example_python_decorator.py
[2025-03-25T23:53:29.006+0000] {logging_mixin.py:188} INFO - [2025-03-25T23:53:29.005+0000] {dag.py:3036} INFO - Sync 1 DAGs
[2025-03-25T23:53:29.049+0000] {logging_mixin.py:188} INFO - [2025-03-25T23:53:29.048+0000] {dag.py:3823} INFO - Setting next_dagrun for example_python_decorator to None, run_after=None
[2025-03-25T23:53:29.126+0000] {processor.py:183} INFO - Processing /home/airflow/.local/lib/python3.8/site-packages/airflow/example_dags/example_python_decorator.py took 0.182 seconds
[2025-03-25T23:55:38.483+0000] {processor.py:161} INFO - Started process (PID=98) to work on /home/airflow/.local/lib/python3.8/site-packages/airflow/example_dags/example_python_decorator.py
[2025-03-25T23:55:38.485+0000] {processor.py:830} INFO - Processing file /home/airflow/.local/lib/python3.8/site-packages/airflow/example_dags/example_python_decorator.py for tasks to queue
[2025-03-25T23:55:38.488+0000] {logging_mixin.py:188} INFO - [2025-03-25T23:55:38.487+0000] {dagbag.py:538} INFO - Filling up the DagBag from /home/airflow/.local/lib/python3.8/site-packages/airflow/example_dags/example_python_decorator.py
[2025-03-25T23:55:38.518+0000] {processor.py:840} INFO - DAG(s) 'example_python_decorator' retrieved from /home/airflow/.local/lib/python3.8/site-packages/airflow/example_dags/example_python_decorator.py
[2025-03-25T23:55:38.735+0000] {logging_mixin.py:188} INFO - [2025-03-25T23:55:38.733+0000] {override.py:1769} INFO - Created Permission View: can edit on DAG:example_python_decorator
[2025-03-25T23:55:38.756+0000] {logging_mixin.py:188} INFO - [2025-03-25T23:55:38.756+0000] {override.py:1769} INFO - Created Permission View: can delete on DAG:example_python_decorator
[2025-03-25T23:55:38.775+0000] {logging_mixin.py:188} INFO - [2025-03-25T23:55:38.775+0000] {override.py:1769} INFO - Created Permission View: can read on DAG:example_python_decorator
[2025-03-25T23:55:38.777+0000] {logging_mixin.py:188} INFO - [2025-03-25T23:55:38.777+0000] {dag.py:3036} INFO - Sync 1 DAGs
[2025-03-25T23:55:38.805+0000] {logging_mixin.py:188} INFO - [2025-03-25T23:55:38.804+0000] {dag.py:3058} INFO - Creating ORM DAG for example_python_decorator
[2025-03-25T23:55:38.807+0000] {logging_mixin.py:188} INFO - [2025-03-25T23:55:38.806+0000] {dag.py:3823} INFO - Setting next_dagrun for example_python_decorator to None, run_after=None
[2025-03-25T23:55:38.853+0000] {processor.py:183} INFO - Processing /home/airflow/.local/lib/python3.8/site-packages/airflow/example_dags/example_python_decorator.py took 0.374 seconds
[2025-03-25T23:56:09.654+0000] {processor.py:161} INFO - Started process (PID=172) to work on /home/airflow/.local/lib/python3.8/site-packages/airflow/example_dags/example_python_decorator.py
[2025-03-25T23:56:09.656+0000] {processor.py:830} INFO - Processing file /home/airflow/.local/lib/python3.8/site-packages/airflow/example_dags/example_python_decorator.py for tasks to queue
[2025-03-25T23:56:09.659+0000] {logging_mixin.py:188} INFO - [2025-03-25T23:56:09.659+0000] {dagbag.py:538} INFO - Filling up the DagBag from /home/airflow/.local/lib/python3.8/site-packages/airflow/example_dags/example_python_decorator.py
[2025-03-25T23:56:09.679+0000] {processor.py:840} INFO - DAG(s) 'example_python_decorator' retrieved from /home/airflow/.local/lib/python3.8/site-packages/airflow/example_dags/example_python_decorator.py
[2025-03-25T23:56:09.731+0000] {logging_mixin.py:188} INFO - [2025-03-25T23:56:09.731+0000] {dag.py:3036} INFO - Sync 1 DAGs
[2025-03-25T23:56:09.754+0000] {logging_mixin.py:188} INFO - [2025-03-25T23:56:09.754+0000] {dag.py:3823} INFO - Setting next_dagrun for example_python_decorator to None, run_after=None
[2025-03-25T23:56:09.793+0000] {processor.py:183} INFO - Processing /home/airflow/.local/lib/python3.8/site-packages/airflow/example_dags/example_python_decorator.py took 0.143 seconds
[2025-03-25T23:56:40.430+0000] {processor.py:161} INFO - Started process (PID=245) to work on /home/airflow/.local/lib/python3.8/site-packages/airflow/example_dags/example_python_decorator.py
[2025-03-25T23:56:40.431+0000] {processor.py:830} INFO - Processing file /home/airflow/.local/lib/python3.8/site-packages/airflow/example_dags/example_python_decorator.py for tasks to queue
[2025-03-25T23:56:40.434+0000] {logging_mixin.py:188} INFO - [2025-03-25T23:56:40.433+0000] {dagbag.py:538} INFO - Filling up the DagBag from /home/airflow/.local/lib/python3.8/site-packages/airflow/example_dags/example_python_decorator.py
[2025-03-25T23:56:40.451+0000] {processor.py:840} INFO - DAG(s) 'example_python_decorator' retrieved from /home/airflow/.local/lib/python3.8/site-packages/airflow/example_dags/example_python_decorator.py
[2025-03-25T23:56:40.491+0000] {logging_mixin.py:188} INFO - [2025-03-25T23:56:40.490+0000] {dag.py:3036} INFO - Sync 1 DAGs
[2025-03-25T23:56:40.515+0000] {logging_mixin.py:188} INFO - [2025-03-25T23:56:40.514+0000] {dag.py:3823} INFO - Setting next_dagrun for example_python_decorator to None, run_after=None
[2025-03-25T23:56:40.553+0000] {processor.py:183} INFO - Processing /home/airflow/.local/lib/python3.8/site-packages/airflow/example_dags/example_python_decorator.py took 0.127 seconds
[2025-03-25T23:57:10.848+0000] {processor.py:161} INFO - Started process (PID=319) to work on /home/airflow/.local/lib/python3.8/site-packages/airflow/example_dags/example_python_decorator.py
[2025-03-25T23:57:10.849+0000] {processor.py:830} INFO - Processing file /home/airflow/.local/lib/python3.8/site-packages/airflow/example_dags/example_python_decorator.py for tasks to queue
[2025-03-25T23:57:10.852+0000] {logging_mixin.py:188} INFO - [2025-03-25T23:57:10.851+0000] {dagbag.py:538} INFO - Filling up the DagBag from /home/airflow/.local/lib/python3.8/site-packages/airflow/example_dags/example_python_decorator.py
[2025-03-25T23:57:10.877+0000] {processor.py:840} INFO - DAG(s) 'example_python_decorator' retrieved from /home/airflow/.local/lib/python3.8/site-packages/airflow/example_dags/example_python_decorator.py
[2025-03-25T23:57:10.911+0000] {logging_mixin.py:188} INFO - [2025-03-25T23:57:10.910+0000] {dag.py:3036} INFO - Sync 1 DAGs
[2025-03-25T23:57:10.931+0000] {logging_mixin.py:188} INFO - [2025-03-25T23:57:10.931+0000] {dag.py:3823} INFO - Setting next_dagrun for example_python_decorator to None, run_after=None
[2025-03-25T23:57:10.981+0000] {processor.py:183} INFO - Processing /home/airflow/.local/lib/python3.8/site-packages/airflow/example_dags/example_python_decorator.py took 0.138 seconds
[2025-03-25T23:57:41.750+0000] {processor.py:161} INFO - Started process (PID=394) to work on /home/airflow/.local/lib/python3.8/site-packages/airflow/example_dags/example_python_decorator.py
[2025-03-25T23:57:41.752+0000] {processor.py:830} INFO - Processing file /home/airflow/.local/lib/python3.8/site-packages/airflow/example_dags/example_python_decorator.py for tasks to queue
[2025-03-25T23:57:41.755+0000] {logging_mixin.py:188} INFO - [2025-03-25T23:57:41.754+0000] {dagbag.py:538} INFO - Filling up the DagBag from /home/airflow/.local/lib/python3.8/site-packages/airflow/example_dags/example_python_decorator.py
[2025-03-25T23:57:41.770+0000] {processor.py:840} INFO - DAG(s) 'example_python_decorator' retrieved from /home/airflow/.local/lib/python3.8/site-packages/airflow/example_dags/example_python_decorator.py
[2025-03-25T23:57:41.800+0000] {logging_mixin.py:188} INFO - [2025-03-25T23:57:41.800+0000] {dag.py:3036} INFO - Sync 1 DAGs
[2025-03-25T23:57:41.818+0000] {logging_mixin.py:188} INFO - [2025-03-25T23:57:41.818+0000] {dag.py:3823} INFO - Setting next_dagrun for example_python_decorator to None, run_after=None
[2025-03-25T23:57:41.850+0000] {processor.py:183} INFO - Processing /home/airflow/.local/lib/python3.8/site-packages/airflow/example_dags/example_python_decorator.py took 0.103 seconds
[2025-03-25T23:58:12.060+0000] {processor.py:161} INFO - Started process (PID=468) to work on /home/airflow/.local/lib/python3.8/site-packages/airflow/example_dags/example_python_decorator.py
[2025-03-25T23:58:12.061+0000] {processor.py:830} INFO - Processing file /home/airflow/.local/lib/python3.8/site-packages/airflow/example_dags/example_python_decorator.py for tasks to queue
[2025-03-25T23:58:12.065+0000] {logging_mixin.py:188} INFO - [2025-03-25T23:58:12.064+0000] {dagbag.py:538} INFO - Filling up the DagBag from /home/airflow/.local/lib/python3.8/site-packages/airflow/example_dags/example_python_decorator.py
[2025-03-25T23:58:12.082+0000] {processor.py:840} INFO - DAG(s) 'example_python_decorator' retrieved from /home/airflow/.local/lib/python3.8/site-packages/airflow/example_dags/example_python_decorator.py
[2025-03-25T23:58:12.119+0000] {logging_mixin.py:188} INFO - [2025-03-25T23:58:12.118+0000] {dag.py:3036} INFO - Sync 1 DAGs
[2025-03-25T23:58:12.137+0000] {logging_mixin.py:188} INFO - [2025-03-25T23:58:12.137+0000] {dag.py:3823} INFO - Setting next_dagrun for example_python_decorator to None, run_after=None
[2025-03-25T23:58:12.178+0000] {processor.py:183} INFO - Processing /home/airflow/.local/lib/python3.8/site-packages/airflow/example_dags/example_python_decorator.py took 0.122 seconds
[2025-03-25T23:58:42.770+0000] {processor.py:161} INFO - Started process (PID=542) to work on /home/airflow/.local/lib/python3.8/site-packages/airflow/example_dags/example_python_decorator.py
[2025-03-25T23:58:42.772+0000] {processor.py:830} INFO - Processing file /home/airflow/.local/lib/python3.8/site-packages/airflow/example_dags/example_python_decorator.py for tasks to queue
[2025-03-25T23:58:42.775+0000] {logging_mixin.py:188} INFO - [2025-03-25T23:58:42.775+0000] {dagbag.py:538} INFO - Filling up the DagBag from /home/airflow/.local/lib/python3.8/site-packages/airflow/example_dags/example_python_decorator.py
[2025-03-25T23:58:42.795+0000] {processor.py:840} INFO - DAG(s) 'example_python_decorator' retrieved from /home/airflow/.local/lib/python3.8/site-packages/airflow/example_dags/example_python_decorator.py
[2025-03-25T23:58:42.831+0000] {logging_mixin.py:188} INFO - [2025-03-25T23:58:42.831+0000] {dag.py:3036} INFO - Sync 1 DAGs
[2025-03-25T23:58:42.855+0000] {logging_mixin.py:188} INFO - [2025-03-25T23:58:42.855+0000] {dag.py:3823} INFO - Setting next_dagrun for example_python_decorator to None, run_after=None
[2025-03-25T23:58:42.897+0000] {processor.py:183} INFO - Processing /home/airflow/.local/lib/python3.8/site-packages/airflow/example_dags/example_python_decorator.py took 0.132 seconds
[2025-03-25T23:59:12.985+0000] {processor.py:161} INFO - Started process (PID=607) to work on /home/airflow/.local/lib/python3.8/site-packages/airflow/example_dags/example_python_decorator.py
[2025-03-25T23:59:12.987+0000] {processor.py:830} INFO - Processing file /home/airflow/.local/lib/python3.8/site-packages/airflow/example_dags/example_python_decorator.py for tasks to queue
[2025-03-25T23:59:12.991+0000] {logging_mixin.py:188} INFO - [2025-03-25T23:59:12.990+0000] {dagbag.py:538} INFO - Filling up the DagBag from /home/airflow/.local/lib/python3.8/site-packages/airflow/example_dags/example_python_decorator.py
[2025-03-25T23:59:13.022+0000] {processor.py:840} INFO - DAG(s) 'example_python_decorator' retrieved from /home/airflow/.local/lib/python3.8/site-packages/airflow/example_dags/example_python_decorator.py
[2025-03-25T23:59:13.066+0000] {logging_mixin.py:188} INFO - [2025-03-25T23:59:13.065+0000] {dag.py:3036} INFO - Sync 1 DAGs
[2025-03-25T23:59:13.096+0000] {logging_mixin.py:188} INFO - [2025-03-25T23:59:13.095+0000] {dag.py:3823} INFO - Setting next_dagrun for example_python_decorator to None, run_after=None
[2025-03-25T23:59:13.141+0000] {processor.py:183} INFO - Processing /home/airflow/.local/lib/python3.8/site-packages/airflow/example_dags/example_python_decorator.py took 0.161 seconds
[2025-03-25T23:59:43.415+0000] {processor.py:161} INFO - Started process (PID=681) to work on /home/airflow/.local/lib/python3.8/site-packages/airflow/example_dags/example_python_decorator.py
[2025-03-25T23:59:43.417+0000] {processor.py:830} INFO - Processing file /home/airflow/.local/lib/python3.8/site-packages/airflow/example_dags/example_python_decorator.py for tasks to queue
[2025-03-25T23:59:43.421+0000] {logging_mixin.py:188} INFO - [2025-03-25T23:59:43.421+0000] {dagbag.py:538} INFO - Filling up the DagBag from /home/airflow/.local/lib/python3.8/site-packages/airflow/example_dags/example_python_decorator.py
[2025-03-25T23:59:43.445+0000] {processor.py:840} INFO - DAG(s) 'example_python_decorator' retrieved from /home/airflow/.local/lib/python3.8/site-packages/airflow/example_dags/example_python_decorator.py
[2025-03-25T23:59:43.484+0000] {logging_mixin.py:188} INFO - [2025-03-25T23:59:43.484+0000] {dag.py:3036} INFO - Sync 1 DAGs
[2025-03-25T23:59:43.510+0000] {logging_mixin.py:188} INFO - [2025-03-25T23:59:43.510+0000] {dag.py:3823} INFO - Setting next_dagrun for example_python_decorator to None, run_after=None
[2025-03-25T23:59:43.551+0000] {processor.py:183} INFO - Processing /home/airflow/.local/lib/python3.8/site-packages/airflow/example_dags/example_python_decorator.py took 0.143 seconds
