[2025-03-25T23:45:49.786+0000] {processor.py:161} INFO - Started process (PID=96) to work on /home/airflow/.local/lib/python3.8/site-packages/airflow/example_dags/example_params_ui_tutorial.py
[2025-03-25T23:45:49.788+0000] {processor.py:830} INFO - Processing file /home/airflow/.local/lib/python3.8/site-packages/airflow/example_dags/example_params_ui_tutorial.py for tasks to queue
[2025-03-25T23:45:49.792+0000] {logging_mixin.py:188} INFO - [2025-03-25T23:45:49.791+0000] {dagbag.py:538} INFO - Filling up the DagBag from /home/airflow/.local/lib/python3.8/site-packages/airflow/example_dags/example_params_ui_tutorial.py
[2025-03-25T23:45:49.828+0000] {processor.py:840} INFO - DAG(s) 'example_params_ui_tutorial' retrieved from /home/airflow/.local/lib/python3.8/site-packages/airflow/example_dags/example_params_ui_tutorial.py
[2025-03-25T23:45:50.204+0000] {logging_mixin.py:188} INFO - [2025-03-25T23:45:50.201+0000] {override.py:1769} INFO - Created Permission View: can edit on DAG:example_params_ui_tutorial
[2025-03-25T23:45:50.287+0000] {logging_mixin.py:188} INFO - [2025-03-25T23:45:50.286+0000] {override.py:1769} INFO - Created Permission View: can delete on DAG:example_params_ui_tutorial
[2025-03-25T23:45:50.319+0000] {logging_mixin.py:188} INFO - [2025-03-25T23:45:50.318+0000] {override.py:1769} INFO - Created Permission View: can read on DAG:example_params_ui_tutorial
[2025-03-25T23:45:50.320+0000] {logging_mixin.py:188} INFO - [2025-03-25T23:45:50.320+0000] {dag.py:3036} INFO - Sync 1 DAGs
[2025-03-25T23:45:50.346+0000] {logging_mixin.py:188} INFO - [2025-03-25T23:45:50.346+0000] {dag.py:3058} INFO - Creating ORM DAG for example_params_ui_tutorial
[2025-03-25T23:45:50.348+0000] {logging_mixin.py:188} INFO - [2025-03-25T23:45:50.347+0000] {dag.py:3823} INFO - Setting next_dagrun for example_params_ui_tutorial to None, run_after=None
[2025-03-25T23:45:50.382+0000] {processor.py:183} INFO - Processing /home/airflow/.local/lib/python3.8/site-packages/airflow/example_dags/example_params_ui_tutorial.py took 0.601 seconds
[2025-03-25T23:46:20.633+0000] {processor.py:161} INFO - Started process (PID=171) to work on /home/airflow/.local/lib/python3.8/site-packages/airflow/example_dags/example_params_ui_tutorial.py
[2025-03-25T23:46:20.634+0000] {processor.py:830} INFO - Processing file /home/airflow/.local/lib/python3.8/site-packages/airflow/example_dags/example_params_ui_tutorial.py for tasks to queue
[2025-03-25T23:46:20.637+0000] {logging_mixin.py:188} INFO - [2025-03-25T23:46:20.636+0000] {dagbag.py:538} INFO - Filling up the DagBag from /home/airflow/.local/lib/python3.8/site-packages/airflow/example_dags/example_params_ui_tutorial.py
[2025-03-25T23:46:20.659+0000] {processor.py:840} INFO - DAG(s) 'example_params_ui_tutorial' retrieved from /home/airflow/.local/lib/python3.8/site-packages/airflow/example_dags/example_params_ui_tutorial.py
[2025-03-25T23:46:20.761+0000] {logging_mixin.py:188} INFO - [2025-03-25T23:46:20.761+0000] {dag.py:3036} INFO - Sync 1 DAGs
[2025-03-25T23:46:20.778+0000] {logging_mixin.py:188} INFO - [2025-03-25T23:46:20.778+0000] {dag.py:3823} INFO - Setting next_dagrun for example_params_ui_tutorial to None, run_after=None
[2025-03-25T23:46:20.815+0000] {processor.py:183} INFO - Processing /home/airflow/.local/lib/python3.8/site-packages/airflow/example_dags/example_params_ui_tutorial.py took 0.187 seconds
[2025-03-25T23:46:51.307+0000] {processor.py:161} INFO - Started process (PID=246) to work on /home/airflow/.local/lib/python3.8/site-packages/airflow/example_dags/example_params_ui_tutorial.py
[2025-03-25T23:46:51.308+0000] {processor.py:830} INFO - Processing file /home/airflow/.local/lib/python3.8/site-packages/airflow/example_dags/example_params_ui_tutorial.py for tasks to queue
[2025-03-25T23:46:51.310+0000] {logging_mixin.py:188} INFO - [2025-03-25T23:46:51.310+0000] {dagbag.py:538} INFO - Filling up the DagBag from /home/airflow/.local/lib/python3.8/site-packages/airflow/example_dags/example_params_ui_tutorial.py
[2025-03-25T23:46:51.323+0000] {processor.py:840} INFO - DAG(s) 'example_params_ui_tutorial' retrieved from /home/airflow/.local/lib/python3.8/site-packages/airflow/example_dags/example_params_ui_tutorial.py
[2025-03-25T23:46:51.419+0000] {logging_mixin.py:188} INFO - [2025-03-25T23:46:51.418+0000] {dag.py:3036} INFO - Sync 1 DAGs
[2025-03-25T23:46:51.443+0000] {logging_mixin.py:188} INFO - [2025-03-25T23:46:51.443+0000] {dag.py:3823} INFO - Setting next_dagrun for example_params_ui_tutorial to None, run_after=None
[2025-03-25T23:46:51.472+0000] {processor.py:183} INFO - Processing /home/airflow/.local/lib/python3.8/site-packages/airflow/example_dags/example_params_ui_tutorial.py took 0.169 seconds
[2025-03-25T23:47:21.956+0000] {processor.py:161} INFO - Started process (PID=320) to work on /home/airflow/.local/lib/python3.8/site-packages/airflow/example_dags/example_params_ui_tutorial.py
[2025-03-25T23:47:21.957+0000] {processor.py:830} INFO - Processing file /home/airflow/.local/lib/python3.8/site-packages/airflow/example_dags/example_params_ui_tutorial.py for tasks to queue
[2025-03-25T23:47:21.960+0000] {logging_mixin.py:188} INFO - [2025-03-25T23:47:21.959+0000] {dagbag.py:538} INFO - Filling up the DagBag from /home/airflow/.local/lib/python3.8/site-packages/airflow/example_dags/example_params_ui_tutorial.py
[2025-03-25T23:47:21.979+0000] {processor.py:840} INFO - DAG(s) 'example_params_ui_tutorial' retrieved from /home/airflow/.local/lib/python3.8/site-packages/airflow/example_dags/example_params_ui_tutorial.py
[2025-03-25T23:47:22.070+0000] {logging_mixin.py:188} INFO - [2025-03-25T23:47:22.069+0000] {dag.py:3036} INFO - Sync 1 DAGs
[2025-03-25T23:47:22.090+0000] {logging_mixin.py:188} INFO - [2025-03-25T23:47:22.090+0000] {dag.py:3823} INFO - Setting next_dagrun for example_params_ui_tutorial to None, run_after=None
[2025-03-25T23:47:22.126+0000] {processor.py:183} INFO - Processing /home/airflow/.local/lib/python3.8/site-packages/airflow/example_dags/example_params_ui_tutorial.py took 0.175 seconds
[2025-03-25T23:47:52.580+0000] {processor.py:161} INFO - Started process (PID=395) to work on /home/airflow/.local/lib/python3.8/site-packages/airflow/example_dags/example_params_ui_tutorial.py
[2025-03-25T23:47:52.581+0000] {processor.py:830} INFO - Processing file /home/airflow/.local/lib/python3.8/site-packages/airflow/example_dags/example_params_ui_tutorial.py for tasks to queue
[2025-03-25T23:47:52.584+0000] {logging_mixin.py:188} INFO - [2025-03-25T23:47:52.584+0000] {dagbag.py:538} INFO - Filling up the DagBag from /home/airflow/.local/lib/python3.8/site-packages/airflow/example_dags/example_params_ui_tutorial.py
[2025-03-25T23:47:52.600+0000] {processor.py:840} INFO - DAG(s) 'example_params_ui_tutorial' retrieved from /home/airflow/.local/lib/python3.8/site-packages/airflow/example_dags/example_params_ui_tutorial.py
[2025-03-25T23:47:52.698+0000] {logging_mixin.py:188} INFO - [2025-03-25T23:47:52.697+0000] {dag.py:3036} INFO - Sync 1 DAGs
[2025-03-25T23:47:52.720+0000] {logging_mixin.py:188} INFO - [2025-03-25T23:47:52.719+0000] {dag.py:3823} INFO - Setting next_dagrun for example_params_ui_tutorial to None, run_after=None
[2025-03-25T23:47:52.756+0000] {processor.py:183} INFO - Processing /home/airflow/.local/lib/python3.8/site-packages/airflow/example_dags/example_params_ui_tutorial.py took 0.180 seconds
[2025-03-25T23:48:23.396+0000] {processor.py:161} INFO - Started process (PID=469) to work on /home/airflow/.local/lib/python3.8/site-packages/airflow/example_dags/example_params_ui_tutorial.py
[2025-03-25T23:48:23.397+0000] {processor.py:830} INFO - Processing file /home/airflow/.local/lib/python3.8/site-packages/airflow/example_dags/example_params_ui_tutorial.py for tasks to queue
[2025-03-25T23:48:23.400+0000] {logging_mixin.py:188} INFO - [2025-03-25T23:48:23.400+0000] {dagbag.py:538} INFO - Filling up the DagBag from /home/airflow/.local/lib/python3.8/site-packages/airflow/example_dags/example_params_ui_tutorial.py
[2025-03-25T23:48:23.432+0000] {processor.py:840} INFO - DAG(s) 'example_params_ui_tutorial' retrieved from /home/airflow/.local/lib/python3.8/site-packages/airflow/example_dags/example_params_ui_tutorial.py
[2025-03-25T23:48:23.558+0000] {logging_mixin.py:188} INFO - [2025-03-25T23:48:23.558+0000] {dag.py:3036} INFO - Sync 1 DAGs
[2025-03-25T23:48:23.607+0000] {logging_mixin.py:188} INFO - [2025-03-25T23:48:23.606+0000] {dag.py:3823} INFO - Setting next_dagrun for example_params_ui_tutorial to None, run_after=None
[2025-03-25T23:48:23.651+0000] {processor.py:183} INFO - Processing /home/airflow/.local/lib/python3.8/site-packages/airflow/example_dags/example_params_ui_tutorial.py took 0.259 seconds
[2025-03-25T23:48:53.914+0000] {processor.py:161} INFO - Started process (PID=536) to work on /home/airflow/.local/lib/python3.8/site-packages/airflow/example_dags/example_params_ui_tutorial.py
[2025-03-25T23:48:53.916+0000] {processor.py:830} INFO - Processing file /home/airflow/.local/lib/python3.8/site-packages/airflow/example_dags/example_params_ui_tutorial.py for tasks to queue
[2025-03-25T23:48:53.919+0000] {logging_mixin.py:188} INFO - [2025-03-25T23:48:53.919+0000] {dagbag.py:538} INFO - Filling up the DagBag from /home/airflow/.local/lib/python3.8/site-packages/airflow/example_dags/example_params_ui_tutorial.py
[2025-03-25T23:48:53.939+0000] {processor.py:840} INFO - DAG(s) 'example_params_ui_tutorial' retrieved from /home/airflow/.local/lib/python3.8/site-packages/airflow/example_dags/example_params_ui_tutorial.py
[2025-03-25T23:48:54.063+0000] {logging_mixin.py:188} INFO - [2025-03-25T23:48:54.062+0000] {dag.py:3036} INFO - Sync 1 DAGs
[2025-03-25T23:48:54.084+0000] {logging_mixin.py:188} INFO - [2025-03-25T23:48:54.084+0000] {dag.py:3823} INFO - Setting next_dagrun for example_params_ui_tutorial to None, run_after=None
[2025-03-25T23:48:54.129+0000] {processor.py:183} INFO - Processing /home/airflow/.local/lib/python3.8/site-packages/airflow/example_dags/example_params_ui_tutorial.py took 0.220 seconds
[2025-03-25T23:49:24.686+0000] {processor.py:161} INFO - Started process (PID=615) to work on /home/airflow/.local/lib/python3.8/site-packages/airflow/example_dags/example_params_ui_tutorial.py
[2025-03-25T23:49:24.687+0000] {processor.py:830} INFO - Processing file /home/airflow/.local/lib/python3.8/site-packages/airflow/example_dags/example_params_ui_tutorial.py for tasks to queue
[2025-03-25T23:49:24.691+0000] {logging_mixin.py:188} INFO - [2025-03-25T23:49:24.690+0000] {dagbag.py:538} INFO - Filling up the DagBag from /home/airflow/.local/lib/python3.8/site-packages/airflow/example_dags/example_params_ui_tutorial.py
[2025-03-25T23:49:24.710+0000] {processor.py:840} INFO - DAG(s) 'example_params_ui_tutorial' retrieved from /home/airflow/.local/lib/python3.8/site-packages/airflow/example_dags/example_params_ui_tutorial.py
[2025-03-25T23:49:24.845+0000] {logging_mixin.py:188} INFO - [2025-03-25T23:49:24.844+0000] {dag.py:3036} INFO - Sync 1 DAGs
[2025-03-25T23:49:24.867+0000] {logging_mixin.py:188} INFO - [2025-03-25T23:49:24.867+0000] {dag.py:3823} INFO - Setting next_dagrun for example_params_ui_tutorial to None, run_after=None
[2025-03-25T23:49:24.910+0000] {processor.py:183} INFO - Processing /home/airflow/.local/lib/python3.8/site-packages/airflow/example_dags/example_params_ui_tutorial.py took 0.228 seconds
[2025-03-25T23:49:55.127+0000] {processor.py:161} INFO - Started process (PID=690) to work on /home/airflow/.local/lib/python3.8/site-packages/airflow/example_dags/example_params_ui_tutorial.py
[2025-03-25T23:49:55.129+0000] {processor.py:830} INFO - Processing file /home/airflow/.local/lib/python3.8/site-packages/airflow/example_dags/example_params_ui_tutorial.py for tasks to queue
[2025-03-25T23:49:55.132+0000] {logging_mixin.py:188} INFO - [2025-03-25T23:49:55.131+0000] {dagbag.py:538} INFO - Filling up the DagBag from /home/airflow/.local/lib/python3.8/site-packages/airflow/example_dags/example_params_ui_tutorial.py
[2025-03-25T23:49:55.157+0000] {processor.py:840} INFO - DAG(s) 'example_params_ui_tutorial' retrieved from /home/airflow/.local/lib/python3.8/site-packages/airflow/example_dags/example_params_ui_tutorial.py
[2025-03-25T23:49:55.265+0000] {logging_mixin.py:188} INFO - [2025-03-25T23:49:55.265+0000] {dag.py:3036} INFO - Sync 1 DAGs
[2025-03-25T23:49:55.290+0000] {logging_mixin.py:188} INFO - [2025-03-25T23:49:55.289+0000] {dag.py:3823} INFO - Setting next_dagrun for example_params_ui_tutorial to None, run_after=None
[2025-03-25T23:49:55.325+0000] {processor.py:183} INFO - Processing /home/airflow/.local/lib/python3.8/site-packages/airflow/example_dags/example_params_ui_tutorial.py took 0.203 seconds
[2025-03-25T23:50:25.432+0000] {processor.py:161} INFO - Started process (PID=763) to work on /home/airflow/.local/lib/python3.8/site-packages/airflow/example_dags/example_params_ui_tutorial.py
[2025-03-25T23:50:25.433+0000] {processor.py:830} INFO - Processing file /home/airflow/.local/lib/python3.8/site-packages/airflow/example_dags/example_params_ui_tutorial.py for tasks to queue
[2025-03-25T23:50:25.437+0000] {logging_mixin.py:188} INFO - [2025-03-25T23:50:25.436+0000] {dagbag.py:538} INFO - Filling up the DagBag from /home/airflow/.local/lib/python3.8/site-packages/airflow/example_dags/example_params_ui_tutorial.py
[2025-03-25T23:50:25.450+0000] {processor.py:840} INFO - DAG(s) 'example_params_ui_tutorial' retrieved from /home/airflow/.local/lib/python3.8/site-packages/airflow/example_dags/example_params_ui_tutorial.py
[2025-03-25T23:50:25.554+0000] {logging_mixin.py:188} INFO - [2025-03-25T23:50:25.553+0000] {dag.py:3036} INFO - Sync 1 DAGs
[2025-03-25T23:50:25.574+0000] {logging_mixin.py:188} INFO - [2025-03-25T23:50:25.574+0000] {dag.py:3823} INFO - Setting next_dagrun for example_params_ui_tutorial to None, run_after=None
[2025-03-25T23:50:25.612+0000] {processor.py:183} INFO - Processing /home/airflow/.local/lib/python3.8/site-packages/airflow/example_dags/example_params_ui_tutorial.py took 0.184 seconds
[2025-03-25T23:50:56.437+0000] {processor.py:161} INFO - Started process (PID=839) to work on /home/airflow/.local/lib/python3.8/site-packages/airflow/example_dags/example_params_ui_tutorial.py
[2025-03-25T23:50:56.439+0000] {processor.py:830} INFO - Processing file /home/airflow/.local/lib/python3.8/site-packages/airflow/example_dags/example_params_ui_tutorial.py for tasks to queue
[2025-03-25T23:50:56.443+0000] {logging_mixin.py:188} INFO - [2025-03-25T23:50:56.442+0000] {dagbag.py:538} INFO - Filling up the DagBag from /home/airflow/.local/lib/python3.8/site-packages/airflow/example_dags/example_params_ui_tutorial.py
[2025-03-25T23:50:56.460+0000] {processor.py:840} INFO - DAG(s) 'example_params_ui_tutorial' retrieved from /home/airflow/.local/lib/python3.8/site-packages/airflow/example_dags/example_params_ui_tutorial.py
[2025-03-25T23:50:56.553+0000] {logging_mixin.py:188} INFO - [2025-03-25T23:50:56.553+0000] {dag.py:3036} INFO - Sync 1 DAGs
[2025-03-25T23:50:56.572+0000] {logging_mixin.py:188} INFO - [2025-03-25T23:50:56.572+0000] {dag.py:3823} INFO - Setting next_dagrun for example_params_ui_tutorial to None, run_after=None
[2025-03-25T23:50:56.608+0000] {processor.py:183} INFO - Processing /home/airflow/.local/lib/python3.8/site-packages/airflow/example_dags/example_params_ui_tutorial.py took 0.174 seconds
[2025-03-25T23:51:26.764+0000] {processor.py:161} INFO - Started process (PID=913) to work on /home/airflow/.local/lib/python3.8/site-packages/airflow/example_dags/example_params_ui_tutorial.py
[2025-03-25T23:51:26.765+0000] {processor.py:830} INFO - Processing file /home/airflow/.local/lib/python3.8/site-packages/airflow/example_dags/example_params_ui_tutorial.py for tasks to queue
[2025-03-25T23:51:26.768+0000] {logging_mixin.py:188} INFO - [2025-03-25T23:51:26.767+0000] {dagbag.py:538} INFO - Filling up the DagBag from /home/airflow/.local/lib/python3.8/site-packages/airflow/example_dags/example_params_ui_tutorial.py
[2025-03-25T23:51:26.783+0000] {processor.py:840} INFO - DAG(s) 'example_params_ui_tutorial' retrieved from /home/airflow/.local/lib/python3.8/site-packages/airflow/example_dags/example_params_ui_tutorial.py
[2025-03-25T23:51:26.891+0000] {logging_mixin.py:188} INFO - [2025-03-25T23:51:26.890+0000] {dag.py:3036} INFO - Sync 1 DAGs
[2025-03-25T23:51:26.915+0000] {logging_mixin.py:188} INFO - [2025-03-25T23:51:26.914+0000] {dag.py:3823} INFO - Setting next_dagrun for example_params_ui_tutorial to None, run_after=None
[2025-03-25T23:51:26.959+0000] {processor.py:183} INFO - Processing /home/airflow/.local/lib/python3.8/site-packages/airflow/example_dags/example_params_ui_tutorial.py took 0.199 seconds
[2025-03-25T23:51:57.082+0000] {processor.py:161} INFO - Started process (PID=987) to work on /home/airflow/.local/lib/python3.8/site-packages/airflow/example_dags/example_params_ui_tutorial.py
[2025-03-25T23:51:57.084+0000] {processor.py:830} INFO - Processing file /home/airflow/.local/lib/python3.8/site-packages/airflow/example_dags/example_params_ui_tutorial.py for tasks to queue
[2025-03-25T23:51:57.087+0000] {logging_mixin.py:188} INFO - [2025-03-25T23:51:57.086+0000] {dagbag.py:538} INFO - Filling up the DagBag from /home/airflow/.local/lib/python3.8/site-packages/airflow/example_dags/example_params_ui_tutorial.py
[2025-03-25T23:51:57.101+0000] {processor.py:840} INFO - DAG(s) 'example_params_ui_tutorial' retrieved from /home/airflow/.local/lib/python3.8/site-packages/airflow/example_dags/example_params_ui_tutorial.py
[2025-03-25T23:51:57.198+0000] {logging_mixin.py:188} INFO - [2025-03-25T23:51:57.197+0000] {dag.py:3036} INFO - Sync 1 DAGs
[2025-03-25T23:51:57.216+0000] {logging_mixin.py:188} INFO - [2025-03-25T23:51:57.216+0000] {dag.py:3823} INFO - Setting next_dagrun for example_params_ui_tutorial to None, run_after=None
[2025-03-25T23:51:57.253+0000] {processor.py:183} INFO - Processing /home/airflow/.local/lib/python3.8/site-packages/airflow/example_dags/example_params_ui_tutorial.py took 0.175 seconds
[2025-03-25T23:52:27.593+0000] {processor.py:161} INFO - Started process (PID=1062) to work on /home/airflow/.local/lib/python3.8/site-packages/airflow/example_dags/example_params_ui_tutorial.py
[2025-03-25T23:52:27.594+0000] {processor.py:830} INFO - Processing file /home/airflow/.local/lib/python3.8/site-packages/airflow/example_dags/example_params_ui_tutorial.py for tasks to queue
[2025-03-25T23:52:27.597+0000] {logging_mixin.py:188} INFO - [2025-03-25T23:52:27.597+0000] {dagbag.py:538} INFO - Filling up the DagBag from /home/airflow/.local/lib/python3.8/site-packages/airflow/example_dags/example_params_ui_tutorial.py
[2025-03-25T23:52:27.614+0000] {processor.py:840} INFO - DAG(s) 'example_params_ui_tutorial' retrieved from /home/airflow/.local/lib/python3.8/site-packages/airflow/example_dags/example_params_ui_tutorial.py
[2025-03-25T23:52:27.701+0000] {logging_mixin.py:188} INFO - [2025-03-25T23:52:27.701+0000] {dag.py:3036} INFO - Sync 1 DAGs
[2025-03-25T23:52:27.718+0000] {logging_mixin.py:188} INFO - [2025-03-25T23:52:27.717+0000] {dag.py:3823} INFO - Setting next_dagrun for example_params_ui_tutorial to None, run_after=None
[2025-03-25T23:52:27.749+0000] {processor.py:183} INFO - Processing /home/airflow/.local/lib/python3.8/site-packages/airflow/example_dags/example_params_ui_tutorial.py took 0.160 seconds
[2025-03-25T23:52:57.873+0000] {processor.py:161} INFO - Started process (PID=1142) to work on /home/airflow/.local/lib/python3.8/site-packages/airflow/example_dags/example_params_ui_tutorial.py
[2025-03-25T23:52:57.875+0000] {processor.py:830} INFO - Processing file /home/airflow/.local/lib/python3.8/site-packages/airflow/example_dags/example_params_ui_tutorial.py for tasks to queue
[2025-03-25T23:52:57.877+0000] {logging_mixin.py:188} INFO - [2025-03-25T23:52:57.877+0000] {dagbag.py:538} INFO - Filling up the DagBag from /home/airflow/.local/lib/python3.8/site-packages/airflow/example_dags/example_params_ui_tutorial.py
[2025-03-25T23:52:57.891+0000] {processor.py:840} INFO - DAG(s) 'example_params_ui_tutorial' retrieved from /home/airflow/.local/lib/python3.8/site-packages/airflow/example_dags/example_params_ui_tutorial.py
[2025-03-25T23:52:57.984+0000] {logging_mixin.py:188} INFO - [2025-03-25T23:52:57.983+0000] {dag.py:3036} INFO - Sync 1 DAGs
[2025-03-25T23:52:58.004+0000] {logging_mixin.py:188} INFO - [2025-03-25T23:52:58.003+0000] {dag.py:3823} INFO - Setting next_dagrun for example_params_ui_tutorial to None, run_after=None
[2025-03-25T23:52:58.040+0000] {processor.py:183} INFO - Processing /home/airflow/.local/lib/python3.8/site-packages/airflow/example_dags/example_params_ui_tutorial.py took 0.171 seconds
[2025-03-25T23:53:28.488+0000] {processor.py:161} INFO - Started process (PID=1217) to work on /home/airflow/.local/lib/python3.8/site-packages/airflow/example_dags/example_params_ui_tutorial.py
[2025-03-25T23:53:28.489+0000] {processor.py:830} INFO - Processing file /home/airflow/.local/lib/python3.8/site-packages/airflow/example_dags/example_params_ui_tutorial.py for tasks to queue
[2025-03-25T23:53:28.492+0000] {logging_mixin.py:188} INFO - [2025-03-25T23:53:28.491+0000] {dagbag.py:538} INFO - Filling up the DagBag from /home/airflow/.local/lib/python3.8/site-packages/airflow/example_dags/example_params_ui_tutorial.py
[2025-03-25T23:53:28.516+0000] {processor.py:840} INFO - DAG(s) 'example_params_ui_tutorial' retrieved from /home/airflow/.local/lib/python3.8/site-packages/airflow/example_dags/example_params_ui_tutorial.py
[2025-03-25T23:53:28.675+0000] {logging_mixin.py:188} INFO - [2025-03-25T23:53:28.674+0000] {dag.py:3036} INFO - Sync 1 DAGs
[2025-03-25T23:53:28.697+0000] {logging_mixin.py:188} INFO - [2025-03-25T23:53:28.697+0000] {dag.py:3823} INFO - Setting next_dagrun for example_params_ui_tutorial to None, run_after=None
[2025-03-25T23:53:28.736+0000] {processor.py:183} INFO - Processing /home/airflow/.local/lib/python3.8/site-packages/airflow/example_dags/example_params_ui_tutorial.py took 0.253 seconds
[2025-03-25T23:55:37.936+0000] {processor.py:161} INFO - Started process (PID=96) to work on /home/airflow/.local/lib/python3.8/site-packages/airflow/example_dags/example_params_ui_tutorial.py
[2025-03-25T23:55:37.937+0000] {processor.py:830} INFO - Processing file /home/airflow/.local/lib/python3.8/site-packages/airflow/example_dags/example_params_ui_tutorial.py for tasks to queue
[2025-03-25T23:55:37.941+0000] {logging_mixin.py:188} INFO - [2025-03-25T23:55:37.940+0000] {dagbag.py:538} INFO - Filling up the DagBag from /home/airflow/.local/lib/python3.8/site-packages/airflow/example_dags/example_params_ui_tutorial.py
[2025-03-25T23:55:37.970+0000] {processor.py:840} INFO - DAG(s) 'example_params_ui_tutorial' retrieved from /home/airflow/.local/lib/python3.8/site-packages/airflow/example_dags/example_params_ui_tutorial.py
[2025-03-25T23:55:38.296+0000] {logging_mixin.py:188} INFO - [2025-03-25T23:55:38.295+0000] {override.py:1769} INFO - Created Permission View: can edit on DAG:example_params_ui_tutorial
[2025-03-25T23:55:38.322+0000] {logging_mixin.py:188} INFO - [2025-03-25T23:55:38.321+0000] {override.py:1769} INFO - Created Permission View: can delete on DAG:example_params_ui_tutorial
[2025-03-25T23:55:38.346+0000] {logging_mixin.py:188} INFO - [2025-03-25T23:55:38.345+0000] {override.py:1769} INFO - Created Permission View: can read on DAG:example_params_ui_tutorial
[2025-03-25T23:55:38.347+0000] {logging_mixin.py:188} INFO - [2025-03-25T23:55:38.346+0000] {dag.py:3036} INFO - Sync 1 DAGs
[2025-03-25T23:55:38.371+0000] {logging_mixin.py:188} INFO - [2025-03-25T23:55:38.371+0000] {dag.py:3058} INFO - Creating ORM DAG for example_params_ui_tutorial
[2025-03-25T23:55:38.374+0000] {logging_mixin.py:188} INFO - [2025-03-25T23:55:38.373+0000] {dag.py:3823} INFO - Setting next_dagrun for example_params_ui_tutorial to None, run_after=None
[2025-03-25T23:55:38.416+0000] {processor.py:183} INFO - Processing /home/airflow/.local/lib/python3.8/site-packages/airflow/example_dags/example_params_ui_tutorial.py took 0.485 seconds
[2025-03-25T23:56:08.628+0000] {processor.py:161} INFO - Started process (PID=170) to work on /home/airflow/.local/lib/python3.8/site-packages/airflow/example_dags/example_params_ui_tutorial.py
[2025-03-25T23:56:08.630+0000] {processor.py:830} INFO - Processing file /home/airflow/.local/lib/python3.8/site-packages/airflow/example_dags/example_params_ui_tutorial.py for tasks to queue
[2025-03-25T23:56:08.633+0000] {logging_mixin.py:188} INFO - [2025-03-25T23:56:08.632+0000] {dagbag.py:538} INFO - Filling up the DagBag from /home/airflow/.local/lib/python3.8/site-packages/airflow/example_dags/example_params_ui_tutorial.py
[2025-03-25T23:56:08.648+0000] {processor.py:840} INFO - DAG(s) 'example_params_ui_tutorial' retrieved from /home/airflow/.local/lib/python3.8/site-packages/airflow/example_dags/example_params_ui_tutorial.py
[2025-03-25T23:56:08.777+0000] {logging_mixin.py:188} INFO - [2025-03-25T23:56:08.777+0000] {dag.py:3036} INFO - Sync 1 DAGs
[2025-03-25T23:56:08.796+0000] {logging_mixin.py:188} INFO - [2025-03-25T23:56:08.796+0000] {dag.py:3823} INFO - Setting next_dagrun for example_params_ui_tutorial to None, run_after=None
[2025-03-25T23:56:08.832+0000] {processor.py:183} INFO - Processing /home/airflow/.local/lib/python3.8/site-packages/airflow/example_dags/example_params_ui_tutorial.py took 0.208 seconds
[2025-03-25T23:56:39.386+0000] {processor.py:161} INFO - Started process (PID=243) to work on /home/airflow/.local/lib/python3.8/site-packages/airflow/example_dags/example_params_ui_tutorial.py
[2025-03-25T23:56:39.388+0000] {processor.py:830} INFO - Processing file /home/airflow/.local/lib/python3.8/site-packages/airflow/example_dags/example_params_ui_tutorial.py for tasks to queue
[2025-03-25T23:56:39.391+0000] {logging_mixin.py:188} INFO - [2025-03-25T23:56:39.390+0000] {dagbag.py:538} INFO - Filling up the DagBag from /home/airflow/.local/lib/python3.8/site-packages/airflow/example_dags/example_params_ui_tutorial.py
[2025-03-25T23:56:39.405+0000] {processor.py:840} INFO - DAG(s) 'example_params_ui_tutorial' retrieved from /home/airflow/.local/lib/python3.8/site-packages/airflow/example_dags/example_params_ui_tutorial.py
[2025-03-25T23:56:39.496+0000] {logging_mixin.py:188} INFO - [2025-03-25T23:56:39.495+0000] {dag.py:3036} INFO - Sync 1 DAGs
[2025-03-25T23:56:39.521+0000] {logging_mixin.py:188} INFO - [2025-03-25T23:56:39.520+0000] {dag.py:3823} INFO - Setting next_dagrun for example_params_ui_tutorial to None, run_after=None
[2025-03-25T23:56:39.562+0000] {processor.py:183} INFO - Processing /home/airflow/.local/lib/python3.8/site-packages/airflow/example_dags/example_params_ui_tutorial.py took 0.179 seconds
[2025-03-25T23:57:09.814+0000] {processor.py:161} INFO - Started process (PID=317) to work on /home/airflow/.local/lib/python3.8/site-packages/airflow/example_dags/example_params_ui_tutorial.py
[2025-03-25T23:57:09.816+0000] {processor.py:830} INFO - Processing file /home/airflow/.local/lib/python3.8/site-packages/airflow/example_dags/example_params_ui_tutorial.py for tasks to queue
[2025-03-25T23:57:09.819+0000] {logging_mixin.py:188} INFO - [2025-03-25T23:57:09.818+0000] {dagbag.py:538} INFO - Filling up the DagBag from /home/airflow/.local/lib/python3.8/site-packages/airflow/example_dags/example_params_ui_tutorial.py
[2025-03-25T23:57:09.850+0000] {processor.py:840} INFO - DAG(s) 'example_params_ui_tutorial' retrieved from /home/airflow/.local/lib/python3.8/site-packages/airflow/example_dags/example_params_ui_tutorial.py
[2025-03-25T23:57:09.970+0000] {logging_mixin.py:188} INFO - [2025-03-25T23:57:09.969+0000] {dag.py:3036} INFO - Sync 1 DAGs
[2025-03-25T23:57:09.989+0000] {logging_mixin.py:188} INFO - [2025-03-25T23:57:09.989+0000] {dag.py:3823} INFO - Setting next_dagrun for example_params_ui_tutorial to None, run_after=None
[2025-03-25T23:57:10.023+0000] {processor.py:183} INFO - Processing /home/airflow/.local/lib/python3.8/site-packages/airflow/example_dags/example_params_ui_tutorial.py took 0.214 seconds
[2025-03-25T23:57:40.704+0000] {processor.py:161} INFO - Started process (PID=392) to work on /home/airflow/.local/lib/python3.8/site-packages/airflow/example_dags/example_params_ui_tutorial.py
[2025-03-25T23:57:40.705+0000] {processor.py:830} INFO - Processing file /home/airflow/.local/lib/python3.8/site-packages/airflow/example_dags/example_params_ui_tutorial.py for tasks to queue
[2025-03-25T23:57:40.710+0000] {logging_mixin.py:188} INFO - [2025-03-25T23:57:40.709+0000] {dagbag.py:538} INFO - Filling up the DagBag from /home/airflow/.local/lib/python3.8/site-packages/airflow/example_dags/example_params_ui_tutorial.py
[2025-03-25T23:57:40.724+0000] {processor.py:840} INFO - DAG(s) 'example_params_ui_tutorial' retrieved from /home/airflow/.local/lib/python3.8/site-packages/airflow/example_dags/example_params_ui_tutorial.py
[2025-03-25T23:57:40.810+0000] {logging_mixin.py:188} INFO - [2025-03-25T23:57:40.809+0000] {dag.py:3036} INFO - Sync 1 DAGs
[2025-03-25T23:57:40.832+0000] {logging_mixin.py:188} INFO - [2025-03-25T23:57:40.831+0000] {dag.py:3823} INFO - Setting next_dagrun for example_params_ui_tutorial to None, run_after=None
[2025-03-25T23:57:40.865+0000] {processor.py:183} INFO - Processing /home/airflow/.local/lib/python3.8/site-packages/airflow/example_dags/example_params_ui_tutorial.py took 0.167 seconds
[2025-03-25T23:58:11.048+0000] {processor.py:161} INFO - Started process (PID=466) to work on /home/airflow/.local/lib/python3.8/site-packages/airflow/example_dags/example_params_ui_tutorial.py
[2025-03-25T23:58:11.050+0000] {processor.py:830} INFO - Processing file /home/airflow/.local/lib/python3.8/site-packages/airflow/example_dags/example_params_ui_tutorial.py for tasks to queue
[2025-03-25T23:58:11.054+0000] {logging_mixin.py:188} INFO - [2025-03-25T23:58:11.053+0000] {dagbag.py:538} INFO - Filling up the DagBag from /home/airflow/.local/lib/python3.8/site-packages/airflow/example_dags/example_params_ui_tutorial.py
[2025-03-25T23:58:11.071+0000] {processor.py:840} INFO - DAG(s) 'example_params_ui_tutorial' retrieved from /home/airflow/.local/lib/python3.8/site-packages/airflow/example_dags/example_params_ui_tutorial.py
[2025-03-25T23:58:11.190+0000] {logging_mixin.py:188} INFO - [2025-03-25T23:58:11.189+0000] {dag.py:3036} INFO - Sync 1 DAGs
[2025-03-25T23:58:11.230+0000] {logging_mixin.py:188} INFO - [2025-03-25T23:58:11.218+0000] {dag.py:3823} INFO - Setting next_dagrun for example_params_ui_tutorial to None, run_after=None
[2025-03-25T23:58:11.306+0000] {processor.py:183} INFO - Processing /home/airflow/.local/lib/python3.8/site-packages/airflow/example_dags/example_params_ui_tutorial.py took 0.262 seconds
[2025-03-25T23:58:41.834+0000] {processor.py:161} INFO - Started process (PID=533) to work on /home/airflow/.local/lib/python3.8/site-packages/airflow/example_dags/example_params_ui_tutorial.py
[2025-03-25T23:58:41.835+0000] {processor.py:830} INFO - Processing file /home/airflow/.local/lib/python3.8/site-packages/airflow/example_dags/example_params_ui_tutorial.py for tasks to queue
[2025-03-25T23:58:41.840+0000] {logging_mixin.py:188} INFO - [2025-03-25T23:58:41.839+0000] {dagbag.py:538} INFO - Filling up the DagBag from /home/airflow/.local/lib/python3.8/site-packages/airflow/example_dags/example_params_ui_tutorial.py
[2025-03-25T23:58:41.866+0000] {processor.py:840} INFO - DAG(s) 'example_params_ui_tutorial' retrieved from /home/airflow/.local/lib/python3.8/site-packages/airflow/example_dags/example_params_ui_tutorial.py
[2025-03-25T23:58:42.078+0000] {logging_mixin.py:188} INFO - [2025-03-25T23:58:42.075+0000] {dag.py:3036} INFO - Sync 1 DAGs
[2025-03-25T23:58:42.109+0000] {logging_mixin.py:188} INFO - [2025-03-25T23:58:42.109+0000] {dag.py:3823} INFO - Setting next_dagrun for example_params_ui_tutorial to None, run_after=None
[2025-03-25T23:58:42.149+0000] {processor.py:183} INFO - Processing /home/airflow/.local/lib/python3.8/site-packages/airflow/example_dags/example_params_ui_tutorial.py took 0.319 seconds
[2025-03-25T23:59:12.711+0000] {processor.py:161} INFO - Started process (PID=605) to work on /home/airflow/.local/lib/python3.8/site-packages/airflow/example_dags/example_params_ui_tutorial.py
[2025-03-25T23:59:12.713+0000] {processor.py:830} INFO - Processing file /home/airflow/.local/lib/python3.8/site-packages/airflow/example_dags/example_params_ui_tutorial.py for tasks to queue
[2025-03-25T23:59:12.716+0000] {logging_mixin.py:188} INFO - [2025-03-25T23:59:12.715+0000] {dagbag.py:538} INFO - Filling up the DagBag from /home/airflow/.local/lib/python3.8/site-packages/airflow/example_dags/example_params_ui_tutorial.py
[2025-03-25T23:59:12.735+0000] {processor.py:840} INFO - DAG(s) 'example_params_ui_tutorial' retrieved from /home/airflow/.local/lib/python3.8/site-packages/airflow/example_dags/example_params_ui_tutorial.py
[2025-03-25T23:59:12.856+0000] {logging_mixin.py:188} INFO - [2025-03-25T23:59:12.855+0000] {dag.py:3036} INFO - Sync 1 DAGs
[2025-03-25T23:59:12.879+0000] {logging_mixin.py:188} INFO - [2025-03-25T23:59:12.878+0000] {dag.py:3823} INFO - Setting next_dagrun for example_params_ui_tutorial to None, run_after=None
[2025-03-25T23:59:12.915+0000] {processor.py:183} INFO - Processing /home/airflow/.local/lib/python3.8/site-packages/airflow/example_dags/example_params_ui_tutorial.py took 0.210 seconds
[2025-03-25T23:59:43.367+0000] {processor.py:161} INFO - Started process (PID=680) to work on /home/airflow/.local/lib/python3.8/site-packages/airflow/example_dags/example_params_ui_tutorial.py
[2025-03-25T23:59:43.370+0000] {processor.py:830} INFO - Processing file /home/airflow/.local/lib/python3.8/site-packages/airflow/example_dags/example_params_ui_tutorial.py for tasks to queue
[2025-03-25T23:59:43.373+0000] {logging_mixin.py:188} INFO - [2025-03-25T23:59:43.373+0000] {dagbag.py:538} INFO - Filling up the DagBag from /home/airflow/.local/lib/python3.8/site-packages/airflow/example_dags/example_params_ui_tutorial.py
[2025-03-25T23:59:43.400+0000] {processor.py:840} INFO - DAG(s) 'example_params_ui_tutorial' retrieved from /home/airflow/.local/lib/python3.8/site-packages/airflow/example_dags/example_params_ui_tutorial.py
[2025-03-25T23:59:43.538+0000] {logging_mixin.py:188} INFO - [2025-03-25T23:59:43.538+0000] {dag.py:3036} INFO - Sync 1 DAGs
[2025-03-25T23:59:43.561+0000] {logging_mixin.py:188} INFO - [2025-03-25T23:59:43.560+0000] {dag.py:3823} INFO - Setting next_dagrun for example_params_ui_tutorial to None, run_after=None
[2025-03-25T23:59:43.607+0000] {processor.py:183} INFO - Processing /home/airflow/.local/lib/python3.8/site-packages/airflow/example_dags/example_params_ui_tutorial.py took 0.245 seconds
