[2025-03-25T23:45:49.833+0000] {processor.py:161} INFO - Started process (PID=97) to work on /home/airflow/.local/lib/python3.8/site-packages/airflow/example_dags/example_params_trigger_ui.py
[2025-03-25T23:45:49.835+0000] {processor.py:830} INFO - Processing file /home/airflow/.local/lib/python3.8/site-packages/airflow/example_dags/example_params_trigger_ui.py for tasks to queue
[2025-03-25T23:45:49.838+0000] {logging_mixin.py:188} INFO - [2025-03-25T23:45:49.838+0000] {dagbag.py:538} INFO - Filling up the DagBag from /home/airflow/.local/lib/python3.8/site-packages/airflow/example_dags/example_params_trigger_ui.py
[2025-03-25T23:45:49.867+0000] {processor.py:840} INFO - DAG(s) 'example_params_trigger_ui' retrieved from /home/airflow/.local/lib/python3.8/site-packages/airflow/example_dags/example_params_trigger_ui.py
[2025-03-25T23:45:50.272+0000] {logging_mixin.py:188} INFO - [2025-03-25T23:45:50.270+0000] {override.py:1769} INFO - Created Permission View: can edit on DAG:example_params_trigger_ui
[2025-03-25T23:45:50.321+0000] {logging_mixin.py:188} INFO - [2025-03-25T23:45:50.321+0000] {override.py:1769} INFO - Created Permission View: can delete on DAG:example_params_trigger_ui
[2025-03-25T23:45:50.338+0000] {logging_mixin.py:188} INFO - [2025-03-25T23:45:50.338+0000] {override.py:1769} INFO - Created Permission View: can read on DAG:example_params_trigger_ui
[2025-03-25T23:45:50.340+0000] {logging_mixin.py:188} INFO - [2025-03-25T23:45:50.339+0000] {dag.py:3036} INFO - Sync 1 DAGs
[2025-03-25T23:45:50.361+0000] {logging_mixin.py:188} INFO - [2025-03-25T23:45:50.360+0000] {dag.py:3058} INFO - Creating ORM DAG for example_params_trigger_ui
[2025-03-25T23:45:50.363+0000] {logging_mixin.py:188} INFO - [2025-03-25T23:45:50.362+0000] {dag.py:3823} INFO - Setting next_dagrun for example_params_trigger_ui to None, run_after=None
[2025-03-25T23:45:50.402+0000] {processor.py:183} INFO - Processing /home/airflow/.local/lib/python3.8/site-packages/airflow/example_dags/example_params_trigger_ui.py took 0.574 seconds
[2025-03-25T23:46:20.924+0000] {processor.py:161} INFO - Started process (PID=172) to work on /home/airflow/.local/lib/python3.8/site-packages/airflow/example_dags/example_params_trigger_ui.py
[2025-03-25T23:46:20.926+0000] {processor.py:830} INFO - Processing file /home/airflow/.local/lib/python3.8/site-packages/airflow/example_dags/example_params_trigger_ui.py for tasks to queue
[2025-03-25T23:46:20.931+0000] {logging_mixin.py:188} INFO - [2025-03-25T23:46:20.930+0000] {dagbag.py:538} INFO - Filling up the DagBag from /home/airflow/.local/lib/python3.8/site-packages/airflow/example_dags/example_params_trigger_ui.py
[2025-03-25T23:46:20.961+0000] {processor.py:840} INFO - DAG(s) 'example_params_trigger_ui' retrieved from /home/airflow/.local/lib/python3.8/site-packages/airflow/example_dags/example_params_trigger_ui.py
[2025-03-25T23:46:21.237+0000] {logging_mixin.py:188} INFO - [2025-03-25T23:46:21.236+0000] {dag.py:3036} INFO - Sync 1 DAGs
[2025-03-25T23:46:21.303+0000] {logging_mixin.py:188} INFO - [2025-03-25T23:46:21.302+0000] {dag.py:3823} INFO - Setting next_dagrun for example_params_trigger_ui to None, run_after=None
[2025-03-25T23:46:21.404+0000] {processor.py:183} INFO - Processing /home/airflow/.local/lib/python3.8/site-packages/airflow/example_dags/example_params_trigger_ui.py took 0.487 seconds
[2025-03-25T23:46:51.525+0000] {processor.py:161} INFO - Started process (PID=247) to work on /home/airflow/.local/lib/python3.8/site-packages/airflow/example_dags/example_params_trigger_ui.py
[2025-03-25T23:46:51.526+0000] {processor.py:830} INFO - Processing file /home/airflow/.local/lib/python3.8/site-packages/airflow/example_dags/example_params_trigger_ui.py for tasks to queue
[2025-03-25T23:46:51.529+0000] {logging_mixin.py:188} INFO - [2025-03-25T23:46:51.528+0000] {dagbag.py:538} INFO - Filling up the DagBag from /home/airflow/.local/lib/python3.8/site-packages/airflow/example_dags/example_params_trigger_ui.py
[2025-03-25T23:46:51.547+0000] {processor.py:840} INFO - DAG(s) 'example_params_trigger_ui' retrieved from /home/airflow/.local/lib/python3.8/site-packages/airflow/example_dags/example_params_trigger_ui.py
[2025-03-25T23:46:51.691+0000] {logging_mixin.py:188} INFO - [2025-03-25T23:46:51.691+0000] {dag.py:3036} INFO - Sync 1 DAGs
[2025-03-25T23:46:51.711+0000] {logging_mixin.py:188} INFO - [2025-03-25T23:46:51.710+0000] {dag.py:3823} INFO - Setting next_dagrun for example_params_trigger_ui to None, run_after=None
[2025-03-25T23:46:51.742+0000] {processor.py:183} INFO - Processing /home/airflow/.local/lib/python3.8/site-packages/airflow/example_dags/example_params_trigger_ui.py took 0.221 seconds
[2025-03-25T23:47:21.981+0000] {processor.py:161} INFO - Started process (PID=321) to work on /home/airflow/.local/lib/python3.8/site-packages/airflow/example_dags/example_params_trigger_ui.py
[2025-03-25T23:47:21.982+0000] {processor.py:830} INFO - Processing file /home/airflow/.local/lib/python3.8/site-packages/airflow/example_dags/example_params_trigger_ui.py for tasks to queue
[2025-03-25T23:47:21.985+0000] {logging_mixin.py:188} INFO - [2025-03-25T23:47:21.985+0000] {dagbag.py:538} INFO - Filling up the DagBag from /home/airflow/.local/lib/python3.8/site-packages/airflow/example_dags/example_params_trigger_ui.py
[2025-03-25T23:47:22.007+0000] {processor.py:840} INFO - DAG(s) 'example_params_trigger_ui' retrieved from /home/airflow/.local/lib/python3.8/site-packages/airflow/example_dags/example_params_trigger_ui.py
[2025-03-25T23:47:22.090+0000] {logging_mixin.py:188} INFO - [2025-03-25T23:47:22.090+0000] {dag.py:3036} INFO - Sync 1 DAGs
[2025-03-25T23:47:22.110+0000] {logging_mixin.py:188} INFO - [2025-03-25T23:47:22.109+0000] {dag.py:3823} INFO - Setting next_dagrun for example_params_trigger_ui to None, run_after=None
[2025-03-25T23:47:22.145+0000] {processor.py:183} INFO - Processing /home/airflow/.local/lib/python3.8/site-packages/airflow/example_dags/example_params_trigger_ui.py took 0.169 seconds
[2025-03-25T23:47:52.602+0000] {processor.py:161} INFO - Started process (PID=396) to work on /home/airflow/.local/lib/python3.8/site-packages/airflow/example_dags/example_params_trigger_ui.py
[2025-03-25T23:47:52.603+0000] {processor.py:830} INFO - Processing file /home/airflow/.local/lib/python3.8/site-packages/airflow/example_dags/example_params_trigger_ui.py for tasks to queue
[2025-03-25T23:47:52.606+0000] {logging_mixin.py:188} INFO - [2025-03-25T23:47:52.606+0000] {dagbag.py:538} INFO - Filling up the DagBag from /home/airflow/.local/lib/python3.8/site-packages/airflow/example_dags/example_params_trigger_ui.py
[2025-03-25T23:47:52.627+0000] {processor.py:840} INFO - DAG(s) 'example_params_trigger_ui' retrieved from /home/airflow/.local/lib/python3.8/site-packages/airflow/example_dags/example_params_trigger_ui.py
[2025-03-25T23:47:52.718+0000] {logging_mixin.py:188} INFO - [2025-03-25T23:47:52.717+0000] {dag.py:3036} INFO - Sync 1 DAGs
[2025-03-25T23:47:52.741+0000] {logging_mixin.py:188} INFO - [2025-03-25T23:47:52.741+0000] {dag.py:3823} INFO - Setting next_dagrun for example_params_trigger_ui to None, run_after=None
[2025-03-25T23:47:52.777+0000] {processor.py:183} INFO - Processing /home/airflow/.local/lib/python3.8/site-packages/airflow/example_dags/example_params_trigger_ui.py took 0.180 seconds
[2025-03-25T23:48:23.438+0000] {processor.py:161} INFO - Started process (PID=470) to work on /home/airflow/.local/lib/python3.8/site-packages/airflow/example_dags/example_params_trigger_ui.py
[2025-03-25T23:48:23.441+0000] {processor.py:830} INFO - Processing file /home/airflow/.local/lib/python3.8/site-packages/airflow/example_dags/example_params_trigger_ui.py for tasks to queue
[2025-03-25T23:48:23.450+0000] {logging_mixin.py:188} INFO - [2025-03-25T23:48:23.449+0000] {dagbag.py:538} INFO - Filling up the DagBag from /home/airflow/.local/lib/python3.8/site-packages/airflow/example_dags/example_params_trigger_ui.py
[2025-03-25T23:48:23.472+0000] {processor.py:840} INFO - DAG(s) 'example_params_trigger_ui' retrieved from /home/airflow/.local/lib/python3.8/site-packages/airflow/example_dags/example_params_trigger_ui.py
[2025-03-25T23:48:23.611+0000] {logging_mixin.py:188} INFO - [2025-03-25T23:48:23.611+0000] {dag.py:3036} INFO - Sync 1 DAGs
[2025-03-25T23:48:23.638+0000] {logging_mixin.py:188} INFO - [2025-03-25T23:48:23.637+0000] {dag.py:3823} INFO - Setting next_dagrun for example_params_trigger_ui to None, run_after=None
[2025-03-25T23:48:23.674+0000] {processor.py:183} INFO - Processing /home/airflow/.local/lib/python3.8/site-packages/airflow/example_dags/example_params_trigger_ui.py took 0.248 seconds
[2025-03-25T23:48:54.197+0000] {processor.py:161} INFO - Started process (PID=544) to work on /home/airflow/.local/lib/python3.8/site-packages/airflow/example_dags/example_params_trigger_ui.py
[2025-03-25T23:48:54.199+0000] {processor.py:830} INFO - Processing file /home/airflow/.local/lib/python3.8/site-packages/airflow/example_dags/example_params_trigger_ui.py for tasks to queue
[2025-03-25T23:48:54.202+0000] {logging_mixin.py:188} INFO - [2025-03-25T23:48:54.202+0000] {dagbag.py:538} INFO - Filling up the DagBag from /home/airflow/.local/lib/python3.8/site-packages/airflow/example_dags/example_params_trigger_ui.py
[2025-03-25T23:48:54.225+0000] {processor.py:840} INFO - DAG(s) 'example_params_trigger_ui' retrieved from /home/airflow/.local/lib/python3.8/site-packages/airflow/example_dags/example_params_trigger_ui.py
[2025-03-25T23:48:54.338+0000] {logging_mixin.py:188} INFO - [2025-03-25T23:48:54.338+0000] {dag.py:3036} INFO - Sync 1 DAGs
[2025-03-25T23:48:54.363+0000] {logging_mixin.py:188} INFO - [2025-03-25T23:48:54.362+0000] {dag.py:3823} INFO - Setting next_dagrun for example_params_trigger_ui to None, run_after=None
[2025-03-25T23:48:54.428+0000] {processor.py:183} INFO - Processing /home/airflow/.local/lib/python3.8/site-packages/airflow/example_dags/example_params_trigger_ui.py took 0.236 seconds
[2025-03-25T23:49:24.930+0000] {processor.py:161} INFO - Started process (PID=617) to work on /home/airflow/.local/lib/python3.8/site-packages/airflow/example_dags/example_params_trigger_ui.py
[2025-03-25T23:49:24.933+0000] {processor.py:830} INFO - Processing file /home/airflow/.local/lib/python3.8/site-packages/airflow/example_dags/example_params_trigger_ui.py for tasks to queue
[2025-03-25T23:49:24.936+0000] {logging_mixin.py:188} INFO - [2025-03-25T23:49:24.935+0000] {dagbag.py:538} INFO - Filling up the DagBag from /home/airflow/.local/lib/python3.8/site-packages/airflow/example_dags/example_params_trigger_ui.py
[2025-03-25T23:49:24.965+0000] {processor.py:840} INFO - DAG(s) 'example_params_trigger_ui' retrieved from /home/airflow/.local/lib/python3.8/site-packages/airflow/example_dags/example_params_trigger_ui.py
[2025-03-25T23:49:25.069+0000] {logging_mixin.py:188} INFO - [2025-03-25T23:49:25.069+0000] {dag.py:3036} INFO - Sync 1 DAGs
[2025-03-25T23:49:25.099+0000] {logging_mixin.py:188} INFO - [2025-03-25T23:49:25.099+0000] {dag.py:3823} INFO - Setting next_dagrun for example_params_trigger_ui to None, run_after=None
[2025-03-25T23:49:25.148+0000] {processor.py:183} INFO - Processing /home/airflow/.local/lib/python3.8/site-packages/airflow/example_dags/example_params_trigger_ui.py took 0.223 seconds
[2025-03-25T23:49:55.350+0000] {processor.py:161} INFO - Started process (PID=692) to work on /home/airflow/.local/lib/python3.8/site-packages/airflow/example_dags/example_params_trigger_ui.py
[2025-03-25T23:49:55.351+0000] {processor.py:830} INFO - Processing file /home/airflow/.local/lib/python3.8/site-packages/airflow/example_dags/example_params_trigger_ui.py for tasks to queue
[2025-03-25T23:49:55.354+0000] {logging_mixin.py:188} INFO - [2025-03-25T23:49:55.354+0000] {dagbag.py:538} INFO - Filling up the DagBag from /home/airflow/.local/lib/python3.8/site-packages/airflow/example_dags/example_params_trigger_ui.py
[2025-03-25T23:49:55.371+0000] {processor.py:840} INFO - DAG(s) 'example_params_trigger_ui' retrieved from /home/airflow/.local/lib/python3.8/site-packages/airflow/example_dags/example_params_trigger_ui.py
[2025-03-25T23:49:55.459+0000] {logging_mixin.py:188} INFO - [2025-03-25T23:49:55.458+0000] {dag.py:3036} INFO - Sync 1 DAGs
[2025-03-25T23:49:55.477+0000] {logging_mixin.py:188} INFO - [2025-03-25T23:49:55.477+0000] {dag.py:3823} INFO - Setting next_dagrun for example_params_trigger_ui to None, run_after=None
[2025-03-25T23:49:55.514+0000] {processor.py:183} INFO - Processing /home/airflow/.local/lib/python3.8/site-packages/airflow/example_dags/example_params_trigger_ui.py took 0.168 seconds
[2025-03-25T23:50:25.663+0000] {processor.py:161} INFO - Started process (PID=765) to work on /home/airflow/.local/lib/python3.8/site-packages/airflow/example_dags/example_params_trigger_ui.py
[2025-03-25T23:50:25.665+0000] {processor.py:830} INFO - Processing file /home/airflow/.local/lib/python3.8/site-packages/airflow/example_dags/example_params_trigger_ui.py for tasks to queue
[2025-03-25T23:50:25.667+0000] {logging_mixin.py:188} INFO - [2025-03-25T23:50:25.667+0000] {dagbag.py:538} INFO - Filling up the DagBag from /home/airflow/.local/lib/python3.8/site-packages/airflow/example_dags/example_params_trigger_ui.py
[2025-03-25T23:50:25.685+0000] {processor.py:840} INFO - DAG(s) 'example_params_trigger_ui' retrieved from /home/airflow/.local/lib/python3.8/site-packages/airflow/example_dags/example_params_trigger_ui.py
[2025-03-25T23:50:25.766+0000] {logging_mixin.py:188} INFO - [2025-03-25T23:50:25.765+0000] {dag.py:3036} INFO - Sync 1 DAGs
[2025-03-25T23:50:25.788+0000] {logging_mixin.py:188} INFO - [2025-03-25T23:50:25.787+0000] {dag.py:3823} INFO - Setting next_dagrun for example_params_trigger_ui to None, run_after=None
[2025-03-25T23:50:25.820+0000] {processor.py:183} INFO - Processing /home/airflow/.local/lib/python3.8/site-packages/airflow/example_dags/example_params_trigger_ui.py took 0.161 seconds
[2025-03-25T23:50:56.656+0000] {processor.py:161} INFO - Started process (PID=840) to work on /home/airflow/.local/lib/python3.8/site-packages/airflow/example_dags/example_params_trigger_ui.py
[2025-03-25T23:50:56.658+0000] {processor.py:830} INFO - Processing file /home/airflow/.local/lib/python3.8/site-packages/airflow/example_dags/example_params_trigger_ui.py for tasks to queue
[2025-03-25T23:50:56.660+0000] {logging_mixin.py:188} INFO - [2025-03-25T23:50:56.659+0000] {dagbag.py:538} INFO - Filling up the DagBag from /home/airflow/.local/lib/python3.8/site-packages/airflow/example_dags/example_params_trigger_ui.py
[2025-03-25T23:50:56.681+0000] {processor.py:840} INFO - DAG(s) 'example_params_trigger_ui' retrieved from /home/airflow/.local/lib/python3.8/site-packages/airflow/example_dags/example_params_trigger_ui.py
[2025-03-25T23:50:56.756+0000] {logging_mixin.py:188} INFO - [2025-03-25T23:50:56.755+0000] {dag.py:3036} INFO - Sync 1 DAGs
[2025-03-25T23:50:56.773+0000] {logging_mixin.py:188} INFO - [2025-03-25T23:50:56.772+0000] {dag.py:3823} INFO - Setting next_dagrun for example_params_trigger_ui to None, run_after=None
[2025-03-25T23:50:56.803+0000] {processor.py:183} INFO - Processing /home/airflow/.local/lib/python3.8/site-packages/airflow/example_dags/example_params_trigger_ui.py took 0.151 seconds
[2025-03-25T23:51:26.975+0000] {processor.py:161} INFO - Started process (PID=914) to work on /home/airflow/.local/lib/python3.8/site-packages/airflow/example_dags/example_params_trigger_ui.py
[2025-03-25T23:51:26.977+0000] {processor.py:830} INFO - Processing file /home/airflow/.local/lib/python3.8/site-packages/airflow/example_dags/example_params_trigger_ui.py for tasks to queue
[2025-03-25T23:51:26.980+0000] {logging_mixin.py:188} INFO - [2025-03-25T23:51:26.979+0000] {dagbag.py:538} INFO - Filling up the DagBag from /home/airflow/.local/lib/python3.8/site-packages/airflow/example_dags/example_params_trigger_ui.py
[2025-03-25T23:51:27.005+0000] {processor.py:840} INFO - DAG(s) 'example_params_trigger_ui' retrieved from /home/airflow/.local/lib/python3.8/site-packages/airflow/example_dags/example_params_trigger_ui.py
[2025-03-25T23:51:27.111+0000] {logging_mixin.py:188} INFO - [2025-03-25T23:51:27.110+0000] {dag.py:3036} INFO - Sync 1 DAGs
[2025-03-25T23:51:27.141+0000] {logging_mixin.py:188} INFO - [2025-03-25T23:51:27.140+0000] {dag.py:3823} INFO - Setting next_dagrun for example_params_trigger_ui to None, run_after=None
[2025-03-25T23:51:27.186+0000] {processor.py:183} INFO - Processing /home/airflow/.local/lib/python3.8/site-packages/airflow/example_dags/example_params_trigger_ui.py took 0.217 seconds
[2025-03-25T23:51:57.275+0000] {processor.py:161} INFO - Started process (PID=988) to work on /home/airflow/.local/lib/python3.8/site-packages/airflow/example_dags/example_params_trigger_ui.py
[2025-03-25T23:51:57.277+0000] {processor.py:830} INFO - Processing file /home/airflow/.local/lib/python3.8/site-packages/airflow/example_dags/example_params_trigger_ui.py for tasks to queue
[2025-03-25T23:51:57.280+0000] {logging_mixin.py:188} INFO - [2025-03-25T23:51:57.279+0000] {dagbag.py:538} INFO - Filling up the DagBag from /home/airflow/.local/lib/python3.8/site-packages/airflow/example_dags/example_params_trigger_ui.py
[2025-03-25T23:51:57.298+0000] {processor.py:840} INFO - DAG(s) 'example_params_trigger_ui' retrieved from /home/airflow/.local/lib/python3.8/site-packages/airflow/example_dags/example_params_trigger_ui.py
[2025-03-25T23:51:57.383+0000] {logging_mixin.py:188} INFO - [2025-03-25T23:51:57.382+0000] {dag.py:3036} INFO - Sync 1 DAGs
[2025-03-25T23:51:57.402+0000] {logging_mixin.py:188} INFO - [2025-03-25T23:51:57.402+0000] {dag.py:3823} INFO - Setting next_dagrun for example_params_trigger_ui to None, run_after=None
[2025-03-25T23:51:57.440+0000] {processor.py:183} INFO - Processing /home/airflow/.local/lib/python3.8/site-packages/airflow/example_dags/example_params_trigger_ui.py took 0.169 seconds
[2025-03-25T23:52:27.792+0000] {processor.py:161} INFO - Started process (PID=1063) to work on /home/airflow/.local/lib/python3.8/site-packages/airflow/example_dags/example_params_trigger_ui.py
[2025-03-25T23:52:27.794+0000] {processor.py:830} INFO - Processing file /home/airflow/.local/lib/python3.8/site-packages/airflow/example_dags/example_params_trigger_ui.py for tasks to queue
[2025-03-25T23:52:27.796+0000] {logging_mixin.py:188} INFO - [2025-03-25T23:52:27.795+0000] {dagbag.py:538} INFO - Filling up the DagBag from /home/airflow/.local/lib/python3.8/site-packages/airflow/example_dags/example_params_trigger_ui.py
[2025-03-25T23:52:27.811+0000] {processor.py:840} INFO - DAG(s) 'example_params_trigger_ui' retrieved from /home/airflow/.local/lib/python3.8/site-packages/airflow/example_dags/example_params_trigger_ui.py
[2025-03-25T23:52:27.890+0000] {logging_mixin.py:188} INFO - [2025-03-25T23:52:27.890+0000] {dag.py:3036} INFO - Sync 1 DAGs
[2025-03-25T23:52:27.911+0000] {logging_mixin.py:188} INFO - [2025-03-25T23:52:27.910+0000] {dag.py:3823} INFO - Setting next_dagrun for example_params_trigger_ui to None, run_after=None
[2025-03-25T23:52:27.940+0000] {processor.py:183} INFO - Processing /home/airflow/.local/lib/python3.8/site-packages/airflow/example_dags/example_params_trigger_ui.py took 0.151 seconds
[2025-03-25T23:52:58.070+0000] {processor.py:161} INFO - Started process (PID=1144) to work on /home/airflow/.local/lib/python3.8/site-packages/airflow/example_dags/example_params_trigger_ui.py
[2025-03-25T23:52:58.071+0000] {processor.py:830} INFO - Processing file /home/airflow/.local/lib/python3.8/site-packages/airflow/example_dags/example_params_trigger_ui.py for tasks to queue
[2025-03-25T23:52:58.074+0000] {logging_mixin.py:188} INFO - [2025-03-25T23:52:58.073+0000] {dagbag.py:538} INFO - Filling up the DagBag from /home/airflow/.local/lib/python3.8/site-packages/airflow/example_dags/example_params_trigger_ui.py
[2025-03-25T23:52:58.090+0000] {processor.py:840} INFO - DAG(s) 'example_params_trigger_ui' retrieved from /home/airflow/.local/lib/python3.8/site-packages/airflow/example_dags/example_params_trigger_ui.py
[2025-03-25T23:52:58.180+0000] {logging_mixin.py:188} INFO - [2025-03-25T23:52:58.180+0000] {dag.py:3036} INFO - Sync 1 DAGs
[2025-03-25T23:52:58.199+0000] {logging_mixin.py:188} INFO - [2025-03-25T23:52:58.199+0000] {dag.py:3823} INFO - Setting next_dagrun for example_params_trigger_ui to None, run_after=None
[2025-03-25T23:52:58.238+0000] {processor.py:183} INFO - Processing /home/airflow/.local/lib/python3.8/site-packages/airflow/example_dags/example_params_trigger_ui.py took 0.172 seconds
[2025-03-25T23:53:28.750+0000] {processor.py:161} INFO - Started process (PID=1218) to work on /home/airflow/.local/lib/python3.8/site-packages/airflow/example_dags/example_params_trigger_ui.py
[2025-03-25T23:53:28.752+0000] {processor.py:830} INFO - Processing file /home/airflow/.local/lib/python3.8/site-packages/airflow/example_dags/example_params_trigger_ui.py for tasks to queue
[2025-03-25T23:53:28.754+0000] {logging_mixin.py:188} INFO - [2025-03-25T23:53:28.754+0000] {dagbag.py:538} INFO - Filling up the DagBag from /home/airflow/.local/lib/python3.8/site-packages/airflow/example_dags/example_params_trigger_ui.py
[2025-03-25T23:53:28.776+0000] {processor.py:840} INFO - DAG(s) 'example_params_trigger_ui' retrieved from /home/airflow/.local/lib/python3.8/site-packages/airflow/example_dags/example_params_trigger_ui.py
[2025-03-25T23:53:28.869+0000] {logging_mixin.py:188} INFO - [2025-03-25T23:53:28.869+0000] {dag.py:3036} INFO - Sync 1 DAGs
[2025-03-25T23:53:28.892+0000] {logging_mixin.py:188} INFO - [2025-03-25T23:53:28.891+0000] {dag.py:3823} INFO - Setting next_dagrun for example_params_trigger_ui to None, run_after=None
[2025-03-25T23:53:28.934+0000] {processor.py:183} INFO - Processing /home/airflow/.local/lib/python3.8/site-packages/airflow/example_dags/example_params_trigger_ui.py took 0.191 seconds
[2025-03-25T23:55:38.344+0000] {processor.py:161} INFO - Started process (PID=97) to work on /home/airflow/.local/lib/python3.8/site-packages/airflow/example_dags/example_params_trigger_ui.py
[2025-03-25T23:55:38.348+0000] {processor.py:830} INFO - Processing file /home/airflow/.local/lib/python3.8/site-packages/airflow/example_dags/example_params_trigger_ui.py for tasks to queue
[2025-03-25T23:55:38.351+0000] {logging_mixin.py:188} INFO - [2025-03-25T23:55:38.351+0000] {dagbag.py:538} INFO - Filling up the DagBag from /home/airflow/.local/lib/python3.8/site-packages/airflow/example_dags/example_params_trigger_ui.py
[2025-03-25T23:55:38.383+0000] {processor.py:840} INFO - DAG(s) 'example_params_trigger_ui' retrieved from /home/airflow/.local/lib/python3.8/site-packages/airflow/example_dags/example_params_trigger_ui.py
[2025-03-25T23:55:38.719+0000] {logging_mixin.py:188} INFO - [2025-03-25T23:55:38.718+0000] {override.py:1769} INFO - Created Permission View: can edit on DAG:example_params_trigger_ui
[2025-03-25T23:55:38.743+0000] {logging_mixin.py:188} INFO - [2025-03-25T23:55:38.742+0000] {override.py:1769} INFO - Created Permission View: can delete on DAG:example_params_trigger_ui
[2025-03-25T23:55:38.761+0000] {logging_mixin.py:188} INFO - [2025-03-25T23:55:38.760+0000] {override.py:1769} INFO - Created Permission View: can read on DAG:example_params_trigger_ui
[2025-03-25T23:55:38.762+0000] {logging_mixin.py:188} INFO - [2025-03-25T23:55:38.762+0000] {dag.py:3036} INFO - Sync 1 DAGs
[2025-03-25T23:55:38.786+0000] {logging_mixin.py:188} INFO - [2025-03-25T23:55:38.785+0000] {dag.py:3058} INFO - Creating ORM DAG for example_params_trigger_ui
[2025-03-25T23:55:38.788+0000] {logging_mixin.py:188} INFO - [2025-03-25T23:55:38.787+0000] {dag.py:3823} INFO - Setting next_dagrun for example_params_trigger_ui to None, run_after=None
[2025-03-25T23:55:38.833+0000] {processor.py:183} INFO - Processing /home/airflow/.local/lib/python3.8/site-packages/airflow/example_dags/example_params_trigger_ui.py took 0.495 seconds
[2025-03-25T23:56:09.652+0000] {processor.py:161} INFO - Started process (PID=171) to work on /home/airflow/.local/lib/python3.8/site-packages/airflow/example_dags/example_params_trigger_ui.py
[2025-03-25T23:56:09.654+0000] {processor.py:830} INFO - Processing file /home/airflow/.local/lib/python3.8/site-packages/airflow/example_dags/example_params_trigger_ui.py for tasks to queue
[2025-03-25T23:56:09.657+0000] {logging_mixin.py:188} INFO - [2025-03-25T23:56:09.656+0000] {dagbag.py:538} INFO - Filling up the DagBag from /home/airflow/.local/lib/python3.8/site-packages/airflow/example_dags/example_params_trigger_ui.py
[2025-03-25T23:56:09.675+0000] {processor.py:840} INFO - DAG(s) 'example_params_trigger_ui' retrieved from /home/airflow/.local/lib/python3.8/site-packages/airflow/example_dags/example_params_trigger_ui.py
[2025-03-25T23:56:09.792+0000] {logging_mixin.py:188} INFO - [2025-03-25T23:56:09.791+0000] {dag.py:3036} INFO - Sync 1 DAGs
[2025-03-25T23:56:09.818+0000] {logging_mixin.py:188} INFO - [2025-03-25T23:56:09.817+0000] {dag.py:3823} INFO - Setting next_dagrun for example_params_trigger_ui to None, run_after=None
[2025-03-25T23:56:09.858+0000] {processor.py:183} INFO - Processing /home/airflow/.local/lib/python3.8/site-packages/airflow/example_dags/example_params_trigger_ui.py took 0.211 seconds
[2025-03-25T23:56:40.429+0000] {processor.py:161} INFO - Started process (PID=244) to work on /home/airflow/.local/lib/python3.8/site-packages/airflow/example_dags/example_params_trigger_ui.py
[2025-03-25T23:56:40.431+0000] {processor.py:830} INFO - Processing file /home/airflow/.local/lib/python3.8/site-packages/airflow/example_dags/example_params_trigger_ui.py for tasks to queue
[2025-03-25T23:56:40.434+0000] {logging_mixin.py:188} INFO - [2025-03-25T23:56:40.433+0000] {dagbag.py:538} INFO - Filling up the DagBag from /home/airflow/.local/lib/python3.8/site-packages/airflow/example_dags/example_params_trigger_ui.py
[2025-03-25T23:56:40.452+0000] {processor.py:840} INFO - DAG(s) 'example_params_trigger_ui' retrieved from /home/airflow/.local/lib/python3.8/site-packages/airflow/example_dags/example_params_trigger_ui.py
[2025-03-25T23:56:40.546+0000] {logging_mixin.py:188} INFO - [2025-03-25T23:56:40.545+0000] {dag.py:3036} INFO - Sync 1 DAGs
[2025-03-25T23:56:40.566+0000] {logging_mixin.py:188} INFO - [2025-03-25T23:56:40.566+0000] {dag.py:3823} INFO - Setting next_dagrun for example_params_trigger_ui to None, run_after=None
[2025-03-25T23:56:40.607+0000] {processor.py:183} INFO - Processing /home/airflow/.local/lib/python3.8/site-packages/airflow/example_dags/example_params_trigger_ui.py took 0.181 seconds
[2025-03-25T23:57:10.848+0000] {processor.py:161} INFO - Started process (PID=318) to work on /home/airflow/.local/lib/python3.8/site-packages/airflow/example_dags/example_params_trigger_ui.py
[2025-03-25T23:57:10.849+0000] {processor.py:830} INFO - Processing file /home/airflow/.local/lib/python3.8/site-packages/airflow/example_dags/example_params_trigger_ui.py for tasks to queue
[2025-03-25T23:57:10.852+0000] {logging_mixin.py:188} INFO - [2025-03-25T23:57:10.851+0000] {dagbag.py:538} INFO - Filling up the DagBag from /home/airflow/.local/lib/python3.8/site-packages/airflow/example_dags/example_params_trigger_ui.py
[2025-03-25T23:57:10.873+0000] {processor.py:840} INFO - DAG(s) 'example_params_trigger_ui' retrieved from /home/airflow/.local/lib/python3.8/site-packages/airflow/example_dags/example_params_trigger_ui.py
[2025-03-25T23:57:10.960+0000] {logging_mixin.py:188} INFO - [2025-03-25T23:57:10.960+0000] {dag.py:3036} INFO - Sync 1 DAGs
[2025-03-25T23:57:10.982+0000] {logging_mixin.py:188} INFO - [2025-03-25T23:57:10.982+0000] {dag.py:3823} INFO - Setting next_dagrun for example_params_trigger_ui to None, run_after=None
[2025-03-25T23:57:11.018+0000] {processor.py:183} INFO - Processing /home/airflow/.local/lib/python3.8/site-packages/airflow/example_dags/example_params_trigger_ui.py took 0.175 seconds
[2025-03-25T23:57:41.750+0000] {processor.py:161} INFO - Started process (PID=393) to work on /home/airflow/.local/lib/python3.8/site-packages/airflow/example_dags/example_params_trigger_ui.py
[2025-03-25T23:57:41.752+0000] {processor.py:830} INFO - Processing file /home/airflow/.local/lib/python3.8/site-packages/airflow/example_dags/example_params_trigger_ui.py for tasks to queue
[2025-03-25T23:57:41.755+0000] {logging_mixin.py:188} INFO - [2025-03-25T23:57:41.754+0000] {dagbag.py:538} INFO - Filling up the DagBag from /home/airflow/.local/lib/python3.8/site-packages/airflow/example_dags/example_params_trigger_ui.py
[2025-03-25T23:57:41.770+0000] {processor.py:840} INFO - DAG(s) 'example_params_trigger_ui' retrieved from /home/airflow/.local/lib/python3.8/site-packages/airflow/example_dags/example_params_trigger_ui.py
[2025-03-25T23:57:41.852+0000] {logging_mixin.py:188} INFO - [2025-03-25T23:57:41.852+0000] {dag.py:3036} INFO - Sync 1 DAGs
[2025-03-25T23:57:41.880+0000] {logging_mixin.py:188} INFO - [2025-03-25T23:57:41.880+0000] {dag.py:3823} INFO - Setting next_dagrun for example_params_trigger_ui to None, run_after=None
[2025-03-25T23:57:41.915+0000] {processor.py:183} INFO - Processing /home/airflow/.local/lib/python3.8/site-packages/airflow/example_dags/example_params_trigger_ui.py took 0.168 seconds
[2025-03-25T23:58:12.060+0000] {processor.py:161} INFO - Started process (PID=467) to work on /home/airflow/.local/lib/python3.8/site-packages/airflow/example_dags/example_params_trigger_ui.py
[2025-03-25T23:58:12.061+0000] {processor.py:830} INFO - Processing file /home/airflow/.local/lib/python3.8/site-packages/airflow/example_dags/example_params_trigger_ui.py for tasks to queue
[2025-03-25T23:58:12.065+0000] {logging_mixin.py:188} INFO - [2025-03-25T23:58:12.064+0000] {dagbag.py:538} INFO - Filling up the DagBag from /home/airflow/.local/lib/python3.8/site-packages/airflow/example_dags/example_params_trigger_ui.py
[2025-03-25T23:58:12.086+0000] {processor.py:840} INFO - DAG(s) 'example_params_trigger_ui' retrieved from /home/airflow/.local/lib/python3.8/site-packages/airflow/example_dags/example_params_trigger_ui.py
[2025-03-25T23:58:12.177+0000] {logging_mixin.py:188} INFO - [2025-03-25T23:58:12.177+0000] {dag.py:3036} INFO - Sync 1 DAGs
[2025-03-25T23:58:12.198+0000] {logging_mixin.py:188} INFO - [2025-03-25T23:58:12.197+0000] {dag.py:3823} INFO - Setting next_dagrun for example_params_trigger_ui to None, run_after=None
[2025-03-25T23:58:12.238+0000] {processor.py:183} INFO - Processing /home/airflow/.local/lib/python3.8/site-packages/airflow/example_dags/example_params_trigger_ui.py took 0.183 seconds
[2025-03-25T23:58:42.768+0000] {processor.py:161} INFO - Started process (PID=541) to work on /home/airflow/.local/lib/python3.8/site-packages/airflow/example_dags/example_params_trigger_ui.py
[2025-03-25T23:58:42.770+0000] {processor.py:830} INFO - Processing file /home/airflow/.local/lib/python3.8/site-packages/airflow/example_dags/example_params_trigger_ui.py for tasks to queue
[2025-03-25T23:58:42.773+0000] {logging_mixin.py:188} INFO - [2025-03-25T23:58:42.773+0000] {dagbag.py:538} INFO - Filling up the DagBag from /home/airflow/.local/lib/python3.8/site-packages/airflow/example_dags/example_params_trigger_ui.py
[2025-03-25T23:58:42.792+0000] {processor.py:840} INFO - DAG(s) 'example_params_trigger_ui' retrieved from /home/airflow/.local/lib/python3.8/site-packages/airflow/example_dags/example_params_trigger_ui.py
[2025-03-25T23:58:42.902+0000] {logging_mixin.py:188} INFO - [2025-03-25T23:58:42.901+0000] {dag.py:3036} INFO - Sync 1 DAGs
[2025-03-25T23:58:42.928+0000] {logging_mixin.py:188} INFO - [2025-03-25T23:58:42.927+0000] {dag.py:3823} INFO - Setting next_dagrun for example_params_trigger_ui to None, run_after=None
[2025-03-25T23:58:42.979+0000] {processor.py:183} INFO - Processing /home/airflow/.local/lib/python3.8/site-packages/airflow/example_dags/example_params_trigger_ui.py took 0.216 seconds
[2025-03-25T23:59:13.200+0000] {processor.py:161} INFO - Started process (PID=609) to work on /home/airflow/.local/lib/python3.8/site-packages/airflow/example_dags/example_params_trigger_ui.py
[2025-03-25T23:59:13.201+0000] {processor.py:830} INFO - Processing file /home/airflow/.local/lib/python3.8/site-packages/airflow/example_dags/example_params_trigger_ui.py for tasks to queue
[2025-03-25T23:59:13.205+0000] {logging_mixin.py:188} INFO - [2025-03-25T23:59:13.204+0000] {dagbag.py:538} INFO - Filling up the DagBag from /home/airflow/.local/lib/python3.8/site-packages/airflow/example_dags/example_params_trigger_ui.py
[2025-03-25T23:59:13.225+0000] {processor.py:840} INFO - DAG(s) 'example_params_trigger_ui' retrieved from /home/airflow/.local/lib/python3.8/site-packages/airflow/example_dags/example_params_trigger_ui.py
[2025-03-25T23:59:13.347+0000] {logging_mixin.py:188} INFO - [2025-03-25T23:59:13.347+0000] {dag.py:3036} INFO - Sync 1 DAGs
[2025-03-25T23:59:13.370+0000] {logging_mixin.py:188} INFO - [2025-03-25T23:59:13.369+0000] {dag.py:3823} INFO - Setting next_dagrun for example_params_trigger_ui to None, run_after=None
[2025-03-25T23:59:13.413+0000] {processor.py:183} INFO - Processing /home/airflow/.local/lib/python3.8/site-packages/airflow/example_dags/example_params_trigger_ui.py took 0.218 seconds
[2025-03-25T23:59:43.603+0000] {processor.py:161} INFO - Started process (PID=682) to work on /home/airflow/.local/lib/python3.8/site-packages/airflow/example_dags/example_params_trigger_ui.py
[2025-03-25T23:59:43.605+0000] {processor.py:830} INFO - Processing file /home/airflow/.local/lib/python3.8/site-packages/airflow/example_dags/example_params_trigger_ui.py for tasks to queue
[2025-03-25T23:59:43.608+0000] {logging_mixin.py:188} INFO - [2025-03-25T23:59:43.607+0000] {dagbag.py:538} INFO - Filling up the DagBag from /home/airflow/.local/lib/python3.8/site-packages/airflow/example_dags/example_params_trigger_ui.py
[2025-03-25T23:59:43.627+0000] {processor.py:840} INFO - DAG(s) 'example_params_trigger_ui' retrieved from /home/airflow/.local/lib/python3.8/site-packages/airflow/example_dags/example_params_trigger_ui.py
[2025-03-25T23:59:43.715+0000] {logging_mixin.py:188} INFO - [2025-03-25T23:59:43.715+0000] {dag.py:3036} INFO - Sync 1 DAGs
[2025-03-25T23:59:43.734+0000] {logging_mixin.py:188} INFO - [2025-03-25T23:59:43.733+0000] {dag.py:3823} INFO - Setting next_dagrun for example_params_trigger_ui to None, run_after=None
[2025-03-25T23:59:43.771+0000] {processor.py:183} INFO - Processing /home/airflow/.local/lib/python3.8/site-packages/airflow/example_dags/example_params_trigger_ui.py took 0.171 seconds
