[2025-03-25T23:45:43.243+0000] {processor.py:161} INFO - Started process (PID=78) to work on /home/airflow/.local/lib/python3.8/site-packages/airflow/example_dags/tutorial_objectstorage.py
[2025-03-25T23:45:43.245+0000] {processor.py:830} INFO - Processing file /home/airflow/.local/lib/python3.8/site-packages/airflow/example_dags/tutorial_objectstorage.py for tasks to queue
[2025-03-25T23:45:43.248+0000] {logging_mixin.py:188} INFO - [2025-03-25T23:45:43.248+0000] {dagbag.py:538} INFO - Filling up the DagBag from /home/airflow/.local/lib/python3.8/site-packages/airflow/example_dags/tutorial_objectstorage.py
[2025-03-25T23:45:43.266+0000] {processor.py:840} INFO - DAG(s) 'tutorial_objectstorage' retrieved from /home/airflow/.local/lib/python3.8/site-packages/airflow/example_dags/tutorial_objectstorage.py
[2025-03-25T23:45:43.659+0000] {logging_mixin.py:188} INFO - [2025-03-25T23:45:43.658+0000] {override.py:1769} INFO - Created Permission View: can edit on DAG:tutorial_objectstorage
[2025-03-25T23:45:43.681+0000] {logging_mixin.py:188} INFO - [2025-03-25T23:45:43.681+0000] {override.py:1769} INFO - Created Permission View: can delete on DAG:tutorial_objectstorage
[2025-03-25T23:45:43.700+0000] {logging_mixin.py:188} INFO - [2025-03-25T23:45:43.699+0000] {override.py:1769} INFO - Created Permission View: can read on DAG:tutorial_objectstorage
[2025-03-25T23:45:43.701+0000] {logging_mixin.py:188} INFO - [2025-03-25T23:45:43.700+0000] {dag.py:3036} INFO - Sync 1 DAGs
[2025-03-25T23:45:43.725+0000] {logging_mixin.py:188} INFO - [2025-03-25T23:45:43.725+0000] {dag.py:3058} INFO - Creating ORM DAG for tutorial_objectstorage
[2025-03-25T23:45:43.727+0000] {logging_mixin.py:188} INFO - [2025-03-25T23:45:43.726+0000] {dag.py:3823} INFO - Setting next_dagrun for tutorial_objectstorage to None, run_after=None
[2025-03-25T23:45:43.789+0000] {processor.py:183} INFO - Processing /home/airflow/.local/lib/python3.8/site-packages/airflow/example_dags/tutorial_objectstorage.py took 0.552 seconds
[2025-03-25T23:46:14.027+0000] {processor.py:161} INFO - Started process (PID=153) to work on /home/airflow/.local/lib/python3.8/site-packages/airflow/example_dags/tutorial_objectstorage.py
[2025-03-25T23:46:14.029+0000] {processor.py:830} INFO - Processing file /home/airflow/.local/lib/python3.8/site-packages/airflow/example_dags/tutorial_objectstorage.py for tasks to queue
[2025-03-25T23:46:14.031+0000] {logging_mixin.py:188} INFO - [2025-03-25T23:46:14.031+0000] {dagbag.py:538} INFO - Filling up the DagBag from /home/airflow/.local/lib/python3.8/site-packages/airflow/example_dags/tutorial_objectstorage.py
[2025-03-25T23:46:14.039+0000] {processor.py:840} INFO - DAG(s) 'tutorial_objectstorage' retrieved from /home/airflow/.local/lib/python3.8/site-packages/airflow/example_dags/tutorial_objectstorage.py
[2025-03-25T23:46:14.069+0000] {logging_mixin.py:188} INFO - [2025-03-25T23:46:14.069+0000] {dag.py:3036} INFO - Sync 1 DAGs
[2025-03-25T23:46:14.089+0000] {logging_mixin.py:188} INFO - [2025-03-25T23:46:14.088+0000] {dag.py:3823} INFO - Setting next_dagrun for tutorial_objectstorage to None, run_after=None
[2025-03-25T23:46:14.120+0000] {processor.py:183} INFO - Processing /home/airflow/.local/lib/python3.8/site-packages/airflow/example_dags/tutorial_objectstorage.py took 0.097 seconds
[2025-03-25T23:46:44.390+0000] {processor.py:161} INFO - Started process (PID=219) to work on /home/airflow/.local/lib/python3.8/site-packages/airflow/example_dags/tutorial_objectstorage.py
[2025-03-25T23:46:44.392+0000] {processor.py:830} INFO - Processing file /home/airflow/.local/lib/python3.8/site-packages/airflow/example_dags/tutorial_objectstorage.py for tasks to queue
[2025-03-25T23:46:44.398+0000] {logging_mixin.py:188} INFO - [2025-03-25T23:46:44.397+0000] {dagbag.py:538} INFO - Filling up the DagBag from /home/airflow/.local/lib/python3.8/site-packages/airflow/example_dags/tutorial_objectstorage.py
[2025-03-25T23:46:44.409+0000] {processor.py:840} INFO - DAG(s) 'tutorial_objectstorage' retrieved from /home/airflow/.local/lib/python3.8/site-packages/airflow/example_dags/tutorial_objectstorage.py
[2025-03-25T23:46:44.442+0000] {logging_mixin.py:188} INFO - [2025-03-25T23:46:44.442+0000] {dag.py:3036} INFO - Sync 1 DAGs
[2025-03-25T23:46:44.464+0000] {logging_mixin.py:188} INFO - [2025-03-25T23:46:44.464+0000] {dag.py:3823} INFO - Setting next_dagrun for tutorial_objectstorage to None, run_after=None
[2025-03-25T23:46:44.530+0000] {processor.py:183} INFO - Processing /home/airflow/.local/lib/python3.8/site-packages/airflow/example_dags/tutorial_objectstorage.py took 0.149 seconds
[2025-03-25T23:47:14.609+0000] {processor.py:161} INFO - Started process (PID=293) to work on /home/airflow/.local/lib/python3.8/site-packages/airflow/example_dags/tutorial_objectstorage.py
[2025-03-25T23:47:14.610+0000] {processor.py:830} INFO - Processing file /home/airflow/.local/lib/python3.8/site-packages/airflow/example_dags/tutorial_objectstorage.py for tasks to queue
[2025-03-25T23:47:14.614+0000] {logging_mixin.py:188} INFO - [2025-03-25T23:47:14.613+0000] {dagbag.py:538} INFO - Filling up the DagBag from /home/airflow/.local/lib/python3.8/site-packages/airflow/example_dags/tutorial_objectstorage.py
[2025-03-25T23:47:14.624+0000] {processor.py:840} INFO - DAG(s) 'tutorial_objectstorage' retrieved from /home/airflow/.local/lib/python3.8/site-packages/airflow/example_dags/tutorial_objectstorage.py
[2025-03-25T23:47:14.655+0000] {logging_mixin.py:188} INFO - [2025-03-25T23:47:14.655+0000] {dag.py:3036} INFO - Sync 1 DAGs
[2025-03-25T23:47:14.677+0000] {logging_mixin.py:188} INFO - [2025-03-25T23:47:14.676+0000] {dag.py:3823} INFO - Setting next_dagrun for tutorial_objectstorage to None, run_after=None
[2025-03-25T23:47:14.717+0000] {processor.py:183} INFO - Processing /home/airflow/.local/lib/python3.8/site-packages/airflow/example_dags/tutorial_objectstorage.py took 0.113 seconds
[2025-03-25T23:47:45.718+0000] {processor.py:161} INFO - Started process (PID=368) to work on /home/airflow/.local/lib/python3.8/site-packages/airflow/example_dags/tutorial_objectstorage.py
[2025-03-25T23:47:45.719+0000] {processor.py:830} INFO - Processing file /home/airflow/.local/lib/python3.8/site-packages/airflow/example_dags/tutorial_objectstorage.py for tasks to queue
[2025-03-25T23:47:45.723+0000] {logging_mixin.py:188} INFO - [2025-03-25T23:47:45.722+0000] {dagbag.py:538} INFO - Filling up the DagBag from /home/airflow/.local/lib/python3.8/site-packages/airflow/example_dags/tutorial_objectstorage.py
[2025-03-25T23:47:45.733+0000] {processor.py:840} INFO - DAG(s) 'tutorial_objectstorage' retrieved from /home/airflow/.local/lib/python3.8/site-packages/airflow/example_dags/tutorial_objectstorage.py
[2025-03-25T23:47:45.766+0000] {logging_mixin.py:188} INFO - [2025-03-25T23:47:45.766+0000] {dag.py:3036} INFO - Sync 1 DAGs
[2025-03-25T23:47:45.786+0000] {logging_mixin.py:188} INFO - [2025-03-25T23:47:45.785+0000] {dag.py:3823} INFO - Setting next_dagrun for tutorial_objectstorage to None, run_after=None
[2025-03-25T23:47:45.827+0000] {processor.py:183} INFO - Processing /home/airflow/.local/lib/python3.8/site-packages/airflow/example_dags/tutorial_objectstorage.py took 0.113 seconds
[2025-03-25T23:48:15.994+0000] {processor.py:161} INFO - Started process (PID=442) to work on /home/airflow/.local/lib/python3.8/site-packages/airflow/example_dags/tutorial_objectstorage.py
[2025-03-25T23:48:15.996+0000] {processor.py:830} INFO - Processing file /home/airflow/.local/lib/python3.8/site-packages/airflow/example_dags/tutorial_objectstorage.py for tasks to queue
[2025-03-25T23:48:16.000+0000] {logging_mixin.py:188} INFO - [2025-03-25T23:48:16.000+0000] {dagbag.py:538} INFO - Filling up the DagBag from /home/airflow/.local/lib/python3.8/site-packages/airflow/example_dags/tutorial_objectstorage.py
[2025-03-25T23:48:16.013+0000] {processor.py:840} INFO - DAG(s) 'tutorial_objectstorage' retrieved from /home/airflow/.local/lib/python3.8/site-packages/airflow/example_dags/tutorial_objectstorage.py
[2025-03-25T23:48:16.054+0000] {logging_mixin.py:188} INFO - [2025-03-25T23:48:16.053+0000] {dag.py:3036} INFO - Sync 1 DAGs
[2025-03-25T23:48:16.079+0000] {logging_mixin.py:188} INFO - [2025-03-25T23:48:16.079+0000] {dag.py:3823} INFO - Setting next_dagrun for tutorial_objectstorage to None, run_after=None
[2025-03-25T23:48:16.117+0000] {processor.py:183} INFO - Processing /home/airflow/.local/lib/python3.8/site-packages/airflow/example_dags/tutorial_objectstorage.py took 0.129 seconds
[2025-03-25T23:48:47.160+0000] {processor.py:161} INFO - Started process (PID=516) to work on /home/airflow/.local/lib/python3.8/site-packages/airflow/example_dags/tutorial_objectstorage.py
[2025-03-25T23:48:47.162+0000] {processor.py:830} INFO - Processing file /home/airflow/.local/lib/python3.8/site-packages/airflow/example_dags/tutorial_objectstorage.py for tasks to queue
[2025-03-25T23:48:47.165+0000] {logging_mixin.py:188} INFO - [2025-03-25T23:48:47.165+0000] {dagbag.py:538} INFO - Filling up the DagBag from /home/airflow/.local/lib/python3.8/site-packages/airflow/example_dags/tutorial_objectstorage.py
[2025-03-25T23:48:47.174+0000] {processor.py:840} INFO - DAG(s) 'tutorial_objectstorage' retrieved from /home/airflow/.local/lib/python3.8/site-packages/airflow/example_dags/tutorial_objectstorage.py
[2025-03-25T23:48:47.205+0000] {logging_mixin.py:188} INFO - [2025-03-25T23:48:47.204+0000] {dag.py:3036} INFO - Sync 1 DAGs
[2025-03-25T23:48:47.223+0000] {logging_mixin.py:188} INFO - [2025-03-25T23:48:47.223+0000] {dag.py:3823} INFO - Setting next_dagrun for tutorial_objectstorage to None, run_after=None
[2025-03-25T23:48:47.258+0000] {processor.py:183} INFO - Processing /home/airflow/.local/lib/python3.8/site-packages/airflow/example_dags/tutorial_objectstorage.py took 0.102 seconds
[2025-03-25T23:49:17.719+0000] {processor.py:161} INFO - Started process (PID=590) to work on /home/airflow/.local/lib/python3.8/site-packages/airflow/example_dags/tutorial_objectstorage.py
[2025-03-25T23:49:17.722+0000] {processor.py:830} INFO - Processing file /home/airflow/.local/lib/python3.8/site-packages/airflow/example_dags/tutorial_objectstorage.py for tasks to queue
[2025-03-25T23:49:17.727+0000] {logging_mixin.py:188} INFO - [2025-03-25T23:49:17.726+0000] {dagbag.py:538} INFO - Filling up the DagBag from /home/airflow/.local/lib/python3.8/site-packages/airflow/example_dags/tutorial_objectstorage.py
[2025-03-25T23:49:17.742+0000] {processor.py:840} INFO - DAG(s) 'tutorial_objectstorage' retrieved from /home/airflow/.local/lib/python3.8/site-packages/airflow/example_dags/tutorial_objectstorage.py
[2025-03-25T23:49:17.781+0000] {logging_mixin.py:188} INFO - [2025-03-25T23:49:17.780+0000] {dag.py:3036} INFO - Sync 1 DAGs
[2025-03-25T23:49:17.804+0000] {logging_mixin.py:188} INFO - [2025-03-25T23:49:17.804+0000] {dag.py:3823} INFO - Setting next_dagrun for tutorial_objectstorage to None, run_after=None
[2025-03-25T23:49:17.850+0000] {processor.py:183} INFO - Processing /home/airflow/.local/lib/python3.8/site-packages/airflow/example_dags/tutorial_objectstorage.py took 0.136 seconds
[2025-03-25T23:49:48.036+0000] {processor.py:161} INFO - Started process (PID=664) to work on /home/airflow/.local/lib/python3.8/site-packages/airflow/example_dags/tutorial_objectstorage.py
[2025-03-25T23:49:48.038+0000] {processor.py:830} INFO - Processing file /home/airflow/.local/lib/python3.8/site-packages/airflow/example_dags/tutorial_objectstorage.py for tasks to queue
[2025-03-25T23:49:48.043+0000] {logging_mixin.py:188} INFO - [2025-03-25T23:49:48.042+0000] {dagbag.py:538} INFO - Filling up the DagBag from /home/airflow/.local/lib/python3.8/site-packages/airflow/example_dags/tutorial_objectstorage.py
[2025-03-25T23:49:48.055+0000] {processor.py:840} INFO - DAG(s) 'tutorial_objectstorage' retrieved from /home/airflow/.local/lib/python3.8/site-packages/airflow/example_dags/tutorial_objectstorage.py
[2025-03-25T23:49:48.084+0000] {logging_mixin.py:188} INFO - [2025-03-25T23:49:48.084+0000] {dag.py:3036} INFO - Sync 1 DAGs
[2025-03-25T23:49:48.102+0000] {logging_mixin.py:188} INFO - [2025-03-25T23:49:48.102+0000] {dag.py:3823} INFO - Setting next_dagrun for tutorial_objectstorage to None, run_after=None
[2025-03-25T23:49:48.139+0000] {processor.py:183} INFO - Processing /home/airflow/.local/lib/python3.8/site-packages/airflow/example_dags/tutorial_objectstorage.py took 0.109 seconds
[2025-03-25T23:50:18.839+0000] {processor.py:161} INFO - Started process (PID=737) to work on /home/airflow/.local/lib/python3.8/site-packages/airflow/example_dags/tutorial_objectstorage.py
[2025-03-25T23:50:18.841+0000] {processor.py:830} INFO - Processing file /home/airflow/.local/lib/python3.8/site-packages/airflow/example_dags/tutorial_objectstorage.py for tasks to queue
[2025-03-25T23:50:18.844+0000] {logging_mixin.py:188} INFO - [2025-03-25T23:50:18.844+0000] {dagbag.py:538} INFO - Filling up the DagBag from /home/airflow/.local/lib/python3.8/site-packages/airflow/example_dags/tutorial_objectstorage.py
[2025-03-25T23:50:18.854+0000] {processor.py:840} INFO - DAG(s) 'tutorial_objectstorage' retrieved from /home/airflow/.local/lib/python3.8/site-packages/airflow/example_dags/tutorial_objectstorage.py
[2025-03-25T23:50:18.882+0000] {logging_mixin.py:188} INFO - [2025-03-25T23:50:18.882+0000] {dag.py:3036} INFO - Sync 1 DAGs
[2025-03-25T23:50:18.905+0000] {logging_mixin.py:188} INFO - [2025-03-25T23:50:18.904+0000] {dag.py:3823} INFO - Setting next_dagrun for tutorial_objectstorage to None, run_after=None
[2025-03-25T23:50:18.944+0000] {processor.py:183} INFO - Processing /home/airflow/.local/lib/python3.8/site-packages/airflow/example_dags/tutorial_objectstorage.py took 0.108 seconds
[2025-03-25T23:50:49.438+0000] {processor.py:161} INFO - Started process (PID=820) to work on /home/airflow/.local/lib/python3.8/site-packages/airflow/example_dags/tutorial_objectstorage.py
[2025-03-25T23:50:49.441+0000] {processor.py:830} INFO - Processing file /home/airflow/.local/lib/python3.8/site-packages/airflow/example_dags/tutorial_objectstorage.py for tasks to queue
[2025-03-25T23:50:49.448+0000] {logging_mixin.py:188} INFO - [2025-03-25T23:50:49.447+0000] {dagbag.py:538} INFO - Filling up the DagBag from /home/airflow/.local/lib/python3.8/site-packages/airflow/example_dags/tutorial_objectstorage.py
[2025-03-25T23:50:49.465+0000] {processor.py:840} INFO - DAG(s) 'tutorial_objectstorage' retrieved from /home/airflow/.local/lib/python3.8/site-packages/airflow/example_dags/tutorial_objectstorage.py
[2025-03-25T23:50:49.501+0000] {logging_mixin.py:188} INFO - [2025-03-25T23:50:49.501+0000] {dag.py:3036} INFO - Sync 1 DAGs
[2025-03-25T23:50:49.525+0000] {logging_mixin.py:188} INFO - [2025-03-25T23:50:49.525+0000] {dag.py:3823} INFO - Setting next_dagrun for tutorial_objectstorage to None, run_after=None
[2025-03-25T23:50:49.570+0000] {processor.py:183} INFO - Processing /home/airflow/.local/lib/python3.8/site-packages/airflow/example_dags/tutorial_objectstorage.py took 0.138 seconds
[2025-03-25T23:51:20.034+0000] {processor.py:161} INFO - Started process (PID=895) to work on /home/airflow/.local/lib/python3.8/site-packages/airflow/example_dags/tutorial_objectstorage.py
[2025-03-25T23:51:20.036+0000] {processor.py:830} INFO - Processing file /home/airflow/.local/lib/python3.8/site-packages/airflow/example_dags/tutorial_objectstorage.py for tasks to queue
[2025-03-25T23:51:20.040+0000] {logging_mixin.py:188} INFO - [2025-03-25T23:51:20.039+0000] {dagbag.py:538} INFO - Filling up the DagBag from /home/airflow/.local/lib/python3.8/site-packages/airflow/example_dags/tutorial_objectstorage.py
[2025-03-25T23:51:20.053+0000] {processor.py:840} INFO - DAG(s) 'tutorial_objectstorage' retrieved from /home/airflow/.local/lib/python3.8/site-packages/airflow/example_dags/tutorial_objectstorage.py
[2025-03-25T23:51:20.089+0000] {logging_mixin.py:188} INFO - [2025-03-25T23:51:20.088+0000] {dag.py:3036} INFO - Sync 1 DAGs
[2025-03-25T23:51:20.117+0000] {logging_mixin.py:188} INFO - [2025-03-25T23:51:20.116+0000] {dag.py:3823} INFO - Setting next_dagrun for tutorial_objectstorage to None, run_after=None
[2025-03-25T23:51:20.160+0000] {processor.py:183} INFO - Processing /home/airflow/.local/lib/python3.8/site-packages/airflow/example_dags/tutorial_objectstorage.py took 0.130 seconds
[2025-03-25T23:51:50.350+0000] {processor.py:161} INFO - Started process (PID=969) to work on /home/airflow/.local/lib/python3.8/site-packages/airflow/example_dags/tutorial_objectstorage.py
[2025-03-25T23:51:50.351+0000] {processor.py:830} INFO - Processing file /home/airflow/.local/lib/python3.8/site-packages/airflow/example_dags/tutorial_objectstorage.py for tasks to queue
[2025-03-25T23:51:50.355+0000] {logging_mixin.py:188} INFO - [2025-03-25T23:51:50.355+0000] {dagbag.py:538} INFO - Filling up the DagBag from /home/airflow/.local/lib/python3.8/site-packages/airflow/example_dags/tutorial_objectstorage.py
[2025-03-25T23:51:50.365+0000] {processor.py:840} INFO - DAG(s) 'tutorial_objectstorage' retrieved from /home/airflow/.local/lib/python3.8/site-packages/airflow/example_dags/tutorial_objectstorage.py
[2025-03-25T23:51:50.397+0000] {logging_mixin.py:188} INFO - [2025-03-25T23:51:50.396+0000] {dag.py:3036} INFO - Sync 1 DAGs
[2025-03-25T23:51:50.427+0000] {logging_mixin.py:188} INFO - [2025-03-25T23:51:50.426+0000] {dag.py:3823} INFO - Setting next_dagrun for tutorial_objectstorage to None, run_after=None
[2025-03-25T23:51:50.471+0000] {processor.py:183} INFO - Processing /home/airflow/.local/lib/python3.8/site-packages/airflow/example_dags/tutorial_objectstorage.py took 0.126 seconds
[2025-03-25T23:52:20.934+0000] {processor.py:161} INFO - Started process (PID=1044) to work on /home/airflow/.local/lib/python3.8/site-packages/airflow/example_dags/tutorial_objectstorage.py
[2025-03-25T23:52:20.935+0000] {processor.py:830} INFO - Processing file /home/airflow/.local/lib/python3.8/site-packages/airflow/example_dags/tutorial_objectstorage.py for tasks to queue
[2025-03-25T23:52:20.938+0000] {logging_mixin.py:188} INFO - [2025-03-25T23:52:20.938+0000] {dagbag.py:538} INFO - Filling up the DagBag from /home/airflow/.local/lib/python3.8/site-packages/airflow/example_dags/tutorial_objectstorage.py
[2025-03-25T23:52:20.950+0000] {processor.py:840} INFO - DAG(s) 'tutorial_objectstorage' retrieved from /home/airflow/.local/lib/python3.8/site-packages/airflow/example_dags/tutorial_objectstorage.py
[2025-03-25T23:52:20.983+0000] {logging_mixin.py:188} INFO - [2025-03-25T23:52:20.982+0000] {dag.py:3036} INFO - Sync 1 DAGs
[2025-03-25T23:52:21.002+0000] {logging_mixin.py:188} INFO - [2025-03-25T23:52:21.001+0000] {dag.py:3823} INFO - Setting next_dagrun for tutorial_objectstorage to None, run_after=None
[2025-03-25T23:52:21.040+0000] {processor.py:183} INFO - Processing /home/airflow/.local/lib/python3.8/site-packages/airflow/example_dags/tutorial_objectstorage.py took 0.111 seconds
[2025-03-25T23:52:51.225+0000] {processor.py:161} INFO - Started process (PID=1117) to work on /home/airflow/.local/lib/python3.8/site-packages/airflow/example_dags/tutorial_objectstorage.py
[2025-03-25T23:52:51.226+0000] {processor.py:830} INFO - Processing file /home/airflow/.local/lib/python3.8/site-packages/airflow/example_dags/tutorial_objectstorage.py for tasks to queue
[2025-03-25T23:52:51.230+0000] {logging_mixin.py:188} INFO - [2025-03-25T23:52:51.229+0000] {dagbag.py:538} INFO - Filling up the DagBag from /home/airflow/.local/lib/python3.8/site-packages/airflow/example_dags/tutorial_objectstorage.py
[2025-03-25T23:52:51.241+0000] {processor.py:840} INFO - DAG(s) 'tutorial_objectstorage' retrieved from /home/airflow/.local/lib/python3.8/site-packages/airflow/example_dags/tutorial_objectstorage.py
[2025-03-25T23:52:51.271+0000] {logging_mixin.py:188} INFO - [2025-03-25T23:52:51.270+0000] {dag.py:3036} INFO - Sync 1 DAGs
[2025-03-25T23:52:51.289+0000] {logging_mixin.py:188} INFO - [2025-03-25T23:52:51.289+0000] {dag.py:3823} INFO - Setting next_dagrun for tutorial_objectstorage to None, run_after=None
[2025-03-25T23:52:51.329+0000] {processor.py:183} INFO - Processing /home/airflow/.local/lib/python3.8/site-packages/airflow/example_dags/tutorial_objectstorage.py took 0.109 seconds
[2025-03-25T23:53:21.883+0000] {processor.py:161} INFO - Started process (PID=1191) to work on /home/airflow/.local/lib/python3.8/site-packages/airflow/example_dags/tutorial_objectstorage.py
[2025-03-25T23:53:21.885+0000] {processor.py:830} INFO - Processing file /home/airflow/.local/lib/python3.8/site-packages/airflow/example_dags/tutorial_objectstorage.py for tasks to queue
[2025-03-25T23:53:21.888+0000] {logging_mixin.py:188} INFO - [2025-03-25T23:53:21.887+0000] {dagbag.py:538} INFO - Filling up the DagBag from /home/airflow/.local/lib/python3.8/site-packages/airflow/example_dags/tutorial_objectstorage.py
[2025-03-25T23:53:21.896+0000] {processor.py:840} INFO - DAG(s) 'tutorial_objectstorage' retrieved from /home/airflow/.local/lib/python3.8/site-packages/airflow/example_dags/tutorial_objectstorage.py
[2025-03-25T23:53:21.929+0000] {logging_mixin.py:188} INFO - [2025-03-25T23:53:21.928+0000] {dag.py:3036} INFO - Sync 1 DAGs
[2025-03-25T23:53:21.949+0000] {logging_mixin.py:188} INFO - [2025-03-25T23:53:21.948+0000] {dag.py:3823} INFO - Setting next_dagrun for tutorial_objectstorage to None, run_after=None
[2025-03-25T23:53:21.981+0000] {processor.py:183} INFO - Processing /home/airflow/.local/lib/python3.8/site-packages/airflow/example_dags/tutorial_objectstorage.py took 0.102 seconds
[2025-03-25T23:53:52.485+0000] {processor.py:161} INFO - Started process (PID=1265) to work on /home/airflow/.local/lib/python3.8/site-packages/airflow/example_dags/tutorial_objectstorage.py
[2025-03-25T23:53:52.487+0000] {processor.py:830} INFO - Processing file /home/airflow/.local/lib/python3.8/site-packages/airflow/example_dags/tutorial_objectstorage.py for tasks to queue
[2025-03-25T23:53:52.490+0000] {logging_mixin.py:188} INFO - [2025-03-25T23:53:52.489+0000] {dagbag.py:538} INFO - Filling up the DagBag from /home/airflow/.local/lib/python3.8/site-packages/airflow/example_dags/tutorial_objectstorage.py
[2025-03-25T23:53:52.503+0000] {processor.py:840} INFO - DAG(s) 'tutorial_objectstorage' retrieved from /home/airflow/.local/lib/python3.8/site-packages/airflow/example_dags/tutorial_objectstorage.py
[2025-03-25T23:53:52.531+0000] {logging_mixin.py:188} INFO - [2025-03-25T23:53:52.530+0000] {dag.py:3036} INFO - Sync 1 DAGs
[2025-03-25T23:53:52.548+0000] {logging_mixin.py:188} INFO - [2025-03-25T23:53:52.547+0000] {dag.py:3823} INFO - Setting next_dagrun for tutorial_objectstorage to None, run_after=None
[2025-03-25T23:53:52.581+0000] {processor.py:183} INFO - Processing /home/airflow/.local/lib/python3.8/site-packages/airflow/example_dags/tutorial_objectstorage.py took 0.103 seconds
[2025-03-25T23:55:31.753+0000] {processor.py:161} INFO - Started process (PID=70) to work on /home/airflow/.local/lib/python3.8/site-packages/airflow/example_dags/tutorial_objectstorage.py
[2025-03-25T23:55:31.754+0000] {processor.py:830} INFO - Processing file /home/airflow/.local/lib/python3.8/site-packages/airflow/example_dags/tutorial_objectstorage.py for tasks to queue
[2025-03-25T23:55:31.758+0000] {logging_mixin.py:188} INFO - [2025-03-25T23:55:31.757+0000] {dagbag.py:538} INFO - Filling up the DagBag from /home/airflow/.local/lib/python3.8/site-packages/airflow/example_dags/tutorial_objectstorage.py
[2025-03-25T23:55:31.773+0000] {processor.py:840} INFO - DAG(s) 'tutorial_objectstorage' retrieved from /home/airflow/.local/lib/python3.8/site-packages/airflow/example_dags/tutorial_objectstorage.py
[2025-03-25T23:55:32.027+0000] {logging_mixin.py:188} INFO - [2025-03-25T23:55:32.026+0000] {override.py:1769} INFO - Created Permission View: can edit on DAG:tutorial_objectstorage
[2025-03-25T23:55:32.054+0000] {logging_mixin.py:188} INFO - [2025-03-25T23:55:32.053+0000] {override.py:1769} INFO - Created Permission View: can delete on DAG:tutorial_objectstorage
[2025-03-25T23:55:32.077+0000] {logging_mixin.py:188} INFO - [2025-03-25T23:55:32.075+0000] {override.py:1769} INFO - Created Permission View: can read on DAG:tutorial_objectstorage
[2025-03-25T23:55:32.082+0000] {logging_mixin.py:188} INFO - [2025-03-25T23:55:32.080+0000] {dag.py:3036} INFO - Sync 1 DAGs
[2025-03-25T23:55:32.125+0000] {logging_mixin.py:188} INFO - [2025-03-25T23:55:32.124+0000] {dag.py:3058} INFO - Creating ORM DAG for tutorial_objectstorage
[2025-03-25T23:55:32.126+0000] {logging_mixin.py:188} INFO - [2025-03-25T23:55:32.126+0000] {dag.py:3823} INFO - Setting next_dagrun for tutorial_objectstorage to None, run_after=None
[2025-03-25T23:55:32.170+0000] {processor.py:183} INFO - Processing /home/airflow/.local/lib/python3.8/site-packages/airflow/example_dags/tutorial_objectstorage.py took 0.422 seconds
[2025-03-25T23:56:02.489+0000] {processor.py:161} INFO - Started process (PID=144) to work on /home/airflow/.local/lib/python3.8/site-packages/airflow/example_dags/tutorial_objectstorage.py
[2025-03-25T23:56:02.491+0000] {processor.py:830} INFO - Processing file /home/airflow/.local/lib/python3.8/site-packages/airflow/example_dags/tutorial_objectstorage.py for tasks to queue
[2025-03-25T23:56:02.494+0000] {logging_mixin.py:188} INFO - [2025-03-25T23:56:02.493+0000] {dagbag.py:538} INFO - Filling up the DagBag from /home/airflow/.local/lib/python3.8/site-packages/airflow/example_dags/tutorial_objectstorage.py
[2025-03-25T23:56:02.503+0000] {processor.py:840} INFO - DAG(s) 'tutorial_objectstorage' retrieved from /home/airflow/.local/lib/python3.8/site-packages/airflow/example_dags/tutorial_objectstorage.py
[2025-03-25T23:56:02.535+0000] {logging_mixin.py:188} INFO - [2025-03-25T23:56:02.534+0000] {dag.py:3036} INFO - Sync 1 DAGs
[2025-03-25T23:56:02.560+0000] {logging_mixin.py:188} INFO - [2025-03-25T23:56:02.560+0000] {dag.py:3823} INFO - Setting next_dagrun for tutorial_objectstorage to None, run_after=None
[2025-03-25T23:56:02.600+0000] {processor.py:183} INFO - Processing /home/airflow/.local/lib/python3.8/site-packages/airflow/example_dags/tutorial_objectstorage.py took 0.115 seconds
[2025-03-25T23:56:32.762+0000] {processor.py:161} INFO - Started process (PID=209) to work on /home/airflow/.local/lib/python3.8/site-packages/airflow/example_dags/tutorial_objectstorage.py
[2025-03-25T23:56:32.764+0000] {processor.py:830} INFO - Processing file /home/airflow/.local/lib/python3.8/site-packages/airflow/example_dags/tutorial_objectstorage.py for tasks to queue
[2025-03-25T23:56:32.768+0000] {logging_mixin.py:188} INFO - [2025-03-25T23:56:32.767+0000] {dagbag.py:538} INFO - Filling up the DagBag from /home/airflow/.local/lib/python3.8/site-packages/airflow/example_dags/tutorial_objectstorage.py
[2025-03-25T23:56:32.780+0000] {processor.py:840} INFO - DAG(s) 'tutorial_objectstorage' retrieved from /home/airflow/.local/lib/python3.8/site-packages/airflow/example_dags/tutorial_objectstorage.py
[2025-03-25T23:56:32.839+0000] {logging_mixin.py:188} INFO - [2025-03-25T23:56:32.838+0000] {dag.py:3036} INFO - Sync 1 DAGs
[2025-03-25T23:56:32.865+0000] {logging_mixin.py:188} INFO - [2025-03-25T23:56:32.864+0000] {dag.py:3823} INFO - Setting next_dagrun for tutorial_objectstorage to None, run_after=None
[2025-03-25T23:56:32.912+0000] {processor.py:183} INFO - Processing /home/airflow/.local/lib/python3.8/site-packages/airflow/example_dags/tutorial_objectstorage.py took 0.156 seconds
[2025-03-25T23:57:03.023+0000] {processor.py:161} INFO - Started process (PID=289) to work on /home/airflow/.local/lib/python3.8/site-packages/airflow/example_dags/tutorial_objectstorage.py
[2025-03-25T23:57:03.025+0000] {processor.py:830} INFO - Processing file /home/airflow/.local/lib/python3.8/site-packages/airflow/example_dags/tutorial_objectstorage.py for tasks to queue
[2025-03-25T23:57:03.029+0000] {logging_mixin.py:188} INFO - [2025-03-25T23:57:03.028+0000] {dagbag.py:538} INFO - Filling up the DagBag from /home/airflow/.local/lib/python3.8/site-packages/airflow/example_dags/tutorial_objectstorage.py
[2025-03-25T23:57:03.041+0000] {processor.py:840} INFO - DAG(s) 'tutorial_objectstorage' retrieved from /home/airflow/.local/lib/python3.8/site-packages/airflow/example_dags/tutorial_objectstorage.py
[2025-03-25T23:57:03.080+0000] {logging_mixin.py:188} INFO - [2025-03-25T23:57:03.080+0000] {dag.py:3036} INFO - Sync 1 DAGs
[2025-03-25T23:57:03.108+0000] {logging_mixin.py:188} INFO - [2025-03-25T23:57:03.107+0000] {dag.py:3823} INFO - Setting next_dagrun for tutorial_objectstorage to None, run_after=None
[2025-03-25T23:57:03.155+0000] {processor.py:183} INFO - Processing /home/airflow/.local/lib/python3.8/site-packages/airflow/example_dags/tutorial_objectstorage.py took 0.138 seconds
[2025-03-25T23:57:33.357+0000] {processor.py:161} INFO - Started process (PID=364) to work on /home/airflow/.local/lib/python3.8/site-packages/airflow/example_dags/tutorial_objectstorage.py
[2025-03-25T23:57:33.359+0000] {processor.py:830} INFO - Processing file /home/airflow/.local/lib/python3.8/site-packages/airflow/example_dags/tutorial_objectstorage.py for tasks to queue
[2025-03-25T23:57:33.362+0000] {logging_mixin.py:188} INFO - [2025-03-25T23:57:33.361+0000] {dagbag.py:538} INFO - Filling up the DagBag from /home/airflow/.local/lib/python3.8/site-packages/airflow/example_dags/tutorial_objectstorage.py
[2025-03-25T23:57:33.372+0000] {processor.py:840} INFO - DAG(s) 'tutorial_objectstorage' retrieved from /home/airflow/.local/lib/python3.8/site-packages/airflow/example_dags/tutorial_objectstorage.py
[2025-03-25T23:57:33.403+0000] {logging_mixin.py:188} INFO - [2025-03-25T23:57:33.403+0000] {dag.py:3036} INFO - Sync 1 DAGs
[2025-03-25T23:57:33.423+0000] {logging_mixin.py:188} INFO - [2025-03-25T23:57:33.423+0000] {dag.py:3823} INFO - Setting next_dagrun for tutorial_objectstorage to None, run_after=None
[2025-03-25T23:57:33.461+0000] {processor.py:183} INFO - Processing /home/airflow/.local/lib/python3.8/site-packages/airflow/example_dags/tutorial_objectstorage.py took 0.108 seconds
[2025-03-25T23:58:04.370+0000] {processor.py:161} INFO - Started process (PID=439) to work on /home/airflow/.local/lib/python3.8/site-packages/airflow/example_dags/tutorial_objectstorage.py
[2025-03-25T23:58:04.372+0000] {processor.py:830} INFO - Processing file /home/airflow/.local/lib/python3.8/site-packages/airflow/example_dags/tutorial_objectstorage.py for tasks to queue
[2025-03-25T23:58:04.375+0000] {logging_mixin.py:188} INFO - [2025-03-25T23:58:04.374+0000] {dagbag.py:538} INFO - Filling up the DagBag from /home/airflow/.local/lib/python3.8/site-packages/airflow/example_dags/tutorial_objectstorage.py
[2025-03-25T23:58:04.385+0000] {processor.py:840} INFO - DAG(s) 'tutorial_objectstorage' retrieved from /home/airflow/.local/lib/python3.8/site-packages/airflow/example_dags/tutorial_objectstorage.py
[2025-03-25T23:58:04.416+0000] {logging_mixin.py:188} INFO - [2025-03-25T23:58:04.415+0000] {dag.py:3036} INFO - Sync 1 DAGs
[2025-03-25T23:58:04.440+0000] {logging_mixin.py:188} INFO - [2025-03-25T23:58:04.439+0000] {dag.py:3823} INFO - Setting next_dagrun for tutorial_objectstorage to None, run_after=None
[2025-03-25T23:58:04.479+0000] {processor.py:183} INFO - Processing /home/airflow/.local/lib/python3.8/site-packages/airflow/example_dags/tutorial_objectstorage.py took 0.113 seconds
[2025-03-25T23:58:35.052+0000] {processor.py:161} INFO - Started process (PID=513) to work on /home/airflow/.local/lib/python3.8/site-packages/airflow/example_dags/tutorial_objectstorage.py
[2025-03-25T23:58:35.054+0000] {processor.py:830} INFO - Processing file /home/airflow/.local/lib/python3.8/site-packages/airflow/example_dags/tutorial_objectstorage.py for tasks to queue
[2025-03-25T23:58:35.057+0000] {logging_mixin.py:188} INFO - [2025-03-25T23:58:35.056+0000] {dagbag.py:538} INFO - Filling up the DagBag from /home/airflow/.local/lib/python3.8/site-packages/airflow/example_dags/tutorial_objectstorage.py
[2025-03-25T23:58:35.065+0000] {processor.py:840} INFO - DAG(s) 'tutorial_objectstorage' retrieved from /home/airflow/.local/lib/python3.8/site-packages/airflow/example_dags/tutorial_objectstorage.py
[2025-03-25T23:58:35.094+0000] {logging_mixin.py:188} INFO - [2025-03-25T23:58:35.094+0000] {dag.py:3036} INFO - Sync 1 DAGs
[2025-03-25T23:58:35.115+0000] {logging_mixin.py:188} INFO - [2025-03-25T23:58:35.115+0000] {dag.py:3823} INFO - Setting next_dagrun for tutorial_objectstorage to None, run_after=None
[2025-03-25T23:58:35.161+0000] {processor.py:183} INFO - Processing /home/airflow/.local/lib/python3.8/site-packages/airflow/example_dags/tutorial_objectstorage.py took 0.113 seconds
[2025-03-25T23:59:05.967+0000] {processor.py:161} INFO - Started process (PID=587) to work on /home/airflow/.local/lib/python3.8/site-packages/airflow/example_dags/tutorial_objectstorage.py
[2025-03-25T23:59:05.969+0000] {processor.py:830} INFO - Processing file /home/airflow/.local/lib/python3.8/site-packages/airflow/example_dags/tutorial_objectstorage.py for tasks to queue
[2025-03-25T23:59:05.971+0000] {logging_mixin.py:188} INFO - [2025-03-25T23:59:05.971+0000] {dagbag.py:538} INFO - Filling up the DagBag from /home/airflow/.local/lib/python3.8/site-packages/airflow/example_dags/tutorial_objectstorage.py
[2025-03-25T23:59:05.979+0000] {processor.py:840} INFO - DAG(s) 'tutorial_objectstorage' retrieved from /home/airflow/.local/lib/python3.8/site-packages/airflow/example_dags/tutorial_objectstorage.py
[2025-03-25T23:59:06.012+0000] {logging_mixin.py:188} INFO - [2025-03-25T23:59:06.011+0000] {dag.py:3036} INFO - Sync 1 DAGs
[2025-03-25T23:59:06.031+0000] {logging_mixin.py:188} INFO - [2025-03-25T23:59:06.031+0000] {dag.py:3823} INFO - Setting next_dagrun for tutorial_objectstorage to None, run_after=None
[2025-03-25T23:59:06.061+0000] {processor.py:183} INFO - Processing /home/airflow/.local/lib/python3.8/site-packages/airflow/example_dags/tutorial_objectstorage.py took 0.098 seconds
[2025-03-25T23:59:36.700+0000] {processor.py:161} INFO - Started process (PID=661) to work on /home/airflow/.local/lib/python3.8/site-packages/airflow/example_dags/tutorial_objectstorage.py
[2025-03-25T23:59:36.701+0000] {processor.py:830} INFO - Processing file /home/airflow/.local/lib/python3.8/site-packages/airflow/example_dags/tutorial_objectstorage.py for tasks to queue
[2025-03-25T23:59:36.704+0000] {logging_mixin.py:188} INFO - [2025-03-25T23:59:36.704+0000] {dagbag.py:538} INFO - Filling up the DagBag from /home/airflow/.local/lib/python3.8/site-packages/airflow/example_dags/tutorial_objectstorage.py
[2025-03-25T23:59:36.713+0000] {processor.py:840} INFO - DAG(s) 'tutorial_objectstorage' retrieved from /home/airflow/.local/lib/python3.8/site-packages/airflow/example_dags/tutorial_objectstorage.py
[2025-03-25T23:59:36.738+0000] {logging_mixin.py:188} INFO - [2025-03-25T23:59:36.738+0000] {dag.py:3036} INFO - Sync 1 DAGs
[2025-03-25T23:59:36.753+0000] {logging_mixin.py:188} INFO - [2025-03-25T23:59:36.753+0000] {dag.py:3823} INFO - Setting next_dagrun for tutorial_objectstorage to None, run_after=None
[2025-03-25T23:59:36.781+0000] {processor.py:183} INFO - Processing /home/airflow/.local/lib/python3.8/site-packages/airflow/example_dags/tutorial_objectstorage.py took 0.084 seconds
