[2025-03-25T23:45:39.537+0000] {processor.py:161} INFO - Started process (PID=57) to work on /home/airflow/.local/lib/python3.8/site-packages/airflow/example_dags/tutorial_dag.py
[2025-03-25T23:45:39.539+0000] {processor.py:830} INFO - Processing file /home/airflow/.local/lib/python3.8/site-packages/airflow/example_dags/tutorial_dag.py for tasks to queue
[2025-03-25T23:45:39.542+0000] {logging_mixin.py:188} INFO - [2025-03-25T23:45:39.542+0000] {dagbag.py:538} INFO - Filling up the DagBag from /home/airflow/.local/lib/python3.8/site-packages/airflow/example_dags/tutorial_dag.py
[2025-03-25T23:45:39.566+0000] {processor.py:840} INFO - DAG(s) 'tutorial_dag' retrieved from /home/airflow/.local/lib/python3.8/site-packages/airflow/example_dags/tutorial_dag.py
[2025-03-25T23:45:39.900+0000] {logging_mixin.py:188} INFO - [2025-03-25T23:45:39.899+0000] {override.py:1769} INFO - Created Permission View: can edit on DAG:tutorial_dag
[2025-03-25T23:45:39.923+0000] {logging_mixin.py:188} INFO - [2025-03-25T23:45:39.923+0000] {override.py:1769} INFO - Created Permission View: can delete on DAG:tutorial_dag
[2025-03-25T23:45:39.949+0000] {logging_mixin.py:188} INFO - [2025-03-25T23:45:39.949+0000] {override.py:1769} INFO - Created Permission View: can read on DAG:tutorial_dag
[2025-03-25T23:45:39.950+0000] {logging_mixin.py:188} INFO - [2025-03-25T23:45:39.950+0000] {dag.py:3036} INFO - Sync 1 DAGs
[2025-03-25T23:45:39.970+0000] {logging_mixin.py:188} INFO - [2025-03-25T23:45:39.969+0000] {dag.py:3058} INFO - Creating ORM DAG for tutorial_dag
[2025-03-25T23:45:39.972+0000] {logging_mixin.py:188} INFO - [2025-03-25T23:45:39.971+0000] {dag.py:3823} INFO - Setting next_dagrun for tutorial_dag to None, run_after=None
[2025-03-25T23:45:40.007+0000] {processor.py:183} INFO - Processing /home/airflow/.local/lib/python3.8/site-packages/airflow/example_dags/tutorial_dag.py took 0.476 seconds
[2025-03-25T23:46:10.365+0000] {processor.py:161} INFO - Started process (PID=130) to work on /home/airflow/.local/lib/python3.8/site-packages/airflow/example_dags/tutorial_dag.py
[2025-03-25T23:46:10.366+0000] {processor.py:830} INFO - Processing file /home/airflow/.local/lib/python3.8/site-packages/airflow/example_dags/tutorial_dag.py for tasks to queue
[2025-03-25T23:46:10.369+0000] {logging_mixin.py:188} INFO - [2025-03-25T23:46:10.368+0000] {dagbag.py:538} INFO - Filling up the DagBag from /home/airflow/.local/lib/python3.8/site-packages/airflow/example_dags/tutorial_dag.py
[2025-03-25T23:46:10.375+0000] {processor.py:840} INFO - DAG(s) 'tutorial_dag' retrieved from /home/airflow/.local/lib/python3.8/site-packages/airflow/example_dags/tutorial_dag.py
[2025-03-25T23:46:10.410+0000] {logging_mixin.py:188} INFO - [2025-03-25T23:46:10.409+0000] {dag.py:3036} INFO - Sync 1 DAGs
[2025-03-25T23:46:10.430+0000] {logging_mixin.py:188} INFO - [2025-03-25T23:46:10.429+0000] {dag.py:3823} INFO - Setting next_dagrun for tutorial_dag to None, run_after=None
[2025-03-25T23:46:10.462+0000] {processor.py:183} INFO - Processing /home/airflow/.local/lib/python3.8/site-packages/airflow/example_dags/tutorial_dag.py took 0.100 seconds
[2025-03-25T23:46:41.397+0000] {processor.py:161} INFO - Started process (PID=204) to work on /home/airflow/.local/lib/python3.8/site-packages/airflow/example_dags/tutorial_dag.py
[2025-03-25T23:46:41.398+0000] {processor.py:830} INFO - Processing file /home/airflow/.local/lib/python3.8/site-packages/airflow/example_dags/tutorial_dag.py for tasks to queue
[2025-03-25T23:46:41.401+0000] {logging_mixin.py:188} INFO - [2025-03-25T23:46:41.400+0000] {dagbag.py:538} INFO - Filling up the DagBag from /home/airflow/.local/lib/python3.8/site-packages/airflow/example_dags/tutorial_dag.py
[2025-03-25T23:46:41.411+0000] {processor.py:840} INFO - DAG(s) 'tutorial_dag' retrieved from /home/airflow/.local/lib/python3.8/site-packages/airflow/example_dags/tutorial_dag.py
[2025-03-25T23:46:41.466+0000] {logging_mixin.py:188} INFO - [2025-03-25T23:46:41.466+0000] {dag.py:3036} INFO - Sync 1 DAGs
[2025-03-25T23:46:41.486+0000] {logging_mixin.py:188} INFO - [2025-03-25T23:46:41.486+0000] {dag.py:3823} INFO - Setting next_dagrun for tutorial_dag to None, run_after=None
[2025-03-25T23:46:41.524+0000] {processor.py:183} INFO - Processing /home/airflow/.local/lib/python3.8/site-packages/airflow/example_dags/tutorial_dag.py took 0.131 seconds
[2025-03-25T23:47:12.101+0000] {processor.py:161} INFO - Started process (PID=279) to work on /home/airflow/.local/lib/python3.8/site-packages/airflow/example_dags/tutorial_dag.py
[2025-03-25T23:47:12.104+0000] {processor.py:830} INFO - Processing file /home/airflow/.local/lib/python3.8/site-packages/airflow/example_dags/tutorial_dag.py for tasks to queue
[2025-03-25T23:47:12.109+0000] {logging_mixin.py:188} INFO - [2025-03-25T23:47:12.108+0000] {dagbag.py:538} INFO - Filling up the DagBag from /home/airflow/.local/lib/python3.8/site-packages/airflow/example_dags/tutorial_dag.py
[2025-03-25T23:47:12.128+0000] {processor.py:840} INFO - DAG(s) 'tutorial_dag' retrieved from /home/airflow/.local/lib/python3.8/site-packages/airflow/example_dags/tutorial_dag.py
[2025-03-25T23:47:12.181+0000] {logging_mixin.py:188} INFO - [2025-03-25T23:47:12.181+0000] {dag.py:3036} INFO - Sync 1 DAGs
[2025-03-25T23:47:12.205+0000] {logging_mixin.py:188} INFO - [2025-03-25T23:47:12.204+0000] {dag.py:3823} INFO - Setting next_dagrun for tutorial_dag to None, run_after=None
[2025-03-25T23:47:12.253+0000] {processor.py:183} INFO - Processing /home/airflow/.local/lib/python3.8/site-packages/airflow/example_dags/tutorial_dag.py took 0.155 seconds
[2025-03-25T23:47:43.040+0000] {processor.py:161} INFO - Started process (PID=361) to work on /home/airflow/.local/lib/python3.8/site-packages/airflow/example_dags/tutorial_dag.py
[2025-03-25T23:47:43.042+0000] {processor.py:830} INFO - Processing file /home/airflow/.local/lib/python3.8/site-packages/airflow/example_dags/tutorial_dag.py for tasks to queue
[2025-03-25T23:47:43.046+0000] {logging_mixin.py:188} INFO - [2025-03-25T23:47:43.045+0000] {dagbag.py:538} INFO - Filling up the DagBag from /home/airflow/.local/lib/python3.8/site-packages/airflow/example_dags/tutorial_dag.py
[2025-03-25T23:47:43.060+0000] {processor.py:840} INFO - DAG(s) 'tutorial_dag' retrieved from /home/airflow/.local/lib/python3.8/site-packages/airflow/example_dags/tutorial_dag.py
[2025-03-25T23:47:43.123+0000] {logging_mixin.py:188} INFO - [2025-03-25T23:47:43.123+0000] {dag.py:3036} INFO - Sync 1 DAGs
[2025-03-25T23:47:43.156+0000] {logging_mixin.py:188} INFO - [2025-03-25T23:47:43.156+0000] {dag.py:3823} INFO - Setting next_dagrun for tutorial_dag to None, run_after=None
[2025-03-25T23:47:43.200+0000] {processor.py:183} INFO - Processing /home/airflow/.local/lib/python3.8/site-packages/airflow/example_dags/tutorial_dag.py took 0.175 seconds
[2025-03-25T23:48:13.528+0000] {processor.py:161} INFO - Started process (PID=436) to work on /home/airflow/.local/lib/python3.8/site-packages/airflow/example_dags/tutorial_dag.py
[2025-03-25T23:48:13.531+0000] {processor.py:830} INFO - Processing file /home/airflow/.local/lib/python3.8/site-packages/airflow/example_dags/tutorial_dag.py for tasks to queue
[2025-03-25T23:48:13.534+0000] {logging_mixin.py:188} INFO - [2025-03-25T23:48:13.533+0000] {dagbag.py:538} INFO - Filling up the DagBag from /home/airflow/.local/lib/python3.8/site-packages/airflow/example_dags/tutorial_dag.py
[2025-03-25T23:48:13.542+0000] {processor.py:840} INFO - DAG(s) 'tutorial_dag' retrieved from /home/airflow/.local/lib/python3.8/site-packages/airflow/example_dags/tutorial_dag.py
[2025-03-25T23:48:13.577+0000] {logging_mixin.py:188} INFO - [2025-03-25T23:48:13.576+0000] {dag.py:3036} INFO - Sync 1 DAGs
[2025-03-25T23:48:13.599+0000] {logging_mixin.py:188} INFO - [2025-03-25T23:48:13.598+0000] {dag.py:3823} INFO - Setting next_dagrun for tutorial_dag to None, run_after=None
[2025-03-25T23:48:13.639+0000] {processor.py:183} INFO - Processing /home/airflow/.local/lib/python3.8/site-packages/airflow/example_dags/tutorial_dag.py took 0.116 seconds
[2025-03-25T23:48:44.519+0000] {processor.py:161} INFO - Started process (PID=510) to work on /home/airflow/.local/lib/python3.8/site-packages/airflow/example_dags/tutorial_dag.py
[2025-03-25T23:48:44.521+0000] {processor.py:830} INFO - Processing file /home/airflow/.local/lib/python3.8/site-packages/airflow/example_dags/tutorial_dag.py for tasks to queue
[2025-03-25T23:48:44.524+0000] {logging_mixin.py:188} INFO - [2025-03-25T23:48:44.523+0000] {dagbag.py:538} INFO - Filling up the DagBag from /home/airflow/.local/lib/python3.8/site-packages/airflow/example_dags/tutorial_dag.py
[2025-03-25T23:48:44.531+0000] {processor.py:840} INFO - DAG(s) 'tutorial_dag' retrieved from /home/airflow/.local/lib/python3.8/site-packages/airflow/example_dags/tutorial_dag.py
[2025-03-25T23:48:44.571+0000] {logging_mixin.py:188} INFO - [2025-03-25T23:48:44.570+0000] {dag.py:3036} INFO - Sync 1 DAGs
[2025-03-25T23:48:44.611+0000] {logging_mixin.py:188} INFO - [2025-03-25T23:48:44.610+0000] {dag.py:3823} INFO - Setting next_dagrun for tutorial_dag to None, run_after=None
[2025-03-25T23:48:44.650+0000] {processor.py:183} INFO - Processing /home/airflow/.local/lib/python3.8/site-packages/airflow/example_dags/tutorial_dag.py took 0.137 seconds
[2025-03-25T23:49:15.073+0000] {processor.py:161} INFO - Started process (PID=584) to work on /home/airflow/.local/lib/python3.8/site-packages/airflow/example_dags/tutorial_dag.py
[2025-03-25T23:49:15.074+0000] {processor.py:830} INFO - Processing file /home/airflow/.local/lib/python3.8/site-packages/airflow/example_dags/tutorial_dag.py for tasks to queue
[2025-03-25T23:49:15.076+0000] {logging_mixin.py:188} INFO - [2025-03-25T23:49:15.076+0000] {dagbag.py:538} INFO - Filling up the DagBag from /home/airflow/.local/lib/python3.8/site-packages/airflow/example_dags/tutorial_dag.py
[2025-03-25T23:49:15.083+0000] {processor.py:840} INFO - DAG(s) 'tutorial_dag' retrieved from /home/airflow/.local/lib/python3.8/site-packages/airflow/example_dags/tutorial_dag.py
[2025-03-25T23:49:15.114+0000] {logging_mixin.py:188} INFO - [2025-03-25T23:49:15.114+0000] {dag.py:3036} INFO - Sync 1 DAGs
[2025-03-25T23:49:15.132+0000] {logging_mixin.py:188} INFO - [2025-03-25T23:49:15.132+0000] {dag.py:3823} INFO - Setting next_dagrun for tutorial_dag to None, run_after=None
[2025-03-25T23:49:15.172+0000] {processor.py:183} INFO - Processing /home/airflow/.local/lib/python3.8/site-packages/airflow/example_dags/tutorial_dag.py took 0.103 seconds
[2025-03-25T23:49:45.439+0000] {processor.py:161} INFO - Started process (PID=658) to work on /home/airflow/.local/lib/python3.8/site-packages/airflow/example_dags/tutorial_dag.py
[2025-03-25T23:49:45.441+0000] {processor.py:830} INFO - Processing file /home/airflow/.local/lib/python3.8/site-packages/airflow/example_dags/tutorial_dag.py for tasks to queue
[2025-03-25T23:49:45.444+0000] {logging_mixin.py:188} INFO - [2025-03-25T23:49:45.444+0000] {dagbag.py:538} INFO - Filling up the DagBag from /home/airflow/.local/lib/python3.8/site-packages/airflow/example_dags/tutorial_dag.py
[2025-03-25T23:49:45.451+0000] {processor.py:840} INFO - DAG(s) 'tutorial_dag' retrieved from /home/airflow/.local/lib/python3.8/site-packages/airflow/example_dags/tutorial_dag.py
[2025-03-25T23:49:45.482+0000] {logging_mixin.py:188} INFO - [2025-03-25T23:49:45.482+0000] {dag.py:3036} INFO - Sync 1 DAGs
[2025-03-25T23:49:45.502+0000] {logging_mixin.py:188} INFO - [2025-03-25T23:49:45.501+0000] {dag.py:3823} INFO - Setting next_dagrun for tutorial_dag to None, run_after=None
[2025-03-25T23:49:45.536+0000] {processor.py:183} INFO - Processing /home/airflow/.local/lib/python3.8/site-packages/airflow/example_dags/tutorial_dag.py took 0.101 seconds
[2025-03-25T23:50:16.177+0000] {processor.py:161} INFO - Started process (PID=731) to work on /home/airflow/.local/lib/python3.8/site-packages/airflow/example_dags/tutorial_dag.py
[2025-03-25T23:50:16.178+0000] {processor.py:830} INFO - Processing file /home/airflow/.local/lib/python3.8/site-packages/airflow/example_dags/tutorial_dag.py for tasks to queue
[2025-03-25T23:50:16.181+0000] {logging_mixin.py:188} INFO - [2025-03-25T23:50:16.180+0000] {dagbag.py:538} INFO - Filling up the DagBag from /home/airflow/.local/lib/python3.8/site-packages/airflow/example_dags/tutorial_dag.py
[2025-03-25T23:50:16.188+0000] {processor.py:840} INFO - DAG(s) 'tutorial_dag' retrieved from /home/airflow/.local/lib/python3.8/site-packages/airflow/example_dags/tutorial_dag.py
[2025-03-25T23:50:16.220+0000] {logging_mixin.py:188} INFO - [2025-03-25T23:50:16.220+0000] {dag.py:3036} INFO - Sync 1 DAGs
[2025-03-25T23:50:16.241+0000] {logging_mixin.py:188} INFO - [2025-03-25T23:50:16.241+0000] {dag.py:3823} INFO - Setting next_dagrun for tutorial_dag to None, run_after=None
[2025-03-25T23:50:16.275+0000] {processor.py:183} INFO - Processing /home/airflow/.local/lib/python3.8/site-packages/airflow/example_dags/tutorial_dag.py took 0.102 seconds
[2025-03-25T23:50:46.662+0000] {processor.py:161} INFO - Started process (PID=806) to work on /home/airflow/.local/lib/python3.8/site-packages/airflow/example_dags/tutorial_dag.py
[2025-03-25T23:50:46.673+0000] {processor.py:830} INFO - Processing file /home/airflow/.local/lib/python3.8/site-packages/airflow/example_dags/tutorial_dag.py for tasks to queue
[2025-03-25T23:50:46.678+0000] {logging_mixin.py:188} INFO - [2025-03-25T23:50:46.677+0000] {dagbag.py:538} INFO - Filling up the DagBag from /home/airflow/.local/lib/python3.8/site-packages/airflow/example_dags/tutorial_dag.py
[2025-03-25T23:50:46.705+0000] {processor.py:840} INFO - DAG(s) 'tutorial_dag' retrieved from /home/airflow/.local/lib/python3.8/site-packages/airflow/example_dags/tutorial_dag.py
[2025-03-25T23:50:46.794+0000] {logging_mixin.py:188} INFO - [2025-03-25T23:50:46.793+0000] {dag.py:3036} INFO - Sync 1 DAGs
[2025-03-25T23:50:46.871+0000] {logging_mixin.py:188} INFO - [2025-03-25T23:50:46.871+0000] {dag.py:3823} INFO - Setting next_dagrun for tutorial_dag to None, run_after=None
[2025-03-25T23:50:46.990+0000] {processor.py:183} INFO - Processing /home/airflow/.local/lib/python3.8/site-packages/airflow/example_dags/tutorial_dag.py took 0.334 seconds
[2025-03-25T23:51:17.423+0000] {processor.py:161} INFO - Started process (PID=881) to work on /home/airflow/.local/lib/python3.8/site-packages/airflow/example_dags/tutorial_dag.py
[2025-03-25T23:51:17.424+0000] {processor.py:830} INFO - Processing file /home/airflow/.local/lib/python3.8/site-packages/airflow/example_dags/tutorial_dag.py for tasks to queue
[2025-03-25T23:51:17.426+0000] {logging_mixin.py:188} INFO - [2025-03-25T23:51:17.426+0000] {dagbag.py:538} INFO - Filling up the DagBag from /home/airflow/.local/lib/python3.8/site-packages/airflow/example_dags/tutorial_dag.py
[2025-03-25T23:51:17.432+0000] {processor.py:840} INFO - DAG(s) 'tutorial_dag' retrieved from /home/airflow/.local/lib/python3.8/site-packages/airflow/example_dags/tutorial_dag.py
[2025-03-25T23:51:17.464+0000] {logging_mixin.py:188} INFO - [2025-03-25T23:51:17.464+0000] {dag.py:3036} INFO - Sync 1 DAGs
[2025-03-25T23:51:17.501+0000] {logging_mixin.py:188} INFO - [2025-03-25T23:51:17.500+0000] {dag.py:3823} INFO - Setting next_dagrun for tutorial_dag to None, run_after=None
[2025-03-25T23:51:17.547+0000] {processor.py:183} INFO - Processing /home/airflow/.local/lib/python3.8/site-packages/airflow/example_dags/tutorial_dag.py took 0.127 seconds
[2025-03-25T23:51:47.681+0000] {processor.py:161} INFO - Started process (PID=963) to work on /home/airflow/.local/lib/python3.8/site-packages/airflow/example_dags/tutorial_dag.py
[2025-03-25T23:51:47.682+0000] {processor.py:830} INFO - Processing file /home/airflow/.local/lib/python3.8/site-packages/airflow/example_dags/tutorial_dag.py for tasks to queue
[2025-03-25T23:51:47.685+0000] {logging_mixin.py:188} INFO - [2025-03-25T23:51:47.684+0000] {dagbag.py:538} INFO - Filling up the DagBag from /home/airflow/.local/lib/python3.8/site-packages/airflow/example_dags/tutorial_dag.py
[2025-03-25T23:51:47.692+0000] {processor.py:840} INFO - DAG(s) 'tutorial_dag' retrieved from /home/airflow/.local/lib/python3.8/site-packages/airflow/example_dags/tutorial_dag.py
[2025-03-25T23:51:47.727+0000] {logging_mixin.py:188} INFO - [2025-03-25T23:51:47.726+0000] {dag.py:3036} INFO - Sync 1 DAGs
[2025-03-25T23:51:47.745+0000] {logging_mixin.py:188} INFO - [2025-03-25T23:51:47.745+0000] {dag.py:3823} INFO - Setting next_dagrun for tutorial_dag to None, run_after=None
[2025-03-25T23:51:47.786+0000] {processor.py:183} INFO - Processing /home/airflow/.local/lib/python3.8/site-packages/airflow/example_dags/tutorial_dag.py took 0.109 seconds
[2025-03-25T23:52:18.292+0000] {processor.py:161} INFO - Started process (PID=1038) to work on /home/airflow/.local/lib/python3.8/site-packages/airflow/example_dags/tutorial_dag.py
[2025-03-25T23:52:18.294+0000] {processor.py:830} INFO - Processing file /home/airflow/.local/lib/python3.8/site-packages/airflow/example_dags/tutorial_dag.py for tasks to queue
[2025-03-25T23:52:18.297+0000] {logging_mixin.py:188} INFO - [2025-03-25T23:52:18.297+0000] {dagbag.py:538} INFO - Filling up the DagBag from /home/airflow/.local/lib/python3.8/site-packages/airflow/example_dags/tutorial_dag.py
[2025-03-25T23:52:18.304+0000] {processor.py:840} INFO - DAG(s) 'tutorial_dag' retrieved from /home/airflow/.local/lib/python3.8/site-packages/airflow/example_dags/tutorial_dag.py
[2025-03-25T23:52:18.345+0000] {logging_mixin.py:188} INFO - [2025-03-25T23:52:18.344+0000] {dag.py:3036} INFO - Sync 1 DAGs
[2025-03-25T23:52:18.368+0000] {logging_mixin.py:188} INFO - [2025-03-25T23:52:18.368+0000] {dag.py:3823} INFO - Setting next_dagrun for tutorial_dag to None, run_after=None
[2025-03-25T23:52:18.412+0000] {processor.py:183} INFO - Processing /home/airflow/.local/lib/python3.8/site-packages/airflow/example_dags/tutorial_dag.py took 0.125 seconds
[2025-03-25T23:52:48.614+0000] {processor.py:161} INFO - Started process (PID=1111) to work on /home/airflow/.local/lib/python3.8/site-packages/airflow/example_dags/tutorial_dag.py
[2025-03-25T23:52:48.616+0000] {processor.py:830} INFO - Processing file /home/airflow/.local/lib/python3.8/site-packages/airflow/example_dags/tutorial_dag.py for tasks to queue
[2025-03-25T23:52:48.619+0000] {logging_mixin.py:188} INFO - [2025-03-25T23:52:48.618+0000] {dagbag.py:538} INFO - Filling up the DagBag from /home/airflow/.local/lib/python3.8/site-packages/airflow/example_dags/tutorial_dag.py
[2025-03-25T23:52:48.627+0000] {processor.py:840} INFO - DAG(s) 'tutorial_dag' retrieved from /home/airflow/.local/lib/python3.8/site-packages/airflow/example_dags/tutorial_dag.py
[2025-03-25T23:52:48.662+0000] {logging_mixin.py:188} INFO - [2025-03-25T23:52:48.662+0000] {dag.py:3036} INFO - Sync 1 DAGs
[2025-03-25T23:52:48.687+0000] {logging_mixin.py:188} INFO - [2025-03-25T23:52:48.686+0000] {dag.py:3823} INFO - Setting next_dagrun for tutorial_dag to None, run_after=None
[2025-03-25T23:52:48.730+0000] {processor.py:183} INFO - Processing /home/airflow/.local/lib/python3.8/site-packages/airflow/example_dags/tutorial_dag.py took 0.121 seconds
[2025-03-25T23:53:19.272+0000] {processor.py:161} INFO - Started process (PID=1185) to work on /home/airflow/.local/lib/python3.8/site-packages/airflow/example_dags/tutorial_dag.py
[2025-03-25T23:53:19.273+0000] {processor.py:830} INFO - Processing file /home/airflow/.local/lib/python3.8/site-packages/airflow/example_dags/tutorial_dag.py for tasks to queue
[2025-03-25T23:53:19.276+0000] {logging_mixin.py:188} INFO - [2025-03-25T23:53:19.275+0000] {dagbag.py:538} INFO - Filling up the DagBag from /home/airflow/.local/lib/python3.8/site-packages/airflow/example_dags/tutorial_dag.py
[2025-03-25T23:53:19.282+0000] {processor.py:840} INFO - DAG(s) 'tutorial_dag' retrieved from /home/airflow/.local/lib/python3.8/site-packages/airflow/example_dags/tutorial_dag.py
[2025-03-25T23:53:19.314+0000] {logging_mixin.py:188} INFO - [2025-03-25T23:53:19.314+0000] {dag.py:3036} INFO - Sync 1 DAGs
[2025-03-25T23:53:19.332+0000] {logging_mixin.py:188} INFO - [2025-03-25T23:53:19.332+0000] {dag.py:3823} INFO - Setting next_dagrun for tutorial_dag to None, run_after=None
[2025-03-25T23:53:19.364+0000] {processor.py:183} INFO - Processing /home/airflow/.local/lib/python3.8/site-packages/airflow/example_dags/tutorial_dag.py took 0.097 seconds
[2025-03-25T23:53:50.100+0000] {processor.py:161} INFO - Started process (PID=1259) to work on /home/airflow/.local/lib/python3.8/site-packages/airflow/example_dags/tutorial_dag.py
[2025-03-25T23:53:50.101+0000] {processor.py:830} INFO - Processing file /home/airflow/.local/lib/python3.8/site-packages/airflow/example_dags/tutorial_dag.py for tasks to queue
[2025-03-25T23:53:50.104+0000] {logging_mixin.py:188} INFO - [2025-03-25T23:53:50.104+0000] {dagbag.py:538} INFO - Filling up the DagBag from /home/airflow/.local/lib/python3.8/site-packages/airflow/example_dags/tutorial_dag.py
[2025-03-25T23:53:50.111+0000] {processor.py:840} INFO - DAG(s) 'tutorial_dag' retrieved from /home/airflow/.local/lib/python3.8/site-packages/airflow/example_dags/tutorial_dag.py
[2025-03-25T23:53:50.142+0000] {logging_mixin.py:188} INFO - [2025-03-25T23:53:50.141+0000] {dag.py:3036} INFO - Sync 1 DAGs
[2025-03-25T23:53:50.159+0000] {logging_mixin.py:188} INFO - [2025-03-25T23:53:50.159+0000] {dag.py:3823} INFO - Setting next_dagrun for tutorial_dag to None, run_after=None
[2025-03-25T23:53:50.192+0000] {processor.py:183} INFO - Processing /home/airflow/.local/lib/python3.8/site-packages/airflow/example_dags/tutorial_dag.py took 0.096 seconds
[2025-03-25T23:55:29.012+0000] {processor.py:161} INFO - Started process (PID=57) to work on /home/airflow/.local/lib/python3.8/site-packages/airflow/example_dags/tutorial_dag.py
[2025-03-25T23:55:29.014+0000] {processor.py:830} INFO - Processing file /home/airflow/.local/lib/python3.8/site-packages/airflow/example_dags/tutorial_dag.py for tasks to queue
[2025-03-25T23:55:29.017+0000] {logging_mixin.py:188} INFO - [2025-03-25T23:55:29.017+0000] {dagbag.py:538} INFO - Filling up the DagBag from /home/airflow/.local/lib/python3.8/site-packages/airflow/example_dags/tutorial_dag.py
[2025-03-25T23:55:29.031+0000] {processor.py:840} INFO - DAG(s) 'tutorial_dag' retrieved from /home/airflow/.local/lib/python3.8/site-packages/airflow/example_dags/tutorial_dag.py
[2025-03-25T23:55:29.342+0000] {logging_mixin.py:188} INFO - [2025-03-25T23:55:29.339+0000] {override.py:1769} INFO - Created Permission View: can edit on DAG:tutorial_dag
[2025-03-25T23:55:29.374+0000] {logging_mixin.py:188} INFO - [2025-03-25T23:55:29.373+0000] {override.py:1769} INFO - Created Permission View: can delete on DAG:tutorial_dag
[2025-03-25T23:55:29.394+0000] {logging_mixin.py:188} INFO - [2025-03-25T23:55:29.394+0000] {override.py:1769} INFO - Created Permission View: can read on DAG:tutorial_dag
[2025-03-25T23:55:29.396+0000] {logging_mixin.py:188} INFO - [2025-03-25T23:55:29.396+0000] {dag.py:3036} INFO - Sync 1 DAGs
[2025-03-25T23:55:29.443+0000] {logging_mixin.py:188} INFO - [2025-03-25T23:55:29.442+0000] {dag.py:3058} INFO - Creating ORM DAG for tutorial_dag
[2025-03-25T23:55:29.447+0000] {logging_mixin.py:188} INFO - [2025-03-25T23:55:29.445+0000] {dag.py:3823} INFO - Setting next_dagrun for tutorial_dag to None, run_after=None
[2025-03-25T23:55:29.529+0000] {processor.py:183} INFO - Processing /home/airflow/.local/lib/python3.8/site-packages/airflow/example_dags/tutorial_dag.py took 0.523 seconds
[2025-03-25T23:56:00.448+0000] {processor.py:161} INFO - Started process (PID=129) to work on /home/airflow/.local/lib/python3.8/site-packages/airflow/example_dags/tutorial_dag.py
[2025-03-25T23:56:00.450+0000] {processor.py:830} INFO - Processing file /home/airflow/.local/lib/python3.8/site-packages/airflow/example_dags/tutorial_dag.py for tasks to queue
[2025-03-25T23:56:00.453+0000] {logging_mixin.py:188} INFO - [2025-03-25T23:56:00.452+0000] {dagbag.py:538} INFO - Filling up the DagBag from /home/airflow/.local/lib/python3.8/site-packages/airflow/example_dags/tutorial_dag.py
[2025-03-25T23:56:00.461+0000] {processor.py:840} INFO - DAG(s) 'tutorial_dag' retrieved from /home/airflow/.local/lib/python3.8/site-packages/airflow/example_dags/tutorial_dag.py
[2025-03-25T23:56:00.494+0000] {logging_mixin.py:188} INFO - [2025-03-25T23:56:00.493+0000] {dag.py:3036} INFO - Sync 1 DAGs
[2025-03-25T23:56:00.522+0000] {logging_mixin.py:188} INFO - [2025-03-25T23:56:00.521+0000] {dag.py:3823} INFO - Setting next_dagrun for tutorial_dag to None, run_after=None
[2025-03-25T23:56:00.568+0000] {processor.py:183} INFO - Processing /home/airflow/.local/lib/python3.8/site-packages/airflow/example_dags/tutorial_dag.py took 0.127 seconds
[2025-03-25T23:56:30.770+0000] {processor.py:161} INFO - Started process (PID=203) to work on /home/airflow/.local/lib/python3.8/site-packages/airflow/example_dags/tutorial_dag.py
[2025-03-25T23:56:30.781+0000] {processor.py:830} INFO - Processing file /home/airflow/.local/lib/python3.8/site-packages/airflow/example_dags/tutorial_dag.py for tasks to queue
[2025-03-25T23:56:30.785+0000] {logging_mixin.py:188} INFO - [2025-03-25T23:56:30.785+0000] {dagbag.py:538} INFO - Filling up the DagBag from /home/airflow/.local/lib/python3.8/site-packages/airflow/example_dags/tutorial_dag.py
[2025-03-25T23:56:30.814+0000] {processor.py:840} INFO - DAG(s) 'tutorial_dag' retrieved from /home/airflow/.local/lib/python3.8/site-packages/airflow/example_dags/tutorial_dag.py
[2025-03-25T23:56:30.871+0000] {logging_mixin.py:188} INFO - [2025-03-25T23:56:30.871+0000] {dag.py:3036} INFO - Sync 1 DAGs
[2025-03-25T23:56:30.903+0000] {logging_mixin.py:188} INFO - [2025-03-25T23:56:30.903+0000] {dag.py:3823} INFO - Setting next_dagrun for tutorial_dag to None, run_after=None
[2025-03-25T23:56:30.960+0000] {processor.py:183} INFO - Processing /home/airflow/.local/lib/python3.8/site-packages/airflow/example_dags/tutorial_dag.py took 0.198 seconds
[2025-03-25T23:57:01.293+0000] {processor.py:161} INFO - Started process (PID=276) to work on /home/airflow/.local/lib/python3.8/site-packages/airflow/example_dags/tutorial_dag.py
[2025-03-25T23:57:01.295+0000] {processor.py:830} INFO - Processing file /home/airflow/.local/lib/python3.8/site-packages/airflow/example_dags/tutorial_dag.py for tasks to queue
[2025-03-25T23:57:01.298+0000] {logging_mixin.py:188} INFO - [2025-03-25T23:57:01.298+0000] {dagbag.py:538} INFO - Filling up the DagBag from /home/airflow/.local/lib/python3.8/site-packages/airflow/example_dags/tutorial_dag.py
[2025-03-25T23:57:01.307+0000] {processor.py:840} INFO - DAG(s) 'tutorial_dag' retrieved from /home/airflow/.local/lib/python3.8/site-packages/airflow/example_dags/tutorial_dag.py
[2025-03-25T23:57:01.344+0000] {logging_mixin.py:188} INFO - [2025-03-25T23:57:01.344+0000] {dag.py:3036} INFO - Sync 1 DAGs
[2025-03-25T23:57:01.371+0000] {logging_mixin.py:188} INFO - [2025-03-25T23:57:01.371+0000] {dag.py:3823} INFO - Setting next_dagrun for tutorial_dag to None, run_after=None
[2025-03-25T23:57:01.410+0000] {processor.py:183} INFO - Processing /home/airflow/.local/lib/python3.8/site-packages/airflow/example_dags/tutorial_dag.py took 0.122 seconds
[2025-03-25T23:57:31.762+0000] {processor.py:161} INFO - Started process (PID=350) to work on /home/airflow/.local/lib/python3.8/site-packages/airflow/example_dags/tutorial_dag.py
[2025-03-25T23:57:31.763+0000] {processor.py:830} INFO - Processing file /home/airflow/.local/lib/python3.8/site-packages/airflow/example_dags/tutorial_dag.py for tasks to queue
[2025-03-25T23:57:31.766+0000] {logging_mixin.py:188} INFO - [2025-03-25T23:57:31.766+0000] {dagbag.py:538} INFO - Filling up the DagBag from /home/airflow/.local/lib/python3.8/site-packages/airflow/example_dags/tutorial_dag.py
[2025-03-25T23:57:31.772+0000] {processor.py:840} INFO - DAG(s) 'tutorial_dag' retrieved from /home/airflow/.local/lib/python3.8/site-packages/airflow/example_dags/tutorial_dag.py
[2025-03-25T23:57:31.804+0000] {logging_mixin.py:188} INFO - [2025-03-25T23:57:31.804+0000] {dag.py:3036} INFO - Sync 1 DAGs
[2025-03-25T23:57:31.824+0000] {logging_mixin.py:188} INFO - [2025-03-25T23:57:31.823+0000] {dag.py:3823} INFO - Setting next_dagrun for tutorial_dag to None, run_after=None
[2025-03-25T23:57:31.883+0000] {processor.py:183} INFO - Processing /home/airflow/.local/lib/python3.8/site-packages/airflow/example_dags/tutorial_dag.py took 0.125 seconds
[2025-03-25T23:58:02.655+0000] {processor.py:161} INFO - Started process (PID=432) to work on /home/airflow/.local/lib/python3.8/site-packages/airflow/example_dags/tutorial_dag.py
[2025-03-25T23:58:02.656+0000] {processor.py:830} INFO - Processing file /home/airflow/.local/lib/python3.8/site-packages/airflow/example_dags/tutorial_dag.py for tasks to queue
[2025-03-25T23:58:02.661+0000] {logging_mixin.py:188} INFO - [2025-03-25T23:58:02.660+0000] {dagbag.py:538} INFO - Filling up the DagBag from /home/airflow/.local/lib/python3.8/site-packages/airflow/example_dags/tutorial_dag.py
[2025-03-25T23:58:02.672+0000] {processor.py:840} INFO - DAG(s) 'tutorial_dag' retrieved from /home/airflow/.local/lib/python3.8/site-packages/airflow/example_dags/tutorial_dag.py
[2025-03-25T23:58:02.725+0000] {logging_mixin.py:188} INFO - [2025-03-25T23:58:02.724+0000] {dag.py:3036} INFO - Sync 1 DAGs
[2025-03-25T23:58:02.782+0000] {logging_mixin.py:188} INFO - [2025-03-25T23:58:02.781+0000] {dag.py:3823} INFO - Setting next_dagrun for tutorial_dag to None, run_after=None
[2025-03-25T23:58:02.912+0000] {processor.py:183} INFO - Processing /home/airflow/.local/lib/python3.8/site-packages/airflow/example_dags/tutorial_dag.py took 0.263 seconds
[2025-03-25T23:58:33.501+0000] {processor.py:161} INFO - Started process (PID=507) to work on /home/airflow/.local/lib/python3.8/site-packages/airflow/example_dags/tutorial_dag.py
[2025-03-25T23:58:33.502+0000] {processor.py:830} INFO - Processing file /home/airflow/.local/lib/python3.8/site-packages/airflow/example_dags/tutorial_dag.py for tasks to queue
[2025-03-25T23:58:33.505+0000] {logging_mixin.py:188} INFO - [2025-03-25T23:58:33.505+0000] {dagbag.py:538} INFO - Filling up the DagBag from /home/airflow/.local/lib/python3.8/site-packages/airflow/example_dags/tutorial_dag.py
[2025-03-25T23:58:33.516+0000] {processor.py:840} INFO - DAG(s) 'tutorial_dag' retrieved from /home/airflow/.local/lib/python3.8/site-packages/airflow/example_dags/tutorial_dag.py
[2025-03-25T23:58:33.557+0000] {logging_mixin.py:188} INFO - [2025-03-25T23:58:33.556+0000] {dag.py:3036} INFO - Sync 1 DAGs
[2025-03-25T23:58:33.584+0000] {logging_mixin.py:188} INFO - [2025-03-25T23:58:33.584+0000] {dag.py:3823} INFO - Setting next_dagrun for tutorial_dag to None, run_after=None
[2025-03-25T23:58:33.629+0000] {processor.py:183} INFO - Processing /home/airflow/.local/lib/python3.8/site-packages/airflow/example_dags/tutorial_dag.py took 0.133 seconds
[2025-03-25T23:59:04.438+0000] {processor.py:161} INFO - Started process (PID=581) to work on /home/airflow/.local/lib/python3.8/site-packages/airflow/example_dags/tutorial_dag.py
[2025-03-25T23:59:04.440+0000] {processor.py:830} INFO - Processing file /home/airflow/.local/lib/python3.8/site-packages/airflow/example_dags/tutorial_dag.py for tasks to queue
[2025-03-25T23:59:04.443+0000] {logging_mixin.py:188} INFO - [2025-03-25T23:59:04.443+0000] {dagbag.py:538} INFO - Filling up the DagBag from /home/airflow/.local/lib/python3.8/site-packages/airflow/example_dags/tutorial_dag.py
[2025-03-25T23:59:04.450+0000] {processor.py:840} INFO - DAG(s) 'tutorial_dag' retrieved from /home/airflow/.local/lib/python3.8/site-packages/airflow/example_dags/tutorial_dag.py
[2025-03-25T23:59:04.494+0000] {logging_mixin.py:188} INFO - [2025-03-25T23:59:04.494+0000] {dag.py:3036} INFO - Sync 1 DAGs
[2025-03-25T23:59:04.523+0000] {logging_mixin.py:188} INFO - [2025-03-25T23:59:04.523+0000] {dag.py:3823} INFO - Setting next_dagrun for tutorial_dag to None, run_after=None
[2025-03-25T23:59:04.571+0000] {processor.py:183} INFO - Processing /home/airflow/.local/lib/python3.8/site-packages/airflow/example_dags/tutorial_dag.py took 0.137 seconds
[2025-03-25T23:59:35.170+0000] {processor.py:161} INFO - Started process (PID=655) to work on /home/airflow/.local/lib/python3.8/site-packages/airflow/example_dags/tutorial_dag.py
[2025-03-25T23:59:35.172+0000] {processor.py:830} INFO - Processing file /home/airflow/.local/lib/python3.8/site-packages/airflow/example_dags/tutorial_dag.py for tasks to queue
[2025-03-25T23:59:35.176+0000] {logging_mixin.py:188} INFO - [2025-03-25T23:59:35.176+0000] {dagbag.py:538} INFO - Filling up the DagBag from /home/airflow/.local/lib/python3.8/site-packages/airflow/example_dags/tutorial_dag.py
[2025-03-25T23:59:35.185+0000] {processor.py:840} INFO - DAG(s) 'tutorial_dag' retrieved from /home/airflow/.local/lib/python3.8/site-packages/airflow/example_dags/tutorial_dag.py
[2025-03-25T23:59:35.222+0000] {logging_mixin.py:188} INFO - [2025-03-25T23:59:35.222+0000] {dag.py:3036} INFO - Sync 1 DAGs
[2025-03-25T23:59:35.249+0000] {logging_mixin.py:188} INFO - [2025-03-25T23:59:35.248+0000] {dag.py:3823} INFO - Setting next_dagrun for tutorial_dag to None, run_after=None
[2025-03-25T23:59:35.292+0000] {processor.py:183} INFO - Processing /home/airflow/.local/lib/python3.8/site-packages/airflow/example_dags/tutorial_dag.py took 0.127 seconds
