[2025-03-25 22:42:07,268] {scheduler_job.py:182} INFO - Started process (PID=300) to work on /home/airflow/.local/lib/python3.6/site-packages/airflow/example_dags/tutorial_taskflow_api_etl.py
[2025-03-25 22:42:07,270] {scheduler_job.py:633} INFO - Processing file /home/airflow/.local/lib/python3.6/site-packages/airflow/example_dags/tutorial_taskflow_api_etl.py for tasks to queue
[2025-03-25 22:42:07,271] {logging_mixin.py:104} INFO - [2025-03-25 22:42:07,271] {dagbag.py:496} INFO - Filling up the DagBag from /home/airflow/.local/lib/python3.6/site-packages/airflow/example_dags/tutorial_taskflow_api_etl.py
[2025-03-25 22:42:07,295] {scheduler_job.py:643} INFO - DAG(s) dict_keys(['tutorial_taskflow_api_etl']) retrieved from /home/airflow/.local/lib/python3.6/site-packages/airflow/example_dags/tutorial_taskflow_api_etl.py
[2025-03-25 22:42:10,827] {logging_mixin.py:104} INFO - [2025-03-25 22:42:10,827] {dag.py:1833} INFO - Sync 1 DAGs
[2025-03-25 22:42:10,844] {logging_mixin.py:104} INFO - [2025-03-25 22:42:10,842] {dag.py:1852} INFO - Creating ORM DAG for tutorial_taskflow_api_etl
[2025-03-25 22:42:10,854] {logging_mixin.py:104} INFO - [2025-03-25 22:42:10,854] {dag.py:2306} INFO - Setting next_dagrun for tutorial_taskflow_api_etl to None
[2025-03-25 22:42:10,876] {scheduler_job.py:190} INFO - Processing /home/airflow/.local/lib/python3.6/site-packages/airflow/example_dags/tutorial_taskflow_api_etl.py took 3.611 seconds
[2025-03-25 22:42:41,292] {scheduler_job.py:182} INFO - Started process (PID=404) to work on /home/airflow/.local/lib/python3.6/site-packages/airflow/example_dags/tutorial_taskflow_api_etl.py
[2025-03-25 22:42:41,294] {scheduler_job.py:633} INFO - Processing file /home/airflow/.local/lib/python3.6/site-packages/airflow/example_dags/tutorial_taskflow_api_etl.py for tasks to queue
[2025-03-25 22:42:41,295] {logging_mixin.py:104} INFO - [2025-03-25 22:42:41,295] {dagbag.py:496} INFO - Filling up the DagBag from /home/airflow/.local/lib/python3.6/site-packages/airflow/example_dags/tutorial_taskflow_api_etl.py
[2025-03-25 22:42:41,319] {scheduler_job.py:643} INFO - DAG(s) dict_keys(['tutorial_taskflow_api_etl']) retrieved from /home/airflow/.local/lib/python3.6/site-packages/airflow/example_dags/tutorial_taskflow_api_etl.py
[2025-03-25 22:42:41,632] {logging_mixin.py:104} INFO - [2025-03-25 22:42:41,632] {dag.py:1833} INFO - Sync 1 DAGs
[2025-03-25 22:42:41,652] {logging_mixin.py:104} INFO - [2025-03-25 22:42:41,652] {dag.py:2306} INFO - Setting next_dagrun for tutorial_taskflow_api_etl to None
[2025-03-25 22:42:41,674] {scheduler_job.py:190} INFO - Processing /home/airflow/.local/lib/python3.6/site-packages/airflow/example_dags/tutorial_taskflow_api_etl.py took 0.385 seconds
[2025-03-25 22:43:11,756] {scheduler_job.py:182} INFO - Started process (PID=456) to work on /home/airflow/.local/lib/python3.6/site-packages/airflow/example_dags/tutorial_taskflow_api_etl.py
[2025-03-25 22:43:11,760] {scheduler_job.py:633} INFO - Processing file /home/airflow/.local/lib/python3.6/site-packages/airflow/example_dags/tutorial_taskflow_api_etl.py for tasks to queue
[2025-03-25 22:43:11,775] {logging_mixin.py:104} INFO - [2025-03-25 22:43:11,775] {dagbag.py:496} INFO - Filling up the DagBag from /home/airflow/.local/lib/python3.6/site-packages/airflow/example_dags/tutorial_taskflow_api_etl.py
[2025-03-25 22:43:11,819] {scheduler_job.py:643} INFO - DAG(s) dict_keys(['tutorial_taskflow_api_etl']) retrieved from /home/airflow/.local/lib/python3.6/site-packages/airflow/example_dags/tutorial_taskflow_api_etl.py
[2025-03-25 22:43:12,208] {logging_mixin.py:104} INFO - [2025-03-25 22:43:12,208] {dag.py:1833} INFO - Sync 1 DAGs
[2025-03-25 22:43:12,275] {logging_mixin.py:104} INFO - [2025-03-25 22:43:12,275] {dag.py:2306} INFO - Setting next_dagrun for tutorial_taskflow_api_etl to None
[2025-03-25 22:43:12,310] {scheduler_job.py:190} INFO - Processing /home/airflow/.local/lib/python3.6/site-packages/airflow/example_dags/tutorial_taskflow_api_etl.py took 0.560 seconds
[2025-03-25 22:43:43,152] {scheduler_job.py:182} INFO - Started process (PID=508) to work on /home/airflow/.local/lib/python3.6/site-packages/airflow/example_dags/tutorial_taskflow_api_etl.py
[2025-03-25 22:43:43,154] {scheduler_job.py:633} INFO - Processing file /home/airflow/.local/lib/python3.6/site-packages/airflow/example_dags/tutorial_taskflow_api_etl.py for tasks to queue
[2025-03-25 22:43:43,156] {logging_mixin.py:104} INFO - [2025-03-25 22:43:43,155] {dagbag.py:496} INFO - Filling up the DagBag from /home/airflow/.local/lib/python3.6/site-packages/airflow/example_dags/tutorial_taskflow_api_etl.py
[2025-03-25 22:43:43,173] {scheduler_job.py:643} INFO - DAG(s) dict_keys(['tutorial_taskflow_api_etl']) retrieved from /home/airflow/.local/lib/python3.6/site-packages/airflow/example_dags/tutorial_taskflow_api_etl.py
[2025-03-25 22:43:43,437] {logging_mixin.py:104} INFO - [2025-03-25 22:43:43,437] {dag.py:1833} INFO - Sync 1 DAGs
[2025-03-25 22:43:43,458] {logging_mixin.py:104} INFO - [2025-03-25 22:43:43,458] {dag.py:2306} INFO - Setting next_dagrun for tutorial_taskflow_api_etl to None
[2025-03-25 22:43:43,475] {scheduler_job.py:190} INFO - Processing /home/airflow/.local/lib/python3.6/site-packages/airflow/example_dags/tutorial_taskflow_api_etl.py took 0.326 seconds
[2025-03-25 22:44:13,648] {scheduler_job.py:182} INFO - Started process (PID=579) to work on /home/airflow/.local/lib/python3.6/site-packages/airflow/example_dags/tutorial_taskflow_api_etl.py
[2025-03-25 22:44:13,650] {scheduler_job.py:633} INFO - Processing file /home/airflow/.local/lib/python3.6/site-packages/airflow/example_dags/tutorial_taskflow_api_etl.py for tasks to queue
[2025-03-25 22:44:13,652] {logging_mixin.py:104} INFO - [2025-03-25 22:44:13,652] {dagbag.py:496} INFO - Filling up the DagBag from /home/airflow/.local/lib/python3.6/site-packages/airflow/example_dags/tutorial_taskflow_api_etl.py
[2025-03-25 22:44:13,678] {scheduler_job.py:643} INFO - DAG(s) dict_keys(['tutorial_taskflow_api_etl']) retrieved from /home/airflow/.local/lib/python3.6/site-packages/airflow/example_dags/tutorial_taskflow_api_etl.py
[2025-03-25 22:44:13,978] {logging_mixin.py:104} INFO - [2025-03-25 22:44:13,977] {dag.py:1833} INFO - Sync 1 DAGs
[2025-03-25 22:44:13,998] {logging_mixin.py:104} INFO - [2025-03-25 22:44:13,998] {dag.py:2306} INFO - Setting next_dagrun for tutorial_taskflow_api_etl to None
[2025-03-25 22:44:14,018] {scheduler_job.py:190} INFO - Processing /home/airflow/.local/lib/python3.6/site-packages/airflow/example_dags/tutorial_taskflow_api_etl.py took 0.374 seconds
[2025-03-25 22:44:44,088] {scheduler_job.py:182} INFO - Started process (PID=631) to work on /home/airflow/.local/lib/python3.6/site-packages/airflow/example_dags/tutorial_taskflow_api_etl.py
[2025-03-25 22:44:44,089] {scheduler_job.py:633} INFO - Processing file /home/airflow/.local/lib/python3.6/site-packages/airflow/example_dags/tutorial_taskflow_api_etl.py for tasks to queue
[2025-03-25 22:44:44,090] {logging_mixin.py:104} INFO - [2025-03-25 22:44:44,090] {dagbag.py:496} INFO - Filling up the DagBag from /home/airflow/.local/lib/python3.6/site-packages/airflow/example_dags/tutorial_taskflow_api_etl.py
[2025-03-25 22:44:44,105] {scheduler_job.py:643} INFO - DAG(s) dict_keys(['tutorial_taskflow_api_etl']) retrieved from /home/airflow/.local/lib/python3.6/site-packages/airflow/example_dags/tutorial_taskflow_api_etl.py
[2025-03-25 22:44:44,349] {logging_mixin.py:104} INFO - [2025-03-25 22:44:44,349] {dag.py:1833} INFO - Sync 1 DAGs
[2025-03-25 22:44:44,366] {logging_mixin.py:104} INFO - [2025-03-25 22:44:44,366] {dag.py:2306} INFO - Setting next_dagrun for tutorial_taskflow_api_etl to None
[2025-03-25 22:44:44,382] {scheduler_job.py:190} INFO - Processing /home/airflow/.local/lib/python3.6/site-packages/airflow/example_dags/tutorial_taskflow_api_etl.py took 0.298 seconds
[2025-03-25 22:45:15,349] {scheduler_job.py:182} INFO - Started process (PID=683) to work on /home/airflow/.local/lib/python3.6/site-packages/airflow/example_dags/tutorial_taskflow_api_etl.py
[2025-03-25 22:45:15,350] {scheduler_job.py:633} INFO - Processing file /home/airflow/.local/lib/python3.6/site-packages/airflow/example_dags/tutorial_taskflow_api_etl.py for tasks to queue
[2025-03-25 22:45:15,351] {logging_mixin.py:104} INFO - [2025-03-25 22:45:15,350] {dagbag.py:496} INFO - Filling up the DagBag from /home/airflow/.local/lib/python3.6/site-packages/airflow/example_dags/tutorial_taskflow_api_etl.py
[2025-03-25 22:45:15,366] {scheduler_job.py:643} INFO - DAG(s) dict_keys(['tutorial_taskflow_api_etl']) retrieved from /home/airflow/.local/lib/python3.6/site-packages/airflow/example_dags/tutorial_taskflow_api_etl.py
[2025-03-25 22:45:15,601] {logging_mixin.py:104} INFO - [2025-03-25 22:45:15,601] {dag.py:1833} INFO - Sync 1 DAGs
[2025-03-25 22:45:15,620] {logging_mixin.py:104} INFO - [2025-03-25 22:45:15,619] {dag.py:2306} INFO - Setting next_dagrun for tutorial_taskflow_api_etl to None
[2025-03-25 22:45:15,636] {scheduler_job.py:190} INFO - Processing /home/airflow/.local/lib/python3.6/site-packages/airflow/example_dags/tutorial_taskflow_api_etl.py took 0.291 seconds
[2025-03-25 22:45:45,824] {scheduler_job.py:182} INFO - Started process (PID=746) to work on /home/airflow/.local/lib/python3.6/site-packages/airflow/example_dags/tutorial_taskflow_api_etl.py
[2025-03-25 22:45:45,825] {scheduler_job.py:633} INFO - Processing file /home/airflow/.local/lib/python3.6/site-packages/airflow/example_dags/tutorial_taskflow_api_etl.py for tasks to queue
[2025-03-25 22:45:45,827] {logging_mixin.py:104} INFO - [2025-03-25 22:45:45,827] {dagbag.py:496} INFO - Filling up the DagBag from /home/airflow/.local/lib/python3.6/site-packages/airflow/example_dags/tutorial_taskflow_api_etl.py
[2025-03-25 22:45:45,842] {scheduler_job.py:643} INFO - DAG(s) dict_keys(['tutorial_taskflow_api_etl']) retrieved from /home/airflow/.local/lib/python3.6/site-packages/airflow/example_dags/tutorial_taskflow_api_etl.py
[2025-03-25 22:45:46,092] {logging_mixin.py:104} INFO - [2025-03-25 22:45:46,092] {dag.py:1833} INFO - Sync 1 DAGs
[2025-03-25 22:45:46,110] {logging_mixin.py:104} INFO - [2025-03-25 22:45:46,109] {dag.py:2306} INFO - Setting next_dagrun for tutorial_taskflow_api_etl to None
[2025-03-25 22:45:46,127] {scheduler_job.py:190} INFO - Processing /home/airflow/.local/lib/python3.6/site-packages/airflow/example_dags/tutorial_taskflow_api_etl.py took 0.306 seconds
[2025-03-25 22:46:17,135] {scheduler_job.py:182} INFO - Started process (PID=798) to work on /home/airflow/.local/lib/python3.6/site-packages/airflow/example_dags/tutorial_taskflow_api_etl.py
[2025-03-25 22:46:17,137] {scheduler_job.py:633} INFO - Processing file /home/airflow/.local/lib/python3.6/site-packages/airflow/example_dags/tutorial_taskflow_api_etl.py for tasks to queue
[2025-03-25 22:46:17,145] {logging_mixin.py:104} INFO - [2025-03-25 22:46:17,144] {dagbag.py:496} INFO - Filling up the DagBag from /home/airflow/.local/lib/python3.6/site-packages/airflow/example_dags/tutorial_taskflow_api_etl.py
[2025-03-25 22:46:17,182] {scheduler_job.py:643} INFO - DAG(s) dict_keys(['tutorial_taskflow_api_etl']) retrieved from /home/airflow/.local/lib/python3.6/site-packages/airflow/example_dags/tutorial_taskflow_api_etl.py
[2025-03-25 22:46:17,628] {logging_mixin.py:104} INFO - [2025-03-25 22:46:17,628] {dag.py:1833} INFO - Sync 1 DAGs
[2025-03-25 22:46:17,653] {logging_mixin.py:104} INFO - [2025-03-25 22:46:17,652] {dag.py:2306} INFO - Setting next_dagrun for tutorial_taskflow_api_etl to None
[2025-03-25 22:46:17,685] {scheduler_job.py:190} INFO - Processing /home/airflow/.local/lib/python3.6/site-packages/airflow/example_dags/tutorial_taskflow_api_etl.py took 0.555 seconds
[2025-03-25 22:46:47,915] {scheduler_job.py:182} INFO - Started process (PID=859) to work on /home/airflow/.local/lib/python3.6/site-packages/airflow/example_dags/tutorial_taskflow_api_etl.py
[2025-03-25 22:46:47,917] {scheduler_job.py:633} INFO - Processing file /home/airflow/.local/lib/python3.6/site-packages/airflow/example_dags/tutorial_taskflow_api_etl.py for tasks to queue
[2025-03-25 22:46:47,918] {logging_mixin.py:104} INFO - [2025-03-25 22:46:47,918] {dagbag.py:496} INFO - Filling up the DagBag from /home/airflow/.local/lib/python3.6/site-packages/airflow/example_dags/tutorial_taskflow_api_etl.py
[2025-03-25 22:46:47,970] {scheduler_job.py:643} INFO - DAG(s) dict_keys(['tutorial_taskflow_api_etl']) retrieved from /home/airflow/.local/lib/python3.6/site-packages/airflow/example_dags/tutorial_taskflow_api_etl.py
[2025-03-25 22:46:48,394] {logging_mixin.py:104} INFO - [2025-03-25 22:46:48,394] {dag.py:1833} INFO - Sync 1 DAGs
[2025-03-25 22:46:48,417] {logging_mixin.py:104} INFO - [2025-03-25 22:46:48,417] {dag.py:2306} INFO - Setting next_dagrun for tutorial_taskflow_api_etl to None
[2025-03-25 22:46:48,436] {scheduler_job.py:190} INFO - Processing /home/airflow/.local/lib/python3.6/site-packages/airflow/example_dags/tutorial_taskflow_api_etl.py took 0.526 seconds
[2025-03-25 22:47:19,199] {scheduler_job.py:182} INFO - Started process (PID=913) to work on /home/airflow/.local/lib/python3.6/site-packages/airflow/example_dags/tutorial_taskflow_api_etl.py
[2025-03-25 22:47:19,201] {scheduler_job.py:633} INFO - Processing file /home/airflow/.local/lib/python3.6/site-packages/airflow/example_dags/tutorial_taskflow_api_etl.py for tasks to queue
[2025-03-25 22:47:19,202] {logging_mixin.py:104} INFO - [2025-03-25 22:47:19,202] {dagbag.py:496} INFO - Filling up the DagBag from /home/airflow/.local/lib/python3.6/site-packages/airflow/example_dags/tutorial_taskflow_api_etl.py
[2025-03-25 22:47:19,221] {scheduler_job.py:643} INFO - DAG(s) dict_keys(['tutorial_taskflow_api_etl']) retrieved from /home/airflow/.local/lib/python3.6/site-packages/airflow/example_dags/tutorial_taskflow_api_etl.py
[2025-03-25 22:47:19,248] {logging_mixin.py:104} INFO - [2025-03-25 22:47:19,248] {dag.py:1833} INFO - Sync 1 DAGs
[2025-03-25 22:47:19,267] {logging_mixin.py:104} INFO - [2025-03-25 22:47:19,267] {dag.py:2306} INFO - Setting next_dagrun for tutorial_taskflow_api_etl to None
[2025-03-25 22:47:19,283] {scheduler_job.py:190} INFO - Processing /home/airflow/.local/lib/python3.6/site-packages/airflow/example_dags/tutorial_taskflow_api_etl.py took 0.087 seconds
[2025-03-25 22:47:49,840] {scheduler_job.py:182} INFO - Started process (PID=965) to work on /home/airflow/.local/lib/python3.6/site-packages/airflow/example_dags/tutorial_taskflow_api_etl.py
[2025-03-25 22:47:49,841] {scheduler_job.py:633} INFO - Processing file /home/airflow/.local/lib/python3.6/site-packages/airflow/example_dags/tutorial_taskflow_api_etl.py for tasks to queue
[2025-03-25 22:47:49,842] {logging_mixin.py:104} INFO - [2025-03-25 22:47:49,842] {dagbag.py:496} INFO - Filling up the DagBag from /home/airflow/.local/lib/python3.6/site-packages/airflow/example_dags/tutorial_taskflow_api_etl.py
[2025-03-25 22:47:49,860] {scheduler_job.py:643} INFO - DAG(s) dict_keys(['tutorial_taskflow_api_etl']) retrieved from /home/airflow/.local/lib/python3.6/site-packages/airflow/example_dags/tutorial_taskflow_api_etl.py
[2025-03-25 22:47:50,124] {logging_mixin.py:104} INFO - [2025-03-25 22:47:50,124] {dag.py:1833} INFO - Sync 1 DAGs
[2025-03-25 22:47:50,143] {logging_mixin.py:104} INFO - [2025-03-25 22:47:50,143] {dag.py:2306} INFO - Setting next_dagrun for tutorial_taskflow_api_etl to None
[2025-03-25 22:47:50,159] {scheduler_job.py:190} INFO - Processing /home/airflow/.local/lib/python3.6/site-packages/airflow/example_dags/tutorial_taskflow_api_etl.py took 0.323 seconds
[2025-03-25 22:48:20,428] {scheduler_job.py:182} INFO - Started process (PID=1027) to work on /home/airflow/.local/lib/python3.6/site-packages/airflow/example_dags/tutorial_taskflow_api_etl.py
[2025-03-25 22:48:20,430] {scheduler_job.py:633} INFO - Processing file /home/airflow/.local/lib/python3.6/site-packages/airflow/example_dags/tutorial_taskflow_api_etl.py for tasks to queue
[2025-03-25 22:48:20,432] {logging_mixin.py:104} INFO - [2025-03-25 22:48:20,432] {dagbag.py:496} INFO - Filling up the DagBag from /home/airflow/.local/lib/python3.6/site-packages/airflow/example_dags/tutorial_taskflow_api_etl.py
[2025-03-25 22:48:20,454] {scheduler_job.py:643} INFO - DAG(s) dict_keys(['tutorial_taskflow_api_etl']) retrieved from /home/airflow/.local/lib/python3.6/site-packages/airflow/example_dags/tutorial_taskflow_api_etl.py
[2025-03-25 22:48:20,777] {logging_mixin.py:104} INFO - [2025-03-25 22:48:20,777] {dag.py:1833} INFO - Sync 1 DAGs
[2025-03-25 22:48:20,804] {logging_mixin.py:104} INFO - [2025-03-25 22:48:20,804] {dag.py:2306} INFO - Setting next_dagrun for tutorial_taskflow_api_etl to None
[2025-03-25 22:48:20,827] {scheduler_job.py:190} INFO - Processing /home/airflow/.local/lib/python3.6/site-packages/airflow/example_dags/tutorial_taskflow_api_etl.py took 0.403 seconds
[2025-03-25 22:48:51,119] {scheduler_job.py:182} INFO - Started process (PID=1078) to work on /home/airflow/.local/lib/python3.6/site-packages/airflow/example_dags/tutorial_taskflow_api_etl.py
[2025-03-25 22:48:51,120] {scheduler_job.py:633} INFO - Processing file /home/airflow/.local/lib/python3.6/site-packages/airflow/example_dags/tutorial_taskflow_api_etl.py for tasks to queue
[2025-03-25 22:48:51,125] {logging_mixin.py:104} INFO - [2025-03-25 22:48:51,125] {dagbag.py:496} INFO - Filling up the DagBag from /home/airflow/.local/lib/python3.6/site-packages/airflow/example_dags/tutorial_taskflow_api_etl.py
[2025-03-25 22:48:51,160] {scheduler_job.py:643} INFO - DAG(s) dict_keys(['tutorial_taskflow_api_etl']) retrieved from /home/airflow/.local/lib/python3.6/site-packages/airflow/example_dags/tutorial_taskflow_api_etl.py
[2025-03-25 22:48:51,479] {logging_mixin.py:104} INFO - [2025-03-25 22:48:51,479] {dag.py:1833} INFO - Sync 1 DAGs
[2025-03-25 22:48:51,498] {logging_mixin.py:104} INFO - [2025-03-25 22:48:51,497] {dag.py:2306} INFO - Setting next_dagrun for tutorial_taskflow_api_etl to None
[2025-03-25 22:48:51,517] {scheduler_job.py:190} INFO - Processing /home/airflow/.local/lib/python3.6/site-packages/airflow/example_dags/tutorial_taskflow_api_etl.py took 0.401 seconds
[2025-03-25 22:49:21,576] {scheduler_job.py:182} INFO - Started process (PID=1131) to work on /home/airflow/.local/lib/python3.6/site-packages/airflow/example_dags/tutorial_taskflow_api_etl.py
[2025-03-25 22:49:21,578] {scheduler_job.py:633} INFO - Processing file /home/airflow/.local/lib/python3.6/site-packages/airflow/example_dags/tutorial_taskflow_api_etl.py for tasks to queue
[2025-03-25 22:49:21,579] {logging_mixin.py:104} INFO - [2025-03-25 22:49:21,579] {dagbag.py:496} INFO - Filling up the DagBag from /home/airflow/.local/lib/python3.6/site-packages/airflow/example_dags/tutorial_taskflow_api_etl.py
[2025-03-25 22:49:21,604] {scheduler_job.py:643} INFO - DAG(s) dict_keys(['tutorial_taskflow_api_etl']) retrieved from /home/airflow/.local/lib/python3.6/site-packages/airflow/example_dags/tutorial_taskflow_api_etl.py
[2025-03-25 22:49:21,855] {logging_mixin.py:104} INFO - [2025-03-25 22:49:21,855] {dag.py:1833} INFO - Sync 1 DAGs
[2025-03-25 22:49:21,873] {logging_mixin.py:104} INFO - [2025-03-25 22:49:21,872] {dag.py:2306} INFO - Setting next_dagrun for tutorial_taskflow_api_etl to None
[2025-03-25 22:49:21,890] {scheduler_job.py:190} INFO - Processing /home/airflow/.local/lib/python3.6/site-packages/airflow/example_dags/tutorial_taskflow_api_etl.py took 0.317 seconds
[2025-03-25 22:49:52,653] {scheduler_job.py:182} INFO - Started process (PID=1193) to work on /home/airflow/.local/lib/python3.6/site-packages/airflow/example_dags/tutorial_taskflow_api_etl.py
[2025-03-25 22:49:52,655] {scheduler_job.py:633} INFO - Processing file /home/airflow/.local/lib/python3.6/site-packages/airflow/example_dags/tutorial_taskflow_api_etl.py for tasks to queue
[2025-03-25 22:49:52,656] {logging_mixin.py:104} INFO - [2025-03-25 22:49:52,656] {dagbag.py:496} INFO - Filling up the DagBag from /home/airflow/.local/lib/python3.6/site-packages/airflow/example_dags/tutorial_taskflow_api_etl.py
[2025-03-25 22:49:52,674] {scheduler_job.py:643} INFO - DAG(s) dict_keys(['tutorial_taskflow_api_etl']) retrieved from /home/airflow/.local/lib/python3.6/site-packages/airflow/example_dags/tutorial_taskflow_api_etl.py
[2025-03-25 22:49:52,918] {logging_mixin.py:104} INFO - [2025-03-25 22:49:52,918] {dag.py:1833} INFO - Sync 1 DAGs
[2025-03-25 22:49:52,938] {logging_mixin.py:104} INFO - [2025-03-25 22:49:52,938] {dag.py:2306} INFO - Setting next_dagrun for tutorial_taskflow_api_etl to None
[2025-03-25 22:49:52,956] {scheduler_job.py:190} INFO - Processing /home/airflow/.local/lib/python3.6/site-packages/airflow/example_dags/tutorial_taskflow_api_etl.py took 0.306 seconds
[2025-03-25 22:50:23,560] {scheduler_job.py:182} INFO - Started process (PID=1246) to work on /home/airflow/.local/lib/python3.6/site-packages/airflow/example_dags/tutorial_taskflow_api_etl.py
[2025-03-25 22:50:23,562] {scheduler_job.py:633} INFO - Processing file /home/airflow/.local/lib/python3.6/site-packages/airflow/example_dags/tutorial_taskflow_api_etl.py for tasks to queue
[2025-03-25 22:50:23,563] {logging_mixin.py:104} INFO - [2025-03-25 22:50:23,563] {dagbag.py:496} INFO - Filling up the DagBag from /home/airflow/.local/lib/python3.6/site-packages/airflow/example_dags/tutorial_taskflow_api_etl.py
[2025-03-25 22:50:23,578] {scheduler_job.py:643} INFO - DAG(s) dict_keys(['tutorial_taskflow_api_etl']) retrieved from /home/airflow/.local/lib/python3.6/site-packages/airflow/example_dags/tutorial_taskflow_api_etl.py
[2025-03-25 22:50:23,836] {logging_mixin.py:104} INFO - [2025-03-25 22:50:23,836] {dag.py:1833} INFO - Sync 1 DAGs
[2025-03-25 22:50:23,855] {logging_mixin.py:104} INFO - [2025-03-25 22:50:23,854] {dag.py:2306} INFO - Setting next_dagrun for tutorial_taskflow_api_etl to None
[2025-03-25 22:50:23,871] {scheduler_job.py:190} INFO - Processing /home/airflow/.local/lib/python3.6/site-packages/airflow/example_dags/tutorial_taskflow_api_etl.py took 0.314 seconds
[2025-03-25 22:50:54,864] {scheduler_job.py:182} INFO - Started process (PID=1307) to work on /home/airflow/.local/lib/python3.6/site-packages/airflow/example_dags/tutorial_taskflow_api_etl.py
[2025-03-25 22:50:54,866] {scheduler_job.py:633} INFO - Processing file /home/airflow/.local/lib/python3.6/site-packages/airflow/example_dags/tutorial_taskflow_api_etl.py for tasks to queue
[2025-03-25 22:50:54,867] {logging_mixin.py:104} INFO - [2025-03-25 22:50:54,867] {dagbag.py:496} INFO - Filling up the DagBag from /home/airflow/.local/lib/python3.6/site-packages/airflow/example_dags/tutorial_taskflow_api_etl.py
[2025-03-25 22:50:54,900] {scheduler_job.py:643} INFO - DAG(s) dict_keys(['tutorial_taskflow_api_etl']) retrieved from /home/airflow/.local/lib/python3.6/site-packages/airflow/example_dags/tutorial_taskflow_api_etl.py
[2025-03-25 22:50:55,269] {logging_mixin.py:104} INFO - [2025-03-25 22:50:55,269] {dag.py:1833} INFO - Sync 1 DAGs
[2025-03-25 22:50:55,291] {logging_mixin.py:104} INFO - [2025-03-25 22:50:55,291] {dag.py:2306} INFO - Setting next_dagrun for tutorial_taskflow_api_etl to None
[2025-03-25 22:50:55,311] {scheduler_job.py:190} INFO - Processing /home/airflow/.local/lib/python3.6/site-packages/airflow/example_dags/tutorial_taskflow_api_etl.py took 0.452 seconds
[2025-03-25 22:51:25,370] {scheduler_job.py:182} INFO - Started process (PID=1362) to work on /home/airflow/.local/lib/python3.6/site-packages/airflow/example_dags/tutorial_taskflow_api_etl.py
[2025-03-25 22:51:25,372] {scheduler_job.py:633} INFO - Processing file /home/airflow/.local/lib/python3.6/site-packages/airflow/example_dags/tutorial_taskflow_api_etl.py for tasks to queue
[2025-03-25 22:51:25,373] {logging_mixin.py:104} INFO - [2025-03-25 22:51:25,373] {dagbag.py:496} INFO - Filling up the DagBag from /home/airflow/.local/lib/python3.6/site-packages/airflow/example_dags/tutorial_taskflow_api_etl.py
[2025-03-25 22:51:25,392] {scheduler_job.py:643} INFO - DAG(s) dict_keys(['tutorial_taskflow_api_etl']) retrieved from /home/airflow/.local/lib/python3.6/site-packages/airflow/example_dags/tutorial_taskflow_api_etl.py
[2025-03-25 22:51:25,626] {logging_mixin.py:104} INFO - [2025-03-25 22:51:25,626] {dag.py:1833} INFO - Sync 1 DAGs
[2025-03-25 22:51:25,645] {logging_mixin.py:104} INFO - [2025-03-25 22:51:25,645] {dag.py:2306} INFO - Setting next_dagrun for tutorial_taskflow_api_etl to None
[2025-03-25 22:51:25,661] {scheduler_job.py:190} INFO - Processing /home/airflow/.local/lib/python3.6/site-packages/airflow/example_dags/tutorial_taskflow_api_etl.py took 0.294 seconds
[2025-03-25 22:51:55,711] {scheduler_job.py:182} INFO - Started process (PID=1414) to work on /home/airflow/.local/lib/python3.6/site-packages/airflow/example_dags/tutorial_taskflow_api_etl.py
[2025-03-25 22:51:55,712] {scheduler_job.py:633} INFO - Processing file /home/airflow/.local/lib/python3.6/site-packages/airflow/example_dags/tutorial_taskflow_api_etl.py for tasks to queue
[2025-03-25 22:51:55,713] {logging_mixin.py:104} INFO - [2025-03-25 22:51:55,713] {dagbag.py:496} INFO - Filling up the DagBag from /home/airflow/.local/lib/python3.6/site-packages/airflow/example_dags/tutorial_taskflow_api_etl.py
[2025-03-25 22:51:55,729] {scheduler_job.py:643} INFO - DAG(s) dict_keys(['tutorial_taskflow_api_etl']) retrieved from /home/airflow/.local/lib/python3.6/site-packages/airflow/example_dags/tutorial_taskflow_api_etl.py
[2025-03-25 22:51:55,980] {logging_mixin.py:104} INFO - [2025-03-25 22:51:55,980] {dag.py:1833} INFO - Sync 1 DAGs
[2025-03-25 22:51:55,997] {logging_mixin.py:104} INFO - [2025-03-25 22:51:55,997] {dag.py:2306} INFO - Setting next_dagrun for tutorial_taskflow_api_etl to None
[2025-03-25 22:51:56,015] {scheduler_job.py:190} INFO - Processing /home/airflow/.local/lib/python3.6/site-packages/airflow/example_dags/tutorial_taskflow_api_etl.py took 0.307 seconds
[2025-03-25 22:52:27,156] {scheduler_job.py:182} INFO - Started process (PID=1480) to work on /home/airflow/.local/lib/python3.6/site-packages/airflow/example_dags/tutorial_taskflow_api_etl.py
[2025-03-25 22:52:27,157] {scheduler_job.py:633} INFO - Processing file /home/airflow/.local/lib/python3.6/site-packages/airflow/example_dags/tutorial_taskflow_api_etl.py for tasks to queue
[2025-03-25 22:52:27,159] {logging_mixin.py:104} INFO - [2025-03-25 22:52:27,158] {dagbag.py:496} INFO - Filling up the DagBag from /home/airflow/.local/lib/python3.6/site-packages/airflow/example_dags/tutorial_taskflow_api_etl.py
[2025-03-25 22:52:27,180] {scheduler_job.py:643} INFO - DAG(s) dict_keys(['tutorial_taskflow_api_etl']) retrieved from /home/airflow/.local/lib/python3.6/site-packages/airflow/example_dags/tutorial_taskflow_api_etl.py
[2025-03-25 22:52:27,514] {logging_mixin.py:104} INFO - [2025-03-25 22:52:27,514] {dag.py:1833} INFO - Sync 1 DAGs
[2025-03-25 22:52:27,538] {logging_mixin.py:104} INFO - [2025-03-25 22:52:27,538] {dag.py:2306} INFO - Setting next_dagrun for tutorial_taskflow_api_etl to None
[2025-03-25 22:52:27,558] {scheduler_job.py:190} INFO - Processing /home/airflow/.local/lib/python3.6/site-packages/airflow/example_dags/tutorial_taskflow_api_etl.py took 0.406 seconds
[2025-03-25 22:52:57,906] {scheduler_job.py:182} INFO - Started process (PID=1533) to work on /home/airflow/.local/lib/python3.6/site-packages/airflow/example_dags/tutorial_taskflow_api_etl.py
[2025-03-25 22:52:57,908] {scheduler_job.py:633} INFO - Processing file /home/airflow/.local/lib/python3.6/site-packages/airflow/example_dags/tutorial_taskflow_api_etl.py for tasks to queue
[2025-03-25 22:52:57,910] {logging_mixin.py:104} INFO - [2025-03-25 22:52:57,910] {dagbag.py:496} INFO - Filling up the DagBag from /home/airflow/.local/lib/python3.6/site-packages/airflow/example_dags/tutorial_taskflow_api_etl.py
[2025-03-25 22:52:57,930] {scheduler_job.py:643} INFO - DAG(s) dict_keys(['tutorial_taskflow_api_etl']) retrieved from /home/airflow/.local/lib/python3.6/site-packages/airflow/example_dags/tutorial_taskflow_api_etl.py
[2025-03-25 22:52:58,178] {logging_mixin.py:104} INFO - [2025-03-25 22:52:58,178] {dag.py:1833} INFO - Sync 1 DAGs
[2025-03-25 22:52:58,197] {logging_mixin.py:104} INFO - [2025-03-25 22:52:58,197] {dag.py:2306} INFO - Setting next_dagrun for tutorial_taskflow_api_etl to None
[2025-03-25 22:52:58,217] {scheduler_job.py:190} INFO - Processing /home/airflow/.local/lib/python3.6/site-packages/airflow/example_dags/tutorial_taskflow_api_etl.py took 0.315 seconds
[2025-03-25 22:53:28,667] {scheduler_job.py:182} INFO - Started process (PID=1585) to work on /home/airflow/.local/lib/python3.6/site-packages/airflow/example_dags/tutorial_taskflow_api_etl.py
[2025-03-25 22:53:28,670] {scheduler_job.py:633} INFO - Processing file /home/airflow/.local/lib/python3.6/site-packages/airflow/example_dags/tutorial_taskflow_api_etl.py for tasks to queue
[2025-03-25 22:53:28,671] {logging_mixin.py:104} INFO - [2025-03-25 22:53:28,671] {dagbag.py:496} INFO - Filling up the DagBag from /home/airflow/.local/lib/python3.6/site-packages/airflow/example_dags/tutorial_taskflow_api_etl.py
[2025-03-25 22:53:28,690] {scheduler_job.py:643} INFO - DAG(s) dict_keys(['tutorial_taskflow_api_etl']) retrieved from /home/airflow/.local/lib/python3.6/site-packages/airflow/example_dags/tutorial_taskflow_api_etl.py
[2025-03-25 22:53:29,081] {logging_mixin.py:104} INFO - [2025-03-25 22:53:29,081] {dag.py:1833} INFO - Sync 1 DAGs
[2025-03-25 22:53:29,103] {logging_mixin.py:104} INFO - [2025-03-25 22:53:29,103] {dag.py:2306} INFO - Setting next_dagrun for tutorial_taskflow_api_etl to None
[2025-03-25 22:53:29,130] {scheduler_job.py:190} INFO - Processing /home/airflow/.local/lib/python3.6/site-packages/airflow/example_dags/tutorial_taskflow_api_etl.py took 0.469 seconds
[2025-03-25 22:54:00,079] {scheduler_job.py:182} INFO - Started process (PID=1650) to work on /home/airflow/.local/lib/python3.6/site-packages/airflow/example_dags/tutorial_taskflow_api_etl.py
[2025-03-25 22:54:00,082] {scheduler_job.py:633} INFO - Processing file /home/airflow/.local/lib/python3.6/site-packages/airflow/example_dags/tutorial_taskflow_api_etl.py for tasks to queue
[2025-03-25 22:54:00,084] {logging_mixin.py:104} INFO - [2025-03-25 22:54:00,084] {dagbag.py:496} INFO - Filling up the DagBag from /home/airflow/.local/lib/python3.6/site-packages/airflow/example_dags/tutorial_taskflow_api_etl.py
[2025-03-25 22:54:00,112] {scheduler_job.py:643} INFO - DAG(s) dict_keys(['tutorial_taskflow_api_etl']) retrieved from /home/airflow/.local/lib/python3.6/site-packages/airflow/example_dags/tutorial_taskflow_api_etl.py
[2025-03-25 22:54:00,409] {logging_mixin.py:104} INFO - [2025-03-25 22:54:00,409] {dag.py:1833} INFO - Sync 1 DAGs
[2025-03-25 22:54:00,429] {logging_mixin.py:104} INFO - [2025-03-25 22:54:00,429] {dag.py:2306} INFO - Setting next_dagrun for tutorial_taskflow_api_etl to None
[2025-03-25 22:54:00,451] {scheduler_job.py:190} INFO - Processing /home/airflow/.local/lib/python3.6/site-packages/airflow/example_dags/tutorial_taskflow_api_etl.py took 0.375 seconds
[2025-03-25 22:54:31,138] {scheduler_job.py:182} INFO - Started process (PID=1703) to work on /home/airflow/.local/lib/python3.6/site-packages/airflow/example_dags/tutorial_taskflow_api_etl.py
[2025-03-25 22:54:31,140] {scheduler_job.py:633} INFO - Processing file /home/airflow/.local/lib/python3.6/site-packages/airflow/example_dags/tutorial_taskflow_api_etl.py for tasks to queue
[2025-03-25 22:54:31,141] {logging_mixin.py:104} INFO - [2025-03-25 22:54:31,141] {dagbag.py:496} INFO - Filling up the DagBag from /home/airflow/.local/lib/python3.6/site-packages/airflow/example_dags/tutorial_taskflow_api_etl.py
[2025-03-25 22:54:31,166] {scheduler_job.py:643} INFO - DAG(s) dict_keys(['tutorial_taskflow_api_etl']) retrieved from /home/airflow/.local/lib/python3.6/site-packages/airflow/example_dags/tutorial_taskflow_api_etl.py
[2025-03-25 22:54:31,195] {logging_mixin.py:104} INFO - [2025-03-25 22:54:31,195] {dag.py:1833} INFO - Sync 1 DAGs
[2025-03-25 22:54:31,214] {logging_mixin.py:104} INFO - [2025-03-25 22:54:31,214] {dag.py:2306} INFO - Setting next_dagrun for tutorial_taskflow_api_etl to None
[2025-03-25 22:54:31,231] {scheduler_job.py:190} INFO - Processing /home/airflow/.local/lib/python3.6/site-packages/airflow/example_dags/tutorial_taskflow_api_etl.py took 0.097 seconds
[2025-03-25 22:55:01,530] {scheduler_job.py:182} INFO - Started process (PID=1766) to work on /home/airflow/.local/lib/python3.6/site-packages/airflow/example_dags/tutorial_taskflow_api_etl.py
[2025-03-25 22:55:01,532] {scheduler_job.py:633} INFO - Processing file /home/airflow/.local/lib/python3.6/site-packages/airflow/example_dags/tutorial_taskflow_api_etl.py for tasks to queue
[2025-03-25 22:55:01,533] {logging_mixin.py:104} INFO - [2025-03-25 22:55:01,533] {dagbag.py:496} INFO - Filling up the DagBag from /home/airflow/.local/lib/python3.6/site-packages/airflow/example_dags/tutorial_taskflow_api_etl.py
[2025-03-25 22:55:01,553] {scheduler_job.py:643} INFO - DAG(s) dict_keys(['tutorial_taskflow_api_etl']) retrieved from /home/airflow/.local/lib/python3.6/site-packages/airflow/example_dags/tutorial_taskflow_api_etl.py
[2025-03-25 22:55:01,833] {logging_mixin.py:104} INFO - [2025-03-25 22:55:01,833] {dag.py:1833} INFO - Sync 1 DAGs
[2025-03-25 22:55:01,852] {logging_mixin.py:104} INFO - [2025-03-25 22:55:01,852] {dag.py:2306} INFO - Setting next_dagrun for tutorial_taskflow_api_etl to None
[2025-03-25 22:55:01,872] {scheduler_job.py:190} INFO - Processing /home/airflow/.local/lib/python3.6/site-packages/airflow/example_dags/tutorial_taskflow_api_etl.py took 0.346 seconds
[2025-03-25 22:55:32,089] {scheduler_job.py:182} INFO - Started process (PID=1818) to work on /home/airflow/.local/lib/python3.6/site-packages/airflow/example_dags/tutorial_taskflow_api_etl.py
[2025-03-25 22:55:32,090] {scheduler_job.py:633} INFO - Processing file /home/airflow/.local/lib/python3.6/site-packages/airflow/example_dags/tutorial_taskflow_api_etl.py for tasks to queue
[2025-03-25 22:55:32,092] {logging_mixin.py:104} INFO - [2025-03-25 22:55:32,092] {dagbag.py:496} INFO - Filling up the DagBag from /home/airflow/.local/lib/python3.6/site-packages/airflow/example_dags/tutorial_taskflow_api_etl.py
[2025-03-25 22:55:32,119] {scheduler_job.py:643} INFO - DAG(s) dict_keys(['tutorial_taskflow_api_etl']) retrieved from /home/airflow/.local/lib/python3.6/site-packages/airflow/example_dags/tutorial_taskflow_api_etl.py
[2025-03-25 22:55:32,433] {logging_mixin.py:104} INFO - [2025-03-25 22:55:32,432] {dag.py:1833} INFO - Sync 1 DAGs
[2025-03-25 22:55:32,456] {logging_mixin.py:104} INFO - [2025-03-25 22:55:32,455] {dag.py:2306} INFO - Setting next_dagrun for tutorial_taskflow_api_etl to None
[2025-03-25 22:55:32,475] {scheduler_job.py:190} INFO - Processing /home/airflow/.local/lib/python3.6/site-packages/airflow/example_dags/tutorial_taskflow_api_etl.py took 0.391 seconds
[2025-03-25 22:56:02,675] {scheduler_job.py:182} INFO - Started process (PID=1870) to work on /home/airflow/.local/lib/python3.6/site-packages/airflow/example_dags/tutorial_taskflow_api_etl.py
[2025-03-25 22:56:02,677] {scheduler_job.py:633} INFO - Processing file /home/airflow/.local/lib/python3.6/site-packages/airflow/example_dags/tutorial_taskflow_api_etl.py for tasks to queue
[2025-03-25 22:56:02,679] {logging_mixin.py:104} INFO - [2025-03-25 22:56:02,678] {dagbag.py:496} INFO - Filling up the DagBag from /home/airflow/.local/lib/python3.6/site-packages/airflow/example_dags/tutorial_taskflow_api_etl.py
[2025-03-25 22:56:02,704] {scheduler_job.py:643} INFO - DAG(s) dict_keys(['tutorial_taskflow_api_etl']) retrieved from /home/airflow/.local/lib/python3.6/site-packages/airflow/example_dags/tutorial_taskflow_api_etl.py
[2025-03-25 22:56:03,027] {logging_mixin.py:104} INFO - [2025-03-25 22:56:03,027] {dag.py:1833} INFO - Sync 1 DAGs
[2025-03-25 22:56:03,047] {logging_mixin.py:104} INFO - [2025-03-25 22:56:03,047] {dag.py:2306} INFO - Setting next_dagrun for tutorial_taskflow_api_etl to None
[2025-03-25 22:56:03,068] {scheduler_job.py:190} INFO - Processing /home/airflow/.local/lib/python3.6/site-packages/airflow/example_dags/tutorial_taskflow_api_etl.py took 0.397 seconds
[2025-03-25 22:56:33,255] {scheduler_job.py:182} INFO - Started process (PID=1933) to work on /home/airflow/.local/lib/python3.6/site-packages/airflow/example_dags/tutorial_taskflow_api_etl.py
[2025-03-25 22:56:33,257] {scheduler_job.py:633} INFO - Processing file /home/airflow/.local/lib/python3.6/site-packages/airflow/example_dags/tutorial_taskflow_api_etl.py for tasks to queue
[2025-03-25 22:56:33,258] {logging_mixin.py:104} INFO - [2025-03-25 22:56:33,258] {dagbag.py:496} INFO - Filling up the DagBag from /home/airflow/.local/lib/python3.6/site-packages/airflow/example_dags/tutorial_taskflow_api_etl.py
[2025-03-25 22:56:33,281] {scheduler_job.py:643} INFO - DAG(s) dict_keys(['tutorial_taskflow_api_etl']) retrieved from /home/airflow/.local/lib/python3.6/site-packages/airflow/example_dags/tutorial_taskflow_api_etl.py
[2025-03-25 22:56:33,561] {logging_mixin.py:104} INFO - [2025-03-25 22:56:33,561] {dag.py:1833} INFO - Sync 1 DAGs
[2025-03-25 22:56:33,581] {logging_mixin.py:104} INFO - [2025-03-25 22:56:33,581] {dag.py:2306} INFO - Setting next_dagrun for tutorial_taskflow_api_etl to None
[2025-03-25 22:56:33,597] {scheduler_job.py:190} INFO - Processing /home/airflow/.local/lib/python3.6/site-packages/airflow/example_dags/tutorial_taskflow_api_etl.py took 0.346 seconds
[2025-03-25 22:57:03,949] {scheduler_job.py:182} INFO - Started process (PID=1984) to work on /home/airflow/.local/lib/python3.6/site-packages/airflow/example_dags/tutorial_taskflow_api_etl.py
[2025-03-25 22:57:03,951] {scheduler_job.py:633} INFO - Processing file /home/airflow/.local/lib/python3.6/site-packages/airflow/example_dags/tutorial_taskflow_api_etl.py for tasks to queue
[2025-03-25 22:57:03,952] {logging_mixin.py:104} INFO - [2025-03-25 22:57:03,952] {dagbag.py:496} INFO - Filling up the DagBag from /home/airflow/.local/lib/python3.6/site-packages/airflow/example_dags/tutorial_taskflow_api_etl.py
[2025-03-25 22:57:03,973] {scheduler_job.py:643} INFO - DAG(s) dict_keys(['tutorial_taskflow_api_etl']) retrieved from /home/airflow/.local/lib/python3.6/site-packages/airflow/example_dags/tutorial_taskflow_api_etl.py
[2025-03-25 22:57:04,260] {logging_mixin.py:104} INFO - [2025-03-25 22:57:04,260] {dag.py:1833} INFO - Sync 1 DAGs
[2025-03-25 22:57:04,281] {logging_mixin.py:104} INFO - [2025-03-25 22:57:04,281] {dag.py:2306} INFO - Setting next_dagrun for tutorial_taskflow_api_etl to None
[2025-03-25 22:57:04,304] {scheduler_job.py:190} INFO - Processing /home/airflow/.local/lib/python3.6/site-packages/airflow/example_dags/tutorial_taskflow_api_etl.py took 0.360 seconds
[2025-03-25 22:57:35,228] {scheduler_job.py:182} INFO - Started process (PID=2037) to work on /home/airflow/.local/lib/python3.6/site-packages/airflow/example_dags/tutorial_taskflow_api_etl.py
[2025-03-25 22:57:35,230] {scheduler_job.py:633} INFO - Processing file /home/airflow/.local/lib/python3.6/site-packages/airflow/example_dags/tutorial_taskflow_api_etl.py for tasks to queue
[2025-03-25 22:57:35,231] {logging_mixin.py:104} INFO - [2025-03-25 22:57:35,230] {dagbag.py:496} INFO - Filling up the DagBag from /home/airflow/.local/lib/python3.6/site-packages/airflow/example_dags/tutorial_taskflow_api_etl.py
[2025-03-25 22:57:35,247] {scheduler_job.py:643} INFO - DAG(s) dict_keys(['tutorial_taskflow_api_etl']) retrieved from /home/airflow/.local/lib/python3.6/site-packages/airflow/example_dags/tutorial_taskflow_api_etl.py
[2025-03-25 22:57:35,557] {logging_mixin.py:104} INFO - [2025-03-25 22:57:35,556] {dag.py:1833} INFO - Sync 1 DAGs
[2025-03-25 22:57:35,573] {logging_mixin.py:104} INFO - [2025-03-25 22:57:35,573] {dag.py:2306} INFO - Setting next_dagrun for tutorial_taskflow_api_etl to None
[2025-03-25 22:57:35,591] {scheduler_job.py:190} INFO - Processing /home/airflow/.local/lib/python3.6/site-packages/airflow/example_dags/tutorial_taskflow_api_etl.py took 0.366 seconds
[2025-03-25 22:58:05,962] {scheduler_job.py:182} INFO - Started process (PID=2100) to work on /home/airflow/.local/lib/python3.6/site-packages/airflow/example_dags/tutorial_taskflow_api_etl.py
[2025-03-25 22:58:05,963] {scheduler_job.py:633} INFO - Processing file /home/airflow/.local/lib/python3.6/site-packages/airflow/example_dags/tutorial_taskflow_api_etl.py for tasks to queue
[2025-03-25 22:58:05,965] {logging_mixin.py:104} INFO - [2025-03-25 22:58:05,964] {dagbag.py:496} INFO - Filling up the DagBag from /home/airflow/.local/lib/python3.6/site-packages/airflow/example_dags/tutorial_taskflow_api_etl.py
[2025-03-25 22:58:05,986] {scheduler_job.py:643} INFO - DAG(s) dict_keys(['tutorial_taskflow_api_etl']) retrieved from /home/airflow/.local/lib/python3.6/site-packages/airflow/example_dags/tutorial_taskflow_api_etl.py
[2025-03-25 22:58:06,388] {logging_mixin.py:104} INFO - [2025-03-25 22:58:06,388] {dag.py:1833} INFO - Sync 1 DAGs
[2025-03-25 22:58:06,430] {logging_mixin.py:104} INFO - [2025-03-25 22:58:06,430] {dag.py:2306} INFO - Setting next_dagrun for tutorial_taskflow_api_etl to None
[2025-03-25 22:58:06,454] {scheduler_job.py:190} INFO - Processing /home/airflow/.local/lib/python3.6/site-packages/airflow/example_dags/tutorial_taskflow_api_etl.py took 0.496 seconds
[2025-03-25 22:58:37,098] {scheduler_job.py:182} INFO - Started process (PID=2152) to work on /home/airflow/.local/lib/python3.6/site-packages/airflow/example_dags/tutorial_taskflow_api_etl.py
[2025-03-25 22:58:37,101] {scheduler_job.py:633} INFO - Processing file /home/airflow/.local/lib/python3.6/site-packages/airflow/example_dags/tutorial_taskflow_api_etl.py for tasks to queue
[2025-03-25 22:58:37,103] {logging_mixin.py:104} INFO - [2025-03-25 22:58:37,102] {dagbag.py:496} INFO - Filling up the DagBag from /home/airflow/.local/lib/python3.6/site-packages/airflow/example_dags/tutorial_taskflow_api_etl.py
[2025-03-25 22:58:37,120] {scheduler_job.py:643} INFO - DAG(s) dict_keys(['tutorial_taskflow_api_etl']) retrieved from /home/airflow/.local/lib/python3.6/site-packages/airflow/example_dags/tutorial_taskflow_api_etl.py
[2025-03-25 22:58:37,461] {logging_mixin.py:104} INFO - [2025-03-25 22:58:37,460] {dag.py:1833} INFO - Sync 1 DAGs
[2025-03-25 22:58:37,488] {logging_mixin.py:104} INFO - [2025-03-25 22:58:37,488] {dag.py:2306} INFO - Setting next_dagrun for tutorial_taskflow_api_etl to None
[2025-03-25 22:58:37,516] {scheduler_job.py:190} INFO - Processing /home/airflow/.local/lib/python3.6/site-packages/airflow/example_dags/tutorial_taskflow_api_etl.py took 0.422 seconds
[2025-03-25 22:59:08,163] {scheduler_job.py:182} INFO - Started process (PID=2214) to work on /home/airflow/.local/lib/python3.6/site-packages/airflow/example_dags/tutorial_taskflow_api_etl.py
[2025-03-25 22:59:08,165] {scheduler_job.py:633} INFO - Processing file /home/airflow/.local/lib/python3.6/site-packages/airflow/example_dags/tutorial_taskflow_api_etl.py for tasks to queue
[2025-03-25 22:59:08,167] {logging_mixin.py:104} INFO - [2025-03-25 22:59:08,167] {dagbag.py:496} INFO - Filling up the DagBag from /home/airflow/.local/lib/python3.6/site-packages/airflow/example_dags/tutorial_taskflow_api_etl.py
[2025-03-25 22:59:08,187] {scheduler_job.py:643} INFO - DAG(s) dict_keys(['tutorial_taskflow_api_etl']) retrieved from /home/airflow/.local/lib/python3.6/site-packages/airflow/example_dags/tutorial_taskflow_api_etl.py
[2025-03-25 22:59:08,607] {logging_mixin.py:104} INFO - [2025-03-25 22:59:08,607] {dag.py:1833} INFO - Sync 1 DAGs
[2025-03-25 22:59:08,627] {logging_mixin.py:104} INFO - [2025-03-25 22:59:08,627] {dag.py:2306} INFO - Setting next_dagrun for tutorial_taskflow_api_etl to None
[2025-03-25 22:59:08,646] {scheduler_job.py:190} INFO - Processing /home/airflow/.local/lib/python3.6/site-packages/airflow/example_dags/tutorial_taskflow_api_etl.py took 0.486 seconds
[2025-03-25 22:59:38,878] {scheduler_job.py:182} INFO - Started process (PID=2268) to work on /home/airflow/.local/lib/python3.6/site-packages/airflow/example_dags/tutorial_taskflow_api_etl.py
[2025-03-25 22:59:38,880] {scheduler_job.py:633} INFO - Processing file /home/airflow/.local/lib/python3.6/site-packages/airflow/example_dags/tutorial_taskflow_api_etl.py for tasks to queue
[2025-03-25 22:59:38,881] {logging_mixin.py:104} INFO - [2025-03-25 22:59:38,881] {dagbag.py:496} INFO - Filling up the DagBag from /home/airflow/.local/lib/python3.6/site-packages/airflow/example_dags/tutorial_taskflow_api_etl.py
[2025-03-25 22:59:38,898] {scheduler_job.py:643} INFO - DAG(s) dict_keys(['tutorial_taskflow_api_etl']) retrieved from /home/airflow/.local/lib/python3.6/site-packages/airflow/example_dags/tutorial_taskflow_api_etl.py
[2025-03-25 22:59:39,176] {logging_mixin.py:104} INFO - [2025-03-25 22:59:39,176] {dag.py:1833} INFO - Sync 1 DAGs
[2025-03-25 22:59:39,198] {logging_mixin.py:104} INFO - [2025-03-25 22:59:39,198] {dag.py:2306} INFO - Setting next_dagrun for tutorial_taskflow_api_etl to None
[2025-03-25 22:59:39,215] {scheduler_job.py:190} INFO - Processing /home/airflow/.local/lib/python3.6/site-packages/airflow/example_dags/tutorial_taskflow_api_etl.py took 0.340 seconds
[2025-03-25 23:00:09,525] {scheduler_job.py:182} INFO - Started process (PID=2320) to work on /home/airflow/.local/lib/python3.6/site-packages/airflow/example_dags/tutorial_taskflow_api_etl.py
[2025-03-25 23:00:09,527] {scheduler_job.py:633} INFO - Processing file /home/airflow/.local/lib/python3.6/site-packages/airflow/example_dags/tutorial_taskflow_api_etl.py for tasks to queue
[2025-03-25 23:00:09,527] {logging_mixin.py:104} INFO - [2025-03-25 23:00:09,527] {dagbag.py:496} INFO - Filling up the DagBag from /home/airflow/.local/lib/python3.6/site-packages/airflow/example_dags/tutorial_taskflow_api_etl.py
[2025-03-25 23:00:09,545] {scheduler_job.py:643} INFO - DAG(s) dict_keys(['tutorial_taskflow_api_etl']) retrieved from /home/airflow/.local/lib/python3.6/site-packages/airflow/example_dags/tutorial_taskflow_api_etl.py
[2025-03-25 23:00:09,825] {logging_mixin.py:104} INFO - [2025-03-25 23:00:09,825] {dag.py:1833} INFO - Sync 1 DAGs
[2025-03-25 23:00:09,843] {logging_mixin.py:104} INFO - [2025-03-25 23:00:09,843] {dag.py:2306} INFO - Setting next_dagrun for tutorial_taskflow_api_etl to None
[2025-03-25 23:00:09,860] {scheduler_job.py:190} INFO - Processing /home/airflow/.local/lib/python3.6/site-packages/airflow/example_dags/tutorial_taskflow_api_etl.py took 0.338 seconds
[2025-03-25 23:00:40,417] {scheduler_job.py:182} INFO - Started process (PID=2382) to work on /home/airflow/.local/lib/python3.6/site-packages/airflow/example_dags/tutorial_taskflow_api_etl.py
[2025-03-25 23:00:40,419] {scheduler_job.py:633} INFO - Processing file /home/airflow/.local/lib/python3.6/site-packages/airflow/example_dags/tutorial_taskflow_api_etl.py for tasks to queue
[2025-03-25 23:00:40,421] {logging_mixin.py:104} INFO - [2025-03-25 23:00:40,421] {dagbag.py:496} INFO - Filling up the DagBag from /home/airflow/.local/lib/python3.6/site-packages/airflow/example_dags/tutorial_taskflow_api_etl.py
[2025-03-25 23:00:40,440] {scheduler_job.py:643} INFO - DAG(s) dict_keys(['tutorial_taskflow_api_etl']) retrieved from /home/airflow/.local/lib/python3.6/site-packages/airflow/example_dags/tutorial_taskflow_api_etl.py
[2025-03-25 23:00:40,780] {logging_mixin.py:104} INFO - [2025-03-25 23:00:40,780] {dag.py:1833} INFO - Sync 1 DAGs
[2025-03-25 23:00:40,803] {logging_mixin.py:104} INFO - [2025-03-25 23:00:40,803] {dag.py:2306} INFO - Setting next_dagrun for tutorial_taskflow_api_etl to None
[2025-03-25 23:00:40,821] {scheduler_job.py:190} INFO - Processing /home/airflow/.local/lib/python3.6/site-packages/airflow/example_dags/tutorial_taskflow_api_etl.py took 0.410 seconds
[2025-03-25 23:01:10,908] {scheduler_job.py:182} INFO - Started process (PID=2435) to work on /home/airflow/.local/lib/python3.6/site-packages/airflow/example_dags/tutorial_taskflow_api_etl.py
[2025-03-25 23:01:10,910] {scheduler_job.py:633} INFO - Processing file /home/airflow/.local/lib/python3.6/site-packages/airflow/example_dags/tutorial_taskflow_api_etl.py for tasks to queue
[2025-03-25 23:01:10,911] {logging_mixin.py:104} INFO - [2025-03-25 23:01:10,911] {dagbag.py:496} INFO - Filling up the DagBag from /home/airflow/.local/lib/python3.6/site-packages/airflow/example_dags/tutorial_taskflow_api_etl.py
[2025-03-25 23:01:10,931] {scheduler_job.py:643} INFO - DAG(s) dict_keys(['tutorial_taskflow_api_etl']) retrieved from /home/airflow/.local/lib/python3.6/site-packages/airflow/example_dags/tutorial_taskflow_api_etl.py
[2025-03-25 23:01:10,958] {logging_mixin.py:104} INFO - [2025-03-25 23:01:10,958] {dag.py:1833} INFO - Sync 1 DAGs
[2025-03-25 23:01:10,981] {logging_mixin.py:104} INFO - [2025-03-25 23:01:10,981] {dag.py:2306} INFO - Setting next_dagrun for tutorial_taskflow_api_etl to None
[2025-03-25 23:01:10,996] {scheduler_job.py:190} INFO - Processing /home/airflow/.local/lib/python3.6/site-packages/airflow/example_dags/tutorial_taskflow_api_etl.py took 0.092 seconds
[2025-03-25 23:01:41,115] {scheduler_job.py:182} INFO - Started process (PID=2489) to work on /home/airflow/.local/lib/python3.6/site-packages/airflow/example_dags/tutorial_taskflow_api_etl.py
[2025-03-25 23:01:41,117] {scheduler_job.py:633} INFO - Processing file /home/airflow/.local/lib/python3.6/site-packages/airflow/example_dags/tutorial_taskflow_api_etl.py for tasks to queue
[2025-03-25 23:01:41,118] {logging_mixin.py:104} INFO - [2025-03-25 23:01:41,118] {dagbag.py:496} INFO - Filling up the DagBag from /home/airflow/.local/lib/python3.6/site-packages/airflow/example_dags/tutorial_taskflow_api_etl.py
[2025-03-25 23:01:41,141] {scheduler_job.py:643} INFO - DAG(s) dict_keys(['tutorial_taskflow_api_etl']) retrieved from /home/airflow/.local/lib/python3.6/site-packages/airflow/example_dags/tutorial_taskflow_api_etl.py
[2025-03-25 23:01:41,430] {logging_mixin.py:104} INFO - [2025-03-25 23:01:41,430] {dag.py:1833} INFO - Sync 1 DAGs
[2025-03-25 23:01:41,447] {logging_mixin.py:104} INFO - [2025-03-25 23:01:41,447] {dag.py:2306} INFO - Setting next_dagrun for tutorial_taskflow_api_etl to None
[2025-03-25 23:01:41,467] {scheduler_job.py:190} INFO - Processing /home/airflow/.local/lib/python3.6/site-packages/airflow/example_dags/tutorial_taskflow_api_etl.py took 0.355 seconds
[2025-03-25 23:02:11,822] {scheduler_job.py:182} INFO - Started process (PID=2550) to work on /home/airflow/.local/lib/python3.6/site-packages/airflow/example_dags/tutorial_taskflow_api_etl.py
[2025-03-25 23:02:11,823] {scheduler_job.py:633} INFO - Processing file /home/airflow/.local/lib/python3.6/site-packages/airflow/example_dags/tutorial_taskflow_api_etl.py for tasks to queue
[2025-03-25 23:02:11,825] {logging_mixin.py:104} INFO - [2025-03-25 23:02:11,825] {dagbag.py:496} INFO - Filling up the DagBag from /home/airflow/.local/lib/python3.6/site-packages/airflow/example_dags/tutorial_taskflow_api_etl.py
[2025-03-25 23:02:11,846] {scheduler_job.py:643} INFO - DAG(s) dict_keys(['tutorial_taskflow_api_etl']) retrieved from /home/airflow/.local/lib/python3.6/site-packages/airflow/example_dags/tutorial_taskflow_api_etl.py
[2025-03-25 23:02:12,118] {logging_mixin.py:104} INFO - [2025-03-25 23:02:12,118] {dag.py:1833} INFO - Sync 1 DAGs
[2025-03-25 23:02:12,141] {logging_mixin.py:104} INFO - [2025-03-25 23:02:12,140] {dag.py:2306} INFO - Setting next_dagrun for tutorial_taskflow_api_etl to None
[2025-03-25 23:02:12,160] {scheduler_job.py:190} INFO - Processing /home/airflow/.local/lib/python3.6/site-packages/airflow/example_dags/tutorial_taskflow_api_etl.py took 0.342 seconds
[2025-03-25 23:02:42,453] {scheduler_job.py:182} INFO - Started process (PID=2603) to work on /home/airflow/.local/lib/python3.6/site-packages/airflow/example_dags/tutorial_taskflow_api_etl.py
[2025-03-25 23:02:42,455] {scheduler_job.py:633} INFO - Processing file /home/airflow/.local/lib/python3.6/site-packages/airflow/example_dags/tutorial_taskflow_api_etl.py for tasks to queue
[2025-03-25 23:02:42,456] {logging_mixin.py:104} INFO - [2025-03-25 23:02:42,456] {dagbag.py:496} INFO - Filling up the DagBag from /home/airflow/.local/lib/python3.6/site-packages/airflow/example_dags/tutorial_taskflow_api_etl.py
[2025-03-25 23:02:42,479] {scheduler_job.py:643} INFO - DAG(s) dict_keys(['tutorial_taskflow_api_etl']) retrieved from /home/airflow/.local/lib/python3.6/site-packages/airflow/example_dags/tutorial_taskflow_api_etl.py
[2025-03-25 23:02:42,507] {logging_mixin.py:104} INFO - [2025-03-25 23:02:42,506] {dag.py:1833} INFO - Sync 1 DAGs
[2025-03-25 23:02:42,528] {logging_mixin.py:104} INFO - [2025-03-25 23:02:42,528] {dag.py:2306} INFO - Setting next_dagrun for tutorial_taskflow_api_etl to None
[2025-03-25 23:02:42,544] {scheduler_job.py:190} INFO - Processing /home/airflow/.local/lib/python3.6/site-packages/airflow/example_dags/tutorial_taskflow_api_etl.py took 0.094 seconds
[2025-03-25 23:03:12,844] {scheduler_job.py:182} INFO - Started process (PID=2664) to work on /home/airflow/.local/lib/python3.6/site-packages/airflow/example_dags/tutorial_taskflow_api_etl.py
[2025-03-25 23:03:12,846] {scheduler_job.py:633} INFO - Processing file /home/airflow/.local/lib/python3.6/site-packages/airflow/example_dags/tutorial_taskflow_api_etl.py for tasks to queue
[2025-03-25 23:03:12,848] {logging_mixin.py:104} INFO - [2025-03-25 23:03:12,847] {dagbag.py:496} INFO - Filling up the DagBag from /home/airflow/.local/lib/python3.6/site-packages/airflow/example_dags/tutorial_taskflow_api_etl.py
[2025-03-25 23:03:12,874] {scheduler_job.py:643} INFO - DAG(s) dict_keys(['tutorial_taskflow_api_etl']) retrieved from /home/airflow/.local/lib/python3.6/site-packages/airflow/example_dags/tutorial_taskflow_api_etl.py
[2025-03-25 23:03:13,219] {logging_mixin.py:104} INFO - [2025-03-25 23:03:13,219] {dag.py:1833} INFO - Sync 1 DAGs
[2025-03-25 23:03:13,239] {logging_mixin.py:104} INFO - [2025-03-25 23:03:13,239] {dag.py:2306} INFO - Setting next_dagrun for tutorial_taskflow_api_etl to None
[2025-03-25 23:03:13,260] {scheduler_job.py:190} INFO - Processing /home/airflow/.local/lib/python3.6/site-packages/airflow/example_dags/tutorial_taskflow_api_etl.py took 0.419 seconds
[2025-03-25 23:03:44,264] {scheduler_job.py:182} INFO - Started process (PID=2719) to work on /home/airflow/.local/lib/python3.6/site-packages/airflow/example_dags/tutorial_taskflow_api_etl.py
[2025-03-25 23:03:44,266] {scheduler_job.py:633} INFO - Processing file /home/airflow/.local/lib/python3.6/site-packages/airflow/example_dags/tutorial_taskflow_api_etl.py for tasks to queue
[2025-03-25 23:03:44,267] {logging_mixin.py:104} INFO - [2025-03-25 23:03:44,266] {dagbag.py:496} INFO - Filling up the DagBag from /home/airflow/.local/lib/python3.6/site-packages/airflow/example_dags/tutorial_taskflow_api_etl.py
[2025-03-25 23:03:44,283] {scheduler_job.py:643} INFO - DAG(s) dict_keys(['tutorial_taskflow_api_etl']) retrieved from /home/airflow/.local/lib/python3.6/site-packages/airflow/example_dags/tutorial_taskflow_api_etl.py
[2025-03-25 23:03:44,308] {logging_mixin.py:104} INFO - [2025-03-25 23:03:44,308] {dag.py:1833} INFO - Sync 1 DAGs
[2025-03-25 23:03:44,328] {logging_mixin.py:104} INFO - [2025-03-25 23:03:44,328] {dag.py:2306} INFO - Setting next_dagrun for tutorial_taskflow_api_etl to None
[2025-03-25 23:03:44,343] {scheduler_job.py:190} INFO - Processing /home/airflow/.local/lib/python3.6/site-packages/airflow/example_dags/tutorial_taskflow_api_etl.py took 0.083 seconds
[2025-03-25 23:14:27,777] {scheduler_job.py:182} INFO - Started process (PID=321) to work on /home/airflow/.local/lib/python3.6/site-packages/airflow/example_dags/tutorial_taskflow_api_etl.py
[2025-03-25 23:14:27,779] {scheduler_job.py:633} INFO - Processing file /home/airflow/.local/lib/python3.6/site-packages/airflow/example_dags/tutorial_taskflow_api_etl.py for tasks to queue
[2025-03-25 23:14:27,780] {logging_mixin.py:104} INFO - [2025-03-25 23:14:27,780] {dagbag.py:496} INFO - Filling up the DagBag from /home/airflow/.local/lib/python3.6/site-packages/airflow/example_dags/tutorial_taskflow_api_etl.py
[2025-03-25 23:14:27,805] {scheduler_job.py:643} INFO - DAG(s) dict_keys(['tutorial_taskflow_api_etl']) retrieved from /home/airflow/.local/lib/python3.6/site-packages/airflow/example_dags/tutorial_taskflow_api_etl.py
[2025-03-25 23:14:31,681] {logging_mixin.py:104} INFO - [2025-03-25 23:14:31,681] {dag.py:1833} INFO - Sync 1 DAGs
[2025-03-25 23:14:31,692] {logging_mixin.py:104} INFO - [2025-03-25 23:14:31,691] {dag.py:1852} INFO - Creating ORM DAG for tutorial_taskflow_api_etl
[2025-03-25 23:14:31,699] {logging_mixin.py:104} INFO - [2025-03-25 23:14:31,699] {dag.py:2306} INFO - Setting next_dagrun for tutorial_taskflow_api_etl to None
[2025-03-25 23:14:31,716] {scheduler_job.py:190} INFO - Processing /home/airflow/.local/lib/python3.6/site-packages/airflow/example_dags/tutorial_taskflow_api_etl.py took 3.944 seconds
[2025-03-25 23:15:01,946] {scheduler_job.py:182} INFO - Started process (PID=413) to work on /home/airflow/.local/lib/python3.6/site-packages/airflow/example_dags/tutorial_taskflow_api_etl.py
[2025-03-25 23:15:01,947] {scheduler_job.py:633} INFO - Processing file /home/airflow/.local/lib/python3.6/site-packages/airflow/example_dags/tutorial_taskflow_api_etl.py for tasks to queue
[2025-03-25 23:15:01,948] {logging_mixin.py:104} INFO - [2025-03-25 23:15:01,948] {dagbag.py:496} INFO - Filling up the DagBag from /home/airflow/.local/lib/python3.6/site-packages/airflow/example_dags/tutorial_taskflow_api_etl.py
[2025-03-25 23:15:01,963] {scheduler_job.py:643} INFO - DAG(s) dict_keys(['tutorial_taskflow_api_etl']) retrieved from /home/airflow/.local/lib/python3.6/site-packages/airflow/example_dags/tutorial_taskflow_api_etl.py
[2025-03-25 23:15:02,211] {logging_mixin.py:104} INFO - [2025-03-25 23:15:02,210] {dag.py:1833} INFO - Sync 1 DAGs
[2025-03-25 23:15:02,227] {logging_mixin.py:104} INFO - [2025-03-25 23:15:02,227] {dag.py:2306} INFO - Setting next_dagrun for tutorial_taskflow_api_etl to None
[2025-03-25 23:15:02,244] {scheduler_job.py:190} INFO - Processing /home/airflow/.local/lib/python3.6/site-packages/airflow/example_dags/tutorial_taskflow_api_etl.py took 0.302 seconds
[2025-03-25 23:15:32,522] {scheduler_job.py:182} INFO - Started process (PID=475) to work on /home/airflow/.local/lib/python3.6/site-packages/airflow/example_dags/tutorial_taskflow_api_etl.py
[2025-03-25 23:15:32,524] {scheduler_job.py:633} INFO - Processing file /home/airflow/.local/lib/python3.6/site-packages/airflow/example_dags/tutorial_taskflow_api_etl.py for tasks to queue
[2025-03-25 23:15:32,525] {logging_mixin.py:104} INFO - [2025-03-25 23:15:32,525] {dagbag.py:496} INFO - Filling up the DagBag from /home/airflow/.local/lib/python3.6/site-packages/airflow/example_dags/tutorial_taskflow_api_etl.py
[2025-03-25 23:15:32,543] {scheduler_job.py:643} INFO - DAG(s) dict_keys(['tutorial_taskflow_api_etl']) retrieved from /home/airflow/.local/lib/python3.6/site-packages/airflow/example_dags/tutorial_taskflow_api_etl.py
[2025-03-25 23:15:32,571] {logging_mixin.py:104} INFO - [2025-03-25 23:15:32,571] {dag.py:1833} INFO - Sync 1 DAGs
[2025-03-25 23:15:32,593] {logging_mixin.py:104} INFO - [2025-03-25 23:15:32,593] {dag.py:2306} INFO - Setting next_dagrun for tutorial_taskflow_api_etl to None
[2025-03-25 23:15:32,611] {scheduler_job.py:190} INFO - Processing /home/airflow/.local/lib/python3.6/site-packages/airflow/example_dags/tutorial_taskflow_api_etl.py took 0.092 seconds
[2025-03-25 23:16:02,717] {scheduler_job.py:182} INFO - Started process (PID=527) to work on /home/airflow/.local/lib/python3.6/site-packages/airflow/example_dags/tutorial_taskflow_api_etl.py
[2025-03-25 23:16:02,719] {scheduler_job.py:633} INFO - Processing file /home/airflow/.local/lib/python3.6/site-packages/airflow/example_dags/tutorial_taskflow_api_etl.py for tasks to queue
[2025-03-25 23:16:02,720] {logging_mixin.py:104} INFO - [2025-03-25 23:16:02,719] {dagbag.py:496} INFO - Filling up the DagBag from /home/airflow/.local/lib/python3.6/site-packages/airflow/example_dags/tutorial_taskflow_api_etl.py
[2025-03-25 23:16:02,741] {scheduler_job.py:643} INFO - DAG(s) dict_keys(['tutorial_taskflow_api_etl']) retrieved from /home/airflow/.local/lib/python3.6/site-packages/airflow/example_dags/tutorial_taskflow_api_etl.py
[2025-03-25 23:16:02,994] {logging_mixin.py:104} INFO - [2025-03-25 23:16:02,994] {dag.py:1833} INFO - Sync 1 DAGs
[2025-03-25 23:16:03,014] {logging_mixin.py:104} INFO - [2025-03-25 23:16:03,014] {dag.py:2306} INFO - Setting next_dagrun for tutorial_taskflow_api_etl to None
[2025-03-25 23:16:03,036] {scheduler_job.py:190} INFO - Processing /home/airflow/.local/lib/python3.6/site-packages/airflow/example_dags/tutorial_taskflow_api_etl.py took 0.323 seconds
[2025-03-25 23:16:33,547] {scheduler_job.py:182} INFO - Started process (PID=579) to work on /home/airflow/.local/lib/python3.6/site-packages/airflow/example_dags/tutorial_taskflow_api_etl.py
[2025-03-25 23:16:33,548] {scheduler_job.py:633} INFO - Processing file /home/airflow/.local/lib/python3.6/site-packages/airflow/example_dags/tutorial_taskflow_api_etl.py for tasks to queue
[2025-03-25 23:16:33,549] {logging_mixin.py:104} INFO - [2025-03-25 23:16:33,549] {dagbag.py:496} INFO - Filling up the DagBag from /home/airflow/.local/lib/python3.6/site-packages/airflow/example_dags/tutorial_taskflow_api_etl.py
[2025-03-25 23:16:33,572] {scheduler_job.py:643} INFO - DAG(s) dict_keys(['tutorial_taskflow_api_etl']) retrieved from /home/airflow/.local/lib/python3.6/site-packages/airflow/example_dags/tutorial_taskflow_api_etl.py
[2025-03-25 23:16:33,857] {logging_mixin.py:104} INFO - [2025-03-25 23:16:33,857] {dag.py:1833} INFO - Sync 1 DAGs
[2025-03-25 23:16:33,875] {logging_mixin.py:104} INFO - [2025-03-25 23:16:33,875] {dag.py:2306} INFO - Setting next_dagrun for tutorial_taskflow_api_etl to None
[2025-03-25 23:16:33,895] {scheduler_job.py:190} INFO - Processing /home/airflow/.local/lib/python3.6/site-packages/airflow/example_dags/tutorial_taskflow_api_etl.py took 0.351 seconds
[2025-03-25 23:17:04,230] {scheduler_job.py:182} INFO - Started process (PID=641) to work on /home/airflow/.local/lib/python3.6/site-packages/airflow/example_dags/tutorial_taskflow_api_etl.py
[2025-03-25 23:17:04,232] {scheduler_job.py:633} INFO - Processing file /home/airflow/.local/lib/python3.6/site-packages/airflow/example_dags/tutorial_taskflow_api_etl.py for tasks to queue
[2025-03-25 23:17:04,233] {logging_mixin.py:104} INFO - [2025-03-25 23:17:04,233] {dagbag.py:496} INFO - Filling up the DagBag from /home/airflow/.local/lib/python3.6/site-packages/airflow/example_dags/tutorial_taskflow_api_etl.py
[2025-03-25 23:17:04,252] {scheduler_job.py:643} INFO - DAG(s) dict_keys(['tutorial_taskflow_api_etl']) retrieved from /home/airflow/.local/lib/python3.6/site-packages/airflow/example_dags/tutorial_taskflow_api_etl.py
[2025-03-25 23:17:04,573] {logging_mixin.py:104} INFO - [2025-03-25 23:17:04,573] {dag.py:1833} INFO - Sync 1 DAGs
[2025-03-25 23:17:04,591] {logging_mixin.py:104} INFO - [2025-03-25 23:17:04,591] {dag.py:2306} INFO - Setting next_dagrun for tutorial_taskflow_api_etl to None
[2025-03-25 23:17:04,615] {scheduler_job.py:190} INFO - Processing /home/airflow/.local/lib/python3.6/site-packages/airflow/example_dags/tutorial_taskflow_api_etl.py took 0.388 seconds
[2025-03-25 23:17:34,848] {scheduler_job.py:182} INFO - Started process (PID=693) to work on /home/airflow/.local/lib/python3.6/site-packages/airflow/example_dags/tutorial_taskflow_api_etl.py
[2025-03-25 23:17:34,850] {scheduler_job.py:633} INFO - Processing file /home/airflow/.local/lib/python3.6/site-packages/airflow/example_dags/tutorial_taskflow_api_etl.py for tasks to queue
[2025-03-25 23:17:34,852] {logging_mixin.py:104} INFO - [2025-03-25 23:17:34,851] {dagbag.py:496} INFO - Filling up the DagBag from /home/airflow/.local/lib/python3.6/site-packages/airflow/example_dags/tutorial_taskflow_api_etl.py
[2025-03-25 23:17:34,871] {scheduler_job.py:643} INFO - DAG(s) dict_keys(['tutorial_taskflow_api_etl']) retrieved from /home/airflow/.local/lib/python3.6/site-packages/airflow/example_dags/tutorial_taskflow_api_etl.py
[2025-03-25 23:17:35,189] {logging_mixin.py:104} INFO - [2025-03-25 23:17:35,188] {dag.py:1833} INFO - Sync 1 DAGs
[2025-03-25 23:17:35,218] {logging_mixin.py:104} INFO - [2025-03-25 23:17:35,218] {dag.py:2306} INFO - Setting next_dagrun for tutorial_taskflow_api_etl to None
[2025-03-25 23:17:35,244] {scheduler_job.py:190} INFO - Processing /home/airflow/.local/lib/python3.6/site-packages/airflow/example_dags/tutorial_taskflow_api_etl.py took 0.399 seconds
[2025-03-25 23:18:06,163] {scheduler_job.py:182} INFO - Started process (PID=745) to work on /home/airflow/.local/lib/python3.6/site-packages/airflow/example_dags/tutorial_taskflow_api_etl.py
[2025-03-25 23:18:06,165] {scheduler_job.py:633} INFO - Processing file /home/airflow/.local/lib/python3.6/site-packages/airflow/example_dags/tutorial_taskflow_api_etl.py for tasks to queue
[2025-03-25 23:18:06,166] {logging_mixin.py:104} INFO - [2025-03-25 23:18:06,165] {dagbag.py:496} INFO - Filling up the DagBag from /home/airflow/.local/lib/python3.6/site-packages/airflow/example_dags/tutorial_taskflow_api_etl.py
[2025-03-25 23:18:06,193] {scheduler_job.py:643} INFO - DAG(s) dict_keys(['tutorial_taskflow_api_etl']) retrieved from /home/airflow/.local/lib/python3.6/site-packages/airflow/example_dags/tutorial_taskflow_api_etl.py
[2025-03-25 23:18:06,488] {logging_mixin.py:104} INFO - [2025-03-25 23:18:06,488] {dag.py:1833} INFO - Sync 1 DAGs
[2025-03-25 23:18:06,507] {logging_mixin.py:104} INFO - [2025-03-25 23:18:06,507] {dag.py:2306} INFO - Setting next_dagrun for tutorial_taskflow_api_etl to None
[2025-03-25 23:18:06,524] {scheduler_job.py:190} INFO - Processing /home/airflow/.local/lib/python3.6/site-packages/airflow/example_dags/tutorial_taskflow_api_etl.py took 0.364 seconds
[2025-03-25 23:18:37,184] {scheduler_job.py:182} INFO - Started process (PID=808) to work on /home/airflow/.local/lib/python3.6/site-packages/airflow/example_dags/tutorial_taskflow_api_etl.py
[2025-03-25 23:18:37,186] {scheduler_job.py:633} INFO - Processing file /home/airflow/.local/lib/python3.6/site-packages/airflow/example_dags/tutorial_taskflow_api_etl.py for tasks to queue
[2025-03-25 23:18:37,188] {logging_mixin.py:104} INFO - [2025-03-25 23:18:37,188] {dagbag.py:496} INFO - Filling up the DagBag from /home/airflow/.local/lib/python3.6/site-packages/airflow/example_dags/tutorial_taskflow_api_etl.py
[2025-03-25 23:18:37,216] {scheduler_job.py:643} INFO - DAG(s) dict_keys(['tutorial_taskflow_api_etl']) retrieved from /home/airflow/.local/lib/python3.6/site-packages/airflow/example_dags/tutorial_taskflow_api_etl.py
[2025-03-25 23:18:37,522] {logging_mixin.py:104} INFO - [2025-03-25 23:18:37,521] {dag.py:1833} INFO - Sync 1 DAGs
[2025-03-25 23:18:37,539] {logging_mixin.py:104} INFO - [2025-03-25 23:18:37,539] {dag.py:2306} INFO - Setting next_dagrun for tutorial_taskflow_api_etl to None
[2025-03-25 23:18:37,555] {scheduler_job.py:190} INFO - Processing /home/airflow/.local/lib/python3.6/site-packages/airflow/example_dags/tutorial_taskflow_api_etl.py took 0.374 seconds
