[2025-03-25 22:41:46,568] {scheduler_job.py:182} INFO - Started process (PID=182) to work on /home/airflow/.local/lib/python3.6/site-packages/airflow/example_dags/tutorial_etl_dag.py
[2025-03-25 22:41:46,569] {scheduler_job.py:633} INFO - Processing file /home/airflow/.local/lib/python3.6/site-packages/airflow/example_dags/tutorial_etl_dag.py for tasks to queue
[2025-03-25 22:41:46,571] {logging_mixin.py:104} INFO - [2025-03-25 22:41:46,570] {dagbag.py:496} INFO - Filling up the DagBag from /home/airflow/.local/lib/python3.6/site-packages/airflow/example_dags/tutorial_etl_dag.py
[2025-03-25 22:41:46,585] {scheduler_job.py:643} INFO - DAG(s) dict_keys(['tutorial_etl_dag']) retrieved from /home/airflow/.local/lib/python3.6/site-packages/airflow/example_dags/tutorial_etl_dag.py
[2025-03-25 22:41:49,773] {logging_mixin.py:104} INFO - [2025-03-25 22:41:49,773] {dag.py:1833} INFO - Sync 1 DAGs
[2025-03-25 22:41:49,793] {logging_mixin.py:104} INFO - [2025-03-25 22:41:49,791] {dag.py:1852} INFO - Creating ORM DAG for tutorial_etl_dag
[2025-03-25 22:41:49,801] {logging_mixin.py:104} INFO - [2025-03-25 22:41:49,801] {dag.py:2306} INFO - Setting next_dagrun for tutorial_etl_dag to None
[2025-03-25 22:41:49,821] {scheduler_job.py:190} INFO - Processing /home/airflow/.local/lib/python3.6/site-packages/airflow/example_dags/tutorial_etl_dag.py took 3.257 seconds
[2025-03-25 22:42:20,376] {scheduler_job.py:182} INFO - Started process (PID=372) to work on /home/airflow/.local/lib/python3.6/site-packages/airflow/example_dags/tutorial_etl_dag.py
[2025-03-25 22:42:20,378] {scheduler_job.py:633} INFO - Processing file /home/airflow/.local/lib/python3.6/site-packages/airflow/example_dags/tutorial_etl_dag.py for tasks to queue
[2025-03-25 22:42:20,379] {logging_mixin.py:104} INFO - [2025-03-25 22:42:20,379] {dagbag.py:496} INFO - Filling up the DagBag from /home/airflow/.local/lib/python3.6/site-packages/airflow/example_dags/tutorial_etl_dag.py
[2025-03-25 22:42:20,393] {scheduler_job.py:643} INFO - DAG(s) dict_keys(['tutorial_etl_dag']) retrieved from /home/airflow/.local/lib/python3.6/site-packages/airflow/example_dags/tutorial_etl_dag.py
[2025-03-25 22:42:20,447] {logging_mixin.py:104} INFO - [2025-03-25 22:42:20,447] {dag.py:1833} INFO - Sync 1 DAGs
[2025-03-25 22:42:20,470] {logging_mixin.py:104} INFO - [2025-03-25 22:42:20,470] {dag.py:2306} INFO - Setting next_dagrun for tutorial_etl_dag to None
[2025-03-25 22:42:20,484] {scheduler_job.py:190} INFO - Processing /home/airflow/.local/lib/python3.6/site-packages/airflow/example_dags/tutorial_etl_dag.py took 0.111 seconds
[2025-03-25 22:42:51,384] {scheduler_job.py:182} INFO - Started process (PID=434) to work on /home/airflow/.local/lib/python3.6/site-packages/airflow/example_dags/tutorial_etl_dag.py
[2025-03-25 22:42:51,386] {scheduler_job.py:633} INFO - Processing file /home/airflow/.local/lib/python3.6/site-packages/airflow/example_dags/tutorial_etl_dag.py for tasks to queue
[2025-03-25 22:42:51,388] {logging_mixin.py:104} INFO - [2025-03-25 22:42:51,388] {dagbag.py:496} INFO - Filling up the DagBag from /home/airflow/.local/lib/python3.6/site-packages/airflow/example_dags/tutorial_etl_dag.py
[2025-03-25 22:42:51,408] {scheduler_job.py:643} INFO - DAG(s) dict_keys(['tutorial_etl_dag']) retrieved from /home/airflow/.local/lib/python3.6/site-packages/airflow/example_dags/tutorial_etl_dag.py
[2025-03-25 22:42:51,437] {logging_mixin.py:104} INFO - [2025-03-25 22:42:51,437] {dag.py:1833} INFO - Sync 1 DAGs
[2025-03-25 22:42:51,458] {logging_mixin.py:104} INFO - [2025-03-25 22:42:51,458] {dag.py:2306} INFO - Setting next_dagrun for tutorial_etl_dag to None
[2025-03-25 22:42:51,477] {scheduler_job.py:190} INFO - Processing /home/airflow/.local/lib/python3.6/site-packages/airflow/example_dags/tutorial_etl_dag.py took 0.097 seconds
[2025-03-25 22:43:22,255] {scheduler_job.py:182} INFO - Started process (PID=486) to work on /home/airflow/.local/lib/python3.6/site-packages/airflow/example_dags/tutorial_etl_dag.py
[2025-03-25 22:43:22,256] {scheduler_job.py:633} INFO - Processing file /home/airflow/.local/lib/python3.6/site-packages/airflow/example_dags/tutorial_etl_dag.py for tasks to queue
[2025-03-25 22:43:22,258] {logging_mixin.py:104} INFO - [2025-03-25 22:43:22,257] {dagbag.py:496} INFO - Filling up the DagBag from /home/airflow/.local/lib/python3.6/site-packages/airflow/example_dags/tutorial_etl_dag.py
[2025-03-25 22:43:22,273] {scheduler_job.py:643} INFO - DAG(s) dict_keys(['tutorial_etl_dag']) retrieved from /home/airflow/.local/lib/python3.6/site-packages/airflow/example_dags/tutorial_etl_dag.py
[2025-03-25 22:43:22,302] {logging_mixin.py:104} INFO - [2025-03-25 22:43:22,302] {dag.py:1833} INFO - Sync 1 DAGs
[2025-03-25 22:43:22,325] {logging_mixin.py:104} INFO - [2025-03-25 22:43:22,325] {dag.py:2306} INFO - Setting next_dagrun for tutorial_etl_dag to None
[2025-03-25 22:43:22,342] {scheduler_job.py:190} INFO - Processing /home/airflow/.local/lib/python3.6/site-packages/airflow/example_dags/tutorial_etl_dag.py took 0.091 seconds
[2025-03-25 22:43:52,912] {scheduler_job.py:182} INFO - Started process (PID=538) to work on /home/airflow/.local/lib/python3.6/site-packages/airflow/example_dags/tutorial_etl_dag.py
[2025-03-25 22:43:52,916] {scheduler_job.py:633} INFO - Processing file /home/airflow/.local/lib/python3.6/site-packages/airflow/example_dags/tutorial_etl_dag.py for tasks to queue
[2025-03-25 22:43:52,917] {logging_mixin.py:104} INFO - [2025-03-25 22:43:52,917] {dagbag.py:496} INFO - Filling up the DagBag from /home/airflow/.local/lib/python3.6/site-packages/airflow/example_dags/tutorial_etl_dag.py
[2025-03-25 22:43:52,933] {scheduler_job.py:643} INFO - DAG(s) dict_keys(['tutorial_etl_dag']) retrieved from /home/airflow/.local/lib/python3.6/site-packages/airflow/example_dags/tutorial_etl_dag.py
[2025-03-25 22:43:52,961] {logging_mixin.py:104} INFO - [2025-03-25 22:43:52,961] {dag.py:1833} INFO - Sync 1 DAGs
[2025-03-25 22:43:52,986] {logging_mixin.py:104} INFO - [2025-03-25 22:43:52,986] {dag.py:2306} INFO - Setting next_dagrun for tutorial_etl_dag to None
[2025-03-25 22:43:53,005] {scheduler_job.py:190} INFO - Processing /home/airflow/.local/lib/python3.6/site-packages/airflow/example_dags/tutorial_etl_dag.py took 0.097 seconds
[2025-03-25 22:44:23,131] {scheduler_job.py:182} INFO - Started process (PID=598) to work on /home/airflow/.local/lib/python3.6/site-packages/airflow/example_dags/tutorial_etl_dag.py
[2025-03-25 22:44:23,133] {scheduler_job.py:633} INFO - Processing file /home/airflow/.local/lib/python3.6/site-packages/airflow/example_dags/tutorial_etl_dag.py for tasks to queue
[2025-03-25 22:44:23,134] {logging_mixin.py:104} INFO - [2025-03-25 22:44:23,134] {dagbag.py:496} INFO - Filling up the DagBag from /home/airflow/.local/lib/python3.6/site-packages/airflow/example_dags/tutorial_etl_dag.py
[2025-03-25 22:44:23,150] {scheduler_job.py:643} INFO - DAG(s) dict_keys(['tutorial_etl_dag']) retrieved from /home/airflow/.local/lib/python3.6/site-packages/airflow/example_dags/tutorial_etl_dag.py
[2025-03-25 22:44:23,180] {logging_mixin.py:104} INFO - [2025-03-25 22:44:23,180] {dag.py:1833} INFO - Sync 1 DAGs
[2025-03-25 22:44:23,201] {logging_mixin.py:104} INFO - [2025-03-25 22:44:23,201] {dag.py:2306} INFO - Setting next_dagrun for tutorial_etl_dag to None
[2025-03-25 22:44:23,220] {scheduler_job.py:190} INFO - Processing /home/airflow/.local/lib/python3.6/site-packages/airflow/example_dags/tutorial_etl_dag.py took 0.093 seconds
[2025-03-25 22:44:54,508] {scheduler_job.py:182} INFO - Started process (PID=660) to work on /home/airflow/.local/lib/python3.6/site-packages/airflow/example_dags/tutorial_etl_dag.py
[2025-03-25 22:44:54,510] {scheduler_job.py:633} INFO - Processing file /home/airflow/.local/lib/python3.6/site-packages/airflow/example_dags/tutorial_etl_dag.py for tasks to queue
[2025-03-25 22:44:54,512] {logging_mixin.py:104} INFO - [2025-03-25 22:44:54,511] {dagbag.py:496} INFO - Filling up the DagBag from /home/airflow/.local/lib/python3.6/site-packages/airflow/example_dags/tutorial_etl_dag.py
[2025-03-25 22:44:54,530] {scheduler_job.py:643} INFO - DAG(s) dict_keys(['tutorial_etl_dag']) retrieved from /home/airflow/.local/lib/python3.6/site-packages/airflow/example_dags/tutorial_etl_dag.py
[2025-03-25 22:44:54,560] {logging_mixin.py:104} INFO - [2025-03-25 22:44:54,560] {dag.py:1833} INFO - Sync 1 DAGs
[2025-03-25 22:44:54,583] {logging_mixin.py:104} INFO - [2025-03-25 22:44:54,583] {dag.py:2306} INFO - Setting next_dagrun for tutorial_etl_dag to None
[2025-03-25 22:44:54,615] {scheduler_job.py:190} INFO - Processing /home/airflow/.local/lib/python3.6/site-packages/airflow/example_dags/tutorial_etl_dag.py took 0.113 seconds
[2025-03-25 22:45:24,968] {scheduler_job.py:182} INFO - Started process (PID=712) to work on /home/airflow/.local/lib/python3.6/site-packages/airflow/example_dags/tutorial_etl_dag.py
[2025-03-25 22:45:24,971] {scheduler_job.py:633} INFO - Processing file /home/airflow/.local/lib/python3.6/site-packages/airflow/example_dags/tutorial_etl_dag.py for tasks to queue
[2025-03-25 22:45:24,972] {logging_mixin.py:104} INFO - [2025-03-25 22:45:24,972] {dagbag.py:496} INFO - Filling up the DagBag from /home/airflow/.local/lib/python3.6/site-packages/airflow/example_dags/tutorial_etl_dag.py
[2025-03-25 22:45:24,986] {scheduler_job.py:643} INFO - DAG(s) dict_keys(['tutorial_etl_dag']) retrieved from /home/airflow/.local/lib/python3.6/site-packages/airflow/example_dags/tutorial_etl_dag.py
[2025-03-25 22:45:25,014] {logging_mixin.py:104} INFO - [2025-03-25 22:45:25,014] {dag.py:1833} INFO - Sync 1 DAGs
[2025-03-25 22:45:25,034] {logging_mixin.py:104} INFO - [2025-03-25 22:45:25,034] {dag.py:2306} INFO - Setting next_dagrun for tutorial_etl_dag to None
[2025-03-25 22:45:25,051] {scheduler_job.py:190} INFO - Processing /home/airflow/.local/lib/python3.6/site-packages/airflow/example_dags/tutorial_etl_dag.py took 0.086 seconds
[2025-03-25 22:45:56,131] {scheduler_job.py:182} INFO - Started process (PID=774) to work on /home/airflow/.local/lib/python3.6/site-packages/airflow/example_dags/tutorial_etl_dag.py
[2025-03-25 22:45:56,133] {scheduler_job.py:633} INFO - Processing file /home/airflow/.local/lib/python3.6/site-packages/airflow/example_dags/tutorial_etl_dag.py for tasks to queue
[2025-03-25 22:45:56,134] {logging_mixin.py:104} INFO - [2025-03-25 22:45:56,134] {dagbag.py:496} INFO - Filling up the DagBag from /home/airflow/.local/lib/python3.6/site-packages/airflow/example_dags/tutorial_etl_dag.py
[2025-03-25 22:45:56,149] {scheduler_job.py:643} INFO - DAG(s) dict_keys(['tutorial_etl_dag']) retrieved from /home/airflow/.local/lib/python3.6/site-packages/airflow/example_dags/tutorial_etl_dag.py
[2025-03-25 22:45:56,178] {logging_mixin.py:104} INFO - [2025-03-25 22:45:56,178] {dag.py:1833} INFO - Sync 1 DAGs
[2025-03-25 22:45:56,200] {logging_mixin.py:104} INFO - [2025-03-25 22:45:56,200] {dag.py:2306} INFO - Setting next_dagrun for tutorial_etl_dag to None
[2025-03-25 22:45:56,218] {scheduler_job.py:190} INFO - Processing /home/airflow/.local/lib/python3.6/site-packages/airflow/example_dags/tutorial_etl_dag.py took 0.091 seconds
[2025-03-25 22:46:26,950] {scheduler_job.py:182} INFO - Started process (PID=827) to work on /home/airflow/.local/lib/python3.6/site-packages/airflow/example_dags/tutorial_etl_dag.py
[2025-03-25 22:46:26,952] {scheduler_job.py:633} INFO - Processing file /home/airflow/.local/lib/python3.6/site-packages/airflow/example_dags/tutorial_etl_dag.py for tasks to queue
[2025-03-25 22:46:26,953] {logging_mixin.py:104} INFO - [2025-03-25 22:46:26,953] {dagbag.py:496} INFO - Filling up the DagBag from /home/airflow/.local/lib/python3.6/site-packages/airflow/example_dags/tutorial_etl_dag.py
[2025-03-25 22:46:26,967] {scheduler_job.py:643} INFO - DAG(s) dict_keys(['tutorial_etl_dag']) retrieved from /home/airflow/.local/lib/python3.6/site-packages/airflow/example_dags/tutorial_etl_dag.py
[2025-03-25 22:46:27,003] {logging_mixin.py:104} INFO - [2025-03-25 22:46:27,002] {dag.py:1833} INFO - Sync 1 DAGs
[2025-03-25 22:46:27,037] {logging_mixin.py:104} INFO - [2025-03-25 22:46:27,037] {dag.py:2306} INFO - Setting next_dagrun for tutorial_etl_dag to None
[2025-03-25 22:46:27,057] {scheduler_job.py:190} INFO - Processing /home/airflow/.local/lib/python3.6/site-packages/airflow/example_dags/tutorial_etl_dag.py took 0.110 seconds
[2025-03-25 22:46:58,027] {scheduler_job.py:182} INFO - Started process (PID=879) to work on /home/airflow/.local/lib/python3.6/site-packages/airflow/example_dags/tutorial_etl_dag.py
[2025-03-25 22:46:58,029] {scheduler_job.py:633} INFO - Processing file /home/airflow/.local/lib/python3.6/site-packages/airflow/example_dags/tutorial_etl_dag.py for tasks to queue
[2025-03-25 22:46:58,030] {logging_mixin.py:104} INFO - [2025-03-25 22:46:58,030] {dagbag.py:496} INFO - Filling up the DagBag from /home/airflow/.local/lib/python3.6/site-packages/airflow/example_dags/tutorial_etl_dag.py
[2025-03-25 22:46:58,058] {scheduler_job.py:643} INFO - DAG(s) dict_keys(['tutorial_etl_dag']) retrieved from /home/airflow/.local/lib/python3.6/site-packages/airflow/example_dags/tutorial_etl_dag.py
[2025-03-25 22:46:58,106] {logging_mixin.py:104} INFO - [2025-03-25 22:46:58,105] {dag.py:1833} INFO - Sync 1 DAGs
[2025-03-25 22:46:58,128] {logging_mixin.py:104} INFO - [2025-03-25 22:46:58,128] {dag.py:2306} INFO - Setting next_dagrun for tutorial_etl_dag to None
[2025-03-25 22:46:58,148] {scheduler_job.py:190} INFO - Processing /home/airflow/.local/lib/python3.6/site-packages/airflow/example_dags/tutorial_etl_dag.py took 0.127 seconds
[2025-03-25 22:47:28,720] {scheduler_job.py:182} INFO - Started process (PID=941) to work on /home/airflow/.local/lib/python3.6/site-packages/airflow/example_dags/tutorial_etl_dag.py
[2025-03-25 22:47:28,721] {scheduler_job.py:633} INFO - Processing file /home/airflow/.local/lib/python3.6/site-packages/airflow/example_dags/tutorial_etl_dag.py for tasks to queue
[2025-03-25 22:47:28,722] {logging_mixin.py:104} INFO - [2025-03-25 22:47:28,722] {dagbag.py:496} INFO - Filling up the DagBag from /home/airflow/.local/lib/python3.6/site-packages/airflow/example_dags/tutorial_etl_dag.py
[2025-03-25 22:47:28,737] {scheduler_job.py:643} INFO - DAG(s) dict_keys(['tutorial_etl_dag']) retrieved from /home/airflow/.local/lib/python3.6/site-packages/airflow/example_dags/tutorial_etl_dag.py
[2025-03-25 22:47:28,789] {logging_mixin.py:104} INFO - [2025-03-25 22:47:28,789] {dag.py:1833} INFO - Sync 1 DAGs
[2025-03-25 22:47:28,844] {logging_mixin.py:104} INFO - [2025-03-25 22:47:28,844] {dag.py:2306} INFO - Setting next_dagrun for tutorial_etl_dag to None
[2025-03-25 22:47:28,873] {scheduler_job.py:190} INFO - Processing /home/airflow/.local/lib/python3.6/site-packages/airflow/example_dags/tutorial_etl_dag.py took 0.159 seconds
[2025-03-25 22:47:59,419] {scheduler_job.py:182} INFO - Started process (PID=993) to work on /home/airflow/.local/lib/python3.6/site-packages/airflow/example_dags/tutorial_etl_dag.py
[2025-03-25 22:47:59,421] {scheduler_job.py:633} INFO - Processing file /home/airflow/.local/lib/python3.6/site-packages/airflow/example_dags/tutorial_etl_dag.py for tasks to queue
[2025-03-25 22:47:59,422] {logging_mixin.py:104} INFO - [2025-03-25 22:47:59,422] {dagbag.py:496} INFO - Filling up the DagBag from /home/airflow/.local/lib/python3.6/site-packages/airflow/example_dags/tutorial_etl_dag.py
[2025-03-25 22:47:59,436] {scheduler_job.py:643} INFO - DAG(s) dict_keys(['tutorial_etl_dag']) retrieved from /home/airflow/.local/lib/python3.6/site-packages/airflow/example_dags/tutorial_etl_dag.py
[2025-03-25 22:47:59,466] {logging_mixin.py:104} INFO - [2025-03-25 22:47:59,466] {dag.py:1833} INFO - Sync 1 DAGs
[2025-03-25 22:47:59,487] {logging_mixin.py:104} INFO - [2025-03-25 22:47:59,487] {dag.py:2306} INFO - Setting next_dagrun for tutorial_etl_dag to None
[2025-03-25 22:47:59,504] {scheduler_job.py:190} INFO - Processing /home/airflow/.local/lib/python3.6/site-packages/airflow/example_dags/tutorial_etl_dag.py took 0.088 seconds
[2025-03-25 22:48:30,195] {scheduler_job.py:182} INFO - Started process (PID=1045) to work on /home/airflow/.local/lib/python3.6/site-packages/airflow/example_dags/tutorial_etl_dag.py
[2025-03-25 22:48:30,197] {scheduler_job.py:633} INFO - Processing file /home/airflow/.local/lib/python3.6/site-packages/airflow/example_dags/tutorial_etl_dag.py for tasks to queue
[2025-03-25 22:48:30,198] {logging_mixin.py:104} INFO - [2025-03-25 22:48:30,198] {dagbag.py:496} INFO - Filling up the DagBag from /home/airflow/.local/lib/python3.6/site-packages/airflow/example_dags/tutorial_etl_dag.py
[2025-03-25 22:48:30,209] {scheduler_job.py:643} INFO - DAG(s) dict_keys(['tutorial_etl_dag']) retrieved from /home/airflow/.local/lib/python3.6/site-packages/airflow/example_dags/tutorial_etl_dag.py
[2025-03-25 22:48:30,235] {logging_mixin.py:104} INFO - [2025-03-25 22:48:30,234] {dag.py:1833} INFO - Sync 1 DAGs
[2025-03-25 22:48:30,252] {logging_mixin.py:104} INFO - [2025-03-25 22:48:30,252] {dag.py:2306} INFO - Setting next_dagrun for tutorial_etl_dag to None
[2025-03-25 22:48:30,268] {scheduler_job.py:190} INFO - Processing /home/airflow/.local/lib/python3.6/site-packages/airflow/example_dags/tutorial_etl_dag.py took 0.076 seconds
[2025-03-25 22:49:00,613] {scheduler_job.py:182} INFO - Started process (PID=1106) to work on /home/airflow/.local/lib/python3.6/site-packages/airflow/example_dags/tutorial_etl_dag.py
[2025-03-25 22:49:00,615] {scheduler_job.py:633} INFO - Processing file /home/airflow/.local/lib/python3.6/site-packages/airflow/example_dags/tutorial_etl_dag.py for tasks to queue
[2025-03-25 22:49:00,616] {logging_mixin.py:104} INFO - [2025-03-25 22:49:00,616] {dagbag.py:496} INFO - Filling up the DagBag from /home/airflow/.local/lib/python3.6/site-packages/airflow/example_dags/tutorial_etl_dag.py
[2025-03-25 22:49:00,629] {scheduler_job.py:643} INFO - DAG(s) dict_keys(['tutorial_etl_dag']) retrieved from /home/airflow/.local/lib/python3.6/site-packages/airflow/example_dags/tutorial_etl_dag.py
[2025-03-25 22:49:00,660] {logging_mixin.py:104} INFO - [2025-03-25 22:49:00,659] {dag.py:1833} INFO - Sync 1 DAGs
[2025-03-25 22:49:00,683] {logging_mixin.py:104} INFO - [2025-03-25 22:49:00,683] {dag.py:2306} INFO - Setting next_dagrun for tutorial_etl_dag to None
[2025-03-25 22:49:00,704] {scheduler_job.py:190} INFO - Processing /home/airflow/.local/lib/python3.6/site-packages/airflow/example_dags/tutorial_etl_dag.py took 0.095 seconds
[2025-03-25 22:49:31,597] {scheduler_job.py:182} INFO - Started process (PID=1158) to work on /home/airflow/.local/lib/python3.6/site-packages/airflow/example_dags/tutorial_etl_dag.py
[2025-03-25 22:49:31,599] {scheduler_job.py:633} INFO - Processing file /home/airflow/.local/lib/python3.6/site-packages/airflow/example_dags/tutorial_etl_dag.py for tasks to queue
[2025-03-25 22:49:31,601] {logging_mixin.py:104} INFO - [2025-03-25 22:49:31,601] {dagbag.py:496} INFO - Filling up the DagBag from /home/airflow/.local/lib/python3.6/site-packages/airflow/example_dags/tutorial_etl_dag.py
[2025-03-25 22:49:31,616] {scheduler_job.py:643} INFO - DAG(s) dict_keys(['tutorial_etl_dag']) retrieved from /home/airflow/.local/lib/python3.6/site-packages/airflow/example_dags/tutorial_etl_dag.py
[2025-03-25 22:49:31,645] {logging_mixin.py:104} INFO - [2025-03-25 22:49:31,645] {dag.py:1833} INFO - Sync 1 DAGs
[2025-03-25 22:49:31,665] {logging_mixin.py:104} INFO - [2025-03-25 22:49:31,665] {dag.py:2306} INFO - Setting next_dagrun for tutorial_etl_dag to None
[2025-03-25 22:49:31,685] {scheduler_job.py:190} INFO - Processing /home/airflow/.local/lib/python3.6/site-packages/airflow/example_dags/tutorial_etl_dag.py took 0.091 seconds
[2025-03-25 22:50:02,525] {scheduler_job.py:182} INFO - Started process (PID=1220) to work on /home/airflow/.local/lib/python3.6/site-packages/airflow/example_dags/tutorial_etl_dag.py
[2025-03-25 22:50:02,526] {scheduler_job.py:633} INFO - Processing file /home/airflow/.local/lib/python3.6/site-packages/airflow/example_dags/tutorial_etl_dag.py for tasks to queue
[2025-03-25 22:50:02,528] {logging_mixin.py:104} INFO - [2025-03-25 22:50:02,527] {dagbag.py:496} INFO - Filling up the DagBag from /home/airflow/.local/lib/python3.6/site-packages/airflow/example_dags/tutorial_etl_dag.py
[2025-03-25 22:50:02,540] {scheduler_job.py:643} INFO - DAG(s) dict_keys(['tutorial_etl_dag']) retrieved from /home/airflow/.local/lib/python3.6/site-packages/airflow/example_dags/tutorial_etl_dag.py
[2025-03-25 22:50:02,569] {logging_mixin.py:104} INFO - [2025-03-25 22:50:02,569] {dag.py:1833} INFO - Sync 1 DAGs
[2025-03-25 22:50:02,595] {logging_mixin.py:104} INFO - [2025-03-25 22:50:02,594] {dag.py:2306} INFO - Setting next_dagrun for tutorial_etl_dag to None
[2025-03-25 22:50:02,611] {scheduler_job.py:190} INFO - Processing /home/airflow/.local/lib/python3.6/site-packages/airflow/example_dags/tutorial_etl_dag.py took 0.090 seconds
[2025-03-25 22:50:33,590] {scheduler_job.py:182} INFO - Started process (PID=1273) to work on /home/airflow/.local/lib/python3.6/site-packages/airflow/example_dags/tutorial_etl_dag.py
[2025-03-25 22:50:33,591] {scheduler_job.py:633} INFO - Processing file /home/airflow/.local/lib/python3.6/site-packages/airflow/example_dags/tutorial_etl_dag.py for tasks to queue
[2025-03-25 22:50:33,593] {logging_mixin.py:104} INFO - [2025-03-25 22:50:33,592] {dagbag.py:496} INFO - Filling up the DagBag from /home/airflow/.local/lib/python3.6/site-packages/airflow/example_dags/tutorial_etl_dag.py
[2025-03-25 22:50:33,608] {scheduler_job.py:643} INFO - DAG(s) dict_keys(['tutorial_etl_dag']) retrieved from /home/airflow/.local/lib/python3.6/site-packages/airflow/example_dags/tutorial_etl_dag.py
[2025-03-25 22:50:33,637] {logging_mixin.py:104} INFO - [2025-03-25 22:50:33,637] {dag.py:1833} INFO - Sync 1 DAGs
[2025-03-25 22:50:33,664] {logging_mixin.py:104} INFO - [2025-03-25 22:50:33,664] {dag.py:2306} INFO - Setting next_dagrun for tutorial_etl_dag to None
[2025-03-25 22:50:33,682] {scheduler_job.py:190} INFO - Processing /home/airflow/.local/lib/python3.6/site-packages/airflow/example_dags/tutorial_etl_dag.py took 0.096 seconds
[2025-03-25 22:51:04,806] {scheduler_job.py:182} INFO - Started process (PID=1325) to work on /home/airflow/.local/lib/python3.6/site-packages/airflow/example_dags/tutorial_etl_dag.py
[2025-03-25 22:51:04,809] {scheduler_job.py:633} INFO - Processing file /home/airflow/.local/lib/python3.6/site-packages/airflow/example_dags/tutorial_etl_dag.py for tasks to queue
[2025-03-25 22:51:04,811] {logging_mixin.py:104} INFO - [2025-03-25 22:51:04,810] {dagbag.py:496} INFO - Filling up the DagBag from /home/airflow/.local/lib/python3.6/site-packages/airflow/example_dags/tutorial_etl_dag.py
[2025-03-25 22:51:04,827] {scheduler_job.py:643} INFO - DAG(s) dict_keys(['tutorial_etl_dag']) retrieved from /home/airflow/.local/lib/python3.6/site-packages/airflow/example_dags/tutorial_etl_dag.py
[2025-03-25 22:51:04,857] {logging_mixin.py:104} INFO - [2025-03-25 22:51:04,857] {dag.py:1833} INFO - Sync 1 DAGs
[2025-03-25 22:51:04,881] {logging_mixin.py:104} INFO - [2025-03-25 22:51:04,881] {dag.py:2306} INFO - Setting next_dagrun for tutorial_etl_dag to None
[2025-03-25 22:51:04,900] {scheduler_job.py:190} INFO - Processing /home/airflow/.local/lib/python3.6/site-packages/airflow/example_dags/tutorial_etl_dag.py took 0.098 seconds
[2025-03-25 22:51:35,552] {scheduler_job.py:182} INFO - Started process (PID=1387) to work on /home/airflow/.local/lib/python3.6/site-packages/airflow/example_dags/tutorial_etl_dag.py
[2025-03-25 22:51:35,554] {scheduler_job.py:633} INFO - Processing file /home/airflow/.local/lib/python3.6/site-packages/airflow/example_dags/tutorial_etl_dag.py for tasks to queue
[2025-03-25 22:51:35,556] {logging_mixin.py:104} INFO - [2025-03-25 22:51:35,556] {dagbag.py:496} INFO - Filling up the DagBag from /home/airflow/.local/lib/python3.6/site-packages/airflow/example_dags/tutorial_etl_dag.py
[2025-03-25 22:51:35,572] {scheduler_job.py:643} INFO - DAG(s) dict_keys(['tutorial_etl_dag']) retrieved from /home/airflow/.local/lib/python3.6/site-packages/airflow/example_dags/tutorial_etl_dag.py
[2025-03-25 22:51:35,603] {logging_mixin.py:104} INFO - [2025-03-25 22:51:35,603] {dag.py:1833} INFO - Sync 1 DAGs
[2025-03-25 22:51:35,627] {logging_mixin.py:104} INFO - [2025-03-25 22:51:35,627] {dag.py:2306} INFO - Setting next_dagrun for tutorial_etl_dag to None
[2025-03-25 22:51:35,645] {scheduler_job.py:190} INFO - Processing /home/airflow/.local/lib/python3.6/site-packages/airflow/example_dags/tutorial_etl_dag.py took 0.100 seconds
[2025-03-25 22:52:05,995] {scheduler_job.py:182} INFO - Started process (PID=1439) to work on /home/airflow/.local/lib/python3.6/site-packages/airflow/example_dags/tutorial_etl_dag.py
[2025-03-25 22:52:05,997] {scheduler_job.py:633} INFO - Processing file /home/airflow/.local/lib/python3.6/site-packages/airflow/example_dags/tutorial_etl_dag.py for tasks to queue
[2025-03-25 22:52:05,998] {logging_mixin.py:104} INFO - [2025-03-25 22:52:05,998] {dagbag.py:496} INFO - Filling up the DagBag from /home/airflow/.local/lib/python3.6/site-packages/airflow/example_dags/tutorial_etl_dag.py
[2025-03-25 22:52:06,014] {scheduler_job.py:643} INFO - DAG(s) dict_keys(['tutorial_etl_dag']) retrieved from /home/airflow/.local/lib/python3.6/site-packages/airflow/example_dags/tutorial_etl_dag.py
[2025-03-25 22:52:06,044] {logging_mixin.py:104} INFO - [2025-03-25 22:52:06,044] {dag.py:1833} INFO - Sync 1 DAGs
[2025-03-25 22:52:06,065] {logging_mixin.py:104} INFO - [2025-03-25 22:52:06,065] {dag.py:2306} INFO - Setting next_dagrun for tutorial_etl_dag to None
[2025-03-25 22:52:06,088] {scheduler_job.py:190} INFO - Processing /home/airflow/.local/lib/python3.6/site-packages/airflow/example_dags/tutorial_etl_dag.py took 0.097 seconds
[2025-03-25 22:52:36,698] {scheduler_job.py:182} INFO - Started process (PID=1491) to work on /home/airflow/.local/lib/python3.6/site-packages/airflow/example_dags/tutorial_etl_dag.py
[2025-03-25 22:52:36,701] {scheduler_job.py:633} INFO - Processing file /home/airflow/.local/lib/python3.6/site-packages/airflow/example_dags/tutorial_etl_dag.py for tasks to queue
[2025-03-25 22:52:36,702] {logging_mixin.py:104} INFO - [2025-03-25 22:52:36,702] {dagbag.py:496} INFO - Filling up the DagBag from /home/airflow/.local/lib/python3.6/site-packages/airflow/example_dags/tutorial_etl_dag.py
[2025-03-25 22:52:36,718] {scheduler_job.py:643} INFO - DAG(s) dict_keys(['tutorial_etl_dag']) retrieved from /home/airflow/.local/lib/python3.6/site-packages/airflow/example_dags/tutorial_etl_dag.py
[2025-03-25 22:52:36,745] {logging_mixin.py:104} INFO - [2025-03-25 22:52:36,745] {dag.py:1833} INFO - Sync 1 DAGs
[2025-03-25 22:52:36,765] {logging_mixin.py:104} INFO - [2025-03-25 22:52:36,765] {dag.py:2306} INFO - Setting next_dagrun for tutorial_etl_dag to None
[2025-03-25 22:52:36,780] {scheduler_job.py:190} INFO - Processing /home/airflow/.local/lib/python3.6/site-packages/airflow/example_dags/tutorial_etl_dag.py took 0.086 seconds
[2025-03-25 22:53:07,118] {scheduler_job.py:182} INFO - Started process (PID=1554) to work on /home/airflow/.local/lib/python3.6/site-packages/airflow/example_dags/tutorial_etl_dag.py
[2025-03-25 22:53:07,120] {scheduler_job.py:633} INFO - Processing file /home/airflow/.local/lib/python3.6/site-packages/airflow/example_dags/tutorial_etl_dag.py for tasks to queue
[2025-03-25 22:53:07,121] {logging_mixin.py:104} INFO - [2025-03-25 22:53:07,121] {dagbag.py:496} INFO - Filling up the DagBag from /home/airflow/.local/lib/python3.6/site-packages/airflow/example_dags/tutorial_etl_dag.py
[2025-03-25 22:53:07,136] {scheduler_job.py:643} INFO - DAG(s) dict_keys(['tutorial_etl_dag']) retrieved from /home/airflow/.local/lib/python3.6/site-packages/airflow/example_dags/tutorial_etl_dag.py
[2025-03-25 22:53:07,168] {logging_mixin.py:104} INFO - [2025-03-25 22:53:07,168] {dag.py:1833} INFO - Sync 1 DAGs
[2025-03-25 22:53:07,191] {logging_mixin.py:104} INFO - [2025-03-25 22:53:07,191] {dag.py:2306} INFO - Setting next_dagrun for tutorial_etl_dag to None
[2025-03-25 22:53:07,208] {scheduler_job.py:190} INFO - Processing /home/airflow/.local/lib/python3.6/site-packages/airflow/example_dags/tutorial_etl_dag.py took 0.094 seconds
[2025-03-25 22:53:38,335] {scheduler_job.py:182} INFO - Started process (PID=1606) to work on /home/airflow/.local/lib/python3.6/site-packages/airflow/example_dags/tutorial_etl_dag.py
[2025-03-25 22:53:38,338] {scheduler_job.py:633} INFO - Processing file /home/airflow/.local/lib/python3.6/site-packages/airflow/example_dags/tutorial_etl_dag.py for tasks to queue
[2025-03-25 22:53:38,340] {logging_mixin.py:104} INFO - [2025-03-25 22:53:38,339] {dagbag.py:496} INFO - Filling up the DagBag from /home/airflow/.local/lib/python3.6/site-packages/airflow/example_dags/tutorial_etl_dag.py
[2025-03-25 22:53:38,357] {scheduler_job.py:643} INFO - DAG(s) dict_keys(['tutorial_etl_dag']) retrieved from /home/airflow/.local/lib/python3.6/site-packages/airflow/example_dags/tutorial_etl_dag.py
[2025-03-25 22:53:38,402] {logging_mixin.py:104} INFO - [2025-03-25 22:53:38,401] {dag.py:1833} INFO - Sync 1 DAGs
[2025-03-25 22:53:38,424] {logging_mixin.py:104} INFO - [2025-03-25 22:53:38,424] {dag.py:2306} INFO - Setting next_dagrun for tutorial_etl_dag to None
[2025-03-25 22:53:38,440] {scheduler_job.py:190} INFO - Processing /home/airflow/.local/lib/python3.6/site-packages/airflow/example_dags/tutorial_etl_dag.py took 0.110 seconds
[2025-03-25 22:54:09,578] {scheduler_job.py:182} INFO - Started process (PID=1668) to work on /home/airflow/.local/lib/python3.6/site-packages/airflow/example_dags/tutorial_etl_dag.py
[2025-03-25 22:54:09,580] {scheduler_job.py:633} INFO - Processing file /home/airflow/.local/lib/python3.6/site-packages/airflow/example_dags/tutorial_etl_dag.py for tasks to queue
[2025-03-25 22:54:09,581] {logging_mixin.py:104} INFO - [2025-03-25 22:54:09,581] {dagbag.py:496} INFO - Filling up the DagBag from /home/airflow/.local/lib/python3.6/site-packages/airflow/example_dags/tutorial_etl_dag.py
[2025-03-25 22:54:09,596] {scheduler_job.py:643} INFO - DAG(s) dict_keys(['tutorial_etl_dag']) retrieved from /home/airflow/.local/lib/python3.6/site-packages/airflow/example_dags/tutorial_etl_dag.py
[2025-03-25 22:54:09,628] {logging_mixin.py:104} INFO - [2025-03-25 22:54:09,628] {dag.py:1833} INFO - Sync 1 DAGs
[2025-03-25 22:54:09,652] {logging_mixin.py:104} INFO - [2025-03-25 22:54:09,652] {dag.py:2306} INFO - Setting next_dagrun for tutorial_etl_dag to None
[2025-03-25 22:54:09,669] {scheduler_job.py:190} INFO - Processing /home/airflow/.local/lib/python3.6/site-packages/airflow/example_dags/tutorial_etl_dag.py took 0.094 seconds
[2025-03-25 22:54:39,999] {scheduler_job.py:182} INFO - Started process (PID=1721) to work on /home/airflow/.local/lib/python3.6/site-packages/airflow/example_dags/tutorial_etl_dag.py
[2025-03-25 22:54:40,001] {scheduler_job.py:633} INFO - Processing file /home/airflow/.local/lib/python3.6/site-packages/airflow/example_dags/tutorial_etl_dag.py for tasks to queue
[2025-03-25 22:54:40,003] {logging_mixin.py:104} INFO - [2025-03-25 22:54:40,002] {dagbag.py:496} INFO - Filling up the DagBag from /home/airflow/.local/lib/python3.6/site-packages/airflow/example_dags/tutorial_etl_dag.py
[2025-03-25 22:54:40,017] {scheduler_job.py:643} INFO - DAG(s) dict_keys(['tutorial_etl_dag']) retrieved from /home/airflow/.local/lib/python3.6/site-packages/airflow/example_dags/tutorial_etl_dag.py
[2025-03-25 22:54:40,047] {logging_mixin.py:104} INFO - [2025-03-25 22:54:40,047] {dag.py:1833} INFO - Sync 1 DAGs
[2025-03-25 22:54:40,071] {logging_mixin.py:104} INFO - [2025-03-25 22:54:40,071] {dag.py:2306} INFO - Setting next_dagrun for tutorial_etl_dag to None
[2025-03-25 22:54:40,087] {scheduler_job.py:190} INFO - Processing /home/airflow/.local/lib/python3.6/site-packages/airflow/example_dags/tutorial_etl_dag.py took 0.092 seconds
[2025-03-25 22:55:10,662] {scheduler_job.py:182} INFO - Started process (PID=1774) to work on /home/airflow/.local/lib/python3.6/site-packages/airflow/example_dags/tutorial_etl_dag.py
[2025-03-25 22:55:10,664] {scheduler_job.py:633} INFO - Processing file /home/airflow/.local/lib/python3.6/site-packages/airflow/example_dags/tutorial_etl_dag.py for tasks to queue
[2025-03-25 22:55:10,665] {logging_mixin.py:104} INFO - [2025-03-25 22:55:10,665] {dagbag.py:496} INFO - Filling up the DagBag from /home/airflow/.local/lib/python3.6/site-packages/airflow/example_dags/tutorial_etl_dag.py
[2025-03-25 22:55:10,682] {scheduler_job.py:643} INFO - DAG(s) dict_keys(['tutorial_etl_dag']) retrieved from /home/airflow/.local/lib/python3.6/site-packages/airflow/example_dags/tutorial_etl_dag.py
[2025-03-25 22:55:10,712] {logging_mixin.py:104} INFO - [2025-03-25 22:55:10,712] {dag.py:1833} INFO - Sync 1 DAGs
[2025-03-25 22:55:10,732] {logging_mixin.py:104} INFO - [2025-03-25 22:55:10,732] {dag.py:2306} INFO - Setting next_dagrun for tutorial_etl_dag to None
[2025-03-25 22:55:10,748] {scheduler_job.py:190} INFO - Processing /home/airflow/.local/lib/python3.6/site-packages/airflow/example_dags/tutorial_etl_dag.py took 0.090 seconds
[2025-03-25 22:55:41,141] {scheduler_job.py:182} INFO - Started process (PID=1836) to work on /home/airflow/.local/lib/python3.6/site-packages/airflow/example_dags/tutorial_etl_dag.py
[2025-03-25 22:55:41,143] {scheduler_job.py:633} INFO - Processing file /home/airflow/.local/lib/python3.6/site-packages/airflow/example_dags/tutorial_etl_dag.py for tasks to queue
[2025-03-25 22:55:41,145] {logging_mixin.py:104} INFO - [2025-03-25 22:55:41,144] {dagbag.py:496} INFO - Filling up the DagBag from /home/airflow/.local/lib/python3.6/site-packages/airflow/example_dags/tutorial_etl_dag.py
[2025-03-25 22:55:41,164] {scheduler_job.py:643} INFO - DAG(s) dict_keys(['tutorial_etl_dag']) retrieved from /home/airflow/.local/lib/python3.6/site-packages/airflow/example_dags/tutorial_etl_dag.py
[2025-03-25 22:55:41,200] {logging_mixin.py:104} INFO - [2025-03-25 22:55:41,200] {dag.py:1833} INFO - Sync 1 DAGs
[2025-03-25 22:55:41,224] {logging_mixin.py:104} INFO - [2025-03-25 22:55:41,223] {dag.py:2306} INFO - Setting next_dagrun for tutorial_etl_dag to None
[2025-03-25 22:55:41,244] {scheduler_job.py:190} INFO - Processing /home/airflow/.local/lib/python3.6/site-packages/airflow/example_dags/tutorial_etl_dag.py took 0.106 seconds
[2025-03-25 22:56:11,637] {scheduler_job.py:182} INFO - Started process (PID=1889) to work on /home/airflow/.local/lib/python3.6/site-packages/airflow/example_dags/tutorial_etl_dag.py
[2025-03-25 22:56:11,638] {scheduler_job.py:633} INFO - Processing file /home/airflow/.local/lib/python3.6/site-packages/airflow/example_dags/tutorial_etl_dag.py for tasks to queue
[2025-03-25 22:56:11,640] {logging_mixin.py:104} INFO - [2025-03-25 22:56:11,639] {dagbag.py:496} INFO - Filling up the DagBag from /home/airflow/.local/lib/python3.6/site-packages/airflow/example_dags/tutorial_etl_dag.py
[2025-03-25 22:56:11,654] {scheduler_job.py:643} INFO - DAG(s) dict_keys(['tutorial_etl_dag']) retrieved from /home/airflow/.local/lib/python3.6/site-packages/airflow/example_dags/tutorial_etl_dag.py
[2025-03-25 22:56:11,683] {logging_mixin.py:104} INFO - [2025-03-25 22:56:11,683] {dag.py:1833} INFO - Sync 1 DAGs
[2025-03-25 22:56:11,705] {logging_mixin.py:104} INFO - [2025-03-25 22:56:11,705] {dag.py:2306} INFO - Setting next_dagrun for tutorial_etl_dag to None
[2025-03-25 22:56:11,721] {scheduler_job.py:190} INFO - Processing /home/airflow/.local/lib/python3.6/site-packages/airflow/example_dags/tutorial_etl_dag.py took 0.088 seconds
[2025-03-25 22:56:42,234] {scheduler_job.py:182} INFO - Started process (PID=1940) to work on /home/airflow/.local/lib/python3.6/site-packages/airflow/example_dags/tutorial_etl_dag.py
[2025-03-25 22:56:42,236] {scheduler_job.py:633} INFO - Processing file /home/airflow/.local/lib/python3.6/site-packages/airflow/example_dags/tutorial_etl_dag.py for tasks to queue
[2025-03-25 22:56:42,238] {logging_mixin.py:104} INFO - [2025-03-25 22:56:42,238] {dagbag.py:496} INFO - Filling up the DagBag from /home/airflow/.local/lib/python3.6/site-packages/airflow/example_dags/tutorial_etl_dag.py
[2025-03-25 22:56:42,255] {scheduler_job.py:643} INFO - DAG(s) dict_keys(['tutorial_etl_dag']) retrieved from /home/airflow/.local/lib/python3.6/site-packages/airflow/example_dags/tutorial_etl_dag.py
[2025-03-25 22:56:42,287] {logging_mixin.py:104} INFO - [2025-03-25 22:56:42,287] {dag.py:1833} INFO - Sync 1 DAGs
[2025-03-25 22:56:42,309] {logging_mixin.py:104} INFO - [2025-03-25 22:56:42,309] {dag.py:2306} INFO - Setting next_dagrun for tutorial_etl_dag to None
[2025-03-25 22:56:42,327] {scheduler_job.py:190} INFO - Processing /home/airflow/.local/lib/python3.6/site-packages/airflow/example_dags/tutorial_etl_dag.py took 0.096 seconds
[2025-03-25 22:57:13,419] {scheduler_job.py:182} INFO - Started process (PID=2002) to work on /home/airflow/.local/lib/python3.6/site-packages/airflow/example_dags/tutorial_etl_dag.py
[2025-03-25 22:57:13,421] {scheduler_job.py:633} INFO - Processing file /home/airflow/.local/lib/python3.6/site-packages/airflow/example_dags/tutorial_etl_dag.py for tasks to queue
[2025-03-25 22:57:13,423] {logging_mixin.py:104} INFO - [2025-03-25 22:57:13,422] {dagbag.py:496} INFO - Filling up the DagBag from /home/airflow/.local/lib/python3.6/site-packages/airflow/example_dags/tutorial_etl_dag.py
[2025-03-25 22:57:13,437] {scheduler_job.py:643} INFO - DAG(s) dict_keys(['tutorial_etl_dag']) retrieved from /home/airflow/.local/lib/python3.6/site-packages/airflow/example_dags/tutorial_etl_dag.py
[2025-03-25 22:57:13,464] {logging_mixin.py:104} INFO - [2025-03-25 22:57:13,464] {dag.py:1833} INFO - Sync 1 DAGs
[2025-03-25 22:57:13,483] {logging_mixin.py:104} INFO - [2025-03-25 22:57:13,483] {dag.py:2306} INFO - Setting next_dagrun for tutorial_etl_dag to None
[2025-03-25 22:57:13,503] {scheduler_job.py:190} INFO - Processing /home/airflow/.local/lib/python3.6/site-packages/airflow/example_dags/tutorial_etl_dag.py took 0.087 seconds
[2025-03-25 22:57:44,427] {scheduler_job.py:182} INFO - Started process (PID=2056) to work on /home/airflow/.local/lib/python3.6/site-packages/airflow/example_dags/tutorial_etl_dag.py
[2025-03-25 22:57:44,430] {scheduler_job.py:633} INFO - Processing file /home/airflow/.local/lib/python3.6/site-packages/airflow/example_dags/tutorial_etl_dag.py for tasks to queue
[2025-03-25 22:57:44,431] {logging_mixin.py:104} INFO - [2025-03-25 22:57:44,431] {dagbag.py:496} INFO - Filling up the DagBag from /home/airflow/.local/lib/python3.6/site-packages/airflow/example_dags/tutorial_etl_dag.py
[2025-03-25 22:57:44,447] {scheduler_job.py:643} INFO - DAG(s) dict_keys(['tutorial_etl_dag']) retrieved from /home/airflow/.local/lib/python3.6/site-packages/airflow/example_dags/tutorial_etl_dag.py
[2025-03-25 22:57:44,473] {logging_mixin.py:104} INFO - [2025-03-25 22:57:44,473] {dag.py:1833} INFO - Sync 1 DAGs
[2025-03-25 22:57:44,495] {logging_mixin.py:104} INFO - [2025-03-25 22:57:44,495] {dag.py:2306} INFO - Setting next_dagrun for tutorial_etl_dag to None
[2025-03-25 22:57:44,512] {scheduler_job.py:190} INFO - Processing /home/airflow/.local/lib/python3.6/site-packages/airflow/example_dags/tutorial_etl_dag.py took 0.088 seconds
[2025-03-25 22:58:15,525] {scheduler_job.py:182} INFO - Started process (PID=2117) to work on /home/airflow/.local/lib/python3.6/site-packages/airflow/example_dags/tutorial_etl_dag.py
[2025-03-25 22:58:15,527] {scheduler_job.py:633} INFO - Processing file /home/airflow/.local/lib/python3.6/site-packages/airflow/example_dags/tutorial_etl_dag.py for tasks to queue
[2025-03-25 22:58:15,528] {logging_mixin.py:104} INFO - [2025-03-25 22:58:15,528] {dagbag.py:496} INFO - Filling up the DagBag from /home/airflow/.local/lib/python3.6/site-packages/airflow/example_dags/tutorial_etl_dag.py
[2025-03-25 22:58:15,545] {scheduler_job.py:643} INFO - DAG(s) dict_keys(['tutorial_etl_dag']) retrieved from /home/airflow/.local/lib/python3.6/site-packages/airflow/example_dags/tutorial_etl_dag.py
[2025-03-25 22:58:15,576] {logging_mixin.py:104} INFO - [2025-03-25 22:58:15,576] {dag.py:1833} INFO - Sync 1 DAGs
[2025-03-25 22:58:15,596] {logging_mixin.py:104} INFO - [2025-03-25 22:58:15,596] {dag.py:2306} INFO - Setting next_dagrun for tutorial_etl_dag to None
[2025-03-25 22:58:15,614] {scheduler_job.py:190} INFO - Processing /home/airflow/.local/lib/python3.6/site-packages/airflow/example_dags/tutorial_etl_dag.py took 0.092 seconds
[2025-03-25 22:58:46,249] {scheduler_job.py:182} INFO - Started process (PID=2170) to work on /home/airflow/.local/lib/python3.6/site-packages/airflow/example_dags/tutorial_etl_dag.py
[2025-03-25 22:58:46,252] {scheduler_job.py:633} INFO - Processing file /home/airflow/.local/lib/python3.6/site-packages/airflow/example_dags/tutorial_etl_dag.py for tasks to queue
[2025-03-25 22:58:46,253] {logging_mixin.py:104} INFO - [2025-03-25 22:58:46,253] {dagbag.py:496} INFO - Filling up the DagBag from /home/airflow/.local/lib/python3.6/site-packages/airflow/example_dags/tutorial_etl_dag.py
[2025-03-25 22:58:46,267] {scheduler_job.py:643} INFO - DAG(s) dict_keys(['tutorial_etl_dag']) retrieved from /home/airflow/.local/lib/python3.6/site-packages/airflow/example_dags/tutorial_etl_dag.py
[2025-03-25 22:58:46,301] {logging_mixin.py:104} INFO - [2025-03-25 22:58:46,301] {dag.py:1833} INFO - Sync 1 DAGs
[2025-03-25 22:58:46,340] {logging_mixin.py:104} INFO - [2025-03-25 22:58:46,340] {dag.py:2306} INFO - Setting next_dagrun for tutorial_etl_dag to None
[2025-03-25 22:58:46,382] {scheduler_job.py:190} INFO - Processing /home/airflow/.local/lib/python3.6/site-packages/airflow/example_dags/tutorial_etl_dag.py took 0.137 seconds
[2025-03-25 22:59:17,912] {scheduler_job.py:182} INFO - Started process (PID=2222) to work on /home/airflow/.local/lib/python3.6/site-packages/airflow/example_dags/tutorial_etl_dag.py
[2025-03-25 22:59:17,913] {scheduler_job.py:633} INFO - Processing file /home/airflow/.local/lib/python3.6/site-packages/airflow/example_dags/tutorial_etl_dag.py for tasks to queue
[2025-03-25 22:59:17,915] {logging_mixin.py:104} INFO - [2025-03-25 22:59:17,914] {dagbag.py:496} INFO - Filling up the DagBag from /home/airflow/.local/lib/python3.6/site-packages/airflow/example_dags/tutorial_etl_dag.py
[2025-03-25 22:59:17,930] {scheduler_job.py:643} INFO - DAG(s) dict_keys(['tutorial_etl_dag']) retrieved from /home/airflow/.local/lib/python3.6/site-packages/airflow/example_dags/tutorial_etl_dag.py
[2025-03-25 22:59:17,959] {logging_mixin.py:104} INFO - [2025-03-25 22:59:17,959] {dag.py:1833} INFO - Sync 1 DAGs
[2025-03-25 22:59:17,985] {logging_mixin.py:104} INFO - [2025-03-25 22:59:17,985] {dag.py:2306} INFO - Setting next_dagrun for tutorial_etl_dag to None
[2025-03-25 22:59:18,001] {scheduler_job.py:190} INFO - Processing /home/airflow/.local/lib/python3.6/site-packages/airflow/example_dags/tutorial_etl_dag.py took 0.093 seconds
[2025-03-25 22:59:48,219] {scheduler_job.py:182} INFO - Started process (PID=2286) to work on /home/airflow/.local/lib/python3.6/site-packages/airflow/example_dags/tutorial_etl_dag.py
[2025-03-25 22:59:48,221] {scheduler_job.py:633} INFO - Processing file /home/airflow/.local/lib/python3.6/site-packages/airflow/example_dags/tutorial_etl_dag.py for tasks to queue
[2025-03-25 22:59:48,222] {logging_mixin.py:104} INFO - [2025-03-25 22:59:48,222] {dagbag.py:496} INFO - Filling up the DagBag from /home/airflow/.local/lib/python3.6/site-packages/airflow/example_dags/tutorial_etl_dag.py
[2025-03-25 22:59:48,238] {scheduler_job.py:643} INFO - DAG(s) dict_keys(['tutorial_etl_dag']) retrieved from /home/airflow/.local/lib/python3.6/site-packages/airflow/example_dags/tutorial_etl_dag.py
[2025-03-25 22:59:48,265] {logging_mixin.py:104} INFO - [2025-03-25 22:59:48,265] {dag.py:1833} INFO - Sync 1 DAGs
[2025-03-25 22:59:48,289] {logging_mixin.py:104} INFO - [2025-03-25 22:59:48,289] {dag.py:2306} INFO - Setting next_dagrun for tutorial_etl_dag to None
[2025-03-25 22:59:48,308] {scheduler_job.py:190} INFO - Processing /home/airflow/.local/lib/python3.6/site-packages/airflow/example_dags/tutorial_etl_dag.py took 0.092 seconds
[2025-03-25 23:00:18,873] {scheduler_job.py:182} INFO - Started process (PID=2338) to work on /home/airflow/.local/lib/python3.6/site-packages/airflow/example_dags/tutorial_etl_dag.py
[2025-03-25 23:00:18,875] {scheduler_job.py:633} INFO - Processing file /home/airflow/.local/lib/python3.6/site-packages/airflow/example_dags/tutorial_etl_dag.py for tasks to queue
[2025-03-25 23:00:18,876] {logging_mixin.py:104} INFO - [2025-03-25 23:00:18,876] {dagbag.py:496} INFO - Filling up the DagBag from /home/airflow/.local/lib/python3.6/site-packages/airflow/example_dags/tutorial_etl_dag.py
[2025-03-25 23:00:18,889] {scheduler_job.py:643} INFO - DAG(s) dict_keys(['tutorial_etl_dag']) retrieved from /home/airflow/.local/lib/python3.6/site-packages/airflow/example_dags/tutorial_etl_dag.py
[2025-03-25 23:00:18,916] {logging_mixin.py:104} INFO - [2025-03-25 23:00:18,916] {dag.py:1833} INFO - Sync 1 DAGs
[2025-03-25 23:00:18,938] {logging_mixin.py:104} INFO - [2025-03-25 23:00:18,938] {dag.py:2306} INFO - Setting next_dagrun for tutorial_etl_dag to None
[2025-03-25 23:00:18,958] {scheduler_job.py:190} INFO - Processing /home/airflow/.local/lib/python3.6/site-packages/airflow/example_dags/tutorial_etl_dag.py took 0.088 seconds
[2025-03-25 23:00:49,699] {scheduler_job.py:182} INFO - Started process (PID=2390) to work on /home/airflow/.local/lib/python3.6/site-packages/airflow/example_dags/tutorial_etl_dag.py
[2025-03-25 23:00:49,701] {scheduler_job.py:633} INFO - Processing file /home/airflow/.local/lib/python3.6/site-packages/airflow/example_dags/tutorial_etl_dag.py for tasks to queue
[2025-03-25 23:00:49,704] {logging_mixin.py:104} INFO - [2025-03-25 23:00:49,704] {dagbag.py:496} INFO - Filling up the DagBag from /home/airflow/.local/lib/python3.6/site-packages/airflow/example_dags/tutorial_etl_dag.py
[2025-03-25 23:00:49,744] {scheduler_job.py:643} INFO - DAG(s) dict_keys(['tutorial_etl_dag']) retrieved from /home/airflow/.local/lib/python3.6/site-packages/airflow/example_dags/tutorial_etl_dag.py
[2025-03-25 23:00:49,779] {logging_mixin.py:104} INFO - [2025-03-25 23:00:49,778] {dag.py:1833} INFO - Sync 1 DAGs
[2025-03-25 23:00:49,803] {logging_mixin.py:104} INFO - [2025-03-25 23:00:49,802] {dag.py:2306} INFO - Setting next_dagrun for tutorial_etl_dag to None
[2025-03-25 23:00:49,822] {scheduler_job.py:190} INFO - Processing /home/airflow/.local/lib/python3.6/site-packages/airflow/example_dags/tutorial_etl_dag.py took 0.128 seconds
[2025-03-25 23:01:19,979] {scheduler_job.py:182} INFO - Started process (PID=2453) to work on /home/airflow/.local/lib/python3.6/site-packages/airflow/example_dags/tutorial_etl_dag.py
[2025-03-25 23:01:19,980] {scheduler_job.py:633} INFO - Processing file /home/airflow/.local/lib/python3.6/site-packages/airflow/example_dags/tutorial_etl_dag.py for tasks to queue
[2025-03-25 23:01:19,982] {logging_mixin.py:104} INFO - [2025-03-25 23:01:19,981] {dagbag.py:496} INFO - Filling up the DagBag from /home/airflow/.local/lib/python3.6/site-packages/airflow/example_dags/tutorial_etl_dag.py
[2025-03-25 23:01:19,994] {scheduler_job.py:643} INFO - DAG(s) dict_keys(['tutorial_etl_dag']) retrieved from /home/airflow/.local/lib/python3.6/site-packages/airflow/example_dags/tutorial_etl_dag.py
[2025-03-25 23:01:20,021] {logging_mixin.py:104} INFO - [2025-03-25 23:01:20,021] {dag.py:1833} INFO - Sync 1 DAGs
[2025-03-25 23:01:20,040] {logging_mixin.py:104} INFO - [2025-03-25 23:01:20,040] {dag.py:2306} INFO - Setting next_dagrun for tutorial_etl_dag to None
[2025-03-25 23:01:20,064] {scheduler_job.py:190} INFO - Processing /home/airflow/.local/lib/python3.6/site-packages/airflow/example_dags/tutorial_etl_dag.py took 0.088 seconds
[2025-03-25 23:01:51,105] {scheduler_job.py:182} INFO - Started process (PID=2506) to work on /home/airflow/.local/lib/python3.6/site-packages/airflow/example_dags/tutorial_etl_dag.py
[2025-03-25 23:01:51,107] {scheduler_job.py:633} INFO - Processing file /home/airflow/.local/lib/python3.6/site-packages/airflow/example_dags/tutorial_etl_dag.py for tasks to queue
[2025-03-25 23:01:51,108] {logging_mixin.py:104} INFO - [2025-03-25 23:01:51,108] {dagbag.py:496} INFO - Filling up the DagBag from /home/airflow/.local/lib/python3.6/site-packages/airflow/example_dags/tutorial_etl_dag.py
[2025-03-25 23:01:51,122] {scheduler_job.py:643} INFO - DAG(s) dict_keys(['tutorial_etl_dag']) retrieved from /home/airflow/.local/lib/python3.6/site-packages/airflow/example_dags/tutorial_etl_dag.py
[2025-03-25 23:01:51,150] {logging_mixin.py:104} INFO - [2025-03-25 23:01:51,150] {dag.py:1833} INFO - Sync 1 DAGs
[2025-03-25 23:01:51,175] {logging_mixin.py:104} INFO - [2025-03-25 23:01:51,175] {dag.py:2306} INFO - Setting next_dagrun for tutorial_etl_dag to None
[2025-03-25 23:01:51,193] {scheduler_job.py:190} INFO - Processing /home/airflow/.local/lib/python3.6/site-packages/airflow/example_dags/tutorial_etl_dag.py took 0.091 seconds
[2025-03-25 23:02:22,174] {scheduler_job.py:182} INFO - Started process (PID=2568) to work on /home/airflow/.local/lib/python3.6/site-packages/airflow/example_dags/tutorial_etl_dag.py
[2025-03-25 23:02:22,176] {scheduler_job.py:633} INFO - Processing file /home/airflow/.local/lib/python3.6/site-packages/airflow/example_dags/tutorial_etl_dag.py for tasks to queue
[2025-03-25 23:02:22,177] {logging_mixin.py:104} INFO - [2025-03-25 23:02:22,177] {dagbag.py:496} INFO - Filling up the DagBag from /home/airflow/.local/lib/python3.6/site-packages/airflow/example_dags/tutorial_etl_dag.py
[2025-03-25 23:02:22,191] {scheduler_job.py:643} INFO - DAG(s) dict_keys(['tutorial_etl_dag']) retrieved from /home/airflow/.local/lib/python3.6/site-packages/airflow/example_dags/tutorial_etl_dag.py
[2025-03-25 23:02:22,217] {logging_mixin.py:104} INFO - [2025-03-25 23:02:22,217] {dag.py:1833} INFO - Sync 1 DAGs
[2025-03-25 23:02:22,240] {logging_mixin.py:104} INFO - [2025-03-25 23:02:22,240] {dag.py:2306} INFO - Setting next_dagrun for tutorial_etl_dag to None
[2025-03-25 23:02:22,258] {scheduler_job.py:190} INFO - Processing /home/airflow/.local/lib/python3.6/site-packages/airflow/example_dags/tutorial_etl_dag.py took 0.087 seconds
[2025-03-25 23:02:52,420] {scheduler_job.py:182} INFO - Started process (PID=2622) to work on /home/airflow/.local/lib/python3.6/site-packages/airflow/example_dags/tutorial_etl_dag.py
[2025-03-25 23:02:52,422] {scheduler_job.py:633} INFO - Processing file /home/airflow/.local/lib/python3.6/site-packages/airflow/example_dags/tutorial_etl_dag.py for tasks to queue
[2025-03-25 23:02:52,424] {logging_mixin.py:104} INFO - [2025-03-25 23:02:52,423] {dagbag.py:496} INFO - Filling up the DagBag from /home/airflow/.local/lib/python3.6/site-packages/airflow/example_dags/tutorial_etl_dag.py
[2025-03-25 23:02:52,438] {scheduler_job.py:643} INFO - DAG(s) dict_keys(['tutorial_etl_dag']) retrieved from /home/airflow/.local/lib/python3.6/site-packages/airflow/example_dags/tutorial_etl_dag.py
[2025-03-25 23:02:52,469] {logging_mixin.py:104} INFO - [2025-03-25 23:02:52,469] {dag.py:1833} INFO - Sync 1 DAGs
[2025-03-25 23:02:52,492] {logging_mixin.py:104} INFO - [2025-03-25 23:02:52,492] {dag.py:2306} INFO - Setting next_dagrun for tutorial_etl_dag to None
[2025-03-25 23:02:52,509] {scheduler_job.py:190} INFO - Processing /home/airflow/.local/lib/python3.6/site-packages/airflow/example_dags/tutorial_etl_dag.py took 0.092 seconds
[2025-03-25 23:03:23,504] {scheduler_job.py:182} INFO - Started process (PID=2674) to work on /home/airflow/.local/lib/python3.6/site-packages/airflow/example_dags/tutorial_etl_dag.py
[2025-03-25 23:03:23,506] {scheduler_job.py:633} INFO - Processing file /home/airflow/.local/lib/python3.6/site-packages/airflow/example_dags/tutorial_etl_dag.py for tasks to queue
[2025-03-25 23:03:23,507] {logging_mixin.py:104} INFO - [2025-03-25 23:03:23,507] {dagbag.py:496} INFO - Filling up the DagBag from /home/airflow/.local/lib/python3.6/site-packages/airflow/example_dags/tutorial_etl_dag.py
[2025-03-25 23:03:23,522] {scheduler_job.py:643} INFO - DAG(s) dict_keys(['tutorial_etl_dag']) retrieved from /home/airflow/.local/lib/python3.6/site-packages/airflow/example_dags/tutorial_etl_dag.py
[2025-03-25 23:03:23,551] {logging_mixin.py:104} INFO - [2025-03-25 23:03:23,551] {dag.py:1833} INFO - Sync 1 DAGs
[2025-03-25 23:03:23,572] {logging_mixin.py:104} INFO - [2025-03-25 23:03:23,572] {dag.py:2306} INFO - Setting next_dagrun for tutorial_etl_dag to None
[2025-03-25 23:03:23,589] {scheduler_job.py:190} INFO - Processing /home/airflow/.local/lib/python3.6/site-packages/airflow/example_dags/tutorial_etl_dag.py took 0.089 seconds
[2025-03-25 23:14:05,906] {scheduler_job.py:182} INFO - Started process (PID=194) to work on /home/airflow/.local/lib/python3.6/site-packages/airflow/example_dags/tutorial_etl_dag.py
[2025-03-25 23:14:05,920] {scheduler_job.py:633} INFO - Processing file /home/airflow/.local/lib/python3.6/site-packages/airflow/example_dags/tutorial_etl_dag.py for tasks to queue
[2025-03-25 23:14:05,924] {logging_mixin.py:104} INFO - [2025-03-25 23:14:05,924] {dagbag.py:496} INFO - Filling up the DagBag from /home/airflow/.local/lib/python3.6/site-packages/airflow/example_dags/tutorial_etl_dag.py
[2025-03-25 23:14:05,939] {scheduler_job.py:643} INFO - DAG(s) dict_keys(['tutorial_etl_dag']) retrieved from /home/airflow/.local/lib/python3.6/site-packages/airflow/example_dags/tutorial_etl_dag.py
[2025-03-25 23:14:09,215] {logging_mixin.py:104} INFO - [2025-03-25 23:14:09,214] {dag.py:1833} INFO - Sync 1 DAGs
[2025-03-25 23:14:09,227] {logging_mixin.py:104} INFO - [2025-03-25 23:14:09,226] {dag.py:1852} INFO - Creating ORM DAG for tutorial_etl_dag
[2025-03-25 23:14:09,234] {logging_mixin.py:104} INFO - [2025-03-25 23:14:09,234] {dag.py:2306} INFO - Setting next_dagrun for tutorial_etl_dag to None
[2025-03-25 23:14:09,249] {scheduler_job.py:190} INFO - Processing /home/airflow/.local/lib/python3.6/site-packages/airflow/example_dags/tutorial_etl_dag.py took 3.347 seconds
[2025-03-25 23:14:39,907] {scheduler_job.py:182} INFO - Started process (PID=388) to work on /home/airflow/.local/lib/python3.6/site-packages/airflow/example_dags/tutorial_etl_dag.py
[2025-03-25 23:14:39,909] {scheduler_job.py:633} INFO - Processing file /home/airflow/.local/lib/python3.6/site-packages/airflow/example_dags/tutorial_etl_dag.py for tasks to queue
[2025-03-25 23:14:39,917] {logging_mixin.py:104} INFO - [2025-03-25 23:14:39,915] {dagbag.py:496} INFO - Filling up the DagBag from /home/airflow/.local/lib/python3.6/site-packages/airflow/example_dags/tutorial_etl_dag.py
[2025-03-25 23:14:39,949] {scheduler_job.py:643} INFO - DAG(s) dict_keys(['tutorial_etl_dag']) retrieved from /home/airflow/.local/lib/python3.6/site-packages/airflow/example_dags/tutorial_etl_dag.py
[2025-03-25 23:14:39,992] {logging_mixin.py:104} INFO - [2025-03-25 23:14:39,992] {dag.py:1833} INFO - Sync 1 DAGs
[2025-03-25 23:14:40,024] {logging_mixin.py:104} INFO - [2025-03-25 23:14:40,024] {dag.py:2306} INFO - Setting next_dagrun for tutorial_etl_dag to None
[2025-03-25 23:14:40,042] {scheduler_job.py:190} INFO - Processing /home/airflow/.local/lib/python3.6/site-packages/airflow/example_dags/tutorial_etl_dag.py took 0.141 seconds
[2025-03-25 23:15:10,778] {scheduler_job.py:182} INFO - Started process (PID=443) to work on /home/airflow/.local/lib/python3.6/site-packages/airflow/example_dags/tutorial_etl_dag.py
[2025-03-25 23:15:10,780] {scheduler_job.py:633} INFO - Processing file /home/airflow/.local/lib/python3.6/site-packages/airflow/example_dags/tutorial_etl_dag.py for tasks to queue
[2025-03-25 23:15:10,782] {logging_mixin.py:104} INFO - [2025-03-25 23:15:10,782] {dagbag.py:496} INFO - Filling up the DagBag from /home/airflow/.local/lib/python3.6/site-packages/airflow/example_dags/tutorial_etl_dag.py
[2025-03-25 23:15:10,809] {scheduler_job.py:643} INFO - DAG(s) dict_keys(['tutorial_etl_dag']) retrieved from /home/airflow/.local/lib/python3.6/site-packages/airflow/example_dags/tutorial_etl_dag.py
[2025-03-25 23:15:10,851] {logging_mixin.py:104} INFO - [2025-03-25 23:15:10,850] {dag.py:1833} INFO - Sync 1 DAGs
[2025-03-25 23:15:10,880] {logging_mixin.py:104} INFO - [2025-03-25 23:15:10,880] {dag.py:2306} INFO - Setting next_dagrun for tutorial_etl_dag to None
[2025-03-25 23:15:10,902] {scheduler_job.py:190} INFO - Processing /home/airflow/.local/lib/python3.6/site-packages/airflow/example_dags/tutorial_etl_dag.py took 0.129 seconds
[2025-03-25 23:15:41,803] {scheduler_job.py:182} INFO - Started process (PID=495) to work on /home/airflow/.local/lib/python3.6/site-packages/airflow/example_dags/tutorial_etl_dag.py
[2025-03-25 23:15:41,804] {scheduler_job.py:633} INFO - Processing file /home/airflow/.local/lib/python3.6/site-packages/airflow/example_dags/tutorial_etl_dag.py for tasks to queue
[2025-03-25 23:15:41,805] {logging_mixin.py:104} INFO - [2025-03-25 23:15:41,805] {dagbag.py:496} INFO - Filling up the DagBag from /home/airflow/.local/lib/python3.6/site-packages/airflow/example_dags/tutorial_etl_dag.py
[2025-03-25 23:15:41,820] {scheduler_job.py:643} INFO - DAG(s) dict_keys(['tutorial_etl_dag']) retrieved from /home/airflow/.local/lib/python3.6/site-packages/airflow/example_dags/tutorial_etl_dag.py
[2025-03-25 23:15:41,847] {logging_mixin.py:104} INFO - [2025-03-25 23:15:41,847] {dag.py:1833} INFO - Sync 1 DAGs
[2025-03-25 23:15:41,867] {logging_mixin.py:104} INFO - [2025-03-25 23:15:41,867] {dag.py:2306} INFO - Setting next_dagrun for tutorial_etl_dag to None
[2025-03-25 23:15:41,885] {scheduler_job.py:190} INFO - Processing /home/airflow/.local/lib/python3.6/site-packages/airflow/example_dags/tutorial_etl_dag.py took 0.085 seconds
[2025-03-25 23:16:12,796] {scheduler_job.py:182} INFO - Started process (PID=557) to work on /home/airflow/.local/lib/python3.6/site-packages/airflow/example_dags/tutorial_etl_dag.py
[2025-03-25 23:16:12,798] {scheduler_job.py:633} INFO - Processing file /home/airflow/.local/lib/python3.6/site-packages/airflow/example_dags/tutorial_etl_dag.py for tasks to queue
[2025-03-25 23:16:12,799] {logging_mixin.py:104} INFO - [2025-03-25 23:16:12,799] {dagbag.py:496} INFO - Filling up the DagBag from /home/airflow/.local/lib/python3.6/site-packages/airflow/example_dags/tutorial_etl_dag.py
[2025-03-25 23:16:12,815] {scheduler_job.py:643} INFO - DAG(s) dict_keys(['tutorial_etl_dag']) retrieved from /home/airflow/.local/lib/python3.6/site-packages/airflow/example_dags/tutorial_etl_dag.py
[2025-03-25 23:16:12,856] {logging_mixin.py:104} INFO - [2025-03-25 23:16:12,856] {dag.py:1833} INFO - Sync 1 DAGs
[2025-03-25 23:16:12,879] {logging_mixin.py:104} INFO - [2025-03-25 23:16:12,879] {dag.py:2306} INFO - Setting next_dagrun for tutorial_etl_dag to None
[2025-03-25 23:16:12,898] {scheduler_job.py:190} INFO - Processing /home/airflow/.local/lib/python3.6/site-packages/airflow/example_dags/tutorial_etl_dag.py took 0.106 seconds
[2025-03-25 23:16:43,367] {scheduler_job.py:182} INFO - Started process (PID=609) to work on /home/airflow/.local/lib/python3.6/site-packages/airflow/example_dags/tutorial_etl_dag.py
[2025-03-25 23:16:43,369] {scheduler_job.py:633} INFO - Processing file /home/airflow/.local/lib/python3.6/site-packages/airflow/example_dags/tutorial_etl_dag.py for tasks to queue
[2025-03-25 23:16:43,371] {logging_mixin.py:104} INFO - [2025-03-25 23:16:43,370] {dagbag.py:496} INFO - Filling up the DagBag from /home/airflow/.local/lib/python3.6/site-packages/airflow/example_dags/tutorial_etl_dag.py
[2025-03-25 23:16:43,387] {scheduler_job.py:643} INFO - DAG(s) dict_keys(['tutorial_etl_dag']) retrieved from /home/airflow/.local/lib/python3.6/site-packages/airflow/example_dags/tutorial_etl_dag.py
[2025-03-25 23:16:43,430] {logging_mixin.py:104} INFO - [2025-03-25 23:16:43,430] {dag.py:1833} INFO - Sync 1 DAGs
[2025-03-25 23:16:43,456] {logging_mixin.py:104} INFO - [2025-03-25 23:16:43,455] {dag.py:2306} INFO - Setting next_dagrun for tutorial_etl_dag to None
[2025-03-25 23:16:43,476] {scheduler_job.py:190} INFO - Processing /home/airflow/.local/lib/python3.6/site-packages/airflow/example_dags/tutorial_etl_dag.py took 0.113 seconds
[2025-03-25 23:17:13,977] {scheduler_job.py:182} INFO - Started process (PID=661) to work on /home/airflow/.local/lib/python3.6/site-packages/airflow/example_dags/tutorial_etl_dag.py
[2025-03-25 23:17:13,979] {scheduler_job.py:633} INFO - Processing file /home/airflow/.local/lib/python3.6/site-packages/airflow/example_dags/tutorial_etl_dag.py for tasks to queue
[2025-03-25 23:17:13,980] {logging_mixin.py:104} INFO - [2025-03-25 23:17:13,980] {dagbag.py:496} INFO - Filling up the DagBag from /home/airflow/.local/lib/python3.6/site-packages/airflow/example_dags/tutorial_etl_dag.py
[2025-03-25 23:17:13,997] {scheduler_job.py:643} INFO - DAG(s) dict_keys(['tutorial_etl_dag']) retrieved from /home/airflow/.local/lib/python3.6/site-packages/airflow/example_dags/tutorial_etl_dag.py
[2025-03-25 23:17:14,030] {logging_mixin.py:104} INFO - [2025-03-25 23:17:14,028] {dag.py:1833} INFO - Sync 1 DAGs
[2025-03-25 23:17:14,058] {logging_mixin.py:104} INFO - [2025-03-25 23:17:14,058] {dag.py:2306} INFO - Setting next_dagrun for tutorial_etl_dag to None
[2025-03-25 23:17:14,083] {scheduler_job.py:190} INFO - Processing /home/airflow/.local/lib/python3.6/site-packages/airflow/example_dags/tutorial_etl_dag.py took 0.109 seconds
[2025-03-25 23:17:44,151] {scheduler_job.py:182} INFO - Started process (PID=723) to work on /home/airflow/.local/lib/python3.6/site-packages/airflow/example_dags/tutorial_etl_dag.py
[2025-03-25 23:17:44,154] {scheduler_job.py:633} INFO - Processing file /home/airflow/.local/lib/python3.6/site-packages/airflow/example_dags/tutorial_etl_dag.py for tasks to queue
[2025-03-25 23:17:44,156] {logging_mixin.py:104} INFO - [2025-03-25 23:17:44,156] {dagbag.py:496} INFO - Filling up the DagBag from /home/airflow/.local/lib/python3.6/site-packages/airflow/example_dags/tutorial_etl_dag.py
[2025-03-25 23:17:44,178] {scheduler_job.py:643} INFO - DAG(s) dict_keys(['tutorial_etl_dag']) retrieved from /home/airflow/.local/lib/python3.6/site-packages/airflow/example_dags/tutorial_etl_dag.py
[2025-03-25 23:17:44,211] {logging_mixin.py:104} INFO - [2025-03-25 23:17:44,211] {dag.py:1833} INFO - Sync 1 DAGs
[2025-03-25 23:17:44,235] {logging_mixin.py:104} INFO - [2025-03-25 23:17:44,235] {dag.py:2306} INFO - Setting next_dagrun for tutorial_etl_dag to None
[2025-03-25 23:17:44,254] {scheduler_job.py:190} INFO - Processing /home/airflow/.local/lib/python3.6/site-packages/airflow/example_dags/tutorial_etl_dag.py took 0.108 seconds
[2025-03-25 23:18:15,217] {scheduler_job.py:182} INFO - Started process (PID=775) to work on /home/airflow/.local/lib/python3.6/site-packages/airflow/example_dags/tutorial_etl_dag.py
[2025-03-25 23:18:15,219] {scheduler_job.py:633} INFO - Processing file /home/airflow/.local/lib/python3.6/site-packages/airflow/example_dags/tutorial_etl_dag.py for tasks to queue
[2025-03-25 23:18:15,220] {logging_mixin.py:104} INFO - [2025-03-25 23:18:15,220] {dagbag.py:496} INFO - Filling up the DagBag from /home/airflow/.local/lib/python3.6/site-packages/airflow/example_dags/tutorial_etl_dag.py
[2025-03-25 23:18:15,248] {scheduler_job.py:643} INFO - DAG(s) dict_keys(['tutorial_etl_dag']) retrieved from /home/airflow/.local/lib/python3.6/site-packages/airflow/example_dags/tutorial_etl_dag.py
[2025-03-25 23:18:15,292] {logging_mixin.py:104} INFO - [2025-03-25 23:18:15,292] {dag.py:1833} INFO - Sync 1 DAGs
[2025-03-25 23:18:15,315] {logging_mixin.py:104} INFO - [2025-03-25 23:18:15,315] {dag.py:2306} INFO - Setting next_dagrun for tutorial_etl_dag to None
[2025-03-25 23:18:15,332] {scheduler_job.py:190} INFO - Processing /home/airflow/.local/lib/python3.6/site-packages/airflow/example_dags/tutorial_etl_dag.py took 0.118 seconds
[2025-03-25 23:18:45,722] {scheduler_job.py:182} INFO - Started process (PID=827) to work on /home/airflow/.local/lib/python3.6/site-packages/airflow/example_dags/tutorial_etl_dag.py
[2025-03-25 23:18:45,723] {scheduler_job.py:633} INFO - Processing file /home/airflow/.local/lib/python3.6/site-packages/airflow/example_dags/tutorial_etl_dag.py for tasks to queue
[2025-03-25 23:18:45,725] {logging_mixin.py:104} INFO - [2025-03-25 23:18:45,724] {dagbag.py:496} INFO - Filling up the DagBag from /home/airflow/.local/lib/python3.6/site-packages/airflow/example_dags/tutorial_etl_dag.py
[2025-03-25 23:18:45,738] {scheduler_job.py:643} INFO - DAG(s) dict_keys(['tutorial_etl_dag']) retrieved from /home/airflow/.local/lib/python3.6/site-packages/airflow/example_dags/tutorial_etl_dag.py
[2025-03-25 23:18:45,767] {logging_mixin.py:104} INFO - [2025-03-25 23:18:45,767] {dag.py:1833} INFO - Sync 1 DAGs
[2025-03-25 23:18:45,786] {logging_mixin.py:104} INFO - [2025-03-25 23:18:45,786] {dag.py:2306} INFO - Setting next_dagrun for tutorial_etl_dag to None
[2025-03-25 23:18:45,803] {scheduler_job.py:190} INFO - Processing /home/airflow/.local/lib/python3.6/site-packages/airflow/example_dags/tutorial_etl_dag.py took 0.086 seconds
