[2025-03-25T23:45:53.565+0000] {processor.py:161} INFO - Started process (PID=110) to work on /home/airflow/.local/lib/python3.8/site-packages/airflow/example_dags/tutorial_taskflow_api.py
[2025-03-25T23:45:53.567+0000] {processor.py:830} INFO - Processing file /home/airflow/.local/lib/python3.8/site-packages/airflow/example_dags/tutorial_taskflow_api.py for tasks to queue
[2025-03-25T23:45:53.574+0000] {logging_mixin.py:188} INFO - [2025-03-25T23:45:53.573+0000] {dagbag.py:538} INFO - Filling up the DagBag from /home/airflow/.local/lib/python3.8/site-packages/airflow/example_dags/tutorial_taskflow_api.py
[2025-03-25T23:45:53.596+0000] {processor.py:840} INFO - DAG(s) 'tutorial_taskflow_api' retrieved from /home/airflow/.local/lib/python3.8/site-packages/airflow/example_dags/tutorial_taskflow_api.py
[2025-03-25T23:45:53.903+0000] {logging_mixin.py:188} INFO - [2025-03-25T23:45:53.902+0000] {override.py:1769} INFO - Created Permission View: can edit on DAG:tutorial_taskflow_api
[2025-03-25T23:45:53.951+0000] {logging_mixin.py:188} INFO - [2025-03-25T23:45:53.950+0000] {override.py:1769} INFO - Created Permission View: can delete on DAG:tutorial_taskflow_api
[2025-03-25T23:45:53.979+0000] {logging_mixin.py:188} INFO - [2025-03-25T23:45:53.978+0000] {override.py:1769} INFO - Created Permission View: can read on DAG:tutorial_taskflow_api
[2025-03-25T23:45:53.980+0000] {logging_mixin.py:188} INFO - [2025-03-25T23:45:53.979+0000] {dag.py:3036} INFO - Sync 1 DAGs
[2025-03-25T23:45:54.022+0000] {logging_mixin.py:188} INFO - [2025-03-25T23:45:54.021+0000] {dag.py:3058} INFO - Creating ORM DAG for tutorial_taskflow_api
[2025-03-25T23:45:54.026+0000] {logging_mixin.py:188} INFO - [2025-03-25T23:45:54.025+0000] {dag.py:3823} INFO - Setting next_dagrun for tutorial_taskflow_api to None, run_after=None
[2025-03-25T23:45:54.089+0000] {processor.py:183} INFO - Processing /home/airflow/.local/lib/python3.8/site-packages/airflow/example_dags/tutorial_taskflow_api.py took 0.534 seconds
[2025-03-25T23:46:24.386+0000] {processor.py:161} INFO - Started process (PID=185) to work on /home/airflow/.local/lib/python3.8/site-packages/airflow/example_dags/tutorial_taskflow_api.py
[2025-03-25T23:46:24.388+0000] {processor.py:830} INFO - Processing file /home/airflow/.local/lib/python3.8/site-packages/airflow/example_dags/tutorial_taskflow_api.py for tasks to queue
[2025-03-25T23:46:24.390+0000] {logging_mixin.py:188} INFO - [2025-03-25T23:46:24.390+0000] {dagbag.py:538} INFO - Filling up the DagBag from /home/airflow/.local/lib/python3.8/site-packages/airflow/example_dags/tutorial_taskflow_api.py
[2025-03-25T23:46:24.397+0000] {processor.py:840} INFO - DAG(s) 'tutorial_taskflow_api' retrieved from /home/airflow/.local/lib/python3.8/site-packages/airflow/example_dags/tutorial_taskflow_api.py
[2025-03-25T23:46:24.428+0000] {logging_mixin.py:188} INFO - [2025-03-25T23:46:24.428+0000] {dag.py:3036} INFO - Sync 1 DAGs
[2025-03-25T23:46:24.448+0000] {logging_mixin.py:188} INFO - [2025-03-25T23:46:24.448+0000] {dag.py:3823} INFO - Setting next_dagrun for tutorial_taskflow_api to None, run_after=None
[2025-03-25T23:46:24.577+0000] {processor.py:183} INFO - Processing /home/airflow/.local/lib/python3.8/site-packages/airflow/example_dags/tutorial_taskflow_api.py took 0.195 seconds
[2025-03-25T23:46:54.943+0000] {processor.py:161} INFO - Started process (PID=260) to work on /home/airflow/.local/lib/python3.8/site-packages/airflow/example_dags/tutorial_taskflow_api.py
[2025-03-25T23:46:54.946+0000] {processor.py:830} INFO - Processing file /home/airflow/.local/lib/python3.8/site-packages/airflow/example_dags/tutorial_taskflow_api.py for tasks to queue
[2025-03-25T23:46:54.952+0000] {logging_mixin.py:188} INFO - [2025-03-25T23:46:54.950+0000] {dagbag.py:538} INFO - Filling up the DagBag from /home/airflow/.local/lib/python3.8/site-packages/airflow/example_dags/tutorial_taskflow_api.py
[2025-03-25T23:46:54.976+0000] {processor.py:840} INFO - DAG(s) 'tutorial_taskflow_api' retrieved from /home/airflow/.local/lib/python3.8/site-packages/airflow/example_dags/tutorial_taskflow_api.py
[2025-03-25T23:46:55.058+0000] {logging_mixin.py:188} INFO - [2025-03-25T23:46:55.057+0000] {dag.py:3036} INFO - Sync 1 DAGs
[2025-03-25T23:46:55.113+0000] {logging_mixin.py:188} INFO - [2025-03-25T23:46:55.113+0000] {dag.py:3823} INFO - Setting next_dagrun for tutorial_taskflow_api to None, run_after=None
[2025-03-25T23:46:55.191+0000] {processor.py:183} INFO - Processing /home/airflow/.local/lib/python3.8/site-packages/airflow/example_dags/tutorial_taskflow_api.py took 0.258 seconds
[2025-03-25T23:47:25.264+0000] {processor.py:161} INFO - Started process (PID=334) to work on /home/airflow/.local/lib/python3.8/site-packages/airflow/example_dags/tutorial_taskflow_api.py
[2025-03-25T23:47:25.265+0000] {processor.py:830} INFO - Processing file /home/airflow/.local/lib/python3.8/site-packages/airflow/example_dags/tutorial_taskflow_api.py for tasks to queue
[2025-03-25T23:47:25.268+0000] {logging_mixin.py:188} INFO - [2025-03-25T23:47:25.267+0000] {dagbag.py:538} INFO - Filling up the DagBag from /home/airflow/.local/lib/python3.8/site-packages/airflow/example_dags/tutorial_taskflow_api.py
[2025-03-25T23:47:25.275+0000] {processor.py:840} INFO - DAG(s) 'tutorial_taskflow_api' retrieved from /home/airflow/.local/lib/python3.8/site-packages/airflow/example_dags/tutorial_taskflow_api.py
[2025-03-25T23:47:25.306+0000] {logging_mixin.py:188} INFO - [2025-03-25T23:47:25.305+0000] {dag.py:3036} INFO - Sync 1 DAGs
[2025-03-25T23:47:25.322+0000] {logging_mixin.py:188} INFO - [2025-03-25T23:47:25.322+0000] {dag.py:3823} INFO - Setting next_dagrun for tutorial_taskflow_api to None, run_after=None
[2025-03-25T23:47:25.354+0000] {processor.py:183} INFO - Processing /home/airflow/.local/lib/python3.8/site-packages/airflow/example_dags/tutorial_taskflow_api.py took 0.095 seconds
[2025-03-25T23:47:55.862+0000] {processor.py:161} INFO - Started process (PID=409) to work on /home/airflow/.local/lib/python3.8/site-packages/airflow/example_dags/tutorial_taskflow_api.py
[2025-03-25T23:47:55.864+0000] {processor.py:830} INFO - Processing file /home/airflow/.local/lib/python3.8/site-packages/airflow/example_dags/tutorial_taskflow_api.py for tasks to queue
[2025-03-25T23:47:55.868+0000] {logging_mixin.py:188} INFO - [2025-03-25T23:47:55.867+0000] {dagbag.py:538} INFO - Filling up the DagBag from /home/airflow/.local/lib/python3.8/site-packages/airflow/example_dags/tutorial_taskflow_api.py
[2025-03-25T23:47:55.876+0000] {processor.py:840} INFO - DAG(s) 'tutorial_taskflow_api' retrieved from /home/airflow/.local/lib/python3.8/site-packages/airflow/example_dags/tutorial_taskflow_api.py
[2025-03-25T23:47:55.939+0000] {logging_mixin.py:188} INFO - [2025-03-25T23:47:55.939+0000] {dag.py:3036} INFO - Sync 1 DAGs
[2025-03-25T23:47:55.961+0000] {logging_mixin.py:188} INFO - [2025-03-25T23:47:55.960+0000] {dag.py:3823} INFO - Setting next_dagrun for tutorial_taskflow_api to None, run_after=None
[2025-03-25T23:47:56.008+0000] {processor.py:183} INFO - Processing /home/airflow/.local/lib/python3.8/site-packages/airflow/example_dags/tutorial_taskflow_api.py took 0.149 seconds
[2025-03-25T23:48:26.292+0000] {processor.py:161} INFO - Started process (PID=490) to work on /home/airflow/.local/lib/python3.8/site-packages/airflow/example_dags/tutorial_taskflow_api.py
[2025-03-25T23:48:26.294+0000] {processor.py:830} INFO - Processing file /home/airflow/.local/lib/python3.8/site-packages/airflow/example_dags/tutorial_taskflow_api.py for tasks to queue
[2025-03-25T23:48:26.296+0000] {logging_mixin.py:188} INFO - [2025-03-25T23:48:26.296+0000] {dagbag.py:538} INFO - Filling up the DagBag from /home/airflow/.local/lib/python3.8/site-packages/airflow/example_dags/tutorial_taskflow_api.py
[2025-03-25T23:48:26.306+0000] {processor.py:840} INFO - DAG(s) 'tutorial_taskflow_api' retrieved from /home/airflow/.local/lib/python3.8/site-packages/airflow/example_dags/tutorial_taskflow_api.py
[2025-03-25T23:48:26.341+0000] {logging_mixin.py:188} INFO - [2025-03-25T23:48:26.340+0000] {dag.py:3036} INFO - Sync 1 DAGs
[2025-03-25T23:48:26.363+0000] {logging_mixin.py:188} INFO - [2025-03-25T23:48:26.363+0000] {dag.py:3823} INFO - Setting next_dagrun for tutorial_taskflow_api to None, run_after=None
[2025-03-25T23:48:26.411+0000] {processor.py:183} INFO - Processing /home/airflow/.local/lib/python3.8/site-packages/airflow/example_dags/tutorial_taskflow_api.py took 0.123 seconds
[2025-03-25T23:48:56.558+0000] {processor.py:161} INFO - Started process (PID=565) to work on /home/airflow/.local/lib/python3.8/site-packages/airflow/example_dags/tutorial_taskflow_api.py
[2025-03-25T23:48:56.560+0000] {processor.py:830} INFO - Processing file /home/airflow/.local/lib/python3.8/site-packages/airflow/example_dags/tutorial_taskflow_api.py for tasks to queue
[2025-03-25T23:48:56.563+0000] {logging_mixin.py:188} INFO - [2025-03-25T23:48:56.563+0000] {dagbag.py:538} INFO - Filling up the DagBag from /home/airflow/.local/lib/python3.8/site-packages/airflow/example_dags/tutorial_taskflow_api.py
[2025-03-25T23:48:56.574+0000] {processor.py:840} INFO - DAG(s) 'tutorial_taskflow_api' retrieved from /home/airflow/.local/lib/python3.8/site-packages/airflow/example_dags/tutorial_taskflow_api.py
[2025-03-25T23:48:56.608+0000] {logging_mixin.py:188} INFO - [2025-03-25T23:48:56.607+0000] {dag.py:3036} INFO - Sync 1 DAGs
[2025-03-25T23:48:56.629+0000] {logging_mixin.py:188} INFO - [2025-03-25T23:48:56.628+0000] {dag.py:3823} INFO - Setting next_dagrun for tutorial_taskflow_api to None, run_after=None
[2025-03-25T23:48:56.669+0000] {processor.py:183} INFO - Processing /home/airflow/.local/lib/python3.8/site-packages/airflow/example_dags/tutorial_taskflow_api.py took 0.117 seconds
[2025-03-25T23:49:27.113+0000] {processor.py:161} INFO - Started process (PID=639) to work on /home/airflow/.local/lib/python3.8/site-packages/airflow/example_dags/tutorial_taskflow_api.py
[2025-03-25T23:49:27.115+0000] {processor.py:830} INFO - Processing file /home/airflow/.local/lib/python3.8/site-packages/airflow/example_dags/tutorial_taskflow_api.py for tasks to queue
[2025-03-25T23:49:27.118+0000] {logging_mixin.py:188} INFO - [2025-03-25T23:49:27.117+0000] {dagbag.py:538} INFO - Filling up the DagBag from /home/airflow/.local/lib/python3.8/site-packages/airflow/example_dags/tutorial_taskflow_api.py
[2025-03-25T23:49:27.129+0000] {processor.py:840} INFO - DAG(s) 'tutorial_taskflow_api' retrieved from /home/airflow/.local/lib/python3.8/site-packages/airflow/example_dags/tutorial_taskflow_api.py
[2025-03-25T23:49:27.165+0000] {logging_mixin.py:188} INFO - [2025-03-25T23:49:27.164+0000] {dag.py:3036} INFO - Sync 1 DAGs
[2025-03-25T23:49:27.188+0000] {logging_mixin.py:188} INFO - [2025-03-25T23:49:27.188+0000] {dag.py:3823} INFO - Setting next_dagrun for tutorial_taskflow_api to None, run_after=None
[2025-03-25T23:49:27.227+0000] {processor.py:183} INFO - Processing /home/airflow/.local/lib/python3.8/site-packages/airflow/example_dags/tutorial_taskflow_api.py took 0.119 seconds
[2025-03-25T23:49:58.512+0000] {processor.py:161} INFO - Started process (PID=713) to work on /home/airflow/.local/lib/python3.8/site-packages/airflow/example_dags/tutorial_taskflow_api.py
[2025-03-25T23:49:58.514+0000] {processor.py:830} INFO - Processing file /home/airflow/.local/lib/python3.8/site-packages/airflow/example_dags/tutorial_taskflow_api.py for tasks to queue
[2025-03-25T23:49:58.518+0000] {logging_mixin.py:188} INFO - [2025-03-25T23:49:58.517+0000] {dagbag.py:538} INFO - Filling up the DagBag from /home/airflow/.local/lib/python3.8/site-packages/airflow/example_dags/tutorial_taskflow_api.py
[2025-03-25T23:49:58.529+0000] {processor.py:840} INFO - DAG(s) 'tutorial_taskflow_api' retrieved from /home/airflow/.local/lib/python3.8/site-packages/airflow/example_dags/tutorial_taskflow_api.py
[2025-03-25T23:49:58.562+0000] {logging_mixin.py:188} INFO - [2025-03-25T23:49:58.562+0000] {dag.py:3036} INFO - Sync 1 DAGs
[2025-03-25T23:49:58.583+0000] {logging_mixin.py:188} INFO - [2025-03-25T23:49:58.583+0000] {dag.py:3823} INFO - Setting next_dagrun for tutorial_taskflow_api to None, run_after=None
[2025-03-25T23:49:58.629+0000] {processor.py:183} INFO - Processing /home/airflow/.local/lib/python3.8/site-packages/airflow/example_dags/tutorial_taskflow_api.py took 0.121 seconds
[2025-03-25T23:50:29.797+0000] {processor.py:161} INFO - Started process (PID=786) to work on /home/airflow/.local/lib/python3.8/site-packages/airflow/example_dags/tutorial_taskflow_api.py
[2025-03-25T23:50:29.799+0000] {processor.py:830} INFO - Processing file /home/airflow/.local/lib/python3.8/site-packages/airflow/example_dags/tutorial_taskflow_api.py for tasks to queue
[2025-03-25T23:50:29.802+0000] {logging_mixin.py:188} INFO - [2025-03-25T23:50:29.801+0000] {dagbag.py:538} INFO - Filling up the DagBag from /home/airflow/.local/lib/python3.8/site-packages/airflow/example_dags/tutorial_taskflow_api.py
[2025-03-25T23:50:29.823+0000] {processor.py:840} INFO - DAG(s) 'tutorial_taskflow_api' retrieved from /home/airflow/.local/lib/python3.8/site-packages/airflow/example_dags/tutorial_taskflow_api.py
[2025-03-25T23:50:29.882+0000] {logging_mixin.py:188} INFO - [2025-03-25T23:50:29.881+0000] {dag.py:3036} INFO - Sync 1 DAGs
[2025-03-25T23:50:29.903+0000] {logging_mixin.py:188} INFO - [2025-03-25T23:50:29.903+0000] {dag.py:3823} INFO - Setting next_dagrun for tutorial_taskflow_api to None, run_after=None
[2025-03-25T23:50:29.946+0000] {processor.py:183} INFO - Processing /home/airflow/.local/lib/python3.8/site-packages/airflow/example_dags/tutorial_taskflow_api.py took 0.152 seconds
[2025-03-25T23:51:00.149+0000] {processor.py:161} INFO - Started process (PID=853) to work on /home/airflow/.local/lib/python3.8/site-packages/airflow/example_dags/tutorial_taskflow_api.py
[2025-03-25T23:51:00.151+0000] {processor.py:830} INFO - Processing file /home/airflow/.local/lib/python3.8/site-packages/airflow/example_dags/tutorial_taskflow_api.py for tasks to queue
[2025-03-25T23:51:00.153+0000] {logging_mixin.py:188} INFO - [2025-03-25T23:51:00.153+0000] {dagbag.py:538} INFO - Filling up the DagBag from /home/airflow/.local/lib/python3.8/site-packages/airflow/example_dags/tutorial_taskflow_api.py
[2025-03-25T23:51:00.162+0000] {processor.py:840} INFO - DAG(s) 'tutorial_taskflow_api' retrieved from /home/airflow/.local/lib/python3.8/site-packages/airflow/example_dags/tutorial_taskflow_api.py
[2025-03-25T23:51:00.193+0000] {logging_mixin.py:188} INFO - [2025-03-25T23:51:00.193+0000] {dag.py:3036} INFO - Sync 1 DAGs
[2025-03-25T23:51:00.214+0000] {logging_mixin.py:188} INFO - [2025-03-25T23:51:00.213+0000] {dag.py:3823} INFO - Setting next_dagrun for tutorial_taskflow_api to None, run_after=None
[2025-03-25T23:51:00.256+0000] {processor.py:183} INFO - Processing /home/airflow/.local/lib/python3.8/site-packages/airflow/example_dags/tutorial_taskflow_api.py took 0.111 seconds
[2025-03-25T23:51:30.631+0000] {processor.py:161} INFO - Started process (PID=927) to work on /home/airflow/.local/lib/python3.8/site-packages/airflow/example_dags/tutorial_taskflow_api.py
[2025-03-25T23:51:30.633+0000] {processor.py:830} INFO - Processing file /home/airflow/.local/lib/python3.8/site-packages/airflow/example_dags/tutorial_taskflow_api.py for tasks to queue
[2025-03-25T23:51:30.635+0000] {logging_mixin.py:188} INFO - [2025-03-25T23:51:30.635+0000] {dagbag.py:538} INFO - Filling up the DagBag from /home/airflow/.local/lib/python3.8/site-packages/airflow/example_dags/tutorial_taskflow_api.py
[2025-03-25T23:51:30.645+0000] {processor.py:840} INFO - DAG(s) 'tutorial_taskflow_api' retrieved from /home/airflow/.local/lib/python3.8/site-packages/airflow/example_dags/tutorial_taskflow_api.py
[2025-03-25T23:51:30.679+0000] {logging_mixin.py:188} INFO - [2025-03-25T23:51:30.678+0000] {dag.py:3036} INFO - Sync 1 DAGs
[2025-03-25T23:51:30.699+0000] {logging_mixin.py:188} INFO - [2025-03-25T23:51:30.698+0000] {dag.py:3823} INFO - Setting next_dagrun for tutorial_taskflow_api to None, run_after=None
[2025-03-25T23:51:30.736+0000] {processor.py:183} INFO - Processing /home/airflow/.local/lib/python3.8/site-packages/airflow/example_dags/tutorial_taskflow_api.py took 0.108 seconds
[2025-03-25T23:52:01.516+0000] {processor.py:161} INFO - Started process (PID=1009) to work on /home/airflow/.local/lib/python3.8/site-packages/airflow/example_dags/tutorial_taskflow_api.py
[2025-03-25T23:52:01.518+0000] {processor.py:830} INFO - Processing file /home/airflow/.local/lib/python3.8/site-packages/airflow/example_dags/tutorial_taskflow_api.py for tasks to queue
[2025-03-25T23:52:01.522+0000] {logging_mixin.py:188} INFO - [2025-03-25T23:52:01.522+0000] {dagbag.py:538} INFO - Filling up the DagBag from /home/airflow/.local/lib/python3.8/site-packages/airflow/example_dags/tutorial_taskflow_api.py
[2025-03-25T23:52:01.544+0000] {processor.py:840} INFO - DAG(s) 'tutorial_taskflow_api' retrieved from /home/airflow/.local/lib/python3.8/site-packages/airflow/example_dags/tutorial_taskflow_api.py
[2025-03-25T23:52:01.603+0000] {logging_mixin.py:188} INFO - [2025-03-25T23:52:01.603+0000] {dag.py:3036} INFO - Sync 1 DAGs
[2025-03-25T23:52:01.654+0000] {logging_mixin.py:188} INFO - [2025-03-25T23:52:01.654+0000] {dag.py:3823} INFO - Setting next_dagrun for tutorial_taskflow_api to None, run_after=None
[2025-03-25T23:52:01.712+0000] {processor.py:183} INFO - Processing /home/airflow/.local/lib/python3.8/site-packages/airflow/example_dags/tutorial_taskflow_api.py took 0.206 seconds
[2025-03-25T23:52:32.053+0000] {processor.py:161} INFO - Started process (PID=1083) to work on /home/airflow/.local/lib/python3.8/site-packages/airflow/example_dags/tutorial_taskflow_api.py
[2025-03-25T23:52:32.054+0000] {processor.py:830} INFO - Processing file /home/airflow/.local/lib/python3.8/site-packages/airflow/example_dags/tutorial_taskflow_api.py for tasks to queue
[2025-03-25T23:52:32.057+0000] {logging_mixin.py:188} INFO - [2025-03-25T23:52:32.057+0000] {dagbag.py:538} INFO - Filling up the DagBag from /home/airflow/.local/lib/python3.8/site-packages/airflow/example_dags/tutorial_taskflow_api.py
[2025-03-25T23:52:32.067+0000] {processor.py:840} INFO - DAG(s) 'tutorial_taskflow_api' retrieved from /home/airflow/.local/lib/python3.8/site-packages/airflow/example_dags/tutorial_taskflow_api.py
[2025-03-25T23:52:32.097+0000] {logging_mixin.py:188} INFO - [2025-03-25T23:52:32.096+0000] {dag.py:3036} INFO - Sync 1 DAGs
[2025-03-25T23:52:32.118+0000] {logging_mixin.py:188} INFO - [2025-03-25T23:52:32.117+0000] {dag.py:3823} INFO - Setting next_dagrun for tutorial_taskflow_api to None, run_after=None
[2025-03-25T23:52:32.156+0000] {processor.py:183} INFO - Processing /home/airflow/.local/lib/python3.8/site-packages/airflow/example_dags/tutorial_taskflow_api.py took 0.108 seconds
[2025-03-25T23:53:02.433+0000] {processor.py:161} INFO - Started process (PID=1157) to work on /home/airflow/.local/lib/python3.8/site-packages/airflow/example_dags/tutorial_taskflow_api.py
[2025-03-25T23:53:02.434+0000] {processor.py:830} INFO - Processing file /home/airflow/.local/lib/python3.8/site-packages/airflow/example_dags/tutorial_taskflow_api.py for tasks to queue
[2025-03-25T23:53:02.438+0000] {logging_mixin.py:188} INFO - [2025-03-25T23:53:02.438+0000] {dagbag.py:538} INFO - Filling up the DagBag from /home/airflow/.local/lib/python3.8/site-packages/airflow/example_dags/tutorial_taskflow_api.py
[2025-03-25T23:53:02.448+0000] {processor.py:840} INFO - DAG(s) 'tutorial_taskflow_api' retrieved from /home/airflow/.local/lib/python3.8/site-packages/airflow/example_dags/tutorial_taskflow_api.py
[2025-03-25T23:53:02.498+0000] {logging_mixin.py:188} INFO - [2025-03-25T23:53:02.497+0000] {dag.py:3036} INFO - Sync 1 DAGs
[2025-03-25T23:53:02.528+0000] {logging_mixin.py:188} INFO - [2025-03-25T23:53:02.528+0000] {dag.py:3823} INFO - Setting next_dagrun for tutorial_taskflow_api to None, run_after=None
[2025-03-25T23:53:02.604+0000] {processor.py:183} INFO - Processing /home/airflow/.local/lib/python3.8/site-packages/airflow/example_dags/tutorial_taskflow_api.py took 0.176 seconds
[2025-03-25T23:53:32.860+0000] {processor.py:161} INFO - Started process (PID=1231) to work on /home/airflow/.local/lib/python3.8/site-packages/airflow/example_dags/tutorial_taskflow_api.py
[2025-03-25T23:53:32.862+0000] {processor.py:830} INFO - Processing file /home/airflow/.local/lib/python3.8/site-packages/airflow/example_dags/tutorial_taskflow_api.py for tasks to queue
[2025-03-25T23:53:32.865+0000] {logging_mixin.py:188} INFO - [2025-03-25T23:53:32.864+0000] {dagbag.py:538} INFO - Filling up the DagBag from /home/airflow/.local/lib/python3.8/site-packages/airflow/example_dags/tutorial_taskflow_api.py
[2025-03-25T23:53:32.874+0000] {processor.py:840} INFO - DAG(s) 'tutorial_taskflow_api' retrieved from /home/airflow/.local/lib/python3.8/site-packages/airflow/example_dags/tutorial_taskflow_api.py
[2025-03-25T23:53:32.907+0000] {logging_mixin.py:188} INFO - [2025-03-25T23:53:32.906+0000] {dag.py:3036} INFO - Sync 1 DAGs
[2025-03-25T23:53:32.929+0000] {logging_mixin.py:188} INFO - [2025-03-25T23:53:32.929+0000] {dag.py:3823} INFO - Setting next_dagrun for tutorial_taskflow_api to None, run_after=None
[2025-03-25T23:53:32.965+0000] {processor.py:183} INFO - Processing /home/airflow/.local/lib/python3.8/site-packages/airflow/example_dags/tutorial_taskflow_api.py took 0.108 seconds
[2025-03-25T23:55:42.678+0000] {processor.py:161} INFO - Started process (PID=110) to work on /home/airflow/.local/lib/python3.8/site-packages/airflow/example_dags/tutorial_taskflow_api.py
[2025-03-25T23:55:42.681+0000] {processor.py:830} INFO - Processing file /home/airflow/.local/lib/python3.8/site-packages/airflow/example_dags/tutorial_taskflow_api.py for tasks to queue
[2025-03-25T23:55:42.686+0000] {logging_mixin.py:188} INFO - [2025-03-25T23:55:42.686+0000] {dagbag.py:538} INFO - Filling up the DagBag from /home/airflow/.local/lib/python3.8/site-packages/airflow/example_dags/tutorial_taskflow_api.py
[2025-03-25T23:55:42.703+0000] {processor.py:840} INFO - DAG(s) 'tutorial_taskflow_api' retrieved from /home/airflow/.local/lib/python3.8/site-packages/airflow/example_dags/tutorial_taskflow_api.py
[2025-03-25T23:55:43.012+0000] {logging_mixin.py:188} INFO - [2025-03-25T23:55:43.011+0000] {override.py:1769} INFO - Created Permission View: can edit on DAG:tutorial_taskflow_api
[2025-03-25T23:55:43.043+0000] {logging_mixin.py:188} INFO - [2025-03-25T23:55:43.043+0000] {override.py:1769} INFO - Created Permission View: can delete on DAG:tutorial_taskflow_api
[2025-03-25T23:55:43.071+0000] {logging_mixin.py:188} INFO - [2025-03-25T23:55:43.070+0000] {override.py:1769} INFO - Created Permission View: can read on DAG:tutorial_taskflow_api
[2025-03-25T23:55:43.074+0000] {logging_mixin.py:188} INFO - [2025-03-25T23:55:43.073+0000] {dag.py:3036} INFO - Sync 1 DAGs
[2025-03-25T23:55:43.122+0000] {logging_mixin.py:188} INFO - [2025-03-25T23:55:43.121+0000] {dag.py:3058} INFO - Creating ORM DAG for tutorial_taskflow_api
[2025-03-25T23:55:43.124+0000] {logging_mixin.py:188} INFO - [2025-03-25T23:55:43.124+0000] {dag.py:3823} INFO - Setting next_dagrun for tutorial_taskflow_api to None, run_after=None
[2025-03-25T23:55:43.188+0000] {processor.py:183} INFO - Processing /home/airflow/.local/lib/python3.8/site-packages/airflow/example_dags/tutorial_taskflow_api.py took 0.517 seconds
[2025-03-25T23:56:13.845+0000] {processor.py:161} INFO - Started process (PID=184) to work on /home/airflow/.local/lib/python3.8/site-packages/airflow/example_dags/tutorial_taskflow_api.py
[2025-03-25T23:56:13.846+0000] {processor.py:830} INFO - Processing file /home/airflow/.local/lib/python3.8/site-packages/airflow/example_dags/tutorial_taskflow_api.py for tasks to queue
[2025-03-25T23:56:13.849+0000] {logging_mixin.py:188} INFO - [2025-03-25T23:56:13.848+0000] {dagbag.py:538} INFO - Filling up the DagBag from /home/airflow/.local/lib/python3.8/site-packages/airflow/example_dags/tutorial_taskflow_api.py
[2025-03-25T23:56:13.857+0000] {processor.py:840} INFO - DAG(s) 'tutorial_taskflow_api' retrieved from /home/airflow/.local/lib/python3.8/site-packages/airflow/example_dags/tutorial_taskflow_api.py
[2025-03-25T23:56:13.884+0000] {logging_mixin.py:188} INFO - [2025-03-25T23:56:13.884+0000] {dag.py:3036} INFO - Sync 1 DAGs
[2025-03-25T23:56:13.901+0000] {logging_mixin.py:188} INFO - [2025-03-25T23:56:13.901+0000] {dag.py:3823} INFO - Setting next_dagrun for tutorial_taskflow_api to None, run_after=None
[2025-03-25T23:56:13.933+0000] {processor.py:183} INFO - Processing /home/airflow/.local/lib/python3.8/site-packages/airflow/example_dags/tutorial_taskflow_api.py took 0.092 seconds
[2025-03-25T23:56:44.375+0000] {processor.py:161} INFO - Started process (PID=257) to work on /home/airflow/.local/lib/python3.8/site-packages/airflow/example_dags/tutorial_taskflow_api.py
[2025-03-25T23:56:44.378+0000] {processor.py:830} INFO - Processing file /home/airflow/.local/lib/python3.8/site-packages/airflow/example_dags/tutorial_taskflow_api.py for tasks to queue
[2025-03-25T23:56:44.381+0000] {logging_mixin.py:188} INFO - [2025-03-25T23:56:44.380+0000] {dagbag.py:538} INFO - Filling up the DagBag from /home/airflow/.local/lib/python3.8/site-packages/airflow/example_dags/tutorial_taskflow_api.py
[2025-03-25T23:56:44.390+0000] {processor.py:840} INFO - DAG(s) 'tutorial_taskflow_api' retrieved from /home/airflow/.local/lib/python3.8/site-packages/airflow/example_dags/tutorial_taskflow_api.py
[2025-03-25T23:56:44.427+0000] {logging_mixin.py:188} INFO - [2025-03-25T23:56:44.427+0000] {dag.py:3036} INFO - Sync 1 DAGs
[2025-03-25T23:56:44.446+0000] {logging_mixin.py:188} INFO - [2025-03-25T23:56:44.445+0000] {dag.py:3823} INFO - Setting next_dagrun for tutorial_taskflow_api to None, run_after=None
[2025-03-25T23:56:44.481+0000] {processor.py:183} INFO - Processing /home/airflow/.local/lib/python3.8/site-packages/airflow/example_dags/tutorial_taskflow_api.py took 0.110 seconds
[2025-03-25T23:57:14.850+0000] {processor.py:161} INFO - Started process (PID=331) to work on /home/airflow/.local/lib/python3.8/site-packages/airflow/example_dags/tutorial_taskflow_api.py
[2025-03-25T23:57:14.852+0000] {processor.py:830} INFO - Processing file /home/airflow/.local/lib/python3.8/site-packages/airflow/example_dags/tutorial_taskflow_api.py for tasks to queue
[2025-03-25T23:57:14.854+0000] {logging_mixin.py:188} INFO - [2025-03-25T23:57:14.854+0000] {dagbag.py:538} INFO - Filling up the DagBag from /home/airflow/.local/lib/python3.8/site-packages/airflow/example_dags/tutorial_taskflow_api.py
[2025-03-25T23:57:14.863+0000] {processor.py:840} INFO - DAG(s) 'tutorial_taskflow_api' retrieved from /home/airflow/.local/lib/python3.8/site-packages/airflow/example_dags/tutorial_taskflow_api.py
[2025-03-25T23:57:14.895+0000] {logging_mixin.py:188} INFO - [2025-03-25T23:57:14.894+0000] {dag.py:3036} INFO - Sync 1 DAGs
[2025-03-25T23:57:14.917+0000] {logging_mixin.py:188} INFO - [2025-03-25T23:57:14.916+0000] {dag.py:3823} INFO - Setting next_dagrun for tutorial_taskflow_api to None, run_after=None
[2025-03-25T23:57:14.952+0000] {processor.py:183} INFO - Processing /home/airflow/.local/lib/python3.8/site-packages/airflow/example_dags/tutorial_taskflow_api.py took 0.105 seconds
[2025-03-25T23:57:45.700+0000] {processor.py:161} INFO - Started process (PID=406) to work on /home/airflow/.local/lib/python3.8/site-packages/airflow/example_dags/tutorial_taskflow_api.py
[2025-03-25T23:57:45.702+0000] {processor.py:830} INFO - Processing file /home/airflow/.local/lib/python3.8/site-packages/airflow/example_dags/tutorial_taskflow_api.py for tasks to queue
[2025-03-25T23:57:45.705+0000] {logging_mixin.py:188} INFO - [2025-03-25T23:57:45.704+0000] {dagbag.py:538} INFO - Filling up the DagBag from /home/airflow/.local/lib/python3.8/site-packages/airflow/example_dags/tutorial_taskflow_api.py
[2025-03-25T23:57:45.712+0000] {processor.py:840} INFO - DAG(s) 'tutorial_taskflow_api' retrieved from /home/airflow/.local/lib/python3.8/site-packages/airflow/example_dags/tutorial_taskflow_api.py
[2025-03-25T23:57:45.738+0000] {logging_mixin.py:188} INFO - [2025-03-25T23:57:45.737+0000] {dag.py:3036} INFO - Sync 1 DAGs
[2025-03-25T23:57:45.756+0000] {logging_mixin.py:188} INFO - [2025-03-25T23:57:45.756+0000] {dag.py:3823} INFO - Setting next_dagrun for tutorial_taskflow_api to None, run_after=None
[2025-03-25T23:57:45.798+0000] {processor.py:183} INFO - Processing /home/airflow/.local/lib/python3.8/site-packages/airflow/example_dags/tutorial_taskflow_api.py took 0.101 seconds
[2025-03-25T23:58:16.055+0000] {processor.py:161} INFO - Started process (PID=480) to work on /home/airflow/.local/lib/python3.8/site-packages/airflow/example_dags/tutorial_taskflow_api.py
[2025-03-25T23:58:16.056+0000] {processor.py:830} INFO - Processing file /home/airflow/.local/lib/python3.8/site-packages/airflow/example_dags/tutorial_taskflow_api.py for tasks to queue
[2025-03-25T23:58:16.059+0000] {logging_mixin.py:188} INFO - [2025-03-25T23:58:16.059+0000] {dagbag.py:538} INFO - Filling up the DagBag from /home/airflow/.local/lib/python3.8/site-packages/airflow/example_dags/tutorial_taskflow_api.py
[2025-03-25T23:58:16.068+0000] {processor.py:840} INFO - DAG(s) 'tutorial_taskflow_api' retrieved from /home/airflow/.local/lib/python3.8/site-packages/airflow/example_dags/tutorial_taskflow_api.py
[2025-03-25T23:58:16.098+0000] {logging_mixin.py:188} INFO - [2025-03-25T23:58:16.098+0000] {dag.py:3036} INFO - Sync 1 DAGs
[2025-03-25T23:58:16.120+0000] {logging_mixin.py:188} INFO - [2025-03-25T23:58:16.120+0000] {dag.py:3823} INFO - Setting next_dagrun for tutorial_taskflow_api to None, run_after=None
[2025-03-25T23:58:16.156+0000] {processor.py:183} INFO - Processing /home/airflow/.local/lib/python3.8/site-packages/airflow/example_dags/tutorial_taskflow_api.py took 0.104 seconds
[2025-03-25T23:58:46.893+0000] {processor.py:161} INFO - Started process (PID=562) to work on /home/airflow/.local/lib/python3.8/site-packages/airflow/example_dags/tutorial_taskflow_api.py
[2025-03-25T23:58:46.895+0000] {processor.py:830} INFO - Processing file /home/airflow/.local/lib/python3.8/site-packages/airflow/example_dags/tutorial_taskflow_api.py for tasks to queue
[2025-03-25T23:58:46.897+0000] {logging_mixin.py:188} INFO - [2025-03-25T23:58:46.897+0000] {dagbag.py:538} INFO - Filling up the DagBag from /home/airflow/.local/lib/python3.8/site-packages/airflow/example_dags/tutorial_taskflow_api.py
[2025-03-25T23:58:46.907+0000] {processor.py:840} INFO - DAG(s) 'tutorial_taskflow_api' retrieved from /home/airflow/.local/lib/python3.8/site-packages/airflow/example_dags/tutorial_taskflow_api.py
[2025-03-25T23:58:46.942+0000] {logging_mixin.py:188} INFO - [2025-03-25T23:58:46.941+0000] {dag.py:3036} INFO - Sync 1 DAGs
[2025-03-25T23:58:46.964+0000] {logging_mixin.py:188} INFO - [2025-03-25T23:58:46.964+0000] {dag.py:3823} INFO - Setting next_dagrun for tutorial_taskflow_api to None, run_after=None
[2025-03-25T23:58:47.007+0000] {processor.py:183} INFO - Processing /home/airflow/.local/lib/python3.8/site-packages/airflow/example_dags/tutorial_taskflow_api.py took 0.118 seconds
[2025-03-25T23:59:17.581+0000] {processor.py:161} INFO - Started process (PID=636) to work on /home/airflow/.local/lib/python3.8/site-packages/airflow/example_dags/tutorial_taskflow_api.py
[2025-03-25T23:59:17.582+0000] {processor.py:830} INFO - Processing file /home/airflow/.local/lib/python3.8/site-packages/airflow/example_dags/tutorial_taskflow_api.py for tasks to queue
[2025-03-25T23:59:17.585+0000] {logging_mixin.py:188} INFO - [2025-03-25T23:59:17.585+0000] {dagbag.py:538} INFO - Filling up the DagBag from /home/airflow/.local/lib/python3.8/site-packages/airflow/example_dags/tutorial_taskflow_api.py
[2025-03-25T23:59:17.596+0000] {processor.py:840} INFO - DAG(s) 'tutorial_taskflow_api' retrieved from /home/airflow/.local/lib/python3.8/site-packages/airflow/example_dags/tutorial_taskflow_api.py
[2025-03-25T23:59:17.630+0000] {logging_mixin.py:188} INFO - [2025-03-25T23:59:17.630+0000] {dag.py:3036} INFO - Sync 1 DAGs
[2025-03-25T23:59:17.653+0000] {logging_mixin.py:188} INFO - [2025-03-25T23:59:17.652+0000] {dag.py:3823} INFO - Setting next_dagrun for tutorial_taskflow_api to None, run_after=None
[2025-03-25T23:59:17.693+0000] {processor.py:183} INFO - Processing /home/airflow/.local/lib/python3.8/site-packages/airflow/example_dags/tutorial_taskflow_api.py took 0.117 seconds
[2025-03-25T23:59:47.826+0000] {processor.py:161} INFO - Started process (PID=702) to work on /home/airflow/.local/lib/python3.8/site-packages/airflow/example_dags/tutorial_taskflow_api.py
[2025-03-25T23:59:47.828+0000] {processor.py:830} INFO - Processing file /home/airflow/.local/lib/python3.8/site-packages/airflow/example_dags/tutorial_taskflow_api.py for tasks to queue
[2025-03-25T23:59:47.831+0000] {logging_mixin.py:188} INFO - [2025-03-25T23:59:47.831+0000] {dagbag.py:538} INFO - Filling up the DagBag from /home/airflow/.local/lib/python3.8/site-packages/airflow/example_dags/tutorial_taskflow_api.py
[2025-03-25T23:59:47.842+0000] {processor.py:840} INFO - DAG(s) 'tutorial_taskflow_api' retrieved from /home/airflow/.local/lib/python3.8/site-packages/airflow/example_dags/tutorial_taskflow_api.py
[2025-03-25T23:59:47.878+0000] {logging_mixin.py:188} INFO - [2025-03-25T23:59:47.877+0000] {dag.py:3036} INFO - Sync 1 DAGs
[2025-03-25T23:59:47.900+0000] {logging_mixin.py:188} INFO - [2025-03-25T23:59:47.899+0000] {dag.py:3823} INFO - Setting next_dagrun for tutorial_taskflow_api to None, run_after=None
[2025-03-25T23:59:47.939+0000] {processor.py:183} INFO - Processing /home/airflow/.local/lib/python3.8/site-packages/airflow/example_dags/tutorial_taskflow_api.py took 0.119 seconds
